<?xml version="1.0" encoding="UTF-8"?>
<testsuites>
  <testsuite name="App\Tests\Controller\InstanceTypesControllerTest" file="/srv/app/tests/Controller/InstanceTypesControllerTest.php" tests="3" assertions="58" errors="0" warnings="0" failures="0" skipped="0" time="0.841577">
    <testcase name="testInstanceTypesListIsNotEmpty" class="App\Tests\Controller\InstanceTypesControllerTest" classname="App.Tests.Controller.InstanceTypesControllerTest" file="/srv/app/tests/Controller/InstanceTypesControllerTest.php" line="42" assertions="1" time="0.277845"/>
    <testcase name="testInstanceTypesWebPageListContainsAllRecords" class="App\Tests\Controller\InstanceTypesControllerTest" classname="App.Tests.Controller.InstanceTypesControllerTest" file="/srv/app/tests/Controller/InstanceTypesControllerTest.php" line="55" assertions="25" time="0.240358"/>
    <testcase name="testInstanceTypeDisplayWebPageContainsData" class="App\Tests\Controller\InstanceTypesControllerTest" classname="App.Tests.Controller.InstanceTypesControllerTest" file="/srv/app/tests/Controller/InstanceTypesControllerTest.php" line="76" assertions="32" time="0.323374"/>
  </testsuite>
</testsuites>
