<?xml version="1.0" encoding="UTF-8"?>
<testsuites>
  <testsuite name="App\Tests\Command\AddressesDeleteCommandTest" file="/srv/app/tests/Command/AddressesDeleteCommandTest.php" tests="1" assertions="2" errors="0" warnings="0" failures="0" skipped="0" time="5.950270">
    <testcase name="testAddressesDeleteSubnet" class="App\Tests\Command\AddressesDeleteCommandTest" classname="App.Tests.Command.AddressesDeleteCommandTest" file="/srv/app/tests/Command/AddressesDeleteCommandTest.php" line="38" assertions="2" time="5.950270"/>
  </testsuite>
</testsuites>
