<?xml version="1.0" encoding="UTF-8"?>
<testsuites>
  <testsuite name="App\Tests\HardwareProfilesTest" file="/srv/app/tests/HardwareProfilesTest.php" tests="13" assertions="38" errors="0" warnings="0" failures="0" skipped="0" time="0.505148">
    <testcase name="testHardwareProfilesListIsNotEmpty" class="App\Tests\HardwareProfilesTest" classname="App.Tests.HardwareProfilesTest" file="/srv/app/tests/HardwareProfilesTest.php" line="63" assertions="1" time="0.245831"/>
    <testcase name="testContainerHardwareProfilesListIsNotEmpty" class="App\Tests\HardwareProfilesTest" classname="App.Tests.HardwareProfilesTest" file="/srv/app/tests/HardwareProfilesTest.php" line="72" assertions="1" time="0.015750"/>
    <testcase name="testVmHardwareProfilesListIsNotEmpty" class="App\Tests\HardwareProfilesTest" classname="App.Tests.HardwareProfilesTest" file="/srv/app/tests/HardwareProfilesTest.php" line="85" assertions="1" time="0.008674"/>
    <testcase name="testSupportedHardwareProfilesListIsNotEmpty" class="App\Tests\HardwareProfilesTest" classname="App.Tests.HardwareProfilesTest" file="/srv/app/tests/HardwareProfilesTest.php" line="98" assertions="1" time="0.008573"/>
    <testcase name="testEachSupportedHardwareProfileHasCorrespondingInstanceTypesForAllSupportedOses" class="App\Tests\HardwareProfilesTest" classname="App.Tests.HardwareProfilesTest" file="/srv/app/tests/HardwareProfilesTest.php" line="123" assertions="7" time="0.031132"/>
    <testcase name="testCanNotAddHardwareProfileWithoutNameOrType" class="App\Tests\HardwareProfilesTest" classname="App.Tests.HardwareProfilesTest" file="/srv/app/tests/HardwareProfilesTest.php" line="141" assertions="1" time="0.021858"/>
    <testcase name="testCanNotAddDuplicateHardwareProfile" class="App\Tests\HardwareProfilesTest" classname="App.Tests.HardwareProfilesTest" file="/srv/app/tests/HardwareProfilesTest.php" line="150" assertions="2" time="0.015962"/>
    <testcase name="testCanAddDummyHardwareProfile" class="App\Tests\HardwareProfilesTest" classname="App.Tests.HardwareProfilesTest" file="/srv/app/tests/HardwareProfilesTest.php" line="165" assertions="1" time="0.010838"/>
    <testcase name="testCanAddDummySupportedHardwareProfile" class="App\Tests\HardwareProfilesTest" classname="App.Tests.HardwareProfilesTest" file="/srv/app/tests/HardwareProfilesTest.php" line="178" assertions="5" time="0.026406"/>
    <testcase name="testCanRemoveUnsupportedHardwareProfile" class="App\Tests\HardwareProfilesTest" classname="App.Tests.HardwareProfilesTest" file="/srv/app/tests/HardwareProfilesTest.php" line="204" assertions="2" time="0.013292"/>
    <testcase name="testCanRemoveSupportedHardwareProfile" class="App\Tests\HardwareProfilesTest" classname="App.Tests.HardwareProfilesTest" file="/srv/app/tests/HardwareProfilesTest.php" line="216" assertions="6" time="0.043301"/>
    <testcase name="testCanMakeHardwareProfileSupported" class="App\Tests\HardwareProfilesTest" classname="App.Tests.HardwareProfilesTest" file="/srv/app/tests/HardwareProfilesTest.php" line="240" assertions="5" time="0.024556"/>
    <testcase name="testCanMakeHardwareProfileUnsupported" class="App\Tests\HardwareProfilesTest" classname="App.Tests.HardwareProfilesTest" file="/srv/app/tests/HardwareProfilesTest.php" line="264" assertions="5" time="0.038976"/>
  </testsuite>
</testsuites>
