<?xml version="1.0" encoding="UTF-8"?>
<testsuites>
  <testsuite name="" tests="145" assertions="2595" errors="2" warnings="0" failures="0" skipped="11" time="9.018582">
    <testsuite name="App Test Suite" tests="145" assertions="2595" errors="2" warnings="0" failures="0" skipped="11" time="9.018582">
      <testsuite name="App\Tests\AddressesTest" file="/srv/app/tests/AddressesTest.php" tests="8" assertions="25" errors="0" warnings="0" failures="0" skipped="0" time="1.683940">
        <testcase name="testAddressesListIsNotEmpty" class="App\Tests\AddressesTest" classname="App.Tests.AddressesTest" file="/srv/app/tests/AddressesTest.php" line="50" assertions="1" time="0.950946"/>
        <testcase name="testCanNotAddAddressWithoutIp" class="App\Tests\AddressesTest" classname="App.Tests.AddressesTest" file="/srv/app/tests/AddressesTest.php" line="58" assertions="1" time="0.033501"/>
        <testcase name="testCanNotAddAddressWithoutMac" class="App\Tests\AddressesTest" classname="App.Tests.AddressesTest" file="/srv/app/tests/AddressesTest.php" line="66" assertions="1" time="0.013314"/>
        <testcase name="testCanNotAddDuplicateAddresses" class="App\Tests\AddressesTest" classname="App.Tests.AddressesTest" file="/srv/app/tests/AddressesTest.php" line="79" assertions="2" time="0.035386"/>
        <testcase name="testSpareAddressesAreAvailable" class="App\Tests\AddressesTest" classname="App.Tests.AddressesTest" file="/srv/app/tests/AddressesTest.php" line="95" assertions="1" time="0.526403"/>
        <testcase name="testEachInstanceHasAddress" class="App\Tests\AddressesTest" classname="App.Tests.AddressesTest" file="/srv/app/tests/AddressesTest.php" line="104" assertions="17" time="0.102354"/>
        <testcase name="testCanAddDummyAddress" class="App\Tests\AddressesTest" classname="App.Tests.AddressesTest" file="/srv/app/tests/AddressesTest.php" line="118" assertions="1" time="0.013760"/>
        <testcase name="testCanRemoveDummyAddress" class="App\Tests\AddressesTest" classname="App.Tests.AddressesTest" file="/srv/app/tests/AddressesTest.php" line="132" assertions="1" time="0.008276"/>
      </testsuite>
      <testsuite name="App\Tests\BreedsTest" file="/srv/app/tests/BreedsTest.php" tests="8" assertions="7" errors="0" warnings="0" failures="0" skipped="1" time="0.115636">
        <testcase name="testBreedsListIsNotEmpty" class="App\Tests\BreedsTest" classname="App.Tests.BreedsTest" file="/srv/app/tests/BreedsTest.php" line="59" assertions="1" time="0.016676"/>
        <testcase name="testBreedHasOperatingSystemsReference" class="App\Tests\BreedsTest" classname="App.Tests.BreedsTest" file="/srv/app/tests/BreedsTest.php" line="73" assertions="1" time="0.021309"/>
        <testcase name="testCanNotAddBreedWithoutName" class="App\Tests\BreedsTest" classname="App.Tests.BreedsTest" file="/srv/app/tests/BreedsTest.php" line="86" assertions="1" time="0.015396"/>
        <testcase name="testCanNotAddDuplicateBreed" class="App\Tests\BreedsTest" classname="App.Tests.BreedsTest" file="/srv/app/tests/BreedsTest.php" line="97" assertions="1" time="0.010590"/>
        <testcase name="testCanAddDummyBreed" class="App\Tests\BreedsTest" classname="App.Tests.BreedsTest" file="/srv/app/tests/BreedsTest.php" line="108" assertions="1" time="0.011836"/>
        <testcase name="testCanRemoveDummyBreed" class="App\Tests\BreedsTest" classname="App.Tests.BreedsTest" file="/srv/app/tests/BreedsTest.php" line="121" assertions="1" time="0.013409"/>
        <testcase name="testCanNotRemoveReferencedBreed" class="App\Tests\BreedsTest" classname="App.Tests.BreedsTest" file="/srv/app/tests/BreedsTest.php" line="132" assertions="1" time="0.012865"/>
        <testcase name="testCanRemoveBreedWithCascadeFlag" class="App\Tests\BreedsTest" classname="App.Tests.BreedsTest" file="/srv/app/tests/BreedsTest.php" line="142" assertions="0" time="0.013555">
          <skipped/>
        </testcase>
      </testsuite>
      <testsuite name="App\Tests\Command\AwxMeCommandTest" file="/srv/app/tests/Command/AwxMeCommandTest.php" tests="1" assertions="2" errors="0" warnings="0" failures="0" skipped="0" time="0.602842">
        <testcase name="testAwxMeIsSymfony" class="App\Tests\Command\AwxMeCommandTest" classname="App.Tests.Command.AwxMeCommandTest" file="/srv/app/tests/Command/AwxMeCommandTest.php" line="11" assertions="2" time="0.602842"/>
      </testsuite>
      <testsuite name="App\Tests\Command\AwxProjectListCommandTest" file="/srv/app/tests/Command/AwxProjectListCommandTest.php" tests="1" assertions="0" errors="0" warnings="0" failures="0" skipped="1" time="0.001331">
        <testcase name="testExecute" class="App\Tests\Command\AwxProjectListCommandTest" classname="App.Tests.Command.AwxProjectListCommandTest" file="/srv/app/tests/Command/AwxProjectListCommandTest.php" line="11" assertions="0" time="0.001331">
          <skipped/>
        </testcase>
      </testsuite>
      <testsuite name="App\Tests\Controller\LuckyNumberControllerTest" file="/srv/app/tests/Controller/LuckyNumberTest.php" tests="1" assertions="3" errors="0" warnings="0" failures="0" skipped="0" time="0.162398">
        <testcase name="testLuckyNumber" class="App\Tests\Controller\LuckyNumberControllerTest" classname="App.Tests.Controller.LuckyNumberControllerTest" file="/srv/app/tests/Controller/LuckyNumberTest.php" line="9" assertions="3" time="0.162398"/>
      </testsuite>
      <testsuite name="App\Tests\Controller\SessionsControllerTest" file="/srv/app/tests/Controller/SessionsControllerTest.php" tests="4" assertions="32" errors="0" warnings="0" failures="0" skipped="0" time="0.716377">
        <testcase name="testSessionsListIsNotEmpty" class="App\Tests\Controller\SessionsControllerTest" classname="App.Tests.Controller.SessionsControllerTest" file="/srv/app/tests/Controller/SessionsControllerTest.php" line="42" assertions="1" time="0.022198"/>
        <testcase name="testSessionsWebPageListContainsAllRecords" class="App\Tests\Controller\SessionsControllerTest" classname="App.Tests.Controller.SessionsControllerTest" file="/srv/app/tests/Controller/SessionsControllerTest.php" line="55" assertions="10" time="0.170109"/>
        <testcase name="testTesteeDisplayWebPageContainsData" class="App\Tests\Controller\SessionsControllerTest" classname="App.Tests.Controller.SessionsControllerTest" file="/srv/app/tests/Controller/SessionsControllerTest.php" line="76" assertions="12" time="0.204454"/>
        <testcase name="testCanRemoveAllSessionsByClickingDeleteButton" class="App\Tests\Controller\SessionsControllerTest" classname="App.Tests.Controller.SessionsControllerTest" file="/srv/app/tests/Controller/SessionsControllerTest.php" line="96" assertions="9" time="0.319617"/>
      </testsuite>
      <testsuite name="App\Tests\Controller\TesteesControllerTest" file="/srv/app/tests/Controller/TesteesControllerTest.php" tests="4" assertions="32" errors="0" warnings="0" failures="0" skipped="0" time="0.549101">
        <testcase name="testTesteesListIsNotEmpty" class="App\Tests\Controller\TesteesControllerTest" classname="App.Tests.Controller.TesteesControllerTest" file="/srv/app/tests/Controller/TesteesControllerTest.php" line="42" assertions="1" time="0.012445"/>
        <testcase name="testTesteesWebPageListContainsAllRecords" class="App\Tests\Controller\TesteesControllerTest" classname="App.Tests.Controller.TesteesControllerTest" file="/srv/app/tests/Controller/TesteesControllerTest.php" line="55" assertions="10" time="0.074413"/>
        <testcase name="testTesteeDisplayWebPageContainsData" class="App\Tests\Controller\TesteesControllerTest" classname="App.Tests.Controller.TesteesControllerTest" file="/srv/app/tests/Controller/TesteesControllerTest.php" line="76" assertions="12" time="0.125763"/>
        <testcase name="testCanRemoveAllTesteesByClickingDeleteButton" class="App\Tests\Controller\TesteesControllerTest" classname="App.Tests.Controller.TesteesControllerTest" file="/srv/app/tests/Controller/TesteesControllerTest.php" line="96" assertions="9" time="0.336481"/>
      </testsuite>
      <testsuite name="App\Tests\DomainsTest" file="/srv/app/tests/DomainsTest.php" tests="7" assertions="11" errors="0" warnings="0" failures="0" skipped="0" time="0.139647">
        <testcase name="testDomainsListIsNotEmpty" class="App\Tests\DomainsTest" classname="App.Tests.DomainsTest" file="/srv/app/tests/DomainsTest.php" line="51" assertions="1" time="0.011860"/>
        <testcase name="testDomainHasTechnologiesReference" class="App\Tests\DomainsTest" classname="App.Tests.DomainsTest" file="/srv/app/tests/DomainsTest.php" line="64" assertions="1" time="0.010968"/>
        <testcase name="testCanNotAddDomainWithoutName" class="App\Tests\DomainsTest" classname="App.Tests.DomainsTest" file="/srv/app/tests/DomainsTest.php" line="77" assertions="1" time="0.019593"/>
        <testcase name="testCanNotAddDuplicateDomain" class="App\Tests\DomainsTest" classname="App.Tests.DomainsTest" file="/srv/app/tests/DomainsTest.php" line="86" assertions="2" time="0.015787"/>
        <testcase name="testCanAddDummyDomain" class="App\Tests\DomainsTest" classname="App.Tests.DomainsTest" file="/srv/app/tests/DomainsTest.php" line="100" assertions="1" time="0.012345"/>
        <testcase name="testCanRemoveDummyDomain" class="App\Tests\DomainsTest" classname="App.Tests.DomainsTest" file="/srv/app/tests/DomainsTest.php" line="113" assertions="1" time="0.011837"/>
        <testcase name="testDomainRemovalLeadsToLinkedTechnologiesDeletion" class="App\Tests\DomainsTest" classname="App.Tests.DomainsTest" file="/srv/app/tests/DomainsTest.php" line="122" assertions="4" time="0.057257"/>
      </testsuite>
      <testsuite name="App\Tests\EnvironmentStatusesTest" file="/srv/app/tests/EnvironmentStatusesTest.php" tests="8" assertions="6" errors="0" warnings="0" failures="0" skipped="2" time="0.091213">
        <testcase name="testEnvironmentStatusesListIsNotEmpty" class="App\Tests\EnvironmentStatusesTest" classname="App.Tests.EnvironmentStatusesTest" file="/srv/app/tests/EnvironmentStatusesTest.php" line="45" assertions="1" time="0.014351"/>
        <testcase name="testEnvironmentStatusHasEnvironmentsReference" class="App\Tests\EnvironmentStatusesTest" classname="App.Tests.EnvironmentStatusesTest" file="/srv/app/tests/EnvironmentStatusesTest.php" line="59" assertions="1" time="0.018941"/>
        <testcase name="testCanNotAddEnvironmentStatusWithoutStatusString" class="App\Tests\EnvironmentStatusesTest" classname="App.Tests.EnvironmentStatusesTest" file="/srv/app/tests/EnvironmentStatusesTest.php" line="72" assertions="1" time="0.010482"/>
        <testcase name="testCanNotAddDuplicateEnvironmentStatus" class="App\Tests\EnvironmentStatusesTest" classname="App.Tests.EnvironmentStatusesTest" file="/srv/app/tests/EnvironmentStatusesTest.php" line="84" assertions="1" time="0.013227"/>
        <testcase name="testCanAddDummyEnvironmentStatus" class="App\Tests\EnvironmentStatusesTest" classname="App.Tests.EnvironmentStatusesTest" file="/srv/app/tests/EnvironmentStatusesTest.php" line="97" assertions="1" time="0.015016"/>
        <testcase name="testCanRemoveDummyEnvironmentStatus" class="App\Tests\EnvironmentStatusesTest" classname="App.Tests.EnvironmentStatusesTest" file="/srv/app/tests/EnvironmentStatusesTest.php" line="110" assertions="1" time="0.006994"/>
        <testcase name="testCanNotRemoveReferencedEnvironmentStatus" class="App\Tests\EnvironmentStatusesTest" classname="App.Tests.EnvironmentStatusesTest" file="/srv/app/tests/EnvironmentStatusesTest.php" line="121" assertions="0" time="0.005132">
          <skipped/>
        </testcase>
        <testcase name="testCanRemoveEnvironmentStatusWithCascadeFlag" class="App\Tests\EnvironmentStatusesTest" classname="App.Tests.EnvironmentStatusesTest" file="/srv/app/tests/EnvironmentStatusesTest.php" line="134" assertions="0" time="0.007070">
          <skipped/>
        </testcase>
      </testsuite>
      <testsuite name="App\Tests\HardwareProfilesTest" file="/srv/app/tests/HardwareProfilesTest.php" tests="14" assertions="32" errors="0" warnings="0" failures="0" skipped="2" time="0.289258">
        <testcase name="testHardwareProfilesListIsNotEmpty" class="App\Tests\HardwareProfilesTest" classname="App.Tests.HardwareProfilesTest" file="/srv/app/tests/HardwareProfilesTest.php" line="64" assertions="1" time="0.012918"/>
        <testcase name="testContainerHardwareProfilesListIsNotEmpty" class="App\Tests\HardwareProfilesTest" classname="App.Tests.HardwareProfilesTest" file="/srv/app/tests/HardwareProfilesTest.php" line="73" assertions="1" time="0.012393"/>
        <testcase name="testVmHardwareProfilesListIsNotEmpty" class="App\Tests\HardwareProfilesTest" classname="App.Tests.HardwareProfilesTest" file="/srv/app/tests/HardwareProfilesTest.php" line="86" assertions="1" time="0.009599"/>
        <testcase name="testSupportedHardwareProfilesListIsNotEmpty" class="App\Tests\HardwareProfilesTest" classname="App.Tests.HardwareProfilesTest" file="/srv/app/tests/HardwareProfilesTest.php" line="99" assertions="1" time="0.008959"/>
        <testcase name="testEachSupportedHardwareProfileHasCorrespondingInstanceTypesForAllSupportedOses" class="App\Tests\HardwareProfilesTest" classname="App.Tests.HardwareProfilesTest" file="/srv/app/tests/HardwareProfilesTest.php" line="124" assertions="9" time="0.032464"/>
        <testcase name="testCanNotAddHardwareProfileWithoutNameOrType" class="App\Tests\HardwareProfilesTest" classname="App.Tests.HardwareProfilesTest" file="/srv/app/tests/HardwareProfilesTest.php" line="142" assertions="1" time="0.017794"/>
        <testcase name="testCanNotAddDuplicateHardwareProfile" class="App\Tests\HardwareProfilesTest" classname="App.Tests.HardwareProfilesTest" file="/srv/app/tests/HardwareProfilesTest.php" line="151" assertions="2" time="0.018315"/>
        <testcase name="testCanAddDummyHardwareProfile" class="App\Tests\HardwareProfilesTest" classname="App.Tests.HardwareProfilesTest" file="/srv/app/tests/HardwareProfilesTest.php" line="163" assertions="1" time="0.016380"/>
        <testcase name="testCanAddDummySupportedHardwareProfile" class="App\Tests\HardwareProfilesTest" classname="App.Tests.HardwareProfilesTest" file="/srv/app/tests/HardwareProfilesTest.php" line="172" assertions="6" time="0.051125"/>
        <testcase name="testCanRemoveUnsupportedHardwareProfile" class="App\Tests\HardwareProfilesTest" classname="App.Tests.HardwareProfilesTest" file="/srv/app/tests/HardwareProfilesTest.php" line="198" assertions="2" time="0.018376"/>
        <testcase name="testCanNotRemoveSupportedHardwareProfile" class="App\Tests\HardwareProfilesTest" classname="App.Tests.HardwareProfilesTest" file="/srv/app/tests/HardwareProfilesTest.php" line="211" assertions="1" time="0.031823"/>
        <testcase name="testCanRemoveSupportedHardwareProfileWithCascadeFlag" class="App\Tests\HardwareProfilesTest" classname="App.Tests.HardwareProfilesTest" file="/srv/app/tests/HardwareProfilesTest.php" line="221" assertions="0" time="0.006001">
          <skipped/>
        </testcase>
        <testcase name="testCanMakeHardwareProfileSupported" class="App\Tests\HardwareProfilesTest" classname="App.Tests.HardwareProfilesTest" file="/srv/app/tests/HardwareProfilesTest.php" line="251" assertions="6" time="0.047224"/>
        <testcase name="testCanMakeHardwareProfileUnsupported" class="App\Tests\HardwareProfilesTest" classname="App.Tests.HardwareProfilesTest" file="/srv/app/tests/HardwareProfilesTest.php" line="276" assertions="0" time="0.005888">
          <skipped/>
        </testcase>
      </testsuite>
      <testsuite name="App\Tests\InstanceStatusesTest" file="/srv/app/tests/InstanceStatusesTest.php" tests="8" assertions="6" errors="0" warnings="0" failures="0" skipped="2" time="0.084242">
        <testcase name="testInstanceStatusesListIsNotEmpty" class="App\Tests\InstanceStatusesTest" classname="App.Tests.InstanceStatusesTest" file="/srv/app/tests/InstanceStatusesTest.php" line="45" assertions="1" time="0.009039"/>
        <testcase name="testInstanceStatusHasInstancesReference" class="App\Tests\InstanceStatusesTest" classname="App.Tests.InstanceStatusesTest" file="/srv/app/tests/InstanceStatusesTest.php" line="59" assertions="1" time="0.025354"/>
        <testcase name="testCanNotAddInstanceStatusWithoutStatusString" class="App\Tests\InstanceStatusesTest" classname="App.Tests.InstanceStatusesTest" file="/srv/app/tests/InstanceStatusesTest.php" line="72" assertions="1" time="0.010763"/>
        <testcase name="testCanNotAddDuplicateInstanceStatus" class="App\Tests\InstanceStatusesTest" classname="App.Tests.InstanceStatusesTest" file="/srv/app/tests/InstanceStatusesTest.php" line="84" assertions="1" time="0.009429"/>
        <testcase name="testCanAddDummyInstanceStatus" class="App\Tests\InstanceStatusesTest" classname="App.Tests.InstanceStatusesTest" file="/srv/app/tests/InstanceStatusesTest.php" line="93" assertions="1" time="0.011750"/>
        <testcase name="testCanRemoveDummyInstanceStatus" class="App\Tests\InstanceStatusesTest" classname="App.Tests.InstanceStatusesTest" file="/srv/app/tests/InstanceStatusesTest.php" line="106" assertions="1" time="0.007383"/>
        <testcase name="testCanNotRemoveReferencedInstanceStatus" class="App\Tests\InstanceStatusesTest" classname="App.Tests.InstanceStatusesTest" file="/srv/app/tests/InstanceStatusesTest.php" line="117" assertions="0" time="0.004975">
          <skipped/>
        </testcase>
        <testcase name="testCanRemoveInstanceStatusWithCascadeFlag" class="App\Tests\InstanceStatusesTest" classname="App.Tests.InstanceStatusesTest" file="/srv/app/tests/InstanceStatusesTest.php" line="129" assertions="0" time="0.005549">
          <skipped/>
        </testcase>
      </testsuite>
      <testsuite name="App\Tests\InstanceTypesTest" file="/srv/app/tests/InstanceTypesTest.php" tests="5" assertions="9" errors="1" warnings="0" failures="0" skipped="0" time="0.083643">
        <testcase name="testInstanceTypesListIsNotEmpty" class="App\Tests\InstanceTypesTest" classname="App.Tests.InstanceTypesTest" file="/srv/app/tests/InstanceTypesTest.php" line="59" assertions="1" time="0.008895"/>
        <testcase name="testCanNotAddInstanceTypeWithoutOperatingSystem" class="App\Tests\InstanceTypesTest" classname="App.Tests.InstanceTypesTest" file="/srv/app/tests/InstanceTypesTest.php" line="71" assertions="2" time="0.012379"/>
        <testcase name="testCanNotAddInstanceTypeWithoutHardwareProfile" class="App\Tests\InstanceTypesTest" classname="App.Tests.InstanceTypesTest" file="/srv/app/tests/InstanceTypesTest.php" line="89" assertions="2" time="0.012198"/>
        <testcase name="testCanNotAddDuplicateInstanceTypes" class="App\Tests\InstanceTypesTest" classname="App.Tests.InstanceTypesTest" file="/srv/app/tests/InstanceTypesTest.php" line="107" assertions="3" time="0.017776"/>
        <testcase name="testCanRemoveInstanceTypes" class="App\Tests\InstanceTypesTest" classname="App.Tests.InstanceTypesTest" file="/srv/app/tests/InstanceTypesTest.php" line="129" assertions="1" time="0.032394">
          <error type="Doctrine\DBAL\Exception\ForeignKeyConstraintViolationException">App\Tests\InstanceTypesTest::testCanRemoveInstanceTypes
Doctrine\DBAL\Exception\ForeignKeyConstraintViolationException: An exception occurred while executing a query: SQLSTATE[23503]: Foreign key violation: 7 ERROR:  update or delete on table "instances" violates foreign key constraint "fk_6fca75163a51721d" on table "addresses"
DETAIL:  Key (id)=(225) is still referenced from table "addresses".

/srv/app/vendor/doctrine/dbal/src/Driver/API/PostgreSQL/ExceptionConverter.php:50
/srv/app/vendor/doctrine/dbal/src/Connection.php:1939
/srv/app/vendor/doctrine/dbal/src/Connection.php:1881
/srv/app/vendor/doctrine/dbal/src/Connection.php:1213
/srv/app/vendor/doctrine/dbal/src/Connection.php:701
/srv/app/vendor/doctrine/orm/src/Persisters/Entity/BasicEntityPersister.php:609
/srv/app/vendor/doctrine/orm/src/UnitOfWork.php:1302
/srv/app/vendor/doctrine/orm/src/UnitOfWork.php:472
/srv/app/vendor/doctrine/orm/src/EntityManager.php:403
/srv/app/src/Repository/InstanceTypesRepository.php:59
/srv/app/tests/InstanceTypesTest.php:137
/srv/app/vendor/phpunit/phpunit/phpunit:107</error>
        </testcase>
      </testsuite>
      <testsuite name="App\Tests\MessengerTest" file="/srv/app/tests/MessengerTest.php" tests="1" assertions="1" errors="0" warnings="0" failures="0" skipped="0" time="0.000476">
        <testcase name="testSomething" class="App\Tests\MessengerTest" classname="App.Tests.MessengerTest" file="/srv/app/tests/MessengerTest.php" line="46" assertions="1" time="0.000476"/>
      </testsuite>
      <testsuite name="App\Tests\OperatingSystemsTest" file="/srv/app/tests/OperatingSystemsTest.php" tests="12" assertions="27" errors="1" warnings="0" failures="0" skipped="1" time="0.202179">
        <testcase name="testOperatingSystemsListIsNotEmpty" class="App\Tests\OperatingSystemsTest" classname="App.Tests.OperatingSystemsTest" file="/srv/app/tests/OperatingSystemsTest.php" line="81" assertions="1" time="0.011810"/>
        <testcase name="testSupportedOperatingSystemsListIsNotEmpty" class="App\Tests\OperatingSystemsTest" classname="App.Tests.OperatingSystemsTest" file="/srv/app/tests/OperatingSystemsTest.php" line="90" assertions="1" time="0.009640"/>
        <testcase name="testEachSupportedOsHasCorrespondingInstanceTypesForAllSupportedHardwareProfiles" class="App\Tests\OperatingSystemsTest" classname="App.Tests.OperatingSystemsTest" file="/srv/app/tests/OperatingSystemsTest.php" line="105" assertions="9" time="0.019671"/>
        <testcase name="testCanNotAddOperatingSystemWithoutReleaseOrBreed" class="App\Tests\OperatingSystemsTest" classname="App.Tests.OperatingSystemsTest" file="/srv/app/tests/OperatingSystemsTest.php" line="121" assertions="1" time="0.013726"/>
        <testcase name="testCanNotAddDuplicateOperatingSystem" class="App\Tests\OperatingSystemsTest" classname="App.Tests.OperatingSystemsTest" file="/srv/app/tests/OperatingSystemsTest.php" line="130" assertions="2" time="0.013345"/>
        <testcase name="testCanAddDummyOperatingSystem" class="App\Tests\OperatingSystemsTest" classname="App.Tests.OperatingSystemsTest" file="/srv/app/tests/OperatingSystemsTest.php" line="146" assertions="2" time="0.020537"/>
        <testcase name="testCanRemoveDummyOperatingSystem" class="App\Tests\OperatingSystemsTest" classname="App.Tests.OperatingSystemsTest" file="/srv/app/tests/OperatingSystemsTest.php" line="165" assertions="1" time="0.013869"/>
        <testcase name="testCanAddDummySupportedOperatingSystem" class="App\Tests\OperatingSystemsTest" classname="App.Tests.OperatingSystemsTest" file="/srv/app/tests/OperatingSystemsTest.php" line="170" assertions="5" time="0.036933"/>
        <testcase name="testCanNotRemoveSupportedOperatingSystem" class="App\Tests\OperatingSystemsTest" classname="App.Tests.OperatingSystemsTest" file="/srv/app/tests/OperatingSystemsTest.php" line="200" assertions="1" time="0.010573"/>
        <testcase name="testCanRemoveSupportedOperatingSystemWithCascadeFlag" class="App\Tests\OperatingSystemsTest" classname="App.Tests.OperatingSystemsTest" file="/srv/app/tests/OperatingSystemsTest.php" line="210" assertions="0" time="0.009425">
          <skipped/>
        </testcase>
        <testcase name="testCanMakeOperatingSystemSupported" class="App\Tests\OperatingSystemsTest" classname="App.Tests.OperatingSystemsTest" file="/srv/app/tests/OperatingSystemsTest.php" line="240" assertions="4" time="0.029186"/>
        <testcase name="testCanMakeOperatingSystemUnsupported" class="App\Tests\OperatingSystemsTest" classname="App.Tests.OperatingSystemsTest" file="/srv/app/tests/OperatingSystemsTest.php" line="265" assertions="0" time="0.013464">
          <error type="Doctrine\ORM\ORMInvalidArgumentException">App\Tests\OperatingSystemsTest::testCanMakeOperatingSystemUnsupported
Doctrine\ORM\ORMInvalidArgumentException: A new entity was found through the relationship 'App\Entity\OperatingSystems#breed' that was not configured to cascade persist operations for entity: fedora. To solve this issue: Either explicitly call EntityManager#persist() on this unknown entity or configure cascade persist this association in the mapping for example @ManyToOne(..,cascade={"persist"}).

/srv/app/vendor/doctrine/orm/src/ORMInvalidArgumentException.php:103
/srv/app/vendor/doctrine/orm/src/UnitOfWork.php:3860
/srv/app/vendor/doctrine/orm/src/UnitOfWork.php:417
/srv/app/vendor/doctrine/orm/src/EntityManager.php:403
/srv/app/src/Repository/OperatingSystemsRepository.php:40
/srv/app/src/Service/OperatingSystemsManager.php:86
/srv/app/src/Service/OperatingSystemsManager.php:148
/srv/app/tests/OperatingSystemsTest.php:269
/srv/app/vendor/phpunit/phpunit/phpunit:107</error>
        </testcase>
      </testsuite>
      <testsuite name="App\Tests\PortsTest" file="/srv/app/tests/PortsTest.php" tests="7" assertions="2302" errors="0" warnings="0" failures="0" skipped="0" time="3.339272">
        <testcase name="testPortsListIsNotEmpty" class="App\Tests\PortsTest" classname="App.Tests.PortsTest" file="/srv/app/tests/PortsTest.php" line="50" assertions="1" time="0.320238"/>
        <testcase name="testCanNotAddPortWithoutPortNumber" class="App\Tests\PortsTest" classname="App.Tests.PortsTest" file="/srv/app/tests/PortsTest.php" line="58" assertions="1" time="0.011672"/>
        <testcase name="testCanNotAddDuplicatePorts" class="App\Tests\PortsTest" classname="App.Tests.PortsTest" file="/srv/app/tests/PortsTest.php" line="71" assertions="2" time="0.018672"/>
        <testcase name="testSparePortsAreAvailable" class="App\Tests\PortsTest" classname="App.Tests.PortsTest" file="/srv/app/tests/PortsTest.php" line="86" assertions="1" time="0.031396"/>
        <testcase name="testEachAddressHasPort" class="App\Tests\PortsTest" classname="App.Tests.PortsTest" file="/srv/app/tests/PortsTest.php" line="95" assertions="2295" time="2.926872"/>
        <testcase name="testCanAddDummyPort" class="App\Tests\PortsTest" classname="App.Tests.PortsTest" file="/srv/app/tests/PortsTest.php" line="109" assertions="1" time="0.013457"/>
        <testcase name="testCanRemoveDummyPort" class="App\Tests\PortsTest" classname="App.Tests.PortsTest" file="/srv/app/tests/PortsTest.php" line="122" assertions="1" time="0.016965"/>
      </testsuite>
      <testsuite name="App\Tests\SessionOsesTest" file="/srv/app/tests/SessionOsesTest.php" tests="5" assertions="10" errors="0" warnings="0" failures="0" skipped="0" time="0.072684">
        <testcase name="testSessionOsesListIsNotEmpty" class="App\Tests\SessionOsesTest" classname="App.Tests.SessionOsesTest" file="/srv/app/tests/SessionOsesTest.php" line="53" assertions="1" time="0.008580"/>
        <testcase name="testCanNotAddSessionOsWithoutSession" class="App\Tests\SessionOsesTest" classname="App.Tests.SessionOsesTest" file="/srv/app/tests/SessionOsesTest.php" line="65" assertions="2" time="0.015059"/>
        <testcase name="testCanNotAddSessionOsWithoutOperatingSystem" class="App\Tests\SessionOsesTest" classname="App.Tests.SessionOsesTest" file="/srv/app/tests/SessionOsesTest.php" line="83" assertions="2" time="0.012088"/>
        <testcase name="testCanNotAddDuplicateSessionOses" class="App\Tests\SessionOsesTest" classname="App.Tests.SessionOsesTest" file="/srv/app/tests/SessionOsesTest.php" line="101" assertions="3" time="0.022359"/>
        <testcase name="testCanRemoveRandomSessionOs" class="App\Tests\SessionOsesTest" classname="App.Tests.SessionOsesTest" file="/srv/app/tests/SessionOsesTest.php" line="122" assertions="2" time="0.014598"/>
      </testsuite>
      <testsuite name="App\Tests\SessionStatusesTest" file="/srv/app/tests/SessionStatusesTest.php" tests="8" assertions="7" errors="0" warnings="0" failures="0" skipped="2" time="0.074644">
        <testcase name="testSessionStatusesListIsNotEmpty" class="App\Tests\SessionStatusesTest" classname="App.Tests.SessionStatusesTest" file="/srv/app/tests/SessionStatusesTest.php" line="45" assertions="1" time="0.008380"/>
        <testcase name="testSessionStatusHasSessionsReference" class="App\Tests\SessionStatusesTest" classname="App.Tests.SessionStatusesTest" file="/srv/app/tests/SessionStatusesTest.php" line="59" assertions="1" time="0.011394"/>
        <testcase name="testCanNotAddSessionStatusWithoutStatusString" class="App\Tests\SessionStatusesTest" classname="App.Tests.SessionStatusesTest" file="/srv/app/tests/SessionStatusesTest.php" line="72" assertions="1" time="0.009718"/>
        <testcase name="testCanNotAddDuplicateSessionStatus" class="App\Tests\SessionStatusesTest" classname="App.Tests.SessionStatusesTest" file="/srv/app/tests/SessionStatusesTest.php" line="84" assertions="1" time="0.010129"/>
        <testcase name="testCanAddDummySessionStatus" class="App\Tests\SessionStatusesTest" classname="App.Tests.SessionStatusesTest" file="/srv/app/tests/SessionStatusesTest.php" line="93" assertions="1" time="0.009263"/>
        <testcase name="testCanNotRemoveReferencedSessionStatus" class="App\Tests\SessionStatusesTest" classname="App.Tests.SessionStatusesTest" file="/srv/app/tests/SessionStatusesTest.php" line="107" assertions="0" time="0.005599">
          <skipped/>
        </testcase>
        <testcase name="testCanRemoveSessionStatusWithCascadeFlag" class="App\Tests\SessionStatusesTest" classname="App.Tests.SessionStatusesTest" file="/srv/app/tests/SessionStatusesTest.php" line="120" assertions="0" time="0.007504">
          <skipped/>
        </testcase>
        <testcase name="testCanRemoveRandomSessionStatus" class="App\Tests\SessionStatusesTest" classname="App.Tests.SessionStatusesTest" file="/srv/app/tests/SessionStatusesTest.php" line="141" assertions="2" time="0.012657"/>
      </testsuite>
      <testsuite name="App\Tests\SessionTechsTest" file="/srv/app/tests/SessionTechsTest.php" tests="5" assertions="10" errors="0" warnings="0" failures="0" skipped="0" time="0.069423">
        <testcase name="testSessionTechsListIsNotEmpty" class="App\Tests\SessionTechsTest" classname="App.Tests.SessionTechsTest" file="/srv/app/tests/SessionTechsTest.php" line="53" assertions="1" time="0.012244"/>
        <testcase name="testCanNotAddSessionTechWithoutSession" class="App\Tests\SessionTechsTest" classname="App.Tests.SessionTechsTest" file="/srv/app/tests/SessionTechsTest.php" line="65" assertions="2" time="0.015582"/>
        <testcase name="testCanNotAddSessionTechWithoutTechnology" class="App\Tests\SessionTechsTest" classname="App.Tests.SessionTechsTest" file="/srv/app/tests/SessionTechsTest.php" line="83" assertions="2" time="0.012090"/>
        <testcase name="testCanNotAddDuplicateSessionTechs" class="App\Tests\SessionTechsTest" classname="App.Tests.SessionTechsTest" file="/srv/app/tests/SessionTechsTest.php" line="101" assertions="3" time="0.015671"/>
        <testcase name="testCanRemoveRandomSessionTech" class="App\Tests\SessionTechsTest" classname="App.Tests.SessionTechsTest" file="/srv/app/tests/SessionTechsTest.php" line="122" assertions="2" time="0.013836"/>
      </testsuite>
      <testsuite name="App\Tests\SessionsTest" file="/srv/app/tests/SessionsTest.php" tests="5" assertions="14" errors="0" warnings="0" failures="0" skipped="0" time="0.115905">
        <testcase name="testSessionsListIsNotEmpty" class="App\Tests\SessionsTest" classname="App.Tests.SessionsTest" file="/srv/app/tests/SessionsTest.php" line="69" assertions="1" time="0.010575"/>
        <testcase name="testCanNotAddSessionWithoutMandatoryFields" class="App\Tests\SessionsTest" classname="App.Tests.SessionsTest" file="/srv/app/tests/SessionsTest.php" line="76" assertions="1" time="0.013080"/>
        <testcase name="testCanAddDummySession" class="App\Tests\SessionsTest" classname="App.Tests.SessionsTest" file="/srv/app/tests/SessionsTest.php" line="85" assertions="3" time="0.015777"/>
        <testcase name="testCanRemoveAllSessions" class="App\Tests\SessionsTest" classname="App.Tests.SessionsTest" file="/srv/app/tests/SessionsTest.php" line="110" assertions="6" time="0.059876"/>
        <testcase name="testCanNotAddDuplicateSession" class="App\Tests\SessionsTest" classname="App.Tests.SessionsTest" file="/srv/app/tests/SessionsTest.php" line="130" assertions="3" time="0.016596"/>
      </testsuite>
      <testsuite name="App\Tests\TaskInstanceTypesTest" file="/srv/app/tests/TaskInstanceTypesTest.php" tests="6" assertions="11" errors="0" warnings="0" failures="0" skipped="0" time="0.164738">
        <testcase name="testTaskInstanceTypesListIsNotEmpty" class="App\Tests\TaskInstanceTypesTest" classname="App.Tests.TaskInstanceTypesTest" file="/srv/app/tests/TaskInstanceTypesTest.php" line="59" assertions="1" time="0.020616"/>
        <testcase name="testCanRemoveRandomTaskInstanceType" class="App\Tests\TaskInstanceTypesTest" classname="App.Tests.TaskInstanceTypesTest" file="/srv/app/tests/TaskInstanceTypesTest.php" line="71" assertions="2" time="0.011999"/>
        <testcase name="testCanRemoveAllTaskInstanceTypes" class="App\Tests\TaskInstanceTypesTest" classname="App.Tests.TaskInstanceTypesTest" file="/srv/app/tests/TaskInstanceTypesTest.php" line="87" assertions="1" time="0.087267"/>
        <testcase name="testCanNotAddTaskInstanceTypeWithoutTask" class="App\Tests\TaskInstanceTypesTest" classname="App.Tests.TaskInstanceTypesTest" file="/srv/app/tests/TaskInstanceTypesTest.php" line="100" assertions="2" time="0.014114"/>
        <testcase name="testCanNotAddTaskInstanceTypeWithoutInstanceType" class="App\Tests\TaskInstanceTypesTest" classname="App.Tests.TaskInstanceTypesTest" file="/srv/app/tests/TaskInstanceTypesTest.php" line="118" assertions="2" time="0.015624"/>
        <testcase name="testCanNotAddDuplicateTaskInstanceTypes" class="App\Tests\TaskInstanceTypesTest" classname="App.Tests.TaskInstanceTypesTest" file="/srv/app/tests/TaskInstanceTypesTest.php" line="136" assertions="3" time="0.015118"/>
      </testsuite>
      <testsuite name="App\Tests\TaskOsesTest" file="/srv/app/tests/TaskOsesTest.php" tests="6" assertions="11" errors="0" warnings="0" failures="0" skipped="0" time="0.088073">
        <testcase name="testTaskOsesListIsNotEmpty" class="App\Tests\TaskOsesTest" classname="App.Tests.TaskOsesTest" file="/srv/app/tests/TaskOsesTest.php" line="59" assertions="1" time="0.019758"/>
        <testcase name="testCanRemoveRandomTaskOs" class="App\Tests\TaskOsesTest" classname="App.Tests.TaskOsesTest" file="/srv/app/tests/TaskOsesTest.php" line="71" assertions="2" time="0.016197"/>
        <testcase name="testCanRemoveAllTaskOses" class="App\Tests\TaskOsesTest" classname="App.Tests.TaskOsesTest" file="/srv/app/tests/TaskOsesTest.php" line="87" assertions="1" time="0.009559"/>
        <testcase name="testCanNotAddTaskOsWithoutTask" class="App\Tests\TaskOsesTest" classname="App.Tests.TaskOsesTest" file="/srv/app/tests/TaskOsesTest.php" line="100" assertions="2" time="0.014114"/>
        <testcase name="testCanNotAddTaskOsWithoutOperatingSystem" class="App\Tests\TaskOsesTest" classname="App.Tests.TaskOsesTest" file="/srv/app/tests/TaskOsesTest.php" line="118" assertions="2" time="0.012462"/>
        <testcase name="testCanNotAddDuplicateTaskOses" class="App\Tests\TaskOsesTest" classname="App.Tests.TaskOsesTest" file="/srv/app/tests/TaskOsesTest.php" line="136" assertions="3" time="0.015983"/>
      </testsuite>
      <testsuite name="App\Tests\TaskTechsTest" file="/srv/app/tests/TaskTechsTest.php" tests="5" assertions="10" errors="0" warnings="0" failures="0" skipped="0" time="0.080218">
        <testcase name="testTaskTechsListIsNotEmpty" class="App\Tests\TaskTechsTest" classname="App.Tests.TaskTechsTest" file="/srv/app/tests/TaskTechsTest.php" line="59" assertions="1" time="0.020920"/>
        <testcase name="testCanRemoveRandomTaskTech" class="App\Tests\TaskTechsTest" classname="App.Tests.TaskTechsTest" file="/srv/app/tests/TaskTechsTest.php" line="71" assertions="2" time="0.016938"/>
        <testcase name="testCanNotAddTaskTechWithoutTask" class="App\Tests\TaskTechsTest" classname="App.Tests.TaskTechsTest" file="/srv/app/tests/TaskTechsTest.php" line="88" assertions="2" time="0.014749"/>
        <testcase name="testCanNotAddTaskTechWithoutTechnology" class="App\Tests\TaskTechsTest" classname="App.Tests.TaskTechsTest" file="/srv/app/tests/TaskTechsTest.php" line="106" assertions="2" time="0.012808"/>
        <testcase name="testCanNotAddDuplicateTaskTechs" class="App\Tests\TaskTechsTest" classname="App.Tests.TaskTechsTest" file="/srv/app/tests/TaskTechsTest.php" line="124" assertions="3" time="0.014803"/>
      </testsuite>
      <testsuite name="App\Tests\TasksTest" file="/srv/app/tests/TasksTest.php" tests="6" assertions="8" errors="0" warnings="0" failures="0" skipped="0" time="0.103934">
        <testcase name="testTasksListIsNotEmpty" class="App\Tests\TasksTest" classname="App.Tests.TasksTest" file="/srv/app/tests/TasksTest.php" line="41" assertions="1" time="0.015903"/>
        <testcase name="testCanNotAddTaskWithoutName" class="App\Tests\TasksTest" classname="App.Tests.TasksTest" file="/srv/app/tests/TasksTest.php" line="49" assertions="1" time="0.013352"/>
        <testcase name="testCanNotAddTaskWithoutPath" class="App\Tests\TasksTest" classname="App.Tests.TasksTest" file="/srv/app/tests/TasksTest.php" line="57" assertions="1" time="0.011489"/>
        <testcase name="testCanNotAddDuplicateTasks" class="App\Tests\TasksTest" classname="App.Tests.TasksTest" file="/srv/app/tests/TasksTest.php" line="70" assertions="2" time="0.017143"/>
        <testcase name="testCanAddDummyTask" class="App\Tests\TasksTest" classname="App.Tests.TasksTest" file="/srv/app/tests/TasksTest.php" line="86" assertions="1" time="0.010409"/>
        <testcase name="testCanRemoveRandomTask" class="App\Tests\TasksTest" classname="App.Tests.TasksTest" file="/srv/app/tests/TasksTest.php" line="100" assertions="2" time="0.035638"/>
      </testsuite>
      <testsuite name="App\Tests\TechnologiesTest" file="/srv/app/tests/TechnologiesTest.php" tests="5" assertions="8" errors="0" warnings="0" failures="0" skipped="0" time="0.062656">
        <testcase name="testTechnologiesListIsNotEmpty" class="App\Tests\TechnologiesTest" classname="App.Tests.TechnologiesTest" file="/srv/app/tests/TechnologiesTest.php" line="51" assertions="1" time="0.013965"/>
        <testcase name="testCanNotAddTechnologyWithoutMandatoryFields" class="App\Tests\TechnologiesTest" classname="App.Tests.TechnologiesTest" file="/srv/app/tests/TechnologiesTest.php" line="58" assertions="1" time="0.009378"/>
        <testcase name="testCanAddDummyTechnology" class="App\Tests\TechnologiesTest" classname="App.Tests.TechnologiesTest" file="/srv/app/tests/TechnologiesTest.php" line="63" assertions="2" time="0.010821"/>
        <testcase name="testCanRemoveRandomTechnology" class="App\Tests\TechnologiesTest" classname="App.Tests.TechnologiesTest" file="/srv/app/tests/TechnologiesTest.php" line="79" assertions="2" time="0.017364"/>
        <testcase name="testCanNotAddDuplicateTechnology" class="App\Tests\TechnologiesTest" classname="App.Tests.TechnologiesTest" file="/srv/app/tests/TechnologiesTest.php" line="95" assertions="2" time="0.011129"/>
      </testsuite>
      <testsuite name="App\Tests\TesteesTest" file="/srv/app/tests/TesteesTest.php" tests="5" assertions="11" errors="0" warnings="0" failures="0" skipped="0" time="0.124753">
        <testcase name="testTesteesListIsNotEmpty" class="App\Tests\TesteesTest" classname="App.Tests.TesteesTest" file="/srv/app/tests/TesteesTest.php" line="51" assertions="1" time="0.011274"/>
        <testcase name="testCanNotAddTesteeWithoutMandatoryFields" class="App\Tests\TesteesTest" classname="App.Tests.TesteesTest" file="/srv/app/tests/TesteesTest.php" line="58" assertions="1" time="0.015221"/>
        <testcase name="testCanAddDummyTestee" class="App\Tests\TesteesTest" classname="App.Tests.TesteesTest" file="/srv/app/tests/TesteesTest.php" line="63" assertions="1" time="0.011508"/>
        <testcase name="testCanRemoveAllTestees" class="App\Tests\TesteesTest" classname="App.Tests.TesteesTest" file="/srv/app/tests/TesteesTest.php" line="79" assertions="6" time="0.074134"/>
        <testcase name="testCanNotAddDuplicateTestee" class="App\Tests\TesteesTest" classname="App.Tests.TesteesTest" file="/srv/app/tests/TesteesTest.php" line="98" assertions="2" time="0.012616"/>
      </testsuite>
    </testsuite>
  </testsuite>
</testsuites>
