<?xml version="1.0" encoding="UTF-8"?>
<testsuites>
  <testsuite name="" tests="163" assertions="3341" errors="2" warnings="0" failures="0" skipped="11" time="20.911775">
    <testsuite name="App Test Suite" tests="163" assertions="3341" errors="2" warnings="0" failures="0" skipped="11" time="20.911775">
      <testsuite name="App\Tests\AddressesTest" file="/srv/app/tests/AddressesTest.php" tests="8" assertions="25" errors="0" warnings="0" failures="0" skipped="0" time="1.718184">
        <testcase name="testAddressesListIsNotEmpty" class="App\Tests\AddressesTest" classname="App.Tests.AddressesTest" file="/srv/app/tests/AddressesTest.php" line="50" assertions="1" time="0.954127"/>
        <testcase name="testCanNotAddAddressWithoutIp" class="App\Tests\AddressesTest" classname="App.Tests.AddressesTest" file="/srv/app/tests/AddressesTest.php" line="58" assertions="1" time="0.023850"/>
        <testcase name="testCanNotAddAddressWithoutMac" class="App\Tests\AddressesTest" classname="App.Tests.AddressesTest" file="/srv/app/tests/AddressesTest.php" line="66" assertions="1" time="0.010672"/>
        <testcase name="testCanNotAddDuplicateAddresses" class="App\Tests\AddressesTest" classname="App.Tests.AddressesTest" file="/srv/app/tests/AddressesTest.php" line="79" assertions="2" time="0.046736"/>
        <testcase name="testSpareAddressesAreAvailable" class="App\Tests\AddressesTest" classname="App.Tests.AddressesTest" file="/srv/app/tests/AddressesTest.php" line="95" assertions="1" time="0.558947"/>
        <testcase name="testEachInstanceHasAddress" class="App\Tests\AddressesTest" classname="App.Tests.AddressesTest" file="/srv/app/tests/AddressesTest.php" line="104" assertions="17" time="0.096041"/>
        <testcase name="testCanAddDummyAddress" class="App\Tests\AddressesTest" classname="App.Tests.AddressesTest" file="/srv/app/tests/AddressesTest.php" line="118" assertions="1" time="0.018873"/>
        <testcase name="testCanRemoveDummyAddress" class="App\Tests\AddressesTest" classname="App.Tests.AddressesTest" file="/srv/app/tests/AddressesTest.php" line="132" assertions="1" time="0.008938"/>
      </testsuite>
      <testsuite name="App\Tests\BreedsTest" file="/srv/app/tests/BreedsTest.php" tests="8" assertions="7" errors="0" warnings="0" failures="0" skipped="1" time="0.093594">
        <testcase name="testBreedsListIsNotEmpty" class="App\Tests\BreedsTest" classname="App.Tests.BreedsTest" file="/srv/app/tests/BreedsTest.php" line="59" assertions="1" time="0.016454"/>
        <testcase name="testBreedHasOperatingSystemsReference" class="App\Tests\BreedsTest" classname="App.Tests.BreedsTest" file="/srv/app/tests/BreedsTest.php" line="73" assertions="1" time="0.016455"/>
        <testcase name="testCanNotAddBreedWithoutName" class="App\Tests\BreedsTest" classname="App.Tests.BreedsTest" file="/srv/app/tests/BreedsTest.php" line="86" assertions="1" time="0.013096"/>
        <testcase name="testCanNotAddDuplicateBreed" class="App\Tests\BreedsTest" classname="App.Tests.BreedsTest" file="/srv/app/tests/BreedsTest.php" line="97" assertions="1" time="0.009744"/>
        <testcase name="testCanAddDummyBreed" class="App\Tests\BreedsTest" classname="App.Tests.BreedsTest" file="/srv/app/tests/BreedsTest.php" line="108" assertions="1" time="0.011387"/>
        <testcase name="testCanRemoveDummyBreed" class="App\Tests\BreedsTest" classname="App.Tests.BreedsTest" file="/srv/app/tests/BreedsTest.php" line="121" assertions="1" time="0.008869"/>
        <testcase name="testCanNotRemoveReferencedBreed" class="App\Tests\BreedsTest" classname="App.Tests.BreedsTest" file="/srv/app/tests/BreedsTest.php" line="132" assertions="1" time="0.009190"/>
        <testcase name="testCanRemoveBreedWithCascadeFlag" class="App\Tests\BreedsTest" classname="App.Tests.BreedsTest" file="/srv/app/tests/BreedsTest.php" line="142" assertions="0" time="0.008399">
          <skipped/>
        </testcase>
      </testsuite>
      <testsuite name="App\Tests\Command\AwxMeCommandTest" file="/srv/app/tests/Command/AwxMeCommandTest.php" tests="1" assertions="2" errors="0" warnings="0" failures="0" skipped="0" time="0.682776">
        <testcase name="testAwxMeIsSymfony" class="App\Tests\Command\AwxMeCommandTest" classname="App.Tests.Command.AwxMeCommandTest" file="/srv/app/tests/Command/AwxMeCommandTest.php" line="11" assertions="2" time="0.682776"/>
      </testsuite>
      <testsuite name="App\Tests\Command\AwxProjectListCommandTest" file="/srv/app/tests/Command/AwxProjectListCommandTest.php" tests="1" assertions="0" errors="0" warnings="0" failures="0" skipped="1" time="0.001329">
        <testcase name="testExecute" class="App\Tests\Command\AwxProjectListCommandTest" classname="App.Tests.Command.AwxProjectListCommandTest" file="/srv/app/tests/Command/AwxProjectListCommandTest.php" line="11" assertions="0" time="0.001329">
          <skipped/>
        </testcase>
      </testsuite>
      <testsuite name="App\Tests\Controller\DomainsControllerTest" file="/srv/app/tests/Controller/DomainsControllerTest.php" tests="4" assertions="102" errors="0" warnings="0" failures="0" skipped="0" time="1.691314">
        <testcase name="testDomainsListIsNotEmpty" class="App\Tests\Controller\DomainsControllerTest" classname="App.Tests.Controller.DomainsControllerTest" file="/srv/app/tests/Controller/DomainsControllerTest.php" line="42" assertions="1" time="0.022186"/>
        <testcase name="testDomainsWebPageListContainsAllRecords" class="App\Tests\Controller\DomainsControllerTest" classname="App.Tests.Controller.DomainsControllerTest" file="/srv/app/tests/Controller/DomainsControllerTest.php" line="55" assertions="31" time="0.296425"/>
        <testcase name="testDomainDisplayWebPageContainsData" class="App\Tests\Controller\DomainsControllerTest" classname="App.Tests.Controller.DomainsControllerTest" file="/srv/app/tests/Controller/DomainsControllerTest.php" line="76" assertions="40" time="0.413552"/>
        <testcase name="testCanRemoveAllDomainsByClickingDeleteButton" class="App\Tests\Controller\DomainsControllerTest" classname="App.Tests.Controller.DomainsControllerTest" file="/srv/app/tests/Controller/DomainsControllerTest.php" line="96" assertions="30" time="0.959151"/>
      </testsuite>
      <testsuite name="App\Tests\Controller\LuckyNumberControllerTest" file="/srv/app/tests/Controller/LuckyNumberControllerTest.php" tests="1" assertions="3" errors="0" warnings="0" failures="0" skipped="0" time="0.034168">
        <testcase name="testLuckyNumber" class="App\Tests\Controller\LuckyNumberControllerTest" classname="App.Tests.Controller.LuckyNumberControllerTest" file="/srv/app/tests/Controller/LuckyNumberControllerTest.php" line="9" assertions="3" time="0.034168"/>
      </testsuite>
      <testsuite name="App\Tests\Controller\SessionOsesControllerTest" file="/srv/app/tests/Controller/SessionOsesControllerTest.php" tests="4" assertions="52" errors="0" warnings="0" failures="0" skipped="0" time="0.755401">
        <testcase name="testSessionOsesListIsNotEmpty" class="App\Tests\Controller\SessionOsesControllerTest" classname="App.Tests.Controller.SessionOsesControllerTest" file="/srv/app/tests/Controller/SessionOsesControllerTest.php" line="42" assertions="1" time="0.013198"/>
        <testcase name="testSessionOsesWebPageListContainsAllRecords" class="App\Tests\Controller\SessionOsesControllerTest" classname="App.Tests.Controller.SessionOsesControllerTest" file="/srv/app/tests/Controller/SessionOsesControllerTest.php" line="55" assertions="16" time="0.081100"/>
        <testcase name="testSessionOsDisplayWebPageContainsData" class="App\Tests\Controller\SessionOsesControllerTest" classname="App.Tests.Controller.SessionOsesControllerTest" file="/srv/app/tests/Controller/SessionOsesControllerTest.php" line="76" assertions="20" time="0.219869"/>
        <testcase name="testCanRemoveAllSessionOsesByClickingDeleteButton" class="App\Tests\Controller\SessionOsesControllerTest" classname="App.Tests.Controller.SessionOsesControllerTest" file="/srv/app/tests/Controller/SessionOsesControllerTest.php" line="96" assertions="15" time="0.441233"/>
      </testsuite>
      <testsuite name="App\Tests\Controller\SessionTechsControllerTest" file="/srv/app/tests/Controller/SessionTechsControllerTest.php" tests="4" assertions="82" errors="0" warnings="0" failures="0" skipped="0" time="1.148633">
        <testcase name="testSessionTechsListIsNotEmpty" class="App\Tests\Controller\SessionTechsControllerTest" classname="App.Tests.Controller.SessionTechsControllerTest" file="/srv/app/tests/Controller/SessionTechsControllerTest.php" line="42" assertions="1" time="0.016293"/>
        <testcase name="testSessionTechsWebPageListContainsAllRecords" class="App\Tests\Controller\SessionTechsControllerTest" classname="App.Tests.Controller.SessionTechsControllerTest" file="/srv/app/tests/Controller/SessionTechsControllerTest.php" line="55" assertions="25" time="0.123994"/>
        <testcase name="testsessionTechDisplayWebPageContainsData" class="App\Tests\Controller\SessionTechsControllerTest" classname="App.Tests.Controller.SessionTechsControllerTest" file="/srv/app/tests/Controller/SessionTechsControllerTest.php" line="76" assertions="32" time="0.447294"/>
        <testcase name="testCanRemoveAllSessionTechsByClickingDeleteButton" class="App\Tests\Controller\SessionTechsControllerTest" classname="App.Tests.Controller.SessionTechsControllerTest" file="/srv/app/tests/Controller/SessionTechsControllerTest.php" line="96" assertions="24" time="0.561052"/>
      </testsuite>
      <testsuite name="App\Tests\Controller\SessionsControllerTest" file="/srv/app/tests/Controller/SessionsControllerTest.php" tests="4" assertions="32" errors="0" warnings="0" failures="0" skipped="0" time="0.700190">
        <testcase name="testSessionsListIsNotEmpty" class="App\Tests\Controller\SessionsControllerTest" classname="App.Tests.Controller.SessionsControllerTest" file="/srv/app/tests/Controller/SessionsControllerTest.php" line="42" assertions="1" time="0.012421"/>
        <testcase name="testSessionsWebPageListContainsAllRecords" class="App\Tests\Controller\SessionsControllerTest" classname="App.Tests.Controller.SessionsControllerTest" file="/srv/app/tests/Controller/SessionsControllerTest.php" line="55" assertions="10" time="0.080031"/>
        <testcase name="testSessionDisplayWebPageContainsData" class="App\Tests\Controller\SessionsControllerTest" classname="App.Tests.Controller.SessionsControllerTest" file="/srv/app/tests/Controller/SessionsControllerTest.php" line="76" assertions="12" time="0.192331"/>
        <testcase name="testCanRemoveAllSessionsByClickingDeleteButton" class="App\Tests\Controller\SessionsControllerTest" classname="App.Tests.Controller.SessionsControllerTest" file="/srv/app/tests/Controller/SessionsControllerTest.php" line="96" assertions="9" time="0.415408"/>
      </testsuite>
      <testsuite name="App\Tests\Controller\TaskTechsControllerTest" file="/srv/app/tests/Controller/TaskTechsControllerTest.php" tests="4" assertions="192" errors="0" warnings="0" failures="0" skipped="0" time="2.755814">
        <testcase name="testTaskTechsListIsNotEmpty" class="App\Tests\Controller\TaskTechsControllerTest" classname="App.Tests.Controller.TaskTechsControllerTest" file="/srv/app/tests/Controller/TaskTechsControllerTest.php" line="42" assertions="1" time="0.021007"/>
        <testcase name="testTaskTechsWebPageListContainsAllRecords" class="App\Tests\Controller\TaskTechsControllerTest" classname="App.Tests.Controller.TaskTechsControllerTest" file="/srv/app/tests/Controller/TaskTechsControllerTest.php" line="55" assertions="58" time="0.192607"/>
        <testcase name="testtaskTechDisplayWebPageContainsData" class="App\Tests\Controller\TaskTechsControllerTest" classname="App.Tests.Controller.TaskTechsControllerTest" file="/srv/app/tests/Controller/TaskTechsControllerTest.php" line="76" assertions="76" time="1.056372"/>
        <testcase name="testCanRemoveAllTaskTechsByClickingDeleteButton" class="App\Tests\Controller\TaskTechsControllerTest" classname="App.Tests.Controller.TaskTechsControllerTest" file="/srv/app/tests/Controller/TaskTechsControllerTest.php" line="96" assertions="57" time="1.485828"/>
      </testsuite>
      <testsuite name="App\Tests\Controller\TechnologiesControllerTest" file="/srv/app/tests/Controller/TechnologiesControllerTest.php" tests="4" assertions="272" errors="0" warnings="0" failures="0" skipped="0" time="4.288429">
        <testcase name="testTechnologiesListIsNotEmpty" class="App\Tests\Controller\TechnologiesControllerTest" classname="App.Tests.Controller.TechnologiesControllerTest" file="/srv/app/tests/Controller/TechnologiesControllerTest.php" line="42" assertions="1" time="0.019796"/>
        <testcase name="testTechnologiesWebPageListContainsAllRecords" class="App\Tests\Controller\TechnologiesControllerTest" classname="App.Tests.Controller.TechnologiesControllerTest" file="/srv/app/tests/Controller/TechnologiesControllerTest.php" line="55" assertions="82" time="0.338191"/>
        <testcase name="testTechnologyDisplayWebPageContainsData" class="App\Tests\Controller\TechnologiesControllerTest" classname="App.Tests.Controller.TechnologiesControllerTest" file="/srv/app/tests/Controller/TechnologiesControllerTest.php" line="76" assertions="108" time="1.397247"/>
        <testcase name="testCanRemoveAllTechnologiesByClickingDeleteButton" class="App\Tests\Controller\TechnologiesControllerTest" classname="App.Tests.Controller.TechnologiesControllerTest" file="/srv/app/tests/Controller/TechnologiesControllerTest.php" line="96" assertions="81" time="2.533196"/>
      </testsuite>
      <testsuite name="App\Tests\Controller\TesteesControllerTest" file="/srv/app/tests/Controller/TesteesControllerTest.php" tests="4" assertions="32" errors="0" warnings="0" failures="0" skipped="0" time="0.470474">
        <testcase name="testTesteesListIsNotEmpty" class="App\Tests\Controller\TesteesControllerTest" classname="App.Tests.Controller.TesteesControllerTest" file="/srv/app/tests/Controller/TesteesControllerTest.php" line="42" assertions="1" time="0.011408"/>
        <testcase name="testTesteesWebPageListContainsAllRecords" class="App\Tests\Controller\TesteesControllerTest" classname="App.Tests.Controller.TesteesControllerTest" file="/srv/app/tests/Controller/TesteesControllerTest.php" line="55" assertions="10" time="0.056580"/>
        <testcase name="testTesteeDisplayWebPageContainsData" class="App\Tests\Controller\TesteesControllerTest" classname="App.Tests.Controller.TesteesControllerTest" file="/srv/app/tests/Controller/TesteesControllerTest.php" line="76" assertions="12" time="0.123888"/>
        <testcase name="testCanRemoveAllTesteesByClickingDeleteButton" class="App\Tests\Controller\TesteesControllerTest" classname="App.Tests.Controller.TesteesControllerTest" file="/srv/app/tests/Controller/TesteesControllerTest.php" line="96" assertions="9" time="0.278598"/>
      </testsuite>
      <testsuite name="App\Tests\DomainsTest" file="/srv/app/tests/DomainsTest.php" tests="6" assertions="10" errors="0" warnings="0" failures="0" skipped="0" time="0.251546">
        <testcase name="testDomainsListIsNotEmpty" class="App\Tests\DomainsTest" classname="App.Tests.DomainsTest" file="/srv/app/tests/DomainsTest.php" line="51" assertions="1" time="0.015852"/>
        <testcase name="testCanNotAddDomainWithoutName" class="App\Tests\DomainsTest" classname="App.Tests.DomainsTest" file="/srv/app/tests/DomainsTest.php" line="58" assertions="1" time="0.011011"/>
        <testcase name="testCanNotAddDuplicateDomain" class="App\Tests\DomainsTest" classname="App.Tests.DomainsTest" file="/srv/app/tests/DomainsTest.php" line="67" assertions="2" time="0.016304"/>
        <testcase name="testCanAddDummyDomain" class="App\Tests\DomainsTest" classname="App.Tests.DomainsTest" file="/srv/app/tests/DomainsTest.php" line="81" assertions="1" time="0.013065"/>
        <testcase name="testCanRemoveAllDomains" class="App\Tests\DomainsTest" classname="App.Tests.DomainsTest" file="/srv/app/tests/DomainsTest.php" line="93" assertions="1" time="0.169399"/>
        <testcase name="testDomainRemovalLeadsToLinkedTechnologiesDeletion" class="App\Tests\DomainsTest" classname="App.Tests.DomainsTest" file="/srv/app/tests/DomainsTest.php" line="105" assertions="4" time="0.025914"/>
      </testsuite>
      <testsuite name="App\Tests\EnvironmentStatusesTest" file="/srv/app/tests/EnvironmentStatusesTest.php" tests="8" assertions="6" errors="0" warnings="0" failures="0" skipped="2" time="0.094564">
        <testcase name="testEnvironmentStatusesListIsNotEmpty" class="App\Tests\EnvironmentStatusesTest" classname="App.Tests.EnvironmentStatusesTest" file="/srv/app/tests/EnvironmentStatusesTest.php" line="45" assertions="1" time="0.008972"/>
        <testcase name="testEnvironmentStatusHasEnvironmentsReference" class="App\Tests\EnvironmentStatusesTest" classname="App.Tests.EnvironmentStatusesTest" file="/srv/app/tests/EnvironmentStatusesTest.php" line="59" assertions="1" time="0.018331"/>
        <testcase name="testCanNotAddEnvironmentStatusWithoutStatusString" class="App\Tests\EnvironmentStatusesTest" classname="App.Tests.EnvironmentStatusesTest" file="/srv/app/tests/EnvironmentStatusesTest.php" line="72" assertions="1" time="0.013642"/>
        <testcase name="testCanNotAddDuplicateEnvironmentStatus" class="App\Tests\EnvironmentStatusesTest" classname="App.Tests.EnvironmentStatusesTest" file="/srv/app/tests/EnvironmentStatusesTest.php" line="84" assertions="1" time="0.015013"/>
        <testcase name="testCanAddDummyEnvironmentStatus" class="App\Tests\EnvironmentStatusesTest" classname="App.Tests.EnvironmentStatusesTest" file="/srv/app/tests/EnvironmentStatusesTest.php" line="97" assertions="1" time="0.009857"/>
        <testcase name="testCanRemoveDummyEnvironmentStatus" class="App\Tests\EnvironmentStatusesTest" classname="App.Tests.EnvironmentStatusesTest" file="/srv/app/tests/EnvironmentStatusesTest.php" line="110" assertions="1" time="0.012033"/>
        <testcase name="testCanNotRemoveReferencedEnvironmentStatus" class="App\Tests\EnvironmentStatusesTest" classname="App.Tests.EnvironmentStatusesTest" file="/srv/app/tests/EnvironmentStatusesTest.php" line="121" assertions="0" time="0.008170">
          <skipped/>
        </testcase>
        <testcase name="testCanRemoveEnvironmentStatusWithCascadeFlag" class="App\Tests\EnvironmentStatusesTest" classname="App.Tests.EnvironmentStatusesTest" file="/srv/app/tests/EnvironmentStatusesTest.php" line="134" assertions="0" time="0.008546">
          <skipped/>
        </testcase>
      </testsuite>
      <testsuite name="App\Tests\HardwareProfilesTest" file="/srv/app/tests/HardwareProfilesTest.php" tests="14" assertions="32" errors="0" warnings="0" failures="0" skipped="2" time="0.286762">
        <testcase name="testHardwareProfilesListIsNotEmpty" class="App\Tests\HardwareProfilesTest" classname="App.Tests.HardwareProfilesTest" file="/srv/app/tests/HardwareProfilesTest.php" line="64" assertions="1" time="0.020448"/>
        <testcase name="testContainerHardwareProfilesListIsNotEmpty" class="App\Tests\HardwareProfilesTest" classname="App.Tests.HardwareProfilesTest" file="/srv/app/tests/HardwareProfilesTest.php" line="73" assertions="1" time="0.009128"/>
        <testcase name="testVmHardwareProfilesListIsNotEmpty" class="App\Tests\HardwareProfilesTest" classname="App.Tests.HardwareProfilesTest" file="/srv/app/tests/HardwareProfilesTest.php" line="86" assertions="1" time="0.009326"/>
        <testcase name="testSupportedHardwareProfilesListIsNotEmpty" class="App\Tests\HardwareProfilesTest" classname="App.Tests.HardwareProfilesTest" file="/srv/app/tests/HardwareProfilesTest.php" line="99" assertions="1" time="0.009915"/>
        <testcase name="testEachSupportedHardwareProfileHasCorrespondingInstanceTypesForAllSupportedOses" class="App\Tests\HardwareProfilesTest" classname="App.Tests.HardwareProfilesTest" file="/srv/app/tests/HardwareProfilesTest.php" line="124" assertions="9" time="0.026090"/>
        <testcase name="testCanNotAddHardwareProfileWithoutNameOrType" class="App\Tests\HardwareProfilesTest" classname="App.Tests.HardwareProfilesTest" file="/srv/app/tests/HardwareProfilesTest.php" line="142" assertions="1" time="0.014815"/>
        <testcase name="testCanNotAddDuplicateHardwareProfile" class="App\Tests\HardwareProfilesTest" classname="App.Tests.HardwareProfilesTest" file="/srv/app/tests/HardwareProfilesTest.php" line="151" assertions="2" time="0.014261"/>
        <testcase name="testCanAddDummyHardwareProfile" class="App\Tests\HardwareProfilesTest" classname="App.Tests.HardwareProfilesTest" file="/srv/app/tests/HardwareProfilesTest.php" line="163" assertions="1" time="0.016474"/>
        <testcase name="testCanAddDummySupportedHardwareProfile" class="App\Tests\HardwareProfilesTest" classname="App.Tests.HardwareProfilesTest" file="/srv/app/tests/HardwareProfilesTest.php" line="172" assertions="6" time="0.055377"/>
        <testcase name="testCanRemoveUnsupportedHardwareProfile" class="App\Tests\HardwareProfilesTest" classname="App.Tests.HardwareProfilesTest" file="/srv/app/tests/HardwareProfilesTest.php" line="198" assertions="2" time="0.019503"/>
        <testcase name="testCanNotRemoveSupportedHardwareProfile" class="App\Tests\HardwareProfilesTest" classname="App.Tests.HardwareProfilesTest" file="/srv/app/tests/HardwareProfilesTest.php" line="211" assertions="1" time="0.016442"/>
        <testcase name="testCanRemoveSupportedHardwareProfileWithCascadeFlag" class="App\Tests\HardwareProfilesTest" classname="App.Tests.HardwareProfilesTest" file="/srv/app/tests/HardwareProfilesTest.php" line="221" assertions="0" time="0.010368">
          <skipped/>
        </testcase>
        <testcase name="testCanMakeHardwareProfileSupported" class="App\Tests\HardwareProfilesTest" classname="App.Tests.HardwareProfilesTest" file="/srv/app/tests/HardwareProfilesTest.php" line="251" assertions="6" time="0.057721"/>
        <testcase name="testCanMakeHardwareProfileUnsupported" class="App\Tests\HardwareProfilesTest" classname="App.Tests.HardwareProfilesTest" file="/srv/app/tests/HardwareProfilesTest.php" line="276" assertions="0" time="0.006896">
          <skipped/>
        </testcase>
      </testsuite>
      <testsuite name="App\Tests\InstanceStatusesTest" file="/srv/app/tests/InstanceStatusesTest.php" tests="8" assertions="6" errors="0" warnings="0" failures="0" skipped="2" time="0.086402">
        <testcase name="testInstanceStatusesListIsNotEmpty" class="App\Tests\InstanceStatusesTest" classname="App.Tests.InstanceStatusesTest" file="/srv/app/tests/InstanceStatusesTest.php" line="45" assertions="1" time="0.009046"/>
        <testcase name="testInstanceStatusHasInstancesReference" class="App\Tests\InstanceStatusesTest" classname="App.Tests.InstanceStatusesTest" file="/srv/app/tests/InstanceStatusesTest.php" line="59" assertions="1" time="0.021927"/>
        <testcase name="testCanNotAddInstanceStatusWithoutStatusString" class="App\Tests\InstanceStatusesTest" classname="App.Tests.InstanceStatusesTest" file="/srv/app/tests/InstanceStatusesTest.php" line="72" assertions="1" time="0.011331"/>
        <testcase name="testCanNotAddDuplicateInstanceStatus" class="App\Tests\InstanceStatusesTest" classname="App.Tests.InstanceStatusesTest" file="/srv/app/tests/InstanceStatusesTest.php" line="84" assertions="1" time="0.010525"/>
        <testcase name="testCanAddDummyInstanceStatus" class="App\Tests\InstanceStatusesTest" classname="App.Tests.InstanceStatusesTest" file="/srv/app/tests/InstanceStatusesTest.php" line="93" assertions="1" time="0.012019"/>
        <testcase name="testCanRemoveDummyInstanceStatus" class="App\Tests\InstanceStatusesTest" classname="App.Tests.InstanceStatusesTest" file="/srv/app/tests/InstanceStatusesTest.php" line="106" assertions="1" time="0.008186"/>
        <testcase name="testCanNotRemoveReferencedInstanceStatus" class="App\Tests\InstanceStatusesTest" classname="App.Tests.InstanceStatusesTest" file="/srv/app/tests/InstanceStatusesTest.php" line="117" assertions="0" time="0.006967">
          <skipped/>
        </testcase>
        <testcase name="testCanRemoveInstanceStatusWithCascadeFlag" class="App\Tests\InstanceStatusesTest" classname="App.Tests.InstanceStatusesTest" file="/srv/app/tests/InstanceStatusesTest.php" line="129" assertions="0" time="0.006401">
          <skipped/>
        </testcase>
      </testsuite>
      <testsuite name="App\Tests\InstanceTypesTest" file="/srv/app/tests/InstanceTypesTest.php" tests="5" assertions="9" errors="1" warnings="0" failures="0" skipped="0" time="0.096076">
        <testcase name="testInstanceTypesListIsNotEmpty" class="App\Tests\InstanceTypesTest" classname="App.Tests.InstanceTypesTest" file="/srv/app/tests/InstanceTypesTest.php" line="59" assertions="1" time="0.012404"/>
        <testcase name="testCanNotAddInstanceTypeWithoutOperatingSystem" class="App\Tests\InstanceTypesTest" classname="App.Tests.InstanceTypesTest" file="/srv/app/tests/InstanceTypesTest.php" line="71" assertions="2" time="0.013313"/>
        <testcase name="testCanNotAddInstanceTypeWithoutHardwareProfile" class="App\Tests\InstanceTypesTest" classname="App.Tests.InstanceTypesTest" file="/srv/app/tests/InstanceTypesTest.php" line="89" assertions="2" time="0.015849"/>
        <testcase name="testCanNotAddDuplicateInstanceTypes" class="App\Tests\InstanceTypesTest" classname="App.Tests.InstanceTypesTest" file="/srv/app/tests/InstanceTypesTest.php" line="107" assertions="3" time="0.017347"/>
        <testcase name="testCanRemoveInstanceTypes" class="App\Tests\InstanceTypesTest" classname="App.Tests.InstanceTypesTest" file="/srv/app/tests/InstanceTypesTest.php" line="129" assertions="1" time="0.037162">
          <error type="Doctrine\DBAL\Exception\ForeignKeyConstraintViolationException">App\Tests\InstanceTypesTest::testCanRemoveInstanceTypes
Doctrine\DBAL\Exception\ForeignKeyConstraintViolationException: An exception occurred while executing a query: SQLSTATE[23503]: Foreign key violation: 7 ERROR:  update or delete on table "instances" violates foreign key constraint "fk_6fca75163a51721d" on table "addresses"
DETAIL:  Key (id)=(225) is still referenced from table "addresses".

/srv/app/vendor/doctrine/dbal/src/Driver/API/PostgreSQL/ExceptionConverter.php:50
/srv/app/vendor/doctrine/dbal/src/Connection.php:1939
/srv/app/vendor/doctrine/dbal/src/Connection.php:1881
/srv/app/vendor/doctrine/dbal/src/Connection.php:1213
/srv/app/vendor/doctrine/dbal/src/Connection.php:701
/srv/app/vendor/doctrine/orm/src/Persisters/Entity/BasicEntityPersister.php:609
/srv/app/vendor/doctrine/orm/src/UnitOfWork.php:1302
/srv/app/vendor/doctrine/orm/src/UnitOfWork.php:472
/srv/app/vendor/doctrine/orm/src/EntityManager.php:403
/srv/app/src/Repository/InstanceTypesRepository.php:59
/srv/app/tests/InstanceTypesTest.php:137
/srv/app/vendor/phpunit/phpunit/phpunit:107</error>
        </testcase>
      </testsuite>
      <testsuite name="App\Tests\MessengerTest" file="/srv/app/tests/MessengerTest.php" tests="1" assertions="1" errors="0" warnings="0" failures="0" skipped="0" time="0.000882">
        <testcase name="testSomething" class="App\Tests\MessengerTest" classname="App.Tests.MessengerTest" file="/srv/app/tests/MessengerTest.php" line="46" assertions="1" time="0.000882"/>
      </testsuite>
      <testsuite name="App\Tests\OperatingSystemsTest" file="/srv/app/tests/OperatingSystemsTest.php" tests="12" assertions="27" errors="1" warnings="0" failures="0" skipped="1" time="0.238906">
        <testcase name="testOperatingSystemsListIsNotEmpty" class="App\Tests\OperatingSystemsTest" classname="App.Tests.OperatingSystemsTest" file="/srv/app/tests/OperatingSystemsTest.php" line="81" assertions="1" time="0.016451"/>
        <testcase name="testSupportedOperatingSystemsListIsNotEmpty" class="App\Tests\OperatingSystemsTest" classname="App.Tests.OperatingSystemsTest" file="/srv/app/tests/OperatingSystemsTest.php" line="90" assertions="1" time="0.012114"/>
        <testcase name="testEachSupportedOsHasCorrespondingInstanceTypesForAllSupportedHardwareProfiles" class="App\Tests\OperatingSystemsTest" classname="App.Tests.OperatingSystemsTest" file="/srv/app/tests/OperatingSystemsTest.php" line="105" assertions="9" time="0.027534"/>
        <testcase name="testCanNotAddOperatingSystemWithoutReleaseOrBreed" class="App\Tests\OperatingSystemsTest" classname="App.Tests.OperatingSystemsTest" file="/srv/app/tests/OperatingSystemsTest.php" line="121" assertions="1" time="0.014195"/>
        <testcase name="testCanNotAddDuplicateOperatingSystem" class="App\Tests\OperatingSystemsTest" classname="App.Tests.OperatingSystemsTest" file="/srv/app/tests/OperatingSystemsTest.php" line="130" assertions="2" time="0.014865"/>
        <testcase name="testCanAddDummyOperatingSystem" class="App\Tests\OperatingSystemsTest" classname="App.Tests.OperatingSystemsTest" file="/srv/app/tests/OperatingSystemsTest.php" line="146" assertions="2" time="0.014468"/>
        <testcase name="testCanRemoveDummyOperatingSystem" class="App\Tests\OperatingSystemsTest" classname="App.Tests.OperatingSystemsTest" file="/srv/app/tests/OperatingSystemsTest.php" line="165" assertions="1" time="0.012524"/>
        <testcase name="testCanAddDummySupportedOperatingSystem" class="App\Tests\OperatingSystemsTest" classname="App.Tests.OperatingSystemsTest" file="/srv/app/tests/OperatingSystemsTest.php" line="170" assertions="5" time="0.038243"/>
        <testcase name="testCanNotRemoveSupportedOperatingSystem" class="App\Tests\OperatingSystemsTest" classname="App.Tests.OperatingSystemsTest" file="/srv/app/tests/OperatingSystemsTest.php" line="200" assertions="1" time="0.017445"/>
        <testcase name="testCanRemoveSupportedOperatingSystemWithCascadeFlag" class="App\Tests\OperatingSystemsTest" classname="App.Tests.OperatingSystemsTest" file="/srv/app/tests/OperatingSystemsTest.php" line="210" assertions="0" time="0.011684">
          <skipped/>
        </testcase>
        <testcase name="testCanMakeOperatingSystemSupported" class="App\Tests\OperatingSystemsTest" classname="App.Tests.OperatingSystemsTest" file="/srv/app/tests/OperatingSystemsTest.php" line="240" assertions="4" time="0.039421"/>
        <testcase name="testCanMakeOperatingSystemUnsupported" class="App\Tests\OperatingSystemsTest" classname="App.Tests.OperatingSystemsTest" file="/srv/app/tests/OperatingSystemsTest.php" line="265" assertions="0" time="0.019963">
          <error type="Doctrine\ORM\ORMInvalidArgumentException">App\Tests\OperatingSystemsTest::testCanMakeOperatingSystemUnsupported
Doctrine\ORM\ORMInvalidArgumentException: A new entity was found through the relationship 'App\Entity\OperatingSystems#breed' that was not configured to cascade persist operations for entity: fedora. To solve this issue: Either explicitly call EntityManager#persist() on this unknown entity or configure cascade persist this association in the mapping for example @ManyToOne(..,cascade={"persist"}).

/srv/app/vendor/doctrine/orm/src/ORMInvalidArgumentException.php:103
/srv/app/vendor/doctrine/orm/src/UnitOfWork.php:3860
/srv/app/vendor/doctrine/orm/src/UnitOfWork.php:417
/srv/app/vendor/doctrine/orm/src/EntityManager.php:403
/srv/app/src/Repository/OperatingSystemsRepository.php:40
/srv/app/src/Service/OperatingSystemsManager.php:86
/srv/app/src/Service/OperatingSystemsManager.php:148
/srv/app/tests/OperatingSystemsTest.php:269
/srv/app/vendor/phpunit/phpunit/phpunit:107</error>
        </testcase>
      </testsuite>
      <testsuite name="App\Tests\PortsTest" file="/srv/app/tests/PortsTest.php" tests="7" assertions="2302" errors="0" warnings="0" failures="0" skipped="0" time="4.146822">
        <testcase name="testPortsListIsNotEmpty" class="App\Tests\PortsTest" classname="App.Tests.PortsTest" file="/srv/app/tests/PortsTest.php" line="50" assertions="1" time="0.465261"/>
        <testcase name="testCanNotAddPortWithoutPortNumber" class="App\Tests\PortsTest" classname="App.Tests.PortsTest" file="/srv/app/tests/PortsTest.php" line="58" assertions="1" time="0.013551"/>
        <testcase name="testCanNotAddDuplicatePorts" class="App\Tests\PortsTest" classname="App.Tests.PortsTest" file="/srv/app/tests/PortsTest.php" line="71" assertions="2" time="0.024750"/>
        <testcase name="testSparePortsAreAvailable" class="App\Tests\PortsTest" classname="App.Tests.PortsTest" file="/srv/app/tests/PortsTest.php" line="86" assertions="1" time="0.032819"/>
        <testcase name="testEachAddressHasPort" class="App\Tests\PortsTest" classname="App.Tests.PortsTest" file="/srv/app/tests/PortsTest.php" line="95" assertions="2295" time="3.582776"/>
        <testcase name="testCanAddDummyPort" class="App\Tests\PortsTest" classname="App.Tests.PortsTest" file="/srv/app/tests/PortsTest.php" line="109" assertions="1" time="0.015144"/>
        <testcase name="testCanRemoveDummyPort" class="App\Tests\PortsTest" classname="App.Tests.PortsTest" file="/srv/app/tests/PortsTest.php" line="122" assertions="1" time="0.012521"/>
      </testsuite>
      <testsuite name="App\Tests\SessionOsesTest" file="/srv/app/tests/SessionOsesTest.php" tests="5" assertions="9" errors="0" warnings="0" failures="0" skipped="0" time="0.217445">
        <testcase name="testSessionOsesListIsNotEmpty" class="App\Tests\SessionOsesTest" classname="App.Tests.SessionOsesTest" file="/srv/app/tests/SessionOsesTest.php" line="53" assertions="1" time="0.015629"/>
        <testcase name="testCanNotAddSessionOsWithoutSession" class="App\Tests\SessionOsesTest" classname="App.Tests.SessionOsesTest" file="/srv/app/tests/SessionOsesTest.php" line="65" assertions="2" time="0.022155"/>
        <testcase name="testCanNotAddSessionOsWithoutOperatingSystem" class="App\Tests\SessionOsesTest" classname="App.Tests.SessionOsesTest" file="/srv/app/tests/SessionOsesTest.php" line="83" assertions="2" time="0.014034"/>
        <testcase name="testCanNotAddDuplicateSessionOses" class="App\Tests\SessionOsesTest" classname="App.Tests.SessionOsesTest" file="/srv/app/tests/SessionOsesTest.php" line="101" assertions="3" time="0.024199"/>
        <testcase name="testCanRemoveAllSessionOses" class="App\Tests\SessionOsesTest" classname="App.Tests.SessionOsesTest" file="/srv/app/tests/SessionOsesTest.php" line="121" assertions="1" time="0.141428"/>
      </testsuite>
      <testsuite name="App\Tests\SessionStatusesTest" file="/srv/app/tests/SessionStatusesTest.php" tests="8" assertions="7" errors="0" warnings="0" failures="0" skipped="2" time="0.096509">
        <testcase name="testSessionStatusesListIsNotEmpty" class="App\Tests\SessionStatusesTest" classname="App.Tests.SessionStatusesTest" file="/srv/app/tests/SessionStatusesTest.php" line="45" assertions="1" time="0.013626"/>
        <testcase name="testSessionStatusHasSessionsReference" class="App\Tests\SessionStatusesTest" classname="App.Tests.SessionStatusesTest" file="/srv/app/tests/SessionStatusesTest.php" line="59" assertions="1" time="0.015602"/>
        <testcase name="testCanNotAddSessionStatusWithoutStatusString" class="App\Tests\SessionStatusesTest" classname="App.Tests.SessionStatusesTest" file="/srv/app/tests/SessionStatusesTest.php" line="72" assertions="1" time="0.015969"/>
        <testcase name="testCanNotAddDuplicateSessionStatus" class="App\Tests\SessionStatusesTest" classname="App.Tests.SessionStatusesTest" file="/srv/app/tests/SessionStatusesTest.php" line="84" assertions="1" time="0.011652"/>
        <testcase name="testCanAddDummySessionStatus" class="App\Tests\SessionStatusesTest" classname="App.Tests.SessionStatusesTest" file="/srv/app/tests/SessionStatusesTest.php" line="93" assertions="1" time="0.012624"/>
        <testcase name="testCanNotRemoveReferencedSessionStatus" class="App\Tests\SessionStatusesTest" classname="App.Tests.SessionStatusesTest" file="/srv/app/tests/SessionStatusesTest.php" line="107" assertions="0" time="0.006154">
          <skipped/>
        </testcase>
        <testcase name="testCanRemoveSessionStatusWithCascadeFlag" class="App\Tests\SessionStatusesTest" classname="App.Tests.SessionStatusesTest" file="/srv/app/tests/SessionStatusesTest.php" line="120" assertions="0" time="0.005658">
          <skipped/>
        </testcase>
        <testcase name="testCanRemoveRandomSessionStatus" class="App\Tests\SessionStatusesTest" classname="App.Tests.SessionStatusesTest" file="/srv/app/tests/SessionStatusesTest.php" line="141" assertions="2" time="0.015224"/>
      </testsuite>
      <testsuite name="App\Tests\SessionTechsTest" file="/srv/app/tests/SessionTechsTest.php" tests="5" assertions="9" errors="0" warnings="0" failures="0" skipped="0" time="0.077060">
        <testcase name="testSessionTechsListIsNotEmpty" class="App\Tests\SessionTechsTest" classname="App.Tests.SessionTechsTest" file="/srv/app/tests/SessionTechsTest.php" line="53" assertions="1" time="0.010019"/>
        <testcase name="testCanNotAddSessionTechWithoutSession" class="App\Tests\SessionTechsTest" classname="App.Tests.SessionTechsTest" file="/srv/app/tests/SessionTechsTest.php" line="65" assertions="2" time="0.016170"/>
        <testcase name="testCanNotAddSessionTechWithoutTechnology" class="App\Tests\SessionTechsTest" classname="App.Tests.SessionTechsTest" file="/srv/app/tests/SessionTechsTest.php" line="83" assertions="2" time="0.016673"/>
        <testcase name="testCanNotAddDuplicateSessionTechs" class="App\Tests\SessionTechsTest" classname="App.Tests.SessionTechsTest" file="/srv/app/tests/SessionTechsTest.php" line="101" assertions="3" time="0.023499"/>
        <testcase name="testCanRemoveAllSessionTechs" class="App\Tests\SessionTechsTest" classname="App.Tests.SessionTechsTest" file="/srv/app/tests/SessionTechsTest.php" line="121" assertions="1" time="0.010699"/>
      </testsuite>
      <testsuite name="App\Tests\SessionsTest" file="/srv/app/tests/SessionsTest.php" tests="5" assertions="14" errors="0" warnings="0" failures="0" skipped="0" time="0.134649">
        <testcase name="testSessionsListIsNotEmpty" class="App\Tests\SessionsTest" classname="App.Tests.SessionsTest" file="/srv/app/tests/SessionsTest.php" line="69" assertions="1" time="0.013218"/>
        <testcase name="testCanNotAddSessionWithoutMandatoryFields" class="App\Tests\SessionsTest" classname="App.Tests.SessionsTest" file="/srv/app/tests/SessionsTest.php" line="76" assertions="1" time="0.014618"/>
        <testcase name="testCanAddDummySession" class="App\Tests\SessionsTest" classname="App.Tests.SessionsTest" file="/srv/app/tests/SessionsTest.php" line="85" assertions="3" time="0.017747"/>
        <testcase name="testCanRemoveAllSessions" class="App\Tests\SessionsTest" classname="App.Tests.SessionsTest" file="/srv/app/tests/SessionsTest.php" line="110" assertions="6" time="0.062288"/>
        <testcase name="testCanNotAddDuplicateSession" class="App\Tests\SessionsTest" classname="App.Tests.SessionsTest" file="/srv/app/tests/SessionsTest.php" line="130" assertions="3" time="0.026779"/>
      </testsuite>
      <testsuite name="App\Tests\TaskInstanceTypesTest" file="/srv/app/tests/TaskInstanceTypesTest.php" tests="6" assertions="11" errors="0" warnings="0" failures="0" skipped="0" time="0.119167">
        <testcase name="testTaskInstanceTypesListIsNotEmpty" class="App\Tests\TaskInstanceTypesTest" classname="App.Tests.TaskInstanceTypesTest" file="/srv/app/tests/TaskInstanceTypesTest.php" line="59" assertions="1" time="0.030618"/>
        <testcase name="testCanRemoveRandomTaskInstanceType" class="App\Tests\TaskInstanceTypesTest" classname="App.Tests.TaskInstanceTypesTest" file="/srv/app/tests/TaskInstanceTypesTest.php" line="71" assertions="2" time="0.015877"/>
        <testcase name="testCanRemoveAllTaskInstanceTypes" class="App\Tests\TaskInstanceTypesTest" classname="App.Tests.TaskInstanceTypesTest" file="/srv/app/tests/TaskInstanceTypesTest.php" line="87" assertions="1" time="0.016632"/>
        <testcase name="testCanNotAddTaskInstanceTypeWithoutTask" class="App\Tests\TaskInstanceTypesTest" classname="App.Tests.TaskInstanceTypesTest" file="/srv/app/tests/TaskInstanceTypesTest.php" line="100" assertions="2" time="0.022655"/>
        <testcase name="testCanNotAddTaskInstanceTypeWithoutInstanceType" class="App\Tests\TaskInstanceTypesTest" classname="App.Tests.TaskInstanceTypesTest" file="/srv/app/tests/TaskInstanceTypesTest.php" line="118" assertions="2" time="0.015152"/>
        <testcase name="testCanNotAddDuplicateTaskInstanceTypes" class="App\Tests\TaskInstanceTypesTest" classname="App.Tests.TaskInstanceTypesTest" file="/srv/app/tests/TaskInstanceTypesTest.php" line="136" assertions="3" time="0.018234"/>
      </testsuite>
      <testsuite name="App\Tests\TaskOsesTest" file="/srv/app/tests/TaskOsesTest.php" tests="5" assertions="9" errors="0" warnings="0" failures="0" skipped="0" time="0.090172">
        <testcase name="testTaskOsesListIsNotEmpty" class="App\Tests\TaskOsesTest" classname="App.Tests.TaskOsesTest" file="/srv/app/tests/TaskOsesTest.php" line="59" assertions="1" time="0.019122"/>
        <testcase name="testCanRemoveAllTaskOses" class="App\Tests\TaskOsesTest" classname="App.Tests.TaskOsesTest" file="/srv/app/tests/TaskOsesTest.php" line="70" assertions="1" time="0.013465"/>
        <testcase name="testCanNotAddTaskOsWithoutTask" class="App\Tests\TaskOsesTest" classname="App.Tests.TaskOsesTest" file="/srv/app/tests/TaskOsesTest.php" line="83" assertions="2" time="0.016180"/>
        <testcase name="testCanNotAddTaskOsWithoutOperatingSystem" class="App\Tests\TaskOsesTest" classname="App.Tests.TaskOsesTest" file="/srv/app/tests/TaskOsesTest.php" line="101" assertions="2" time="0.021309"/>
        <testcase name="testCanNotAddDuplicateTaskOses" class="App\Tests\TaskOsesTest" classname="App.Tests.TaskOsesTest" file="/srv/app/tests/TaskOsesTest.php" line="119" assertions="3" time="0.020095"/>
      </testsuite>
      <testsuite name="App\Tests\TaskTechsTest" file="/srv/app/tests/TaskTechsTest.php" tests="5" assertions="9" errors="0" warnings="0" failures="0" skipped="0" time="0.092271">
        <testcase name="testTaskTechsListIsNotEmpty" class="App\Tests\TaskTechsTest" classname="App.Tests.TaskTechsTest" file="/srv/app/tests/TaskTechsTest.php" line="59" assertions="1" time="0.021077"/>
        <testcase name="testCanRemoveAllTaskTechs" class="App\Tests\TaskTechsTest" classname="App.Tests.TaskTechsTest" file="/srv/app/tests/TaskTechsTest.php" line="70" assertions="1" time="0.013396"/>
        <testcase name="testCanNotAddTaskTechWithoutTask" class="App\Tests\TaskTechsTest" classname="App.Tests.TaskTechsTest" file="/srv/app/tests/TaskTechsTest.php" line="83" assertions="2" time="0.014987"/>
        <testcase name="testCanNotAddTaskTechWithoutTechnology" class="App\Tests\TaskTechsTest" classname="App.Tests.TaskTechsTest" file="/srv/app/tests/TaskTechsTest.php" line="101" assertions="2" time="0.023019"/>
        <testcase name="testCanNotAddDuplicateTaskTechs" class="App\Tests\TaskTechsTest" classname="App.Tests.TaskTechsTest" file="/srv/app/tests/TaskTechsTest.php" line="119" assertions="3" time="0.019792"/>
      </testsuite>
      <testsuite name="App\Tests\TasksTest" file="/srv/app/tests/TasksTest.php" tests="6" assertions="8" errors="0" warnings="0" failures="0" skipped="0" time="0.124831">
        <testcase name="testTasksListIsNotEmpty" class="App\Tests\TasksTest" classname="App.Tests.TasksTest" file="/srv/app/tests/TasksTest.php" line="41" assertions="1" time="0.015082"/>
        <testcase name="testCanNotAddTaskWithoutName" class="App\Tests\TasksTest" classname="App.Tests.TasksTest" file="/srv/app/tests/TasksTest.php" line="49" assertions="1" time="0.012245"/>
        <testcase name="testCanNotAddTaskWithoutPath" class="App\Tests\TasksTest" classname="App.Tests.TasksTest" file="/srv/app/tests/TasksTest.php" line="57" assertions="1" time="0.014341"/>
        <testcase name="testCanNotAddDuplicateTasks" class="App\Tests\TasksTest" classname="App.Tests.TasksTest" file="/srv/app/tests/TasksTest.php" line="70" assertions="2" time="0.023162"/>
        <testcase name="testCanAddDummyTask" class="App\Tests\TasksTest" classname="App.Tests.TasksTest" file="/srv/app/tests/TasksTest.php" line="86" assertions="1" time="0.018561"/>
        <testcase name="testCanRemoveRandomTask" class="App\Tests\TasksTest" classname="App.Tests.TasksTest" file="/srv/app/tests/TasksTest.php" line="100" assertions="2" time="0.041441"/>
      </testsuite>
      <testsuite name="App\Tests\TechnologiesTest" file="/srv/app/tests/TechnologiesTest.php" tests="5" assertions="60" errors="0" warnings="0" failures="0" skipped="0" time="0.271616">
        <testcase name="testTechnologiesListIsNotEmpty" class="App\Tests\TechnologiesTest" classname="App.Tests.TechnologiesTest" file="/srv/app/tests/TechnologiesTest.php" line="60" assertions="1" time="0.016985"/>
        <testcase name="testCanNotAddTechnologyWithoutMandatoryFields" class="App\Tests\TechnologiesTest" classname="App.Tests.TechnologiesTest" file="/srv/app/tests/TechnologiesTest.php" line="67" assertions="1" time="0.011658"/>
        <testcase name="testCanAddDummyTechnology" class="App\Tests\TechnologiesTest" classname="App.Tests.TechnologiesTest" file="/srv/app/tests/TechnologiesTest.php" line="72" assertions="2" time="0.013127"/>
        <testcase name="testCanRemoveAllTechnologies" class="App\Tests\TechnologiesTest" classname="App.Tests.TechnologiesTest" file="/srv/app/tests/TechnologiesTest.php" line="89" assertions="54" time="0.213879"/>
        <testcase name="testCanNotAddDuplicateTechnology" class="App\Tests\TechnologiesTest" classname="App.Tests.TechnologiesTest" file="/srv/app/tests/TechnologiesTest.php" line="108" assertions="2" time="0.015967"/>
      </testsuite>
      <testsuite name="App\Tests\TesteesTest" file="/srv/app/tests/TesteesTest.php" tests="5" assertions="11" errors="0" warnings="0" failures="0" skipped="0" time="0.145785">
        <testcase name="testTesteesListIsNotEmpty" class="App\Tests\TesteesTest" classname="App.Tests.TesteesTest" file="/srv/app/tests/TesteesTest.php" line="51" assertions="1" time="0.013276"/>
        <testcase name="testCanNotAddTesteeWithoutMandatoryFields" class="App\Tests\TesteesTest" classname="App.Tests.TesteesTest" file="/srv/app/tests/TesteesTest.php" line="58" assertions="1" time="0.013398"/>
        <testcase name="testCanAddDummyTestee" class="App\Tests\TesteesTest" classname="App.Tests.TesteesTest" file="/srv/app/tests/TesteesTest.php" line="63" assertions="1" time="0.019831"/>
        <testcase name="testCanRemoveAllTestees" class="App\Tests\TesteesTest" classname="App.Tests.TesteesTest" file="/srv/app/tests/TesteesTest.php" line="79" assertions="6" time="0.073311"/>
        <testcase name="testCanNotAddDuplicateTestee" class="App\Tests\TesteesTest" classname="App.Tests.TesteesTest" file="/srv/app/tests/TesteesTest.php" line="98" assertions="2" time="0.025969"/>
      </testsuite>
    </testsuite>
  </testsuite>
</testsuites>
