<?xml version="1.0" encoding="UTF-8"?>
<testsuites>
  <testsuite name="" tests="199" assertions="4305" errors="0" warnings="0" failures="0" skipped="1" time="37.922350">
    <testsuite name="App Test Suite" tests="199" assertions="4305" errors="0" warnings="0" failures="0" skipped="1" time="37.922350">
      <testsuite name="App\Tests\AddressesTest" file="/srv/app/tests/AddressesTest.php" tests="8" assertions="25" errors="0" warnings="0" failures="0" skipped="0" time="1.621860">
        <testcase name="testAddressesListIsNotEmpty" class="App\Tests\AddressesTest" classname="App.Tests.AddressesTest" file="/srv/app/tests/AddressesTest.php" line="50" assertions="1" time="0.939071"/>
        <testcase name="testCanNotAddAddressWithoutIp" class="App\Tests\AddressesTest" classname="App.Tests.AddressesTest" file="/srv/app/tests/AddressesTest.php" line="58" assertions="1" time="0.025998"/>
        <testcase name="testCanNotAddAddressWithoutMac" class="App\Tests\AddressesTest" classname="App.Tests.AddressesTest" file="/srv/app/tests/AddressesTest.php" line="66" assertions="1" time="0.009650"/>
        <testcase name="testCanNotAddDuplicateAddresses" class="App\Tests\AddressesTest" classname="App.Tests.AddressesTest" file="/srv/app/tests/AddressesTest.php" line="79" assertions="2" time="0.029205"/>
        <testcase name="testSpareAddressesAreAvailable" class="App\Tests\AddressesTest" classname="App.Tests.AddressesTest" file="/srv/app/tests/AddressesTest.php" line="95" assertions="1" time="0.473810"/>
        <testcase name="testEachInstanceHasAddress" class="App\Tests\AddressesTest" classname="App.Tests.AddressesTest" file="/srv/app/tests/AddressesTest.php" line="104" assertions="17" time="0.115006"/>
        <testcase name="testCanAddDummyAddress" class="App\Tests\AddressesTest" classname="App.Tests.AddressesTest" file="/srv/app/tests/AddressesTest.php" line="118" assertions="1" time="0.018333"/>
        <testcase name="testCanRemoveDummyAddress" class="App\Tests\AddressesTest" classname="App.Tests.AddressesTest" file="/srv/app/tests/AddressesTest.php" line="132" assertions="1" time="0.010787"/>
      </testsuite>
      <testsuite name="App\Tests\BreedsTest" file="/srv/app/tests/BreedsTest.php" tests="6" assertions="10" errors="0" warnings="0" failures="0" skipped="0" time="0.777931">
        <testcase name="testBreedsListIsNotEmpty" class="App\Tests\BreedsTest" classname="App.Tests.BreedsTest" file="/srv/app/tests/BreedsTest.php" line="58" assertions="1" time="0.144290"/>
        <testcase name="testBreedHasOperatingSystemsReference" class="App\Tests\BreedsTest" classname="App.Tests.BreedsTest" file="/srv/app/tests/BreedsTest.php" line="72" assertions="1" time="0.019943"/>
        <testcase name="testCanNotAddBreedWithoutName" class="App\Tests\BreedsTest" classname="App.Tests.BreedsTest" file="/srv/app/tests/BreedsTest.php" line="85" assertions="1" time="0.017404"/>
        <testcase name="testCanNotAddDuplicateBreed" class="App\Tests\BreedsTest" classname="App.Tests.BreedsTest" file="/srv/app/tests/BreedsTest.php" line="96" assertions="1" time="0.015716"/>
        <testcase name="testCanAddDummyBreed" class="App\Tests\BreedsTest" classname="App.Tests.BreedsTest" file="/srv/app/tests/BreedsTest.php" line="107" assertions="1" time="0.012351"/>
        <testcase name="testCanRemoveAllBreeds" class="App\Tests\BreedsTest" classname="App.Tests.BreedsTest" file="/srv/app/tests/BreedsTest.php" line="121" assertions="5" time="0.568227"/>
      </testsuite>
      <testsuite name="App\Tests\Command\AwxMeCommandTest" file="/srv/app/tests/Command/AwxMeCommandTest.php" tests="1" assertions="2" errors="0" warnings="0" failures="0" skipped="0" time="1.664251">
        <testcase name="testAwxMeIsSymfony" class="App\Tests\Command\AwxMeCommandTest" classname="App.Tests.Command.AwxMeCommandTest" file="/srv/app/tests/Command/AwxMeCommandTest.php" line="11" assertions="2" time="1.664251"/>
      </testsuite>
      <testsuite name="App\Tests\Command\AwxProjectListCommandTest" file="/srv/app/tests/Command/AwxProjectListCommandTest.php" tests="1" assertions="0" errors="0" warnings="0" failures="0" skipped="1" time="0.003026">
        <testcase name="testExecute" class="App\Tests\Command\AwxProjectListCommandTest" classname="App.Tests.Command.AwxProjectListCommandTest" file="/srv/app/tests/Command/AwxProjectListCommandTest.php" line="11" assertions="0" time="0.003026">
          <skipped/>
        </testcase>
      </testsuite>
      <testsuite name="App\Tests\Controller\BreedsControllerTest" file="/srv/app/tests/Controller/BreedsControllerTest.php" tests="4" assertions="22" errors="0" warnings="0" failures="0" skipped="0" time="1.299156">
        <testcase name="testBreedsListIsNotEmpty" class="App\Tests\Controller\BreedsControllerTest" classname="App.Tests.Controller.BreedsControllerTest" file="/srv/app/tests/Controller/BreedsControllerTest.php" line="42" assertions="1" time="0.018387"/>
        <testcase name="testBreedsWebPageListContainsAllRecords" class="App\Tests\Controller\BreedsControllerTest" classname="App.Tests.Controller.BreedsControllerTest" file="/srv/app/tests/Controller/BreedsControllerTest.php" line="55" assertions="7" time="0.442674"/>
        <testcase name="testBreedDisplayWebPageContainsData" class="App\Tests\Controller\BreedsControllerTest" classname="App.Tests.Controller.BreedsControllerTest" file="/srv/app/tests/Controller/BreedsControllerTest.php" line="76" assertions="8" time="0.094033"/>
        <testcase name="testCanRemoveAllBreedsByClickingDeleteButton" class="App\Tests\Controller\BreedsControllerTest" classname="App.Tests.Controller.BreedsControllerTest" file="/srv/app/tests/Controller/BreedsControllerTest.php" line="96" assertions="6" time="0.744062"/>
      </testsuite>
      <testsuite name="App\Tests\Controller\DomainsControllerTest" file="/srv/app/tests/Controller/DomainsControllerTest.php" tests="4" assertions="102" errors="0" warnings="0" failures="0" skipped="0" time="1.563154">
        <testcase name="testDomainsListIsNotEmpty" class="App\Tests\Controller\DomainsControllerTest" classname="App.Tests.Controller.DomainsControllerTest" file="/srv/app/tests/Controller/DomainsControllerTest.php" line="42" assertions="1" time="0.019802"/>
        <testcase name="testDomainsWebPageListContainsAllRecords" class="App\Tests\Controller\DomainsControllerTest" classname="App.Tests.Controller.DomainsControllerTest" file="/srv/app/tests/Controller/DomainsControllerTest.php" line="55" assertions="31" time="0.121197"/>
        <testcase name="testDomainDisplayWebPageContainsData" class="App\Tests\Controller\DomainsControllerTest" classname="App.Tests.Controller.DomainsControllerTest" file="/srv/app/tests/Controller/DomainsControllerTest.php" line="76" assertions="40" time="0.428011"/>
        <testcase name="testCanRemoveAllDomainsByClickingDeleteButton" class="App\Tests\Controller\DomainsControllerTest" classname="App.Tests.Controller.DomainsControllerTest" file="/srv/app/tests/Controller/DomainsControllerTest.php" line="96" assertions="30" time="0.994143"/>
      </testsuite>
      <testsuite name="App\Tests\Controller\EnvironmentStatusesControllerTest" file="/srv/app/tests/Controller/EnvironmentStatusesControllerTest.php" tests="4" assertions="72" errors="0" warnings="0" failures="0" skipped="0" time="1.243273">
        <testcase name="testEnvironmentStatusesListIsNotEmpty" class="App\Tests\Controller\EnvironmentStatusesControllerTest" classname="App.Tests.Controller.EnvironmentStatusesControllerTest" file="/srv/app/tests/Controller/EnvironmentStatusesControllerTest.php" line="42" assertions="1" time="0.020151"/>
        <testcase name="testEnvironmentStatusesWebPageListContainsAllRecords" class="App\Tests\Controller\EnvironmentStatusesControllerTest" classname="App.Tests.Controller.EnvironmentStatusesControllerTest" file="/srv/app/tests/Controller/EnvironmentStatusesControllerTest.php" line="55" assertions="22" time="0.118172"/>
        <testcase name="testEnvironmentStatusDisplayWebPageContainsData" class="App\Tests\Controller\EnvironmentStatusesControllerTest" classname="App.Tests.Controller.EnvironmentStatusesControllerTest" file="/srv/app/tests/Controller/EnvironmentStatusesControllerTest.php" line="76" assertions="28" time="0.303602"/>
        <testcase name="testCanRemoveAllEnvironmentStatusesByClickingDeleteButton" class="App\Tests\Controller\EnvironmentStatusesControllerTest" classname="App.Tests.Controller.EnvironmentStatusesControllerTest" file="/srv/app/tests/Controller/EnvironmentStatusesControllerTest.php" line="96" assertions="21" time="0.801347"/>
      </testsuite>
      <testsuite name="App\Tests\Controller\EnvironmentsControllerTest" file="/srv/app/tests/Controller/EnvironmentsControllerTest.php" tests="4" assertions="72" errors="0" warnings="0" failures="0" skipped="0" time="1.295684">
        <testcase name="testEnvironmentsListIsNotEmpty" class="App\Tests\Controller\EnvironmentsControllerTest" classname="App.Tests.Controller.EnvironmentsControllerTest" file="/srv/app/tests/Controller/EnvironmentsControllerTest.php" line="42" assertions="1" time="0.013061"/>
        <testcase name="testEnvironmentsWebPageListContainsAllRecords" class="App\Tests\Controller\EnvironmentsControllerTest" classname="App.Tests.Controller.EnvironmentsControllerTest" file="/srv/app/tests/Controller/EnvironmentsControllerTest.php" line="55" assertions="22" time="0.133237"/>
        <testcase name="testEnvironmentDisplayWebPageContainsData" class="App\Tests\Controller\EnvironmentsControllerTest" classname="App.Tests.Controller.EnvironmentsControllerTest" file="/srv/app/tests/Controller/EnvironmentsControllerTest.php" line="76" assertions="28" time="0.436831"/>
        <testcase name="testCanRemoveAllEnvironmentsByClickingDeleteButton" class="App\Tests\Controller\EnvironmentsControllerTest" classname="App.Tests.Controller.EnvironmentsControllerTest" file="/srv/app/tests/Controller/EnvironmentsControllerTest.php" line="96" assertions="21" time="0.712555"/>
      </testsuite>
      <testsuite name="App\Tests\Controller\InstanceStatusesControllerTest" file="/srv/app/tests/Controller/InstanceStatusesControllerTest.php" tests="4" assertions="62" errors="0" warnings="0" failures="0" skipped="0" time="1.039413">
        <testcase name="testInstanceStatusesListIsNotEmpty" class="App\Tests\Controller\InstanceStatusesControllerTest" classname="App.Tests.Controller.InstanceStatusesControllerTest" file="/srv/app/tests/Controller/InstanceStatusesControllerTest.php" line="42" assertions="1" time="0.009436"/>
        <testcase name="testInstanceStatusesWebPageListContainsAllRecords" class="App\Tests\Controller\InstanceStatusesControllerTest" classname="App.Tests.Controller.InstanceStatusesControllerTest" file="/srv/app/tests/Controller/InstanceStatusesControllerTest.php" line="55" assertions="19" time="0.063776"/>
        <testcase name="testInstanceStatusDisplayWebPageContainsData" class="App\Tests\Controller\InstanceStatusesControllerTest" classname="App.Tests.Controller.InstanceStatusesControllerTest" file="/srv/app/tests/Controller/InstanceStatusesControllerTest.php" line="76" assertions="24" time="0.300642"/>
        <testcase name="testCanRemoveAllInstanceStatusesByClickingDeleteButton" class="App\Tests\Controller\InstanceStatusesControllerTest" classname="App.Tests.Controller.InstanceStatusesControllerTest" file="/srv/app/tests/Controller/InstanceStatusesControllerTest.php" line="96" assertions="18" time="0.665558"/>
      </testsuite>
      <testsuite name="App\Tests\Controller\InstanceTypesControllerTest" file="/srv/app/tests/Controller/InstanceTypesControllerTest.php" tests="3" assertions="58" errors="0" warnings="0" failures="0" skipped="0" time="0.508830">
        <testcase name="testInstanceTypesListIsNotEmpty" class="App\Tests\Controller\InstanceTypesControllerTest" classname="App.Tests.Controller.InstanceTypesControllerTest" file="/srv/app/tests/Controller/InstanceTypesControllerTest.php" line="42" assertions="1" time="0.018587"/>
        <testcase name="testInstanceTypesWebPageListContainsAllRecords" class="App\Tests\Controller\InstanceTypesControllerTest" classname="App.Tests.Controller.InstanceTypesControllerTest" file="/srv/app/tests/Controller/InstanceTypesControllerTest.php" line="55" assertions="25" time="0.129373"/>
        <testcase name="testInstanceTypeDisplayWebPageContainsData" class="App\Tests\Controller\InstanceTypesControllerTest" classname="App.Tests.Controller.InstanceTypesControllerTest" file="/srv/app/tests/Controller/InstanceTypesControllerTest.php" line="76" assertions="32" time="0.360870"/>
      </testsuite>
      <testsuite name="App\Tests\Controller\InstancesControllerTest" file="/srv/app/tests/Controller/InstancesControllerTest.php" tests="4" assertions="162" errors="0" warnings="0" failures="0" skipped="0" time="2.798362">
        <testcase name="testInstancesListIsNotEmpty" class="App\Tests\Controller\InstancesControllerTest" classname="App.Tests.Controller.InstancesControllerTest" file="/srv/app/tests/Controller/InstancesControllerTest.php" line="42" assertions="1" time="0.017048"/>
        <testcase name="testInstancesWebPageListContainsAllRecords" class="App\Tests\Controller\InstancesControllerTest" classname="App.Tests.Controller.InstancesControllerTest" file="/srv/app/tests/Controller/InstancesControllerTest.php" line="55" assertions="49" time="0.234249"/>
        <testcase name="testInstanceDisplayWebPageContainsData" class="App\Tests\Controller\InstancesControllerTest" classname="App.Tests.Controller.InstancesControllerTest" file="/srv/app/tests/Controller/InstancesControllerTest.php" line="76" assertions="64" time="0.973556"/>
        <testcase name="testDeleteButtonDoesNotDeleteInstanceInstantly" class="App\Tests\Controller\InstancesControllerTest" classname="App.Tests.Controller.InstancesControllerTest" file="/srv/app/tests/Controller/InstancesControllerTest.php" line="96" assertions="48" time="1.573509"/>
      </testsuite>
      <testsuite name="App\Tests\Controller\LuckyNumberControllerTest" file="/srv/app/tests/Controller/LuckyNumberControllerTest.php" tests="1" assertions="3" errors="0" warnings="0" failures="0" skipped="0" time="0.028856">
        <testcase name="testLuckyNumber" class="App\Tests\Controller\LuckyNumberControllerTest" classname="App.Tests.Controller.LuckyNumberControllerTest" file="/srv/app/tests/Controller/LuckyNumberControllerTest.php" line="9" assertions="3" time="0.028856"/>
      </testsuite>
      <testsuite name="App\Tests\Controller\OperatingSystemsControllerTest" file="/srv/app/tests/Controller/OperatingSystemsControllerTest.php" tests="4" assertions="72" errors="0" warnings="0" failures="0" skipped="0" time="1.439903">
        <testcase name="testOperatingSystemsListIsNotEmpty" class="App\Tests\Controller\OperatingSystemsControllerTest" classname="App.Tests.Controller.OperatingSystemsControllerTest" file="/srv/app/tests/Controller/OperatingSystemsControllerTest.php" line="42" assertions="1" time="0.008983"/>
        <testcase name="testOperatingSystemsWebPageListContainsAllRecords" class="App\Tests\Controller\OperatingSystemsControllerTest" classname="App.Tests.Controller.OperatingSystemsControllerTest" file="/srv/app/tests/Controller/OperatingSystemsControllerTest.php" line="55" assertions="22" time="0.089661"/>
        <testcase name="testOperatingSystemDisplayWebPageContainsData" class="App\Tests\Controller\OperatingSystemsControllerTest" classname="App.Tests.Controller.OperatingSystemsControllerTest" file="/srv/app/tests/Controller/OperatingSystemsControllerTest.php" line="76" assertions="28" time="0.327162"/>
        <testcase name="testCanRemoveAllOperatingSystemsByClickingDeleteButton" class="App\Tests\Controller\OperatingSystemsControllerTest" classname="App.Tests.Controller.OperatingSystemsControllerTest" file="/srv/app/tests/Controller/OperatingSystemsControllerTest.php" line="96" assertions="21" time="1.014097"/>
      </testsuite>
      <testsuite name="App\Tests\Controller\SessionOsesControllerTest" file="/srv/app/tests/Controller/SessionOsesControllerTest.php" tests="4" assertions="52" errors="0" warnings="0" failures="0" skipped="0" time="0.713280">
        <testcase name="testSessionOsesListIsNotEmpty" class="App\Tests\Controller\SessionOsesControllerTest" classname="App.Tests.Controller.SessionOsesControllerTest" file="/srv/app/tests/Controller/SessionOsesControllerTest.php" line="42" assertions="1" time="0.016639"/>
        <testcase name="testSessionOsesWebPageListContainsAllRecords" class="App\Tests\Controller\SessionOsesControllerTest" classname="App.Tests.Controller.SessionOsesControllerTest" file="/srv/app/tests/Controller/SessionOsesControllerTest.php" line="55" assertions="16" time="0.099243"/>
        <testcase name="testSessionOsDisplayWebPageContainsData" class="App\Tests\Controller\SessionOsesControllerTest" classname="App.Tests.Controller.SessionOsesControllerTest" file="/srv/app/tests/Controller/SessionOsesControllerTest.php" line="76" assertions="20" time="0.253081"/>
        <testcase name="testCanRemoveAllSessionOsesByClickingDeleteButton" class="App\Tests\Controller\SessionOsesControllerTest" classname="App.Tests.Controller.SessionOsesControllerTest" file="/srv/app/tests/Controller/SessionOsesControllerTest.php" line="96" assertions="15" time="0.344317"/>
      </testsuite>
      <testsuite name="App\Tests\Controller\SessionStatusesControllerTest" file="/srv/app/tests/Controller/SessionStatusesControllerTest.php" tests="4" assertions="62" errors="0" warnings="0" failures="0" skipped="0" time="0.780912">
        <testcase name="testSessionStatusesListIsNotEmpty" class="App\Tests\Controller\SessionStatusesControllerTest" classname="App.Tests.Controller.SessionStatusesControllerTest" file="/srv/app/tests/Controller/SessionStatusesControllerTest.php" line="42" assertions="1" time="0.013979"/>
        <testcase name="testSessionStatusesWebPageListContainsAllRecords" class="App\Tests\Controller\SessionStatusesControllerTest" classname="App.Tests.Controller.SessionStatusesControllerTest" file="/srv/app/tests/Controller/SessionStatusesControllerTest.php" line="55" assertions="19" time="0.081021"/>
        <testcase name="testSessionStatusDisplayWebPageContainsData" class="App\Tests\Controller\SessionStatusesControllerTest" classname="App.Tests.Controller.SessionStatusesControllerTest" file="/srv/app/tests/Controller/SessionStatusesControllerTest.php" line="76" assertions="24" time="0.220979"/>
        <testcase name="testCanRemoveAllSessionStatusesByClickingDeleteButton" class="App\Tests\Controller\SessionStatusesControllerTest" classname="App.Tests.Controller.SessionStatusesControllerTest" file="/srv/app/tests/Controller/SessionStatusesControllerTest.php" line="96" assertions="18" time="0.464934"/>
      </testsuite>
      <testsuite name="App\Tests\Controller\SessionTechsControllerTest" file="/srv/app/tests/Controller/SessionTechsControllerTest.php" tests="4" assertions="82" errors="0" warnings="0" failures="0" skipped="0" time="0.993595">
        <testcase name="testSessionTechsListIsNotEmpty" class="App\Tests\Controller\SessionTechsControllerTest" classname="App.Tests.Controller.SessionTechsControllerTest" file="/srv/app/tests/Controller/SessionTechsControllerTest.php" line="42" assertions="1" time="0.010838"/>
        <testcase name="testSessionTechsWebPageListContainsAllRecords" class="App\Tests\Controller\SessionTechsControllerTest" classname="App.Tests.Controller.SessionTechsControllerTest" file="/srv/app/tests/Controller/SessionTechsControllerTest.php" line="55" assertions="25" time="0.093302"/>
        <testcase name="testsessionTechDisplayWebPageContainsData" class="App\Tests\Controller\SessionTechsControllerTest" classname="App.Tests.Controller.SessionTechsControllerTest" file="/srv/app/tests/Controller/SessionTechsControllerTest.php" line="76" assertions="32" time="0.346978"/>
        <testcase name="testCanRemoveAllSessionTechsByClickingDeleteButton" class="App\Tests\Controller\SessionTechsControllerTest" classname="App.Tests.Controller.SessionTechsControllerTest" file="/srv/app/tests/Controller/SessionTechsControllerTest.php" line="96" assertions="24" time="0.542478"/>
      </testsuite>
      <testsuite name="App\Tests\Controller\SessionsControllerTest" file="/srv/app/tests/Controller/SessionsControllerTest.php" tests="4" assertions="32" errors="0" warnings="0" failures="0" skipped="0" time="0.611547">
        <testcase name="testSessionsListIsNotEmpty" class="App\Tests\Controller\SessionsControllerTest" classname="App.Tests.Controller.SessionsControllerTest" file="/srv/app/tests/Controller/SessionsControllerTest.php" line="42" assertions="1" time="0.010409"/>
        <testcase name="testSessionsWebPageListContainsAllRecords" class="App\Tests\Controller\SessionsControllerTest" classname="App.Tests.Controller.SessionsControllerTest" file="/srv/app/tests/Controller/SessionsControllerTest.php" line="55" assertions="10" time="0.072068"/>
        <testcase name="testSessionDisplayWebPageContainsData" class="App\Tests\Controller\SessionsControllerTest" classname="App.Tests.Controller.SessionsControllerTest" file="/srv/app/tests/Controller/SessionsControllerTest.php" line="76" assertions="12" time="0.223064"/>
        <testcase name="testCanRemoveAllSessionsByClickingDeleteButton" class="App\Tests\Controller\SessionsControllerTest" classname="App.Tests.Controller.SessionsControllerTest" file="/srv/app/tests/Controller/SessionsControllerTest.php" line="96" assertions="9" time="0.306006"/>
      </testsuite>
      <testsuite name="App\Tests\Controller\TaskTechsControllerTest" file="/srv/app/tests/Controller/TaskTechsControllerTest.php" tests="4" assertions="192" errors="0" warnings="0" failures="0" skipped="0" time="2.286714">
        <testcase name="testTaskTechsListIsNotEmpty" class="App\Tests\Controller\TaskTechsControllerTest" classname="App.Tests.Controller.TaskTechsControllerTest" file="/srv/app/tests/Controller/TaskTechsControllerTest.php" line="42" assertions="1" time="0.012878"/>
        <testcase name="testTaskTechsWebPageListContainsAllRecords" class="App\Tests\Controller\TaskTechsControllerTest" classname="App.Tests.Controller.TaskTechsControllerTest" file="/srv/app/tests/Controller/TaskTechsControllerTest.php" line="55" assertions="58" time="0.243934"/>
        <testcase name="testtaskTechDisplayWebPageContainsData" class="App\Tests\Controller\TaskTechsControllerTest" classname="App.Tests.Controller.TaskTechsControllerTest" file="/srv/app/tests/Controller/TaskTechsControllerTest.php" line="76" assertions="76" time="0.741985"/>
        <testcase name="testCanRemoveAllTaskTechsByClickingDeleteButton" class="App\Tests\Controller\TaskTechsControllerTest" classname="App.Tests.Controller.TaskTechsControllerTest" file="/srv/app/tests/Controller/TaskTechsControllerTest.php" line="96" assertions="57" time="1.287916"/>
      </testsuite>
      <testsuite name="App\Tests\Controller\TasksControllerTest" file="/srv/app/tests/Controller/TasksControllerTest.php" tests="4" assertions="152" errors="0" warnings="0" failures="0" skipped="0" time="3.183745">
        <testcase name="testTasksListIsNotEmpty" class="App\Tests\Controller\TasksControllerTest" classname="App.Tests.Controller.TasksControllerTest" file="/srv/app/tests/Controller/TasksControllerTest.php" line="42" assertions="1" time="0.012878"/>
        <testcase name="testTasksWebPageListContainsAllRecords" class="App\Tests\Controller\TasksControllerTest" classname="App.Tests.Controller.TasksControllerTest" file="/srv/app/tests/Controller/TasksControllerTest.php" line="55" assertions="46" time="0.222839"/>
        <testcase name="testTaskDisplayWebPageContainsData" class="App\Tests\Controller\TasksControllerTest" classname="App.Tests.Controller.TasksControllerTest" file="/srv/app/tests/Controller/TasksControllerTest.php" line="76" assertions="60" time="0.995171"/>
        <testcase name="testCanRemoveAllTasksByClickingDeleteButton" class="App\Tests\Controller\TasksControllerTest" classname="App.Tests.Controller.TasksControllerTest" file="/srv/app/tests/Controller/TasksControllerTest.php" line="96" assertions="45" time="1.952857"/>
      </testsuite>
      <testsuite name="App\Tests\Controller\TechnologiesControllerTest" file="/srv/app/tests/Controller/TechnologiesControllerTest.php" tests="4" assertions="272" errors="0" warnings="0" failures="0" skipped="0" time="3.711100">
        <testcase name="testTechnologiesListIsNotEmpty" class="App\Tests\Controller\TechnologiesControllerTest" classname="App.Tests.Controller.TechnologiesControllerTest" file="/srv/app/tests/Controller/TechnologiesControllerTest.php" line="42" assertions="1" time="0.013687"/>
        <testcase name="testTechnologiesWebPageListContainsAllRecords" class="App\Tests\Controller\TechnologiesControllerTest" classname="App.Tests.Controller.TechnologiesControllerTest" file="/srv/app/tests/Controller/TechnologiesControllerTest.php" line="55" assertions="82" time="0.336242"/>
        <testcase name="testTechnologyDisplayWebPageContainsData" class="App\Tests\Controller\TechnologiesControllerTest" classname="App.Tests.Controller.TechnologiesControllerTest" file="/srv/app/tests/Controller/TechnologiesControllerTest.php" line="76" assertions="108" time="1.260078"/>
        <testcase name="testCanRemoveAllTechnologiesByClickingDeleteButton" class="App\Tests\Controller\TechnologiesControllerTest" classname="App.Tests.Controller.TechnologiesControllerTest" file="/srv/app/tests/Controller/TechnologiesControllerTest.php" line="96" assertions="81" time="2.101092"/>
      </testsuite>
      <testsuite name="App\Tests\Controller\TesteesControllerTest" file="/srv/app/tests/Controller/TesteesControllerTest.php" tests="4" assertions="32" errors="0" warnings="0" failures="0" skipped="0" time="0.494131">
        <testcase name="testTesteesListIsNotEmpty" class="App\Tests\Controller\TesteesControllerTest" classname="App.Tests.Controller.TesteesControllerTest" file="/srv/app/tests/Controller/TesteesControllerTest.php" line="42" assertions="1" time="0.010164"/>
        <testcase name="testTesteesWebPageListContainsAllRecords" class="App\Tests\Controller\TesteesControllerTest" classname="App.Tests.Controller.TesteesControllerTest" file="/srv/app/tests/Controller/TesteesControllerTest.php" line="55" assertions="10" time="0.053526"/>
        <testcase name="testTesteeDisplayWebPageContainsData" class="App\Tests\Controller\TesteesControllerTest" classname="App.Tests.Controller.TesteesControllerTest" file="/srv/app/tests/Controller/TesteesControllerTest.php" line="76" assertions="12" time="0.175205"/>
        <testcase name="testCanRemoveAllTesteesByClickingDeleteButton" class="App\Tests\Controller\TesteesControllerTest" classname="App.Tests.Controller.TesteesControllerTest" file="/srv/app/tests/Controller/TesteesControllerTest.php" line="96" assertions="9" time="0.255236"/>
      </testsuite>
      <testsuite name="App\Tests\DomainsTest" file="/srv/app/tests/DomainsTest.php" tests="6" assertions="10" errors="0" warnings="0" failures="0" skipped="0" time="0.284569">
        <testcase name="testDomainsListIsNotEmpty" class="App\Tests\DomainsTest" classname="App.Tests.DomainsTest" file="/srv/app/tests/DomainsTest.php" line="51" assertions="1" time="0.010167"/>
        <testcase name="testCanNotAddDomainWithoutName" class="App\Tests\DomainsTest" classname="App.Tests.DomainsTest" file="/srv/app/tests/DomainsTest.php" line="58" assertions="1" time="0.009997"/>
        <testcase name="testCanNotAddDuplicateDomain" class="App\Tests\DomainsTest" classname="App.Tests.DomainsTest" file="/srv/app/tests/DomainsTest.php" line="67" assertions="2" time="0.013400"/>
        <testcase name="testCanAddDummyDomain" class="App\Tests\DomainsTest" classname="App.Tests.DomainsTest" file="/srv/app/tests/DomainsTest.php" line="81" assertions="1" time="0.011370"/>
        <testcase name="testCanRemoveAllDomains" class="App\Tests\DomainsTest" classname="App.Tests.DomainsTest" file="/srv/app/tests/DomainsTest.php" line="93" assertions="1" time="0.215721"/>
        <testcase name="testDomainRemovalLeadsToLinkedTechnologiesDeletion" class="App\Tests\DomainsTest" classname="App.Tests.DomainsTest" file="/srv/app/tests/DomainsTest.php" line="105" assertions="4" time="0.023915"/>
      </testsuite>
      <testsuite name="App\Tests\EnvironmentStatusesTest" file="/srv/app/tests/EnvironmentStatusesTest.php" tests="5" assertions="19" errors="0" warnings="0" failures="0" skipped="0" time="0.236898">
        <testcase name="testEnvironmentStatusesListIsNotEmpty" class="App\Tests\EnvironmentStatusesTest" classname="App.Tests.EnvironmentStatusesTest" file="/srv/app/tests/EnvironmentStatusesTest.php" line="54" assertions="1" time="0.010074"/>
        <testcase name="testCanNotAddEnvironmentStatusWithoutStatusString" class="App\Tests\EnvironmentStatusesTest" classname="App.Tests.EnvironmentStatusesTest" file="/srv/app/tests/EnvironmentStatusesTest.php" line="62" assertions="1" time="0.012366"/>
        <testcase name="testCanNotAddDuplicateEnvironmentStatus" class="App\Tests\EnvironmentStatusesTest" classname="App.Tests.EnvironmentStatusesTest" file="/srv/app/tests/EnvironmentStatusesTest.php" line="74" assertions="1" time="0.015107"/>
        <testcase name="testCanAddDummyEnvironmentStatus" class="App\Tests\EnvironmentStatusesTest" classname="App.Tests.EnvironmentStatusesTest" file="/srv/app/tests/EnvironmentStatusesTest.php" line="87" assertions="1" time="0.013568"/>
        <testcase name="testCanRemoveAllEnvironmentStatuses" class="App\Tests\EnvironmentStatusesTest" classname="App.Tests.EnvironmentStatusesTest" file="/srv/app/tests/EnvironmentStatusesTest.php" line="101" assertions="15" time="0.185783"/>
      </testsuite>
      <testsuite name="App\Tests\EnvironmentsTest" file="/srv/app/tests/EnvironmentsTest.php" tests="5" assertions="22" errors="0" warnings="0" failures="0" skipped="0" time="0.169073">
        <testcase name="testEnvironmentsListIsNotEmpty" class="App\Tests\EnvironmentsTest" classname="App.Tests.EnvironmentsTest" file="/srv/app/tests/EnvironmentsTest.php" line="69" assertions="1" time="0.012152"/>
        <testcase name="testCanNotAddEnvironmentWithoutMandatoryFields" class="App\Tests\EnvironmentsTest" classname="App.Tests.EnvironmentsTest" file="/srv/app/tests/EnvironmentsTest.php" line="76" assertions="1" time="0.013894"/>
        <testcase name="testCanAddDummyEnvironment" class="App\Tests\EnvironmentsTest" classname="App.Tests.EnvironmentsTest" file="/srv/app/tests/EnvironmentsTest.php" line="85" assertions="3" time="0.018533"/>
        <testcase name="testCanRemoveAllEnvironments" class="App\Tests\EnvironmentsTest" classname="App.Tests.EnvironmentsTest" file="/srv/app/tests/EnvironmentsTest.php" line="109" assertions="14" time="0.106482"/>
        <testcase name="testCanNotAddDuplicateEnvironment" class="App\Tests\EnvironmentsTest" classname="App.Tests.EnvironmentsTest" file="/srv/app/tests/EnvironmentsTest.php" line="129" assertions="3" time="0.018012"/>
      </testsuite>
      <testsuite name="App\Tests\HardwareProfilesTest" file="/srv/app/tests/HardwareProfilesTest.php" tests="12" assertions="44" errors="0" warnings="0" failures="0" skipped="0" time="0.972546">
        <testcase name="testHardwareProfilesListIsNotEmpty" class="App\Tests\HardwareProfilesTest" classname="App.Tests.HardwareProfilesTest" file="/srv/app/tests/HardwareProfilesTest.php" line="67" assertions="1" time="0.013902"/>
        <testcase name="testContainerHardwareProfilesListIsNotEmpty" class="App\Tests\HardwareProfilesTest" classname="App.Tests.HardwareProfilesTest" file="/srv/app/tests/HardwareProfilesTest.php" line="78" assertions="1" time="0.011539"/>
        <testcase name="testVmHardwareProfilesListIsNotEmpty" class="App\Tests\HardwareProfilesTest" classname="App.Tests.HardwareProfilesTest" file="/srv/app/tests/HardwareProfilesTest.php" line="91" assertions="1" time="0.011118"/>
        <testcase name="testSupportedHardwareProfilesListIsNotEmpty" class="App\Tests\HardwareProfilesTest" classname="App.Tests.HardwareProfilesTest" file="/srv/app/tests/HardwareProfilesTest.php" line="104" assertions="1" time="0.011340"/>
        <testcase name="testEachSupportedHardwareProfileHasCorrespondingInstanceTypesForAllSupportedOses" class="App\Tests\HardwareProfilesTest" classname="App.Tests.HardwareProfilesTest" file="/srv/app/tests/HardwareProfilesTest.php" line="129" assertions="9" time="0.028824"/>
        <testcase name="testCanNotAddHardwareProfileWithoutNameOrType" class="App\Tests\HardwareProfilesTest" classname="App.Tests.HardwareProfilesTest" file="/srv/app/tests/HardwareProfilesTest.php" line="147" assertions="1" time="0.014491"/>
        <testcase name="testCanNotAddDuplicateHardwareProfile" class="App\Tests\HardwareProfilesTest" classname="App.Tests.HardwareProfilesTest" file="/srv/app/tests/HardwareProfilesTest.php" line="156" assertions="2" time="0.015986"/>
        <testcase name="testCanAddDummyHardwareProfile" class="App\Tests\HardwareProfilesTest" classname="App.Tests.HardwareProfilesTest" file="/srv/app/tests/HardwareProfilesTest.php" line="168" assertions="1" time="0.019292"/>
        <testcase name="testCanAddDummySupportedHardwareProfile" class="App\Tests\HardwareProfilesTest" classname="App.Tests.HardwareProfilesTest" file="/srv/app/tests/HardwareProfilesTest.php" line="177" assertions="6" time="0.050904"/>
        <testcase name="testCanRemoveAllHardwareProfiles" class="App\Tests\HardwareProfilesTest" classname="App.Tests.HardwareProfilesTest" file="/srv/app/tests/HardwareProfilesTest.php" line="227" assertions="9" time="0.427257"/>
        <testcase name="testCanMakeHardwareProfileSupported" class="App\Tests\HardwareProfilesTest" classname="App.Tests.HardwareProfilesTest" file="/srv/app/tests/HardwareProfilesTest.php" line="248" assertions="6" time="0.045895"/>
        <testcase name="testCanMakeHardwareProfileUnsupported" class="App\Tests\HardwareProfilesTest" classname="App.Tests.HardwareProfilesTest" file="/srv/app/tests/HardwareProfilesTest.php" line="273" assertions="6" time="0.321998"/>
      </testsuite>
      <testsuite name="App\Tests\InstanceStatusesTest" file="/srv/app/tests/InstanceStatusesTest.php" tests="5" assertions="17" errors="0" warnings="0" failures="0" skipped="0" time="0.328588">
        <testcase name="testInstanceStatusesListIsNotEmpty" class="App\Tests\InstanceStatusesTest" classname="App.Tests.InstanceStatusesTest" file="/srv/app/tests/InstanceStatusesTest.php" line="55" assertions="1" time="0.011195"/>
        <testcase name="testCanNotAddInstanceStatusWithoutStatusString" class="App\Tests\InstanceStatusesTest" classname="App.Tests.InstanceStatusesTest" file="/srv/app/tests/InstanceStatusesTest.php" line="63" assertions="1" time="0.014471"/>
        <testcase name="testCanNotAddDuplicateInstanceStatus" class="App\Tests\InstanceStatusesTest" classname="App.Tests.InstanceStatusesTest" file="/srv/app/tests/InstanceStatusesTest.php" line="75" assertions="1" time="0.014125"/>
        <testcase name="testCanAddDummyInstanceStatus" class="App\Tests\InstanceStatusesTest" classname="App.Tests.InstanceStatusesTest" file="/srv/app/tests/InstanceStatusesTest.php" line="84" assertions="1" time="0.012675"/>
        <testcase name="testCanRemoveAllInstanceStatuses" class="App\Tests\InstanceStatusesTest" classname="App.Tests.InstanceStatusesTest" file="/srv/app/tests/InstanceStatusesTest.php" line="98" assertions="13" time="0.276123"/>
      </testsuite>
      <testsuite name="App\Tests\InstanceTypesTest" file="/srv/app/tests/InstanceTypesTest.php" tests="5" assertions="24" errors="0" warnings="0" failures="0" skipped="0" time="0.470292">
        <testcase name="testInstanceTypesListIsNotEmpty" class="App\Tests\InstanceTypesTest" classname="App.Tests.InstanceTypesTest" file="/srv/app/tests/InstanceTypesTest.php" line="63" assertions="1" time="0.013036"/>
        <testcase name="testCanNotAddInstanceTypeWithoutOperatingSystem" class="App\Tests\InstanceTypesTest" classname="App.Tests.InstanceTypesTest" file="/srv/app/tests/InstanceTypesTest.php" line="75" assertions="2" time="0.015026"/>
        <testcase name="testCanNotAddInstanceTypeWithoutHardwareProfile" class="App\Tests\InstanceTypesTest" classname="App.Tests.InstanceTypesTest" file="/srv/app/tests/InstanceTypesTest.php" line="93" assertions="2" time="0.016368"/>
        <testcase name="testCanNotAddDuplicateInstanceTypes" class="App\Tests\InstanceTypesTest" classname="App.Tests.InstanceTypesTest" file="/srv/app/tests/InstanceTypesTest.php" line="111" assertions="3" time="0.016808"/>
        <testcase name="testCanRemoveAllInstanceTypes" class="App\Tests\InstanceTypesTest" classname="App.Tests.InstanceTypesTest" file="/srv/app/tests/InstanceTypesTest.php" line="133" assertions="16" time="0.409054"/>
      </testsuite>
      <testsuite name="App\Tests\InstancesTest" file="/srv/app/tests/InstancesTest.php" tests="7" assertions="89" errors="0" warnings="0" failures="0" skipped="0" time="1.189231">
        <testcase name="testInstancesListIsNotEmpty" class="App\Tests\InstancesTest" classname="App.Tests.InstancesTest" file="/srv/app/tests/InstancesTest.php" line="69" assertions="1" time="0.017324"/>
        <testcase name="testCanNotAddInstanceWithoutMandatoryFields" class="App\Tests\InstancesTest" classname="App.Tests.InstancesTest" file="/srv/app/tests/InstancesTest.php" line="76" assertions="1" time="0.016784"/>
        <testcase name="testCanAddDummyInstance" class="App\Tests\InstancesTest" classname="App.Tests.InstancesTest" file="/srv/app/tests/InstancesTest.php" line="85" assertions="3" time="0.019616"/>
        <testcase name="testInstanceListHasNoOrphans" class="App\Tests\InstancesTest" classname="App.Tests.InstancesTest" file="/srv/app/tests/InstancesTest.php" line="110" assertions="16" time="0.626432"/>
        <testcase name="testLxcInventoryHasNoOrphans" class="App\Tests\InstancesTest" classname="App.Tests.InstancesTest" file="/srv/app/tests/InstancesTest.php" line="121" assertions="33" time="0.231955"/>
        <testcase name="testCanWipeAllInstancesFromDatabase" class="App\Tests\InstancesTest" classname="App.Tests.InstancesTest" file="/srv/app/tests/InstancesTest.php" line="143" assertions="32" time="0.259217"/>
        <testcase name="testCanNotAddDuplicateInstance" class="App\Tests\InstancesTest" classname="App.Tests.InstancesTest" file="/srv/app/tests/InstancesTest.php" line="163" assertions="3" time="0.017903"/>
      </testsuite>
      <testsuite name="App\Tests\MessengerMessagesTest" file="/srv/app/tests/MessengerMessagesTest.php" tests="1" assertions="1" errors="0" warnings="0" failures="0" skipped="0" time="0.011278">
        <testcase name="testMessengerMessagesListIsEmpty" class="App\Tests\MessengerMessagesTest" classname="App.Tests.MessengerMessagesTest" file="/srv/app/tests/MessengerMessagesTest.php" line="37" assertions="1" time="0.011278"/>
      </testsuite>
      <testsuite name="App\Tests\OperatingSystemsTest" file="/srv/app/tests/OperatingSystemsTest.php" tests="10" assertions="38" errors="0" warnings="0" failures="0" skipped="0" time="0.956659">
        <testcase name="testOperatingSystemsListIsNotEmpty" class="App\Tests\OperatingSystemsTest" classname="App.Tests.OperatingSystemsTest" file="/srv/app/tests/OperatingSystemsTest.php" line="81" assertions="1" time="0.012106"/>
        <testcase name="testSupportedOperatingSystemsListIsNotEmpty" class="App\Tests\OperatingSystemsTest" classname="App.Tests.OperatingSystemsTest" file="/srv/app/tests/OperatingSystemsTest.php" line="90" assertions="1" time="0.011983"/>
        <testcase name="testEachSupportedOsHasCorrespondingInstanceTypesForAllSupportedHardwareProfiles" class="App\Tests\OperatingSystemsTest" classname="App.Tests.OperatingSystemsTest" file="/srv/app/tests/OperatingSystemsTest.php" line="105" assertions="9" time="0.023865"/>
        <testcase name="testCanNotAddOperatingSystemWithoutReleaseOrBreed" class="App\Tests\OperatingSystemsTest" classname="App.Tests.OperatingSystemsTest" file="/srv/app/tests/OperatingSystemsTest.php" line="121" assertions="1" time="0.014487"/>
        <testcase name="testCanNotAddDuplicateOperatingSystem" class="App\Tests\OperatingSystemsTest" classname="App.Tests.OperatingSystemsTest" file="/srv/app/tests/OperatingSystemsTest.php" line="130" assertions="2" time="0.023924"/>
        <testcase name="testCanAddDummyOperatingSystem" class="App\Tests\OperatingSystemsTest" classname="App.Tests.OperatingSystemsTest" file="/srv/app/tests/OperatingSystemsTest.php" line="146" assertions="2" time="0.016361"/>
        <testcase name="testCanAddDummySupportedOperatingSystem" class="App\Tests\OperatingSystemsTest" classname="App.Tests.OperatingSystemsTest" file="/srv/app/tests/OperatingSystemsTest.php" line="160" assertions="5" time="0.030760"/>
        <testcase name="testCanRemoveAllOperatingSystems" class="App\Tests\OperatingSystemsTest" classname="App.Tests.OperatingSystemsTest" file="/srv/app/tests/OperatingSystemsTest.php" line="189" assertions="9" time="0.532828"/>
        <testcase name="testCanMakeOperatingSystemSupported" class="App\Tests\OperatingSystemsTest" classname="App.Tests.OperatingSystemsTest" file="/srv/app/tests/OperatingSystemsTest.php" line="210" assertions="4" time="0.028913"/>
        <testcase name="testCanMakeOperatingSystemUnsupported" class="App\Tests\OperatingSystemsTest" classname="App.Tests.OperatingSystemsTest" file="/srv/app/tests/OperatingSystemsTest.php" line="235" assertions="4" time="0.261432"/>
      </testsuite>
      <testsuite name="App\Tests\PortsTest" file="/srv/app/tests/PortsTest.php" tests="7" assertions="2302" errors="0" warnings="0" failures="0" skipped="0" time="3.449266">
        <testcase name="testPortsListIsNotEmpty" class="App\Tests\PortsTest" classname="App.Tests.PortsTest" file="/srv/app/tests/PortsTest.php" line="50" assertions="1" time="0.288350"/>
        <testcase name="testCanNotAddPortWithoutPortNumber" class="App\Tests\PortsTest" classname="App.Tests.PortsTest" file="/srv/app/tests/PortsTest.php" line="58" assertions="1" time="0.012962"/>
        <testcase name="testCanNotAddDuplicatePorts" class="App\Tests\PortsTest" classname="App.Tests.PortsTest" file="/srv/app/tests/PortsTest.php" line="71" assertions="2" time="0.021784"/>
        <testcase name="testSparePortsAreAvailable" class="App\Tests\PortsTest" classname="App.Tests.PortsTest" file="/srv/app/tests/PortsTest.php" line="86" assertions="1" time="0.020214"/>
        <testcase name="testEachAddressHasPort" class="App\Tests\PortsTest" classname="App.Tests.PortsTest" file="/srv/app/tests/PortsTest.php" line="95" assertions="2295" time="3.083671"/>
        <testcase name="testCanAddDummyPort" class="App\Tests\PortsTest" classname="App.Tests.PortsTest" file="/srv/app/tests/PortsTest.php" line="109" assertions="1" time="0.010037"/>
        <testcase name="testCanRemoveDummyPort" class="App\Tests\PortsTest" classname="App.Tests.PortsTest" file="/srv/app/tests/PortsTest.php" line="122" assertions="1" time="0.012248"/>
      </testsuite>
      <testsuite name="App\Tests\SessionOsesTest" file="/srv/app/tests/SessionOsesTest.php" tests="6" assertions="14" errors="0" warnings="0" failures="0" skipped="0" time="0.175301">
        <testcase name="testSessionOsesListIsNotEmpty" class="App\Tests\SessionOsesTest" classname="App.Tests.SessionOsesTest" file="/srv/app/tests/SessionOsesTest.php" line="77" assertions="1" time="0.011634"/>
        <testcase name="testCanNotAddSessionOsWithoutSession" class="App\Tests\SessionOsesTest" classname="App.Tests.SessionOsesTest" file="/srv/app/tests/SessionOsesTest.php" line="89" assertions="2" time="0.019262"/>
        <testcase name="testCanNotAddSessionOsWithoutOperatingSystem" class="App\Tests\SessionOsesTest" classname="App.Tests.SessionOsesTest" file="/srv/app/tests/SessionOsesTest.php" line="107" assertions="2" time="0.013467"/>
        <testcase name="testCanNotAddDuplicateSessionOses" class="App\Tests\SessionOsesTest" classname="App.Tests.SessionOsesTest" file="/srv/app/tests/SessionOsesTest.php" line="125" assertions="3" time="0.021637"/>
        <testcase name="testCanRemoveAllSessionOses" class="App\Tests\SessionOsesTest" classname="App.Tests.SessionOsesTest" file="/srv/app/tests/SessionOsesTest.php" line="145" assertions="1" time="0.085880"/>
        <testcase name="testCanAddDummySessionOs" class="App\Tests\SessionOsesTest" classname="App.Tests.SessionOsesTest" file="/srv/app/tests/SessionOsesTest.php" line="182" assertions="5" time="0.023420"/>
      </testsuite>
      <testsuite name="App\Tests\SessionStatusesTest" file="/srv/app/tests/SessionStatusesTest.php" tests="5" assertions="17" errors="0" warnings="0" failures="0" skipped="0" time="0.147622">
        <testcase name="testSessionStatusesListIsNotEmpty" class="App\Tests\SessionStatusesTest" classname="App.Tests.SessionStatusesTest" file="/srv/app/tests/SessionStatusesTest.php" line="55" assertions="1" time="0.008976"/>
        <testcase name="testCanNotAddSessionStatusWithoutStatusString" class="App\Tests\SessionStatusesTest" classname="App.Tests.SessionStatusesTest" file="/srv/app/tests/SessionStatusesTest.php" line="63" assertions="1" time="0.010954"/>
        <testcase name="testCanNotAddDuplicateSessionStatus" class="App\Tests\SessionStatusesTest" classname="App.Tests.SessionStatusesTest" file="/srv/app/tests/SessionStatusesTest.php" line="75" assertions="1" time="0.012369"/>
        <testcase name="testCanAddDummySessionStatus" class="App\Tests\SessionStatusesTest" classname="App.Tests.SessionStatusesTest" file="/srv/app/tests/SessionStatusesTest.php" line="84" assertions="1" time="0.013424"/>
        <testcase name="testCanRemoveAllSessionStatuses" class="App\Tests\SessionStatusesTest" classname="App.Tests.SessionStatusesTest" file="/srv/app/tests/SessionStatusesTest.php" line="98" assertions="13" time="0.101899"/>
      </testsuite>
      <testsuite name="App\Tests\SessionTechsTest" file="/srv/app/tests/SessionTechsTest.php" tests="6" assertions="14" errors="0" warnings="0" failures="0" skipped="0" time="0.086080">
        <testcase name="testSessionTechsListIsNotEmpty" class="App\Tests\SessionTechsTest" classname="App.Tests.SessionTechsTest" file="/srv/app/tests/SessionTechsTest.php" line="77" assertions="1" time="0.009331"/>
        <testcase name="testCanNotAddSessionTechWithoutSession" class="App\Tests\SessionTechsTest" classname="App.Tests.SessionTechsTest" file="/srv/app/tests/SessionTechsTest.php" line="89" assertions="2" time="0.015477"/>
        <testcase name="testCanNotAddSessionTechWithoutTechnology" class="App\Tests\SessionTechsTest" classname="App.Tests.SessionTechsTest" file="/srv/app/tests/SessionTechsTest.php" line="107" assertions="2" time="0.014384"/>
        <testcase name="testCanNotAddDuplicateSessionTechs" class="App\Tests\SessionTechsTest" classname="App.Tests.SessionTechsTest" file="/srv/app/tests/SessionTechsTest.php" line="125" assertions="3" time="0.016319"/>
        <testcase name="testCanRemoveAllSessionTechs" class="App\Tests\SessionTechsTest" classname="App.Tests.SessionTechsTest" file="/srv/app/tests/SessionTechsTest.php" line="145" assertions="1" time="0.010867"/>
        <testcase name="testCanAddDummySessionTech" class="App\Tests\SessionTechsTest" classname="App.Tests.SessionTechsTest" file="/srv/app/tests/SessionTechsTest.php" line="181" assertions="5" time="0.019703"/>
      </testsuite>
      <testsuite name="App\Tests\SessionsTest" file="/srv/app/tests/SessionsTest.php" tests="5" assertions="14" errors="0" warnings="0" failures="0" skipped="0" time="0.122926">
        <testcase name="testSessionsListIsNotEmpty" class="App\Tests\SessionsTest" classname="App.Tests.SessionsTest" file="/srv/app/tests/SessionsTest.php" line="69" assertions="1" time="0.010813"/>
        <testcase name="testCanNotAddSessionWithoutMandatoryFields" class="App\Tests\SessionsTest" classname="App.Tests.SessionsTest" file="/srv/app/tests/SessionsTest.php" line="76" assertions="1" time="0.011165"/>
        <testcase name="testCanAddDummySession" class="App\Tests\SessionsTest" classname="App.Tests.SessionsTest" file="/srv/app/tests/SessionsTest.php" line="85" assertions="3" time="0.015323"/>
        <testcase name="testCanRemoveAllSessions" class="App\Tests\SessionsTest" classname="App.Tests.SessionsTest" file="/srv/app/tests/SessionsTest.php" line="110" assertions="6" time="0.065816"/>
        <testcase name="testCanNotAddDuplicateSession" class="App\Tests\SessionsTest" classname="App.Tests.SessionsTest" file="/srv/app/tests/SessionsTest.php" line="130" assertions="3" time="0.019810"/>
      </testsuite>
      <testsuite name="App\Tests\TaskInstanceTypesTest" file="/srv/app/tests/TaskInstanceTypesTest.php" tests="7" assertions="14" errors="0" warnings="0" failures="0" skipped="0" time="0.102579">
        <testcase name="testTaskInstanceTypesListIsNotEmpty" class="App\Tests\TaskInstanceTypesTest" classname="App.Tests.TaskInstanceTypesTest" file="/srv/app/tests/TaskInstanceTypesTest.php" line="59" assertions="1" time="0.021395"/>
        <testcase name="testCanRemoveRandomTaskInstanceType" class="App\Tests\TaskInstanceTypesTest" classname="App.Tests.TaskInstanceTypesTest" file="/srv/app/tests/TaskInstanceTypesTest.php" line="71" assertions="2" time="0.010160"/>
        <testcase name="testCanRemoveAllTaskInstanceTypes" class="App\Tests\TaskInstanceTypesTest" classname="App.Tests.TaskInstanceTypesTest" file="/srv/app/tests/TaskInstanceTypesTest.php" line="87" assertions="1" time="0.009728"/>
        <testcase name="testCanNotAddTaskInstanceTypeWithoutTask" class="App\Tests\TaskInstanceTypesTest" classname="App.Tests.TaskInstanceTypesTest" file="/srv/app/tests/TaskInstanceTypesTest.php" line="100" assertions="2" time="0.012330"/>
        <testcase name="testCanNotAddTaskInstanceTypeWithoutInstanceType" class="App\Tests\TaskInstanceTypesTest" classname="App.Tests.TaskInstanceTypesTest" file="/srv/app/tests/TaskInstanceTypesTest.php" line="118" assertions="2" time="0.015330"/>
        <testcase name="testCanNotAddDuplicateTaskInstanceTypes" class="App\Tests\TaskInstanceTypesTest" classname="App.Tests.TaskInstanceTypesTest" file="/srv/app/tests/TaskInstanceTypesTest.php" line="136" assertions="3" time="0.015798"/>
        <testcase name="testCanAddDummyTaskInstanceType" class="App\Tests\TaskInstanceTypesTest" classname="App.Tests.TaskInstanceTypesTest" file="/srv/app/tests/TaskInstanceTypesTest.php" line="171" assertions="3" time="0.017839"/>
      </testsuite>
      <testsuite name="App\Tests\TaskOsesTest" file="/srv/app/tests/TaskOsesTest.php" tests="5" assertions="9" errors="0" warnings="0" failures="0" skipped="0" time="0.076617">
        <testcase name="testTaskOsesListIsNotEmpty" class="App\Tests\TaskOsesTest" classname="App.Tests.TaskOsesTest" file="/srv/app/tests/TaskOsesTest.php" line="59" assertions="1" time="0.013728"/>
        <testcase name="testCanRemoveAllTaskOses" class="App\Tests\TaskOsesTest" classname="App.Tests.TaskOsesTest" file="/srv/app/tests/TaskOsesTest.php" line="70" assertions="1" time="0.007845"/>
        <testcase name="testCanNotAddTaskOsWithoutTask" class="App\Tests\TaskOsesTest" classname="App.Tests.TaskOsesTest" file="/srv/app/tests/TaskOsesTest.php" line="83" assertions="2" time="0.017893"/>
        <testcase name="testCanNotAddTaskOsWithoutOperatingSystem" class="App\Tests\TaskOsesTest" classname="App.Tests.TaskOsesTest" file="/srv/app/tests/TaskOsesTest.php" line="101" assertions="2" time="0.015454"/>
        <testcase name="testCanNotAddDuplicateTaskOses" class="App\Tests\TaskOsesTest" classname="App.Tests.TaskOsesTest" file="/srv/app/tests/TaskOsesTest.php" line="119" assertions="3" time="0.021698"/>
      </testsuite>
      <testsuite name="App\Tests\TaskTechsTest" file="/srv/app/tests/TaskTechsTest.php" tests="6" assertions="12" errors="0" warnings="0" failures="0" skipped="0" time="0.091687">
        <testcase name="testTaskTechsListIsNotEmpty" class="App\Tests\TaskTechsTest" classname="App.Tests.TaskTechsTest" file="/srv/app/tests/TaskTechsTest.php" line="59" assertions="1" time="0.016245"/>
        <testcase name="testCanRemoveAllTaskTechs" class="App\Tests\TaskTechsTest" classname="App.Tests.TaskTechsTest" file="/srv/app/tests/TaskTechsTest.php" line="70" assertions="1" time="0.008461"/>
        <testcase name="testCanNotAddTaskTechWithoutTask" class="App\Tests\TaskTechsTest" classname="App.Tests.TaskTechsTest" file="/srv/app/tests/TaskTechsTest.php" line="83" assertions="2" time="0.013548"/>
        <testcase name="testCanNotAddTaskTechWithoutTechnology" class="App\Tests\TaskTechsTest" classname="App.Tests.TaskTechsTest" file="/srv/app/tests/TaskTechsTest.php" line="101" assertions="2" time="0.014734"/>
        <testcase name="testCanNotAddDuplicateTaskTechs" class="App\Tests\TaskTechsTest" classname="App.Tests.TaskTechsTest" file="/srv/app/tests/TaskTechsTest.php" line="119" assertions="3" time="0.019550"/>
        <testcase name="testCanAddDummyTaskTech" class="App\Tests\TaskTechsTest" classname="App.Tests.TaskTechsTest" file="/srv/app/tests/TaskTechsTest.php" line="154" assertions="3" time="0.019148"/>
      </testsuite>
      <testsuite name="App\Tests\TasksTest" file="/srv/app/tests/TasksTest.php" tests="6" assertions="36" errors="0" warnings="0" failures="0" skipped="0" time="0.581354">
        <testcase name="testTasksListIsNotEmpty" class="App\Tests\TasksTest" classname="App.Tests.TasksTest" file="/srv/app/tests/TasksTest.php" line="45" assertions="1" time="0.013142"/>
        <testcase name="testCanNotAddTaskWithoutName" class="App\Tests\TasksTest" classname="App.Tests.TasksTest" file="/srv/app/tests/TasksTest.php" line="53" assertions="1" time="0.012402"/>
        <testcase name="testCanNotAddTaskWithoutPath" class="App\Tests\TasksTest" classname="App.Tests.TasksTest" file="/srv/app/tests/TasksTest.php" line="61" assertions="1" time="0.012471"/>
        <testcase name="testCanNotAddDuplicateTasks" class="App\Tests\TasksTest" classname="App.Tests.TasksTest" file="/srv/app/tests/TasksTest.php" line="74" assertions="2" time="0.017472"/>
        <testcase name="testCanAddDummyTask" class="App\Tests\TasksTest" classname="App.Tests.TasksTest" file="/srv/app/tests/TasksTest.php" line="90" assertions="1" time="0.011121"/>
        <testcase name="testCanRemoveAllTasks" class="App\Tests\TasksTest" classname="App.Tests.TasksTest" file="/srv/app/tests/TasksTest.php" line="104" assertions="30" time="0.514746"/>
      </testsuite>
      <testsuite name="App\Tests\TechnologiesTest" file="/srv/app/tests/TechnologiesTest.php" tests="5" assertions="60" errors="0" warnings="0" failures="0" skipped="0" time="0.271197">
        <testcase name="testTechnologiesListIsNotEmpty" class="App\Tests\TechnologiesTest" classname="App.Tests.TechnologiesTest" file="/srv/app/tests/TechnologiesTest.php" line="60" assertions="1" time="0.012492"/>
        <testcase name="testCanNotAddTechnologyWithoutMandatoryFields" class="App\Tests\TechnologiesTest" classname="App.Tests.TechnologiesTest" file="/srv/app/tests/TechnologiesTest.php" line="67" assertions="1" time="0.010780"/>
        <testcase name="testCanAddDummyTechnology" class="App\Tests\TechnologiesTest" classname="App.Tests.TechnologiesTest" file="/srv/app/tests/TechnologiesTest.php" line="72" assertions="2" time="0.012145"/>
        <testcase name="testCanRemoveAllTechnologies" class="App\Tests\TechnologiesTest" classname="App.Tests.TechnologiesTest" file="/srv/app/tests/TechnologiesTest.php" line="89" assertions="54" time="0.224440"/>
        <testcase name="testCanNotAddDuplicateTechnology" class="App\Tests\TechnologiesTest" classname="App.Tests.TechnologiesTest" file="/srv/app/tests/TechnologiesTest.php" line="108" assertions="2" time="0.011340"/>
      </testsuite>
      <testsuite name="App\Tests\TesteesTest" file="/srv/app/tests/TesteesTest.php" tests="5" assertions="11" errors="0" warnings="0" failures="0" skipped="0" time="0.139865">
        <testcase name="testTesteesListIsNotEmpty" class="App\Tests\TesteesTest" classname="App.Tests.TesteesTest" file="/srv/app/tests/TesteesTest.php" line="51" assertions="1" time="0.009705"/>
        <testcase name="testCanNotAddTesteeWithoutMandatoryFields" class="App\Tests\TesteesTest" classname="App.Tests.TesteesTest" file="/srv/app/tests/TesteesTest.php" line="58" assertions="1" time="0.011294"/>
        <testcase name="testCanAddDummyTestee" class="App\Tests\TesteesTest" classname="App.Tests.TesteesTest" file="/srv/app/tests/TesteesTest.php" line="63" assertions="1" time="0.012091"/>
        <testcase name="testCanRemoveAllTestees" class="App\Tests\TesteesTest" classname="App.Tests.TesteesTest" file="/srv/app/tests/TesteesTest.php" line="79" assertions="6" time="0.092820"/>
        <testcase name="testCanNotAddDuplicateTestee" class="App\Tests\TesteesTest" classname="App.Tests.TesteesTest" file="/srv/app/tests/TesteesTest.php" line="98" assertions="2" time="0.013955"/>
      </testsuite>
    </testsuite>
  </testsuite>
</testsuites>
