<?xml version="1.0" encoding="UTF-8"?>
<testsuites>
  <testsuite name="App\Tests\TesteesTest" file="/srv/app/tests/TesteesTest.php" tests="5" assertions="0" errors="3" warnings="0" failures="0" skipped="2" time="0.228820">
    <testcase name="testTesteesListIsNotEmpty" class="App\Tests\TesteesTest" classname="App.Tests.TesteesTest" file="/srv/app/tests/TesteesTest.php" line="51" assertions="0" time="0.215570">
      <error type="Symfony\Component\DependencyInjection\Exception\ServiceNotFoundException">App\Tests\TesteesTest::testTesteesListIsNotEmpty
Symfony\Component\DependencyInjection\Exception\ServiceNotFoundException: The "App\Service\TesteesManager" service or alias has been removed or inlined when the container was compiled. You should either make it public, or stop using the container directly and use dependency injection instead.

/srv/app/vendor/symfony/dependency-injection/Container.php:249
/srv/app/vendor/symfony/dependency-injection/Container.php:211
/srv/app/vendor/symfony/framework-bundle/Test/TestContainer.php:94
/srv/app/tests/TesteesTest.php:44
/srv/app/vendor/phpunit/phpunit/phpunit:107</error>
    </testcase>
    <testcase name="testCanNotAddTesteeWithoutMandatoryFields" class="App\Tests\TesteesTest" classname="App.Tests.TesteesTest" file="/srv/app/tests/TesteesTest.php" line="58" assertions="0" time="0.006873">
      <error type="Symfony\Component\DependencyInjection\Exception\ServiceNotFoundException">App\Tests\TesteesTest::testCanNotAddTesteeWithoutMandatoryFields
Symfony\Component\DependencyInjection\Exception\ServiceNotFoundException: The "App\Service\TesteesManager" service or alias has been removed or inlined when the container was compiled. You should either make it public, or stop using the container directly and use dependency injection instead.

/srv/app/vendor/symfony/dependency-injection/Container.php:249
/srv/app/vendor/symfony/dependency-injection/Container.php:211
/srv/app/vendor/symfony/framework-bundle/Test/TestContainer.php:94
/srv/app/tests/TesteesTest.php:44
/srv/app/vendor/phpunit/phpunit/phpunit:107</error>
    </testcase>
    <testcase name="testCanAddDummyTestee" class="App\Tests\TesteesTest" classname="App.Tests.TesteesTest" file="/srv/app/tests/TesteesTest.php" line="63" assertions="0" time="0.006377">
      <error type="Symfony\Component\DependencyInjection\Exception\ServiceNotFoundException">App\Tests\TesteesTest::testCanAddDummyTestee
Symfony\Component\DependencyInjection\Exception\ServiceNotFoundException: The "App\Service\TesteesManager" service or alias has been removed or inlined when the container was compiled. You should either make it public, or stop using the container directly and use dependency injection instead.

/srv/app/vendor/symfony/dependency-injection/Container.php:249
/srv/app/vendor/symfony/dependency-injection/Container.php:211
/srv/app/vendor/symfony/framework-bundle/Test/TestContainer.php:94
/srv/app/tests/TesteesTest.php:44
/srv/app/vendor/phpunit/phpunit/phpunit:107</error>
    </testcase>
    <testcase name="testCanRemoveAllTestees" class="App\Tests\TesteesTest" classname="App.Tests.TesteesTest" file="/srv/app/tests/TesteesTest.php" line="79" assertions="0" time="0.000000">
      <skipped/>
    </testcase>
    <testcase name="testCanNotAddDuplicateTestee" class="App\Tests\TesteesTest" classname="App.Tests.TesteesTest" file="/srv/app/tests/TesteesTest.php" line="98" assertions="0" time="0.000000">
      <skipped/>
    </testcase>
  </testsuite>
</testsuites>
