<?xml version="1.0" encoding="UTF-8"?>
<testsuites>
  <testsuite name="" tests="189" assertions="4021" errors="2" warnings="0" failures="0" skipped="7" time="30.870374">
    <testsuite name="App Test Suite" tests="189" assertions="4021" errors="2" warnings="0" failures="0" skipped="7" time="30.870374">
      <testsuite name="App\Tests\AddressesTest" file="/srv/app/tests/AddressesTest.php" tests="8" assertions="25" errors="0" warnings="0" failures="0" skipped="0" time="1.619495">
        <testcase name="testAddressesListIsNotEmpty" class="App\Tests\AddressesTest" classname="App.Tests.AddressesTest" file="/srv/app/tests/AddressesTest.php" line="50" assertions="1" time="0.961132"/>
        <testcase name="testCanNotAddAddressWithoutIp" class="App\Tests\AddressesTest" classname="App.Tests.AddressesTest" file="/srv/app/tests/AddressesTest.php" line="58" assertions="1" time="0.032506"/>
        <testcase name="testCanNotAddAddressWithoutMac" class="App\Tests\AddressesTest" classname="App.Tests.AddressesTest" file="/srv/app/tests/AddressesTest.php" line="66" assertions="1" time="0.013281"/>
        <testcase name="testCanNotAddDuplicateAddresses" class="App\Tests\AddressesTest" classname="App.Tests.AddressesTest" file="/srv/app/tests/AddressesTest.php" line="79" assertions="2" time="0.039607"/>
        <testcase name="testSpareAddressesAreAvailable" class="App\Tests\AddressesTest" classname="App.Tests.AddressesTest" file="/srv/app/tests/AddressesTest.php" line="95" assertions="1" time="0.454982"/>
        <testcase name="testEachInstanceHasAddress" class="App\Tests\AddressesTest" classname="App.Tests.AddressesTest" file="/srv/app/tests/AddressesTest.php" line="104" assertions="17" time="0.096458"/>
        <testcase name="testCanAddDummyAddress" class="App\Tests\AddressesTest" classname="App.Tests.AddressesTest" file="/srv/app/tests/AddressesTest.php" line="118" assertions="1" time="0.013743"/>
        <testcase name="testCanRemoveDummyAddress" class="App\Tests\AddressesTest" classname="App.Tests.AddressesTest" file="/srv/app/tests/AddressesTest.php" line="132" assertions="1" time="0.007784"/>
      </testsuite>
      <testsuite name="App\Tests\BreedsTest" file="/srv/app/tests/BreedsTest.php" tests="8" assertions="7" errors="0" warnings="0" failures="0" skipped="1" time="0.108521">
        <testcase name="testBreedsListIsNotEmpty" class="App\Tests\BreedsTest" classname="App.Tests.BreedsTest" file="/srv/app/tests/BreedsTest.php" line="59" assertions="1" time="0.016758"/>
        <testcase name="testBreedHasOperatingSystemsReference" class="App\Tests\BreedsTest" classname="App.Tests.BreedsTest" file="/srv/app/tests/BreedsTest.php" line="73" assertions="1" time="0.015508"/>
        <testcase name="testCanNotAddBreedWithoutName" class="App\Tests\BreedsTest" classname="App.Tests.BreedsTest" file="/srv/app/tests/BreedsTest.php" line="86" assertions="1" time="0.013342"/>
        <testcase name="testCanNotAddDuplicateBreed" class="App\Tests\BreedsTest" classname="App.Tests.BreedsTest" file="/srv/app/tests/BreedsTest.php" line="97" assertions="1" time="0.012973"/>
        <testcase name="testCanAddDummyBreed" class="App\Tests\BreedsTest" classname="App.Tests.BreedsTest" file="/srv/app/tests/BreedsTest.php" line="108" assertions="1" time="0.013494"/>
        <testcase name="testCanRemoveDummyBreed" class="App\Tests\BreedsTest" classname="App.Tests.BreedsTest" file="/srv/app/tests/BreedsTest.php" line="121" assertions="1" time="0.012816"/>
        <testcase name="testCanNotRemoveReferencedBreed" class="App\Tests\BreedsTest" classname="App.Tests.BreedsTest" file="/srv/app/tests/BreedsTest.php" line="132" assertions="1" time="0.012699"/>
        <testcase name="testCanRemoveBreedWithCascadeFlag" class="App\Tests\BreedsTest" classname="App.Tests.BreedsTest" file="/srv/app/tests/BreedsTest.php" line="142" assertions="0" time="0.010932">
          <skipped/>
        </testcase>
      </testsuite>
      <testsuite name="App\Tests\Command\AwxMeCommandTest" file="/srv/app/tests/Command/AwxMeCommandTest.php" tests="1" assertions="2" errors="0" warnings="0" failures="0" skipped="0" time="0.622585">
        <testcase name="testAwxMeIsSymfony" class="App\Tests\Command\AwxMeCommandTest" classname="App.Tests.Command.AwxMeCommandTest" file="/srv/app/tests/Command/AwxMeCommandTest.php" line="11" assertions="2" time="0.622585"/>
      </testsuite>
      <testsuite name="App\Tests\Command\AwxProjectListCommandTest" file="/srv/app/tests/Command/AwxProjectListCommandTest.php" tests="1" assertions="0" errors="0" warnings="0" failures="0" skipped="1" time="0.001819">
        <testcase name="testExecute" class="App\Tests\Command\AwxProjectListCommandTest" classname="App.Tests.Command.AwxProjectListCommandTest" file="/srv/app/tests/Command/AwxProjectListCommandTest.php" line="11" assertions="0" time="0.001819">
          <skipped/>
        </testcase>
      </testsuite>
      <testsuite name="App\Tests\Controller\DomainsControllerTest" file="/srv/app/tests/Controller/DomainsControllerTest.php" tests="4" assertions="102" errors="0" warnings="0" failures="0" skipped="0" time="1.826169">
        <testcase name="testDomainsListIsNotEmpty" class="App\Tests\Controller\DomainsControllerTest" classname="App.Tests.Controller.DomainsControllerTest" file="/srv/app/tests/Controller/DomainsControllerTest.php" line="42" assertions="1" time="0.030013"/>
        <testcase name="testDomainsWebPageListContainsAllRecords" class="App\Tests\Controller\DomainsControllerTest" classname="App.Tests.Controller.DomainsControllerTest" file="/srv/app/tests/Controller/DomainsControllerTest.php" line="55" assertions="31" time="0.428971"/>
        <testcase name="testDomainDisplayWebPageContainsData" class="App\Tests\Controller\DomainsControllerTest" classname="App.Tests.Controller.DomainsControllerTest" file="/srv/app/tests/Controller/DomainsControllerTest.php" line="76" assertions="40" time="0.569650"/>
        <testcase name="testCanRemoveAllDomainsByClickingDeleteButton" class="App\Tests\Controller\DomainsControllerTest" classname="App.Tests.Controller.DomainsControllerTest" file="/srv/app/tests/Controller/DomainsControllerTest.php" line="96" assertions="30" time="0.797536"/>
      </testsuite>
      <testsuite name="App\Tests\Controller\EnvironmentStatusesControllerTest" file="/srv/app/tests/Controller/EnvironmentStatusesControllerTest.php" tests="4" assertions="72" errors="0" warnings="0" failures="0" skipped="0" time="0.964780">
        <testcase name="testEnvironmentStatusesListIsNotEmpty" class="App\Tests\Controller\EnvironmentStatusesControllerTest" classname="App.Tests.Controller.EnvironmentStatusesControllerTest" file="/srv/app/tests/Controller/EnvironmentStatusesControllerTest.php" line="42" assertions="1" time="0.011766"/>
        <testcase name="testEnvironmentStatusesWebPageListContainsAllRecords" class="App\Tests\Controller\EnvironmentStatusesControllerTest" classname="App.Tests.Controller.EnvironmentStatusesControllerTest" file="/srv/app/tests/Controller/EnvironmentStatusesControllerTest.php" line="55" assertions="22" time="0.067665"/>
        <testcase name="testEnvironmentStatusDisplayWebPageContainsData" class="App\Tests\Controller\EnvironmentStatusesControllerTest" classname="App.Tests.Controller.EnvironmentStatusesControllerTest" file="/srv/app/tests/Controller/EnvironmentStatusesControllerTest.php" line="76" assertions="28" time="0.260549"/>
        <testcase name="testCanRemoveAllEnvironmentStatusesByClickingDeleteButton" class="App\Tests\Controller\EnvironmentStatusesControllerTest" classname="App.Tests.Controller.EnvironmentStatusesControllerTest" file="/srv/app/tests/Controller/EnvironmentStatusesControllerTest.php" line="96" assertions="21" time="0.624801"/>
      </testsuite>
      <testsuite name="App\Tests\Controller\EnvironmentsControllerTest" file="/srv/app/tests/Controller/EnvironmentsControllerTest.php" tests="4" assertions="72" errors="0" warnings="0" failures="0" skipped="0" time="1.409451">
        <testcase name="testEnvironmentsListIsNotEmpty" class="App\Tests\Controller\EnvironmentsControllerTest" classname="App.Tests.Controller.EnvironmentsControllerTest" file="/srv/app/tests/Controller/EnvironmentsControllerTest.php" line="42" assertions="1" time="0.014133"/>
        <testcase name="testEnvironmentsWebPageListContainsAllRecords" class="App\Tests\Controller\EnvironmentsControllerTest" classname="App.Tests.Controller.EnvironmentsControllerTest" file="/srv/app/tests/Controller/EnvironmentsControllerTest.php" line="55" assertions="22" time="0.119683"/>
        <testcase name="testEnvironmentDisplayWebPageContainsData" class="App\Tests\Controller\EnvironmentsControllerTest" classname="App.Tests.Controller.EnvironmentsControllerTest" file="/srv/app/tests/Controller/EnvironmentsControllerTest.php" line="76" assertions="28" time="0.511521"/>
        <testcase name="testCanRemoveAllEnvironmentsByClickingDeleteButton" class="App\Tests\Controller\EnvironmentsControllerTest" classname="App.Tests.Controller.EnvironmentsControllerTest" file="/srv/app/tests/Controller/EnvironmentsControllerTest.php" line="96" assertions="21" time="0.764114"/>
      </testsuite>
      <testsuite name="App\Tests\Controller\InstancesControllerTest" file="/srv/app/tests/Controller/InstancesControllerTest.php" tests="4" assertions="162" errors="0" warnings="0" failures="0" skipped="0" time="3.016975">
        <testcase name="testInstancesListIsNotEmpty" class="App\Tests\Controller\InstancesControllerTest" classname="App.Tests.Controller.InstancesControllerTest" file="/srv/app/tests/Controller/InstancesControllerTest.php" line="42" assertions="1" time="0.028552"/>
        <testcase name="testInstancesWebPageListContainsAllRecords" class="App\Tests\Controller\InstancesControllerTest" classname="App.Tests.Controller.InstancesControllerTest" file="/srv/app/tests/Controller/InstancesControllerTest.php" line="55" assertions="49" time="0.360851"/>
        <testcase name="testInstanceDisplayWebPageContainsData" class="App\Tests\Controller\InstancesControllerTest" classname="App.Tests.Controller.InstancesControllerTest" file="/srv/app/tests/Controller/InstancesControllerTest.php" line="76" assertions="64" time="0.969660"/>
        <testcase name="testDeleteButtonDoesNotDeleteInstanceInstantly" class="App\Tests\Controller\InstancesControllerTest" classname="App.Tests.Controller.InstancesControllerTest" file="/srv/app/tests/Controller/InstancesControllerTest.php" line="96" assertions="48" time="1.657913"/>
      </testsuite>
      <testsuite name="App\Tests\Controller\LuckyNumberControllerTest" file="/srv/app/tests/Controller/LuckyNumberControllerTest.php" tests="1" assertions="3" errors="0" warnings="0" failures="0" skipped="0" time="0.025377">
        <testcase name="testLuckyNumber" class="App\Tests\Controller\LuckyNumberControllerTest" classname="App.Tests.Controller.LuckyNumberControllerTest" file="/srv/app/tests/Controller/LuckyNumberControllerTest.php" line="9" assertions="3" time="0.025377"/>
      </testsuite>
      <testsuite name="App\Tests\Controller\SessionOsesControllerTest" file="/srv/app/tests/Controller/SessionOsesControllerTest.php" tests="4" assertions="52" errors="0" warnings="0" failures="0" skipped="0" time="0.688995">
        <testcase name="testSessionOsesListIsNotEmpty" class="App\Tests\Controller\SessionOsesControllerTest" classname="App.Tests.Controller.SessionOsesControllerTest" file="/srv/app/tests/Controller/SessionOsesControllerTest.php" line="42" assertions="1" time="0.009545"/>
        <testcase name="testSessionOsesWebPageListContainsAllRecords" class="App\Tests\Controller\SessionOsesControllerTest" classname="App.Tests.Controller.SessionOsesControllerTest" file="/srv/app/tests/Controller/SessionOsesControllerTest.php" line="55" assertions="16" time="0.072530"/>
        <testcase name="testSessionOsDisplayWebPageContainsData" class="App\Tests\Controller\SessionOsesControllerTest" classname="App.Tests.Controller.SessionOsesControllerTest" file="/srv/app/tests/Controller/SessionOsesControllerTest.php" line="76" assertions="20" time="0.220292"/>
        <testcase name="testCanRemoveAllSessionOsesByClickingDeleteButton" class="App\Tests\Controller\SessionOsesControllerTest" classname="App.Tests.Controller.SessionOsesControllerTest" file="/srv/app/tests/Controller/SessionOsesControllerTest.php" line="96" assertions="15" time="0.386628"/>
      </testsuite>
      <testsuite name="App\Tests\Controller\SessionStatusesControllerTest" file="/srv/app/tests/Controller/SessionStatusesControllerTest.php" tests="4" assertions="62" errors="0" warnings="0" failures="0" skipped="0" time="0.793338">
        <testcase name="testSessionStatusesListIsNotEmpty" class="App\Tests\Controller\SessionStatusesControllerTest" classname="App.Tests.Controller.SessionStatusesControllerTest" file="/srv/app/tests/Controller/SessionStatusesControllerTest.php" line="42" assertions="1" time="0.012814"/>
        <testcase name="testSessionStatusesWebPageListContainsAllRecords" class="App\Tests\Controller\SessionStatusesControllerTest" classname="App.Tests.Controller.SessionStatusesControllerTest" file="/srv/app/tests/Controller/SessionStatusesControllerTest.php" line="55" assertions="19" time="0.063062"/>
        <testcase name="testSessionStatusDisplayWebPageContainsData" class="App\Tests\Controller\SessionStatusesControllerTest" classname="App.Tests.Controller.SessionStatusesControllerTest" file="/srv/app/tests/Controller/SessionStatusesControllerTest.php" line="76" assertions="24" time="0.243947"/>
        <testcase name="testCanRemoveAllSessionStatusesByClickingDeleteButton" class="App\Tests\Controller\SessionStatusesControllerTest" classname="App.Tests.Controller.SessionStatusesControllerTest" file="/srv/app/tests/Controller/SessionStatusesControllerTest.php" line="96" assertions="18" time="0.473515"/>
      </testsuite>
      <testsuite name="App\Tests\Controller\SessionTechsControllerTest" file="/srv/app/tests/Controller/SessionTechsControllerTest.php" tests="4" assertions="82" errors="0" warnings="0" failures="0" skipped="0" time="1.278274">
        <testcase name="testSessionTechsListIsNotEmpty" class="App\Tests\Controller\SessionTechsControllerTest" classname="App.Tests.Controller.SessionTechsControllerTest" file="/srv/app/tests/Controller/SessionTechsControllerTest.php" line="42" assertions="1" time="0.016019"/>
        <testcase name="testSessionTechsWebPageListContainsAllRecords" class="App\Tests\Controller\SessionTechsControllerTest" classname="App.Tests.Controller.SessionTechsControllerTest" file="/srv/app/tests/Controller/SessionTechsControllerTest.php" line="55" assertions="25" time="0.113333"/>
        <testcase name="testsessionTechDisplayWebPageContainsData" class="App\Tests\Controller\SessionTechsControllerTest" classname="App.Tests.Controller.SessionTechsControllerTest" file="/srv/app/tests/Controller/SessionTechsControllerTest.php" line="76" assertions="32" time="0.495703"/>
        <testcase name="testCanRemoveAllSessionTechsByClickingDeleteButton" class="App\Tests\Controller\SessionTechsControllerTest" classname="App.Tests.Controller.SessionTechsControllerTest" file="/srv/app/tests/Controller/SessionTechsControllerTest.php" line="96" assertions="24" time="0.653217"/>
      </testsuite>
      <testsuite name="App\Tests\Controller\SessionsControllerTest" file="/srv/app/tests/Controller/SessionsControllerTest.php" tests="4" assertions="32" errors="0" warnings="0" failures="0" skipped="0" time="0.596506">
        <testcase name="testSessionsListIsNotEmpty" class="App\Tests\Controller\SessionsControllerTest" classname="App.Tests.Controller.SessionsControllerTest" file="/srv/app/tests/Controller/SessionsControllerTest.php" line="42" assertions="1" time="0.011807"/>
        <testcase name="testSessionsWebPageListContainsAllRecords" class="App\Tests\Controller\SessionsControllerTest" classname="App.Tests.Controller.SessionsControllerTest" file="/srv/app/tests/Controller/SessionsControllerTest.php" line="55" assertions="10" time="0.077416"/>
        <testcase name="testSessionDisplayWebPageContainsData" class="App\Tests\Controller\SessionsControllerTest" classname="App.Tests.Controller.SessionsControllerTest" file="/srv/app/tests/Controller/SessionsControllerTest.php" line="76" assertions="12" time="0.187219"/>
        <testcase name="testCanRemoveAllSessionsByClickingDeleteButton" class="App\Tests\Controller\SessionsControllerTest" classname="App.Tests.Controller.SessionsControllerTest" file="/srv/app/tests/Controller/SessionsControllerTest.php" line="96" assertions="9" time="0.320064"/>
      </testsuite>
      <testsuite name="App\Tests\Controller\TaskTechsControllerTest" file="/srv/app/tests/Controller/TaskTechsControllerTest.php" tests="4" assertions="192" errors="0" warnings="0" failures="0" skipped="0" time="2.888274">
        <testcase name="testTaskTechsListIsNotEmpty" class="App\Tests\Controller\TaskTechsControllerTest" classname="App.Tests.Controller.TaskTechsControllerTest" file="/srv/app/tests/Controller/TaskTechsControllerTest.php" line="42" assertions="1" time="0.014590"/>
        <testcase name="testTaskTechsWebPageListContainsAllRecords" class="App\Tests\Controller\TaskTechsControllerTest" classname="App.Tests.Controller.TaskTechsControllerTest" file="/srv/app/tests/Controller/TaskTechsControllerTest.php" line="55" assertions="58" time="0.174914"/>
        <testcase name="testtaskTechDisplayWebPageContainsData" class="App\Tests\Controller\TaskTechsControllerTest" classname="App.Tests.Controller.TaskTechsControllerTest" file="/srv/app/tests/Controller/TaskTechsControllerTest.php" line="76" assertions="76" time="0.967674"/>
        <testcase name="testCanRemoveAllTaskTechsByClickingDeleteButton" class="App\Tests\Controller\TaskTechsControllerTest" classname="App.Tests.Controller.TaskTechsControllerTest" file="/srv/app/tests/Controller/TaskTechsControllerTest.php" line="96" assertions="57" time="1.731095"/>
      </testsuite>
      <testsuite name="App\Tests\Controller\TasksControllerTest" file="/srv/app/tests/Controller/TasksControllerTest.php" tests="4" assertions="152" errors="0" warnings="0" failures="0" skipped="0" time="3.400646">
        <testcase name="testTasksListIsNotEmpty" class="App\Tests\Controller\TasksControllerTest" classname="App.Tests.Controller.TasksControllerTest" file="/srv/app/tests/Controller/TasksControllerTest.php" line="42" assertions="1" time="0.013446"/>
        <testcase name="testTasksWebPageListContainsAllRecords" class="App\Tests\Controller\TasksControllerTest" classname="App.Tests.Controller.TasksControllerTest" file="/srv/app/tests/Controller/TasksControllerTest.php" line="55" assertions="46" time="0.296373"/>
        <testcase name="testTaskDisplayWebPageContainsData" class="App\Tests\Controller\TasksControllerTest" classname="App.Tests.Controller.TasksControllerTest" file="/srv/app/tests/Controller/TasksControllerTest.php" line="76" assertions="60" time="0.939708"/>
        <testcase name="testCanRemoveAllTasksByClickingDeleteButton" class="App\Tests\Controller\TasksControllerTest" classname="App.Tests.Controller.TasksControllerTest" file="/srv/app/tests/Controller/TasksControllerTest.php" line="96" assertions="45" time="2.151118"/>
      </testsuite>
      <testsuite name="App\Tests\Controller\TechnologiesControllerTest" file="/srv/app/tests/Controller/TechnologiesControllerTest.php" tests="4" assertions="272" errors="0" warnings="0" failures="0" skipped="0" time="4.151295">
        <testcase name="testTechnologiesListIsNotEmpty" class="App\Tests\Controller\TechnologiesControllerTest" classname="App.Tests.Controller.TechnologiesControllerTest" file="/srv/app/tests/Controller/TechnologiesControllerTest.php" line="42" assertions="1" time="0.017027"/>
        <testcase name="testTechnologiesWebPageListContainsAllRecords" class="App\Tests\Controller\TechnologiesControllerTest" classname="App.Tests.Controller.TechnologiesControllerTest" file="/srv/app/tests/Controller/TechnologiesControllerTest.php" line="55" assertions="82" time="0.434638"/>
        <testcase name="testTechnologyDisplayWebPageContainsData" class="App\Tests\Controller\TechnologiesControllerTest" classname="App.Tests.Controller.TechnologiesControllerTest" file="/srv/app/tests/Controller/TechnologiesControllerTest.php" line="76" assertions="108" time="1.137708"/>
        <testcase name="testCanRemoveAllTechnologiesByClickingDeleteButton" class="App\Tests\Controller\TechnologiesControllerTest" classname="App.Tests.Controller.TechnologiesControllerTest" file="/srv/app/tests/Controller/TechnologiesControllerTest.php" line="96" assertions="81" time="2.561922"/>
      </testsuite>
      <testsuite name="App\Tests\Controller\TesteesControllerTest" file="/srv/app/tests/Controller/TesteesControllerTest.php" tests="4" assertions="32" errors="0" warnings="0" failures="0" skipped="0" time="0.455978">
        <testcase name="testTesteesListIsNotEmpty" class="App\Tests\Controller\TesteesControllerTest" classname="App.Tests.Controller.TesteesControllerTest" file="/srv/app/tests/Controller/TesteesControllerTest.php" line="42" assertions="1" time="0.010109"/>
        <testcase name="testTesteesWebPageListContainsAllRecords" class="App\Tests\Controller\TesteesControllerTest" classname="App.Tests.Controller.TesteesControllerTest" file="/srv/app/tests/Controller/TesteesControllerTest.php" line="55" assertions="10" time="0.052948"/>
        <testcase name="testTesteeDisplayWebPageContainsData" class="App\Tests\Controller\TesteesControllerTest" classname="App.Tests.Controller.TesteesControllerTest" file="/srv/app/tests/Controller/TesteesControllerTest.php" line="76" assertions="12" time="0.117081"/>
        <testcase name="testCanRemoveAllTesteesByClickingDeleteButton" class="App\Tests\Controller\TesteesControllerTest" classname="App.Tests.Controller.TesteesControllerTest" file="/srv/app/tests/Controller/TesteesControllerTest.php" line="96" assertions="9" time="0.275840"/>
      </testsuite>
      <testsuite name="App\Tests\DomainsTest" file="/srv/app/tests/DomainsTest.php" tests="6" assertions="10" errors="0" warnings="0" failures="0" skipped="0" time="0.248988">
        <testcase name="testDomainsListIsNotEmpty" class="App\Tests\DomainsTest" classname="App.Tests.DomainsTest" file="/srv/app/tests/DomainsTest.php" line="51" assertions="1" time="0.011132"/>
        <testcase name="testCanNotAddDomainWithoutName" class="App\Tests\DomainsTest" classname="App.Tests.DomainsTest" file="/srv/app/tests/DomainsTest.php" line="58" assertions="1" time="0.009197"/>
        <testcase name="testCanNotAddDuplicateDomain" class="App\Tests\DomainsTest" classname="App.Tests.DomainsTest" file="/srv/app/tests/DomainsTest.php" line="67" assertions="2" time="0.014198"/>
        <testcase name="testCanAddDummyDomain" class="App\Tests\DomainsTest" classname="App.Tests.DomainsTest" file="/srv/app/tests/DomainsTest.php" line="81" assertions="1" time="0.013176"/>
        <testcase name="testCanRemoveAllDomains" class="App\Tests\DomainsTest" classname="App.Tests.DomainsTest" file="/srv/app/tests/DomainsTest.php" line="93" assertions="1" time="0.170382"/>
        <testcase name="testDomainRemovalLeadsToLinkedTechnologiesDeletion" class="App\Tests\DomainsTest" classname="App.Tests.DomainsTest" file="/srv/app/tests/DomainsTest.php" line="105" assertions="4" time="0.030903"/>
      </testsuite>
      <testsuite name="App\Tests\EnvironmentStatusesTest" file="/srv/app/tests/EnvironmentStatusesTest.php" tests="5" assertions="18" errors="0" warnings="0" failures="0" skipped="0" time="0.222721">
        <testcase name="testEnvironmentStatusesListIsNotEmpty" class="App\Tests\EnvironmentStatusesTest" classname="App.Tests.EnvironmentStatusesTest" file="/srv/app/tests/EnvironmentStatusesTest.php" line="45" assertions="1" time="0.014752"/>
        <testcase name="testCanNotAddEnvironmentStatusWithoutStatusString" class="App\Tests\EnvironmentStatusesTest" classname="App.Tests.EnvironmentStatusesTest" file="/srv/app/tests/EnvironmentStatusesTest.php" line="53" assertions="1" time="0.015987"/>
        <testcase name="testCanNotAddDuplicateEnvironmentStatus" class="App\Tests\EnvironmentStatusesTest" classname="App.Tests.EnvironmentStatusesTest" file="/srv/app/tests/EnvironmentStatusesTest.php" line="65" assertions="1" time="0.013487"/>
        <testcase name="testCanAddDummyEnvironmentStatus" class="App\Tests\EnvironmentStatusesTest" classname="App.Tests.EnvironmentStatusesTest" file="/srv/app/tests/EnvironmentStatusesTest.php" line="78" assertions="1" time="0.011389"/>
        <testcase name="testCanRemoveAllEnvironmentStatuses" class="App\Tests\EnvironmentStatusesTest" classname="App.Tests.EnvironmentStatusesTest" file="/srv/app/tests/EnvironmentStatusesTest.php" line="92" assertions="14" time="0.167106"/>
      </testsuite>
      <testsuite name="App\Tests\EnvironmentsTest" file="/srv/app/tests/EnvironmentsTest.php" tests="5" assertions="22" errors="0" warnings="0" failures="0" skipped="0" time="0.186120">
        <testcase name="testEnvironmentsListIsNotEmpty" class="App\Tests\EnvironmentsTest" classname="App.Tests.EnvironmentsTest" file="/srv/app/tests/EnvironmentsTest.php" line="69" assertions="1" time="0.013402"/>
        <testcase name="testCanNotAddEnvironmentWithoutMandatoryFields" class="App\Tests\EnvironmentsTest" classname="App.Tests.EnvironmentsTest" file="/srv/app/tests/EnvironmentsTest.php" line="76" assertions="1" time="0.013789"/>
        <testcase name="testCanAddDummyEnvironment" class="App\Tests\EnvironmentsTest" classname="App.Tests.EnvironmentsTest" file="/srv/app/tests/EnvironmentsTest.php" line="85" assertions="3" time="0.022532"/>
        <testcase name="testCanRemoveAllEnvironments" class="App\Tests\EnvironmentsTest" classname="App.Tests.EnvironmentsTest" file="/srv/app/tests/EnvironmentsTest.php" line="109" assertions="14" time="0.118548"/>
        <testcase name="testCanNotAddDuplicateEnvironment" class="App\Tests\EnvironmentsTest" classname="App.Tests.EnvironmentsTest" file="/srv/app/tests/EnvironmentsTest.php" line="129" assertions="3" time="0.017849"/>
      </testsuite>
      <testsuite name="App\Tests\HardwareProfilesTest" file="/srv/app/tests/HardwareProfilesTest.php" tests="14" assertions="32" errors="0" warnings="0" failures="0" skipped="2" time="0.231887">
        <testcase name="testHardwareProfilesListIsNotEmpty" class="App\Tests\HardwareProfilesTest" classname="App.Tests.HardwareProfilesTest" file="/srv/app/tests/HardwareProfilesTest.php" line="64" assertions="1" time="0.011052"/>
        <testcase name="testContainerHardwareProfilesListIsNotEmpty" class="App\Tests\HardwareProfilesTest" classname="App.Tests.HardwareProfilesTest" file="/srv/app/tests/HardwareProfilesTest.php" line="73" assertions="1" time="0.008518"/>
        <testcase name="testVmHardwareProfilesListIsNotEmpty" class="App\Tests\HardwareProfilesTest" classname="App.Tests.HardwareProfilesTest" file="/srv/app/tests/HardwareProfilesTest.php" line="86" assertions="1" time="0.008665"/>
        <testcase name="testSupportedHardwareProfilesListIsNotEmpty" class="App\Tests\HardwareProfilesTest" classname="App.Tests.HardwareProfilesTest" file="/srv/app/tests/HardwareProfilesTest.php" line="99" assertions="1" time="0.010113"/>
        <testcase name="testEachSupportedHardwareProfileHasCorrespondingInstanceTypesForAllSupportedOses" class="App\Tests\HardwareProfilesTest" classname="App.Tests.HardwareProfilesTest" file="/srv/app/tests/HardwareProfilesTest.php" line="124" assertions="9" time="0.020469"/>
        <testcase name="testCanNotAddHardwareProfileWithoutNameOrType" class="App\Tests\HardwareProfilesTest" classname="App.Tests.HardwareProfilesTest" file="/srv/app/tests/HardwareProfilesTest.php" line="142" assertions="1" time="0.010625"/>
        <testcase name="testCanNotAddDuplicateHardwareProfile" class="App\Tests\HardwareProfilesTest" classname="App.Tests.HardwareProfilesTest" file="/srv/app/tests/HardwareProfilesTest.php" line="151" assertions="2" time="0.015910"/>
        <testcase name="testCanAddDummyHardwareProfile" class="App\Tests\HardwareProfilesTest" classname="App.Tests.HardwareProfilesTest" file="/srv/app/tests/HardwareProfilesTest.php" line="163" assertions="1" time="0.010304"/>
        <testcase name="testCanAddDummySupportedHardwareProfile" class="App\Tests\HardwareProfilesTest" classname="App.Tests.HardwareProfilesTest" file="/srv/app/tests/HardwareProfilesTest.php" line="172" assertions="6" time="0.046275"/>
        <testcase name="testCanRemoveUnsupportedHardwareProfile" class="App\Tests\HardwareProfilesTest" classname="App.Tests.HardwareProfilesTest" file="/srv/app/tests/HardwareProfilesTest.php" line="198" assertions="2" time="0.014601"/>
        <testcase name="testCanNotRemoveSupportedHardwareProfile" class="App\Tests\HardwareProfilesTest" classname="App.Tests.HardwareProfilesTest" file="/srv/app/tests/HardwareProfilesTest.php" line="211" assertions="1" time="0.010154"/>
        <testcase name="testCanRemoveSupportedHardwareProfileWithCascadeFlag" class="App\Tests\HardwareProfilesTest" classname="App.Tests.HardwareProfilesTest" file="/srv/app/tests/HardwareProfilesTest.php" line="221" assertions="0" time="0.006225">
          <skipped/>
        </testcase>
        <testcase name="testCanMakeHardwareProfileSupported" class="App\Tests\HardwareProfilesTest" classname="App.Tests.HardwareProfilesTest" file="/srv/app/tests/HardwareProfilesTest.php" line="251" assertions="6" time="0.052871"/>
        <testcase name="testCanMakeHardwareProfileUnsupported" class="App\Tests\HardwareProfilesTest" classname="App.Tests.HardwareProfilesTest" file="/srv/app/tests/HardwareProfilesTest.php" line="276" assertions="0" time="0.006103">
          <skipped/>
        </testcase>
      </testsuite>
      <testsuite name="App\Tests\InstanceStatusesTest" file="/srv/app/tests/InstanceStatusesTest.php" tests="8" assertions="6" errors="0" warnings="0" failures="0" skipped="2" time="0.075940">
        <testcase name="testInstanceStatusesListIsNotEmpty" class="App\Tests\InstanceStatusesTest" classname="App.Tests.InstanceStatusesTest" file="/srv/app/tests/InstanceStatusesTest.php" line="45" assertions="1" time="0.009085"/>
        <testcase name="testInstanceStatusHasInstancesReference" class="App\Tests\InstanceStatusesTest" classname="App.Tests.InstanceStatusesTest" file="/srv/app/tests/InstanceStatusesTest.php" line="59" assertions="1" time="0.019668"/>
        <testcase name="testCanNotAddInstanceStatusWithoutStatusString" class="App\Tests\InstanceStatusesTest" classname="App.Tests.InstanceStatusesTest" file="/srv/app/tests/InstanceStatusesTest.php" line="72" assertions="1" time="0.011207"/>
        <testcase name="testCanNotAddDuplicateInstanceStatus" class="App\Tests\InstanceStatusesTest" classname="App.Tests.InstanceStatusesTest" file="/srv/app/tests/InstanceStatusesTest.php" line="84" assertions="1" time="0.009022"/>
        <testcase name="testCanAddDummyInstanceStatus" class="App\Tests\InstanceStatusesTest" classname="App.Tests.InstanceStatusesTest" file="/srv/app/tests/InstanceStatusesTest.php" line="93" assertions="1" time="0.008517"/>
        <testcase name="testCanRemoveDummyInstanceStatus" class="App\Tests\InstanceStatusesTest" classname="App.Tests.InstanceStatusesTest" file="/srv/app/tests/InstanceStatusesTest.php" line="106" assertions="1" time="0.007817"/>
        <testcase name="testCanNotRemoveReferencedInstanceStatus" class="App\Tests\InstanceStatusesTest" classname="App.Tests.InstanceStatusesTest" file="/srv/app/tests/InstanceStatusesTest.php" line="117" assertions="0" time="0.005337">
          <skipped/>
        </testcase>
        <testcase name="testCanRemoveInstanceStatusWithCascadeFlag" class="App\Tests\InstanceStatusesTest" classname="App.Tests.InstanceStatusesTest" file="/srv/app/tests/InstanceStatusesTest.php" line="129" assertions="0" time="0.005288">
          <skipped/>
        </testcase>
      </testsuite>
      <testsuite name="App\Tests\InstanceTypesTest" file="/srv/app/tests/InstanceTypesTest.php" tests="5" assertions="9" errors="1" warnings="0" failures="0" skipped="0" time="0.084028">
        <testcase name="testInstanceTypesListIsNotEmpty" class="App\Tests\InstanceTypesTest" classname="App.Tests.InstanceTypesTest" file="/srv/app/tests/InstanceTypesTest.php" line="59" assertions="1" time="0.010115"/>
        <testcase name="testCanNotAddInstanceTypeWithoutOperatingSystem" class="App\Tests\InstanceTypesTest" classname="App.Tests.InstanceTypesTest" file="/srv/app/tests/InstanceTypesTest.php" line="71" assertions="2" time="0.011320"/>
        <testcase name="testCanNotAddInstanceTypeWithoutHardwareProfile" class="App\Tests\InstanceTypesTest" classname="App.Tests.InstanceTypesTest" file="/srv/app/tests/InstanceTypesTest.php" line="89" assertions="2" time="0.016047"/>
        <testcase name="testCanNotAddDuplicateInstanceTypes" class="App\Tests\InstanceTypesTest" classname="App.Tests.InstanceTypesTest" file="/srv/app/tests/InstanceTypesTest.php" line="107" assertions="3" time="0.015716"/>
        <testcase name="testCanRemoveInstanceTypes" class="App\Tests\InstanceTypesTest" classname="App.Tests.InstanceTypesTest" file="/srv/app/tests/InstanceTypesTest.php" line="129" assertions="1" time="0.030830">
          <error type="Doctrine\DBAL\Exception\ForeignKeyConstraintViolationException">App\Tests\InstanceTypesTest::testCanRemoveInstanceTypes
Doctrine\DBAL\Exception\ForeignKeyConstraintViolationException: An exception occurred while executing a query: SQLSTATE[23503]: Foreign key violation: 7 ERROR:  update or delete on table "instances" violates foreign key constraint "fk_6fca75163a51721d" on table "addresses"
DETAIL:  Key (id)=(225) is still referenced from table "addresses".

/srv/app/vendor/doctrine/dbal/src/Driver/API/PostgreSQL/ExceptionConverter.php:50
/srv/app/vendor/doctrine/dbal/src/Connection.php:1939
/srv/app/vendor/doctrine/dbal/src/Connection.php:1881
/srv/app/vendor/doctrine/dbal/src/Connection.php:1213
/srv/app/vendor/doctrine/dbal/src/Connection.php:701
/srv/app/vendor/doctrine/orm/src/Persisters/Entity/BasicEntityPersister.php:609
/srv/app/vendor/doctrine/orm/src/UnitOfWork.php:1302
/srv/app/vendor/doctrine/orm/src/UnitOfWork.php:472
/srv/app/vendor/doctrine/orm/src/EntityManager.php:403
/srv/app/src/Repository/InstanceTypesRepository.php:59
/srv/app/tests/InstanceTypesTest.php:137
/srv/app/vendor/phpunit/phpunit/phpunit:107</error>
        </testcase>
      </testsuite>
      <testsuite name="App\Tests\InstancesTest" file="/srv/app/tests/InstancesTest.php" tests="7" assertions="89" errors="0" warnings="0" failures="0" skipped="0" time="0.811497">
        <testcase name="testInstancesListIsNotEmpty" class="App\Tests\InstancesTest" classname="App.Tests.InstancesTest" file="/srv/app/tests/InstancesTest.php" line="69" assertions="1" time="0.025038"/>
        <testcase name="testCanNotAddInstanceWithoutMandatoryFields" class="App\Tests\InstancesTest" classname="App.Tests.InstancesTest" file="/srv/app/tests/InstancesTest.php" line="76" assertions="1" time="0.014358"/>
        <testcase name="testCanAddDummyInstance" class="App\Tests\InstancesTest" classname="App.Tests.InstancesTest" file="/srv/app/tests/InstancesTest.php" line="85" assertions="3" time="0.016226"/>
        <testcase name="testInstanceListHasNoOrphans" class="App\Tests\InstancesTest" classname="App.Tests.InstancesTest" file="/srv/app/tests/InstancesTest.php" line="110" assertions="16" time="0.176503"/>
        <testcase name="testLxcInventoryHasNoOrphans" class="App\Tests\InstancesTest" classname="App.Tests.InstancesTest" file="/srv/app/tests/InstancesTest.php" line="121" assertions="33" time="0.208708"/>
        <testcase name="testCanWipeAllInstancesFromDatabase" class="App\Tests\InstancesTest" classname="App.Tests.InstancesTest" file="/srv/app/tests/InstancesTest.php" line="143" assertions="32" time="0.343716"/>
        <testcase name="testCanNotAddDuplicateInstance" class="App\Tests\InstancesTest" classname="App.Tests.InstancesTest" file="/srv/app/tests/InstancesTest.php" line="163" assertions="3" time="0.026948"/>
      </testsuite>
      <testsuite name="App\Tests\MessengerTest" file="/srv/app/tests/MessengerTest.php" tests="1" assertions="1" errors="0" warnings="0" failures="0" skipped="0" time="0.000900">
        <testcase name="testSomething" class="App\Tests\MessengerTest" classname="App.Tests.MessengerTest" file="/srv/app/tests/MessengerTest.php" line="46" assertions="1" time="0.000900"/>
      </testsuite>
      <testsuite name="App\Tests\OperatingSystemsTest" file="/srv/app/tests/OperatingSystemsTest.php" tests="12" assertions="27" errors="1" warnings="0" failures="0" skipped="1" time="0.212681">
        <testcase name="testOperatingSystemsListIsNotEmpty" class="App\Tests\OperatingSystemsTest" classname="App.Tests.OperatingSystemsTest" file="/srv/app/tests/OperatingSystemsTest.php" line="81" assertions="1" time="0.019824"/>
        <testcase name="testSupportedOperatingSystemsListIsNotEmpty" class="App\Tests\OperatingSystemsTest" classname="App.Tests.OperatingSystemsTest" file="/srv/app/tests/OperatingSystemsTest.php" line="90" assertions="1" time="0.016316"/>
        <testcase name="testEachSupportedOsHasCorrespondingInstanceTypesForAllSupportedHardwareProfiles" class="App\Tests\OperatingSystemsTest" classname="App.Tests.OperatingSystemsTest" file="/srv/app/tests/OperatingSystemsTest.php" line="105" assertions="9" time="0.032120"/>
        <testcase name="testCanNotAddOperatingSystemWithoutReleaseOrBreed" class="App\Tests\OperatingSystemsTest" classname="App.Tests.OperatingSystemsTest" file="/srv/app/tests/OperatingSystemsTest.php" line="121" assertions="1" time="0.011443"/>
        <testcase name="testCanNotAddDuplicateOperatingSystem" class="App\Tests\OperatingSystemsTest" classname="App.Tests.OperatingSystemsTest" file="/srv/app/tests/OperatingSystemsTest.php" line="130" assertions="2" time="0.013389"/>
        <testcase name="testCanAddDummyOperatingSystem" class="App\Tests\OperatingSystemsTest" classname="App.Tests.OperatingSystemsTest" file="/srv/app/tests/OperatingSystemsTest.php" line="146" assertions="2" time="0.013105"/>
        <testcase name="testCanRemoveDummyOperatingSystem" class="App\Tests\OperatingSystemsTest" classname="App.Tests.OperatingSystemsTest" file="/srv/app/tests/OperatingSystemsTest.php" line="165" assertions="1" time="0.011528"/>
        <testcase name="testCanAddDummySupportedOperatingSystem" class="App\Tests\OperatingSystemsTest" classname="App.Tests.OperatingSystemsTest" file="/srv/app/tests/OperatingSystemsTest.php" line="170" assertions="5" time="0.030717"/>
        <testcase name="testCanNotRemoveSupportedOperatingSystem" class="App\Tests\OperatingSystemsTest" classname="App.Tests.OperatingSystemsTest" file="/srv/app/tests/OperatingSystemsTest.php" line="200" assertions="1" time="0.009869"/>
        <testcase name="testCanRemoveSupportedOperatingSystemWithCascadeFlag" class="App\Tests\OperatingSystemsTest" classname="App.Tests.OperatingSystemsTest" file="/srv/app/tests/OperatingSystemsTest.php" line="210" assertions="0" time="0.008353">
          <skipped/>
        </testcase>
        <testcase name="testCanMakeOperatingSystemSupported" class="App\Tests\OperatingSystemsTest" classname="App.Tests.OperatingSystemsTest" file="/srv/app/tests/OperatingSystemsTest.php" line="240" assertions="4" time="0.032936"/>
        <testcase name="testCanMakeOperatingSystemUnsupported" class="App\Tests\OperatingSystemsTest" classname="App.Tests.OperatingSystemsTest" file="/srv/app/tests/OperatingSystemsTest.php" line="265" assertions="0" time="0.013080">
          <error type="Doctrine\ORM\ORMInvalidArgumentException">App\Tests\OperatingSystemsTest::testCanMakeOperatingSystemUnsupported
Doctrine\ORM\ORMInvalidArgumentException: A new entity was found through the relationship 'App\Entity\OperatingSystems#breed' that was not configured to cascade persist operations for entity: fedora. To solve this issue: Either explicitly call EntityManager#persist() on this unknown entity or configure cascade persist this association in the mapping for example @ManyToOne(..,cascade={"persist"}).

/srv/app/vendor/doctrine/orm/src/ORMInvalidArgumentException.php:103
/srv/app/vendor/doctrine/orm/src/UnitOfWork.php:3860
/srv/app/vendor/doctrine/orm/src/UnitOfWork.php:417
/srv/app/vendor/doctrine/orm/src/EntityManager.php:403
/srv/app/src/Repository/OperatingSystemsRepository.php:40
/srv/app/src/Service/OperatingSystemsManager.php:86
/srv/app/src/Service/OperatingSystemsManager.php:148
/srv/app/tests/OperatingSystemsTest.php:269
/srv/app/vendor/phpunit/phpunit/phpunit:107</error>
        </testcase>
      </testsuite>
      <testsuite name="App\Tests\PortsTest" file="/srv/app/tests/PortsTest.php" tests="7" assertions="2302" errors="0" warnings="0" failures="0" skipped="0" time="3.135740">
        <testcase name="testPortsListIsNotEmpty" class="App\Tests\PortsTest" classname="App.Tests.PortsTest" file="/srv/app/tests/PortsTest.php" line="50" assertions="1" time="0.346939"/>
        <testcase name="testCanNotAddPortWithoutPortNumber" class="App\Tests\PortsTest" classname="App.Tests.PortsTest" file="/srv/app/tests/PortsTest.php" line="58" assertions="1" time="0.011518"/>
        <testcase name="testCanNotAddDuplicatePorts" class="App\Tests\PortsTest" classname="App.Tests.PortsTest" file="/srv/app/tests/PortsTest.php" line="71" assertions="2" time="0.019061"/>
        <testcase name="testSparePortsAreAvailable" class="App\Tests\PortsTest" classname="App.Tests.PortsTest" file="/srv/app/tests/PortsTest.php" line="86" assertions="1" time="0.017939"/>
        <testcase name="testEachAddressHasPort" class="App\Tests\PortsTest" classname="App.Tests.PortsTest" file="/srv/app/tests/PortsTest.php" line="95" assertions="2295" time="2.721793"/>
        <testcase name="testCanAddDummyPort" class="App\Tests\PortsTest" classname="App.Tests.PortsTest" file="/srv/app/tests/PortsTest.php" line="109" assertions="1" time="0.010682"/>
        <testcase name="testCanRemoveDummyPort" class="App\Tests\PortsTest" classname="App.Tests.PortsTest" file="/srv/app/tests/PortsTest.php" line="122" assertions="1" time="0.007808"/>
      </testsuite>
      <testsuite name="App\Tests\SessionOsesTest" file="/srv/app/tests/SessionOsesTest.php" tests="5" assertions="9" errors="0" warnings="0" failures="0" skipped="0" time="0.210360">
        <testcase name="testSessionOsesListIsNotEmpty" class="App\Tests\SessionOsesTest" classname="App.Tests.SessionOsesTest" file="/srv/app/tests/SessionOsesTest.php" line="53" assertions="1" time="0.008889"/>
        <testcase name="testCanNotAddSessionOsWithoutSession" class="App\Tests\SessionOsesTest" classname="App.Tests.SessionOsesTest" file="/srv/app/tests/SessionOsesTest.php" line="65" assertions="2" time="0.013109"/>
        <testcase name="testCanNotAddSessionOsWithoutOperatingSystem" class="App\Tests\SessionOsesTest" classname="App.Tests.SessionOsesTest" file="/srv/app/tests/SessionOsesTest.php" line="83" assertions="2" time="0.013259"/>
        <testcase name="testCanNotAddDuplicateSessionOses" class="App\Tests\SessionOsesTest" classname="App.Tests.SessionOsesTest" file="/srv/app/tests/SessionOsesTest.php" line="101" assertions="3" time="0.019318"/>
        <testcase name="testCanRemoveAllSessionOses" class="App\Tests\SessionOsesTest" classname="App.Tests.SessionOsesTest" file="/srv/app/tests/SessionOsesTest.php" line="121" assertions="1" time="0.155784"/>
      </testsuite>
      <testsuite name="App\Tests\SessionStatusesTest" file="/srv/app/tests/SessionStatusesTest.php" tests="5" assertions="16" errors="0" warnings="0" failures="0" skipped="0" time="0.189796">
        <testcase name="testSessionStatusesListIsNotEmpty" class="App\Tests\SessionStatusesTest" classname="App.Tests.SessionStatusesTest" file="/srv/app/tests/SessionStatusesTest.php" line="46" assertions="1" time="0.017576"/>
        <testcase name="testCanNotAddSessionStatusWithoutStatusString" class="App\Tests\SessionStatusesTest" classname="App.Tests.SessionStatusesTest" file="/srv/app/tests/SessionStatusesTest.php" line="54" assertions="1" time="0.019993"/>
        <testcase name="testCanNotAddDuplicateSessionStatus" class="App\Tests\SessionStatusesTest" classname="App.Tests.SessionStatusesTest" file="/srv/app/tests/SessionStatusesTest.php" line="66" assertions="1" time="0.019538"/>
        <testcase name="testCanAddDummySessionStatus" class="App\Tests\SessionStatusesTest" classname="App.Tests.SessionStatusesTest" file="/srv/app/tests/SessionStatusesTest.php" line="75" assertions="1" time="0.018639"/>
        <testcase name="testCanRemoveAllSessionStatuses" class="App\Tests\SessionStatusesTest" classname="App.Tests.SessionStatusesTest" file="/srv/app/tests/SessionStatusesTest.php" line="89" assertions="12" time="0.114050"/>
      </testsuite>
      <testsuite name="App\Tests\SessionTechsTest" file="/srv/app/tests/SessionTechsTest.php" tests="5" assertions="9" errors="0" warnings="0" failures="0" skipped="0" time="0.076427">
        <testcase name="testSessionTechsListIsNotEmpty" class="App\Tests\SessionTechsTest" classname="App.Tests.SessionTechsTest" file="/srv/app/tests/SessionTechsTest.php" line="53" assertions="1" time="0.012272"/>
        <testcase name="testCanNotAddSessionTechWithoutSession" class="App\Tests\SessionTechsTest" classname="App.Tests.SessionTechsTest" file="/srv/app/tests/SessionTechsTest.php" line="65" assertions="2" time="0.015890"/>
        <testcase name="testCanNotAddSessionTechWithoutTechnology" class="App\Tests\SessionTechsTest" classname="App.Tests.SessionTechsTest" file="/srv/app/tests/SessionTechsTest.php" line="83" assertions="2" time="0.016213"/>
        <testcase name="testCanNotAddDuplicateSessionTechs" class="App\Tests\SessionTechsTest" classname="App.Tests.SessionTechsTest" file="/srv/app/tests/SessionTechsTest.php" line="101" assertions="3" time="0.020006"/>
        <testcase name="testCanRemoveAllSessionTechs" class="App\Tests\SessionTechsTest" classname="App.Tests.SessionTechsTest" file="/srv/app/tests/SessionTechsTest.php" line="121" assertions="1" time="0.012047"/>
      </testsuite>
      <testsuite name="App\Tests\SessionsTest" file="/srv/app/tests/SessionsTest.php" tests="5" assertions="14" errors="0" warnings="0" failures="0" skipped="0" time="0.106826">
        <testcase name="testSessionsListIsNotEmpty" class="App\Tests\SessionsTest" classname="App.Tests.SessionsTest" file="/srv/app/tests/SessionsTest.php" line="69" assertions="1" time="0.010265"/>
        <testcase name="testCanNotAddSessionWithoutMandatoryFields" class="App\Tests\SessionsTest" classname="App.Tests.SessionsTest" file="/srv/app/tests/SessionsTest.php" line="76" assertions="1" time="0.012369"/>
        <testcase name="testCanAddDummySession" class="App\Tests\SessionsTest" classname="App.Tests.SessionsTest" file="/srv/app/tests/SessionsTest.php" line="85" assertions="3" time="0.016062"/>
        <testcase name="testCanRemoveAllSessions" class="App\Tests\SessionsTest" classname="App.Tests.SessionsTest" file="/srv/app/tests/SessionsTest.php" line="110" assertions="6" time="0.052326"/>
        <testcase name="testCanNotAddDuplicateSession" class="App\Tests\SessionsTest" classname="App.Tests.SessionsTest" file="/srv/app/tests/SessionsTest.php" line="130" assertions="3" time="0.015803"/>
      </testsuite>
      <testsuite name="App\Tests\TaskInstanceTypesTest" file="/srv/app/tests/TaskInstanceTypesTest.php" tests="6" assertions="11" errors="0" warnings="0" failures="0" skipped="0" time="0.100096">
        <testcase name="testTaskInstanceTypesListIsNotEmpty" class="App\Tests\TaskInstanceTypesTest" classname="App.Tests.TaskInstanceTypesTest" file="/srv/app/tests/TaskInstanceTypesTest.php" line="59" assertions="1" time="0.021949"/>
        <testcase name="testCanRemoveRandomTaskInstanceType" class="App\Tests\TaskInstanceTypesTest" classname="App.Tests.TaskInstanceTypesTest" file="/srv/app/tests/TaskInstanceTypesTest.php" line="71" assertions="2" time="0.014374"/>
        <testcase name="testCanRemoveAllTaskInstanceTypes" class="App\Tests\TaskInstanceTypesTest" classname="App.Tests.TaskInstanceTypesTest" file="/srv/app/tests/TaskInstanceTypesTest.php" line="87" assertions="1" time="0.012501"/>
        <testcase name="testCanNotAddTaskInstanceTypeWithoutTask" class="App\Tests\TaskInstanceTypesTest" classname="App.Tests.TaskInstanceTypesTest" file="/srv/app/tests/TaskInstanceTypesTest.php" line="100" assertions="2" time="0.014143"/>
        <testcase name="testCanNotAddTaskInstanceTypeWithoutInstanceType" class="App\Tests\TaskInstanceTypesTest" classname="App.Tests.TaskInstanceTypesTest" file="/srv/app/tests/TaskInstanceTypesTest.php" line="118" assertions="2" time="0.013834"/>
        <testcase name="testCanNotAddDuplicateTaskInstanceTypes" class="App\Tests\TaskInstanceTypesTest" classname="App.Tests.TaskInstanceTypesTest" file="/srv/app/tests/TaskInstanceTypesTest.php" line="136" assertions="3" time="0.023294"/>
      </testsuite>
      <testsuite name="App\Tests\TaskOsesTest" file="/srv/app/tests/TaskOsesTest.php" tests="5" assertions="9" errors="0" warnings="0" failures="0" skipped="0" time="0.081248">
        <testcase name="testTaskOsesListIsNotEmpty" class="App\Tests\TaskOsesTest" classname="App.Tests.TaskOsesTest" file="/srv/app/tests/TaskOsesTest.php" line="59" assertions="1" time="0.021830"/>
        <testcase name="testCanRemoveAllTaskOses" class="App\Tests\TaskOsesTest" classname="App.Tests.TaskOsesTest" file="/srv/app/tests/TaskOsesTest.php" line="70" assertions="1" time="0.013179"/>
        <testcase name="testCanNotAddTaskOsWithoutTask" class="App\Tests\TaskOsesTest" classname="App.Tests.TaskOsesTest" file="/srv/app/tests/TaskOsesTest.php" line="83" assertions="2" time="0.013845"/>
        <testcase name="testCanNotAddTaskOsWithoutOperatingSystem" class="App\Tests\TaskOsesTest" classname="App.Tests.TaskOsesTest" file="/srv/app/tests/TaskOsesTest.php" line="101" assertions="2" time="0.015188"/>
        <testcase name="testCanNotAddDuplicateTaskOses" class="App\Tests\TaskOsesTest" classname="App.Tests.TaskOsesTest" file="/srv/app/tests/TaskOsesTest.php" line="119" assertions="3" time="0.017207"/>
      </testsuite>
      <testsuite name="App\Tests\TaskTechsTest" file="/srv/app/tests/TaskTechsTest.php" tests="5" assertions="9" errors="0" warnings="0" failures="0" skipped="0" time="0.084028">
        <testcase name="testTaskTechsListIsNotEmpty" class="App\Tests\TaskTechsTest" classname="App.Tests.TaskTechsTest" file="/srv/app/tests/TaskTechsTest.php" line="59" assertions="1" time="0.016793"/>
        <testcase name="testCanRemoveAllTaskTechs" class="App\Tests\TaskTechsTest" classname="App.Tests.TaskTechsTest" file="/srv/app/tests/TaskTechsTest.php" line="70" assertions="1" time="0.014208"/>
        <testcase name="testCanNotAddTaskTechWithoutTask" class="App\Tests\TaskTechsTest" classname="App.Tests.TaskTechsTest" file="/srv/app/tests/TaskTechsTest.php" line="83" assertions="2" time="0.020671"/>
        <testcase name="testCanNotAddTaskTechWithoutTechnology" class="App\Tests\TaskTechsTest" classname="App.Tests.TaskTechsTest" file="/srv/app/tests/TaskTechsTest.php" line="101" assertions="2" time="0.017008"/>
        <testcase name="testCanNotAddDuplicateTaskTechs" class="App\Tests\TaskTechsTest" classname="App.Tests.TaskTechsTest" file="/srv/app/tests/TaskTechsTest.php" line="119" assertions="3" time="0.015349"/>
      </testsuite>
      <testsuite name="App\Tests\TasksTest" file="/srv/app/tests/TasksTest.php" tests="6" assertions="36" errors="0" warnings="0" failures="0" skipped="0" time="0.512081">
        <testcase name="testTasksListIsNotEmpty" class="App\Tests\TasksTest" classname="App.Tests.TasksTest" file="/srv/app/tests/TasksTest.php" line="45" assertions="1" time="0.018311"/>
        <testcase name="testCanNotAddTaskWithoutName" class="App\Tests\TasksTest" classname="App.Tests.TasksTest" file="/srv/app/tests/TasksTest.php" line="53" assertions="1" time="0.015192"/>
        <testcase name="testCanNotAddTaskWithoutPath" class="App\Tests\TasksTest" classname="App.Tests.TasksTest" file="/srv/app/tests/TasksTest.php" line="61" assertions="1" time="0.018491"/>
        <testcase name="testCanNotAddDuplicateTasks" class="App\Tests\TasksTest" classname="App.Tests.TasksTest" file="/srv/app/tests/TasksTest.php" line="74" assertions="2" time="0.017249"/>
        <testcase name="testCanAddDummyTask" class="App\Tests\TasksTest" classname="App.Tests.TasksTest" file="/srv/app/tests/TasksTest.php" line="90" assertions="1" time="0.019472"/>
        <testcase name="testCanRemoveAllTasks" class="App\Tests\TasksTest" classname="App.Tests.TasksTest" file="/srv/app/tests/TasksTest.php" line="104" assertions="30" time="0.423365"/>
      </testsuite>
      <testsuite name="App\Tests\TechnologiesTest" file="/srv/app/tests/TechnologiesTest.php" tests="5" assertions="60" errors="0" warnings="0" failures="0" skipped="0" time="0.312338">
        <testcase name="testTechnologiesListIsNotEmpty" class="App\Tests\TechnologiesTest" classname="App.Tests.TechnologiesTest" file="/srv/app/tests/TechnologiesTest.php" line="60" assertions="1" time="0.019195"/>
        <testcase name="testCanNotAddTechnologyWithoutMandatoryFields" class="App\Tests\TechnologiesTest" classname="App.Tests.TechnologiesTest" file="/srv/app/tests/TechnologiesTest.php" line="67" assertions="1" time="0.015182"/>
        <testcase name="testCanAddDummyTechnology" class="App\Tests\TechnologiesTest" classname="App.Tests.TechnologiesTest" file="/srv/app/tests/TechnologiesTest.php" line="72" assertions="2" time="0.017254"/>
        <testcase name="testCanRemoveAllTechnologies" class="App\Tests\TechnologiesTest" classname="App.Tests.TechnologiesTest" file="/srv/app/tests/TechnologiesTest.php" line="89" assertions="54" time="0.247558"/>
        <testcase name="testCanNotAddDuplicateTechnology" class="App\Tests\TechnologiesTest" classname="App.Tests.TechnologiesTest" file="/srv/app/tests/TechnologiesTest.php" line="108" assertions="2" time="0.013149"/>
      </testsuite>
      <testsuite name="App\Tests\TesteesTest" file="/srv/app/tests/TesteesTest.php" tests="5" assertions="11" errors="0" warnings="0" failures="0" skipped="0" time="0.138196">
        <testcase name="testTesteesListIsNotEmpty" class="App\Tests\TesteesTest" classname="App.Tests.TesteesTest" file="/srv/app/tests/TesteesTest.php" line="51" assertions="1" time="0.014834"/>
        <testcase name="testCanNotAddTesteeWithoutMandatoryFields" class="App\Tests\TesteesTest" classname="App.Tests.TesteesTest" file="/srv/app/tests/TesteesTest.php" line="58" assertions="1" time="0.013174"/>
        <testcase name="testCanAddDummyTestee" class="App\Tests\TesteesTest" classname="App.Tests.TesteesTest" file="/srv/app/tests/TesteesTest.php" line="63" assertions="1" time="0.018049"/>
        <testcase name="testCanRemoveAllTestees" class="App\Tests\TesteesTest" classname="App.Tests.TesteesTest" file="/srv/app/tests/TesteesTest.php" line="79" assertions="6" time="0.074687"/>
        <testcase name="testCanNotAddDuplicateTestee" class="App\Tests\TesteesTest" classname="App.Tests.TesteesTest" file="/srv/app/tests/TesteesTest.php" line="98" assertions="2" time="0.017452"/>
      </testsuite>
    </testsuite>
  </testsuite>
</testsuites>
