<?xml version="1.0" encoding="UTF-8"?>
<testsuites>
  <testsuite name="App\Tests\Controller\TasksControllerTest" file="/srv/app/tests/Controller/TasksControllerTest.php" tests="4" assertions="152" errors="0" warnings="0" failures="0" skipped="0" time="3.158597">
    <testcase name="testTasksListIsNotEmpty" class="App\Tests\Controller\TasksControllerTest" classname="App.Tests.Controller.TasksControllerTest" file="/srv/app/tests/Controller/TasksControllerTest.php" line="42" assertions="1" time="0.278190"/>
    <testcase name="testTasksWebPageListContainsAllRecords" class="App\Tests\Controller\TasksControllerTest" classname="App.Tests.Controller.TasksControllerTest" file="/srv/app/tests/Controller/TasksControllerTest.php" line="55" assertions="46" time="0.348805"/>
    <testcase name="testEnvironmentDisplayWebPageContainsData" class="App\Tests\Controller\TasksControllerTest" classname="App.Tests.Controller.TasksControllerTest" file="/srv/app/tests/Controller/TasksControllerTest.php" line="76" assertions="60" time="0.877676"/>
    <testcase name="testCanRemoveAllTasksByClickingDeleteButton" class="App\Tests\Controller\TasksControllerTest" classname="App.Tests.Controller.TasksControllerTest" file="/srv/app/tests/Controller/TasksControllerTest.php" line="96" assertions="45" time="1.653925"/>
  </testsuite>
</testsuites>
