<?xml version="1.0" encoding="UTF-8"?>
<testsuites>
  <testsuite name="" tests="12" assertions="11" errors="0" warnings="0" failures="3" skipped="2" time="0.834320">
    <testsuite name="App Test Suite" tests="12" assertions="11" errors="0" warnings="0" failures="3" skipped="2" time="0.834320">
      <testsuite name="App\Tests\Command\AwxMeCommandTest" file="/srv/app/tests/Command/AwxMeCommandTest.php" tests="1" assertions="2" errors="0" warnings="0" failures="0" skipped="0" time="0.572189">
        <testcase name="testAwxMeIsSymfony" class="App\Tests\Command\AwxMeCommandTest" classname="App.Tests.Command.AwxMeCommandTest" file="/srv/app/tests/Command/AwxMeCommandTest.php" line="11" assertions="2" time="0.572189"/>
      </testsuite>
      <testsuite name="App\Tests\Command\AwxProjectListCommandTest" file="/srv/app/tests/Command/AwxProjectListCommandTest.php" tests="1" assertions="0" errors="0" warnings="0" failures="0" skipped="1" time="0.002381">
        <testcase name="testExecute" class="App\Tests\Command\AwxProjectListCommandTest" classname="App.Tests.Command.AwxProjectListCommandTest" file="/srv/app/tests/Command/AwxProjectListCommandTest.php" line="11" assertions="0" time="0.002381">
          <skipped/>
        </testcase>
      </testsuite>
      <testsuite name="App\Tests\HardwareProfilesTest" file="/srv/app/tests/HardwareProfilesTest.php" tests="5" assertions="5" errors="0" warnings="0" failures="1" skipped="0" time="0.231776">
        <testcase name="testHardwareProfilesListIsNotEmpty" class="App\Tests\HardwareProfilesTest" classname="App.Tests.HardwareProfilesTest" file="/srv/app/tests/HardwareProfilesTest.php" line="46" assertions="1" time="0.179048"/>
        <testcase name="testContainerHardwareProfilesListIsNotEmpty" class="App\Tests\HardwareProfilesTest" classname="App.Tests.HardwareProfilesTest" file="/srv/app/tests/HardwareProfilesTest.php" line="56" assertions="1" time="0.015363"/>
        <testcase name="testVmHardwareProfilesListIsNotEmpty" class="App\Tests\HardwareProfilesTest" classname="App.Tests.HardwareProfilesTest" file="/srv/app/tests/HardwareProfilesTest.php" line="70" assertions="1" time="0.014307"/>
        <testcase name="testSupportedHardwareProfilesListIsNotEmpty" class="App\Tests\HardwareProfilesTest" classname="App.Tests.HardwareProfilesTest" file="/srv/app/tests/HardwareProfilesTest.php" line="84" assertions="1" time="0.008122"/>
        <testcase name="testEachSupportedHardwareProfileHasCorrespondingInstanceTypes" class="App\Tests\HardwareProfilesTest" classname="App.Tests.HardwareProfilesTest" file="/srv/app/tests/HardwareProfilesTest.php" line="100" assertions="1" time="0.014936">
          <failure type="PHPUnit\Framework\ExpectationFailedException">App\Tests\HardwareProfilesTest::testEachSupportedHardwareProfileHasCorrespondingInstanceTypes
Failed asserting that an array is not empty.

/srv/app/tests/HardwareProfilesTest.php:114
/srv/app/vendor/phpunit/phpunit/phpunit:107</failure>
        </testcase>
      </testsuite>
      <testsuite name="App\Tests\InstanceTypesTest" file="/srv/app/tests/InstanceTypesTest.php" tests="1" assertions="1" errors="0" warnings="0" failures="0" skipped="0" time="0.004893">
        <testcase name="testSomething" class="App\Tests\InstanceTypesTest" classname="App.Tests.InstanceTypesTest" file="/srv/app/tests/InstanceTypesTest.php" line="9" assertions="1" time="0.004893"/>
      </testsuite>
      <testsuite name="App\Tests\MessengerTest" file="/srv/app/tests/MessengerTest.php" tests="1" assertions="1" errors="0" warnings="0" failures="0" skipped="0" time="0.000341">
        <testcase name="testSomething" class="App\Tests\MessengerTest" classname="App.Tests.MessengerTest" file="/srv/app/tests/MessengerTest.php" line="46" assertions="1" time="0.000341"/>
      </testsuite>
      <testsuite name="App\Tests\OperatingSystemsTest" file="/srv/app/tests/OperatingSystemsTest.php" tests="3" assertions="2" errors="0" warnings="0" failures="2" skipped="1" time="0.022740">
        <testcase name="testOperatingSystemsListIsNotEmpty" class="App\Tests\OperatingSystemsTest" classname="App.Tests.OperatingSystemsTest" file="/srv/app/tests/OperatingSystemsTest.php" line="57" assertions="1" time="0.013313">
          <failure type="PHPUnit\Framework\ExpectationFailedException">App\Tests\OperatingSystemsTest::testOperatingSystemsListIsNotEmpty
Failed asserting that an array is not empty.

/srv/app/tests/OperatingSystemsTest.php:60
/srv/app/vendor/phpunit/phpunit/phpunit:107</failure>
        </testcase>
        <testcase name="testSupportedOperatingSystemsListIsNotEmpty" class="App\Tests\OperatingSystemsTest" classname="App.Tests.OperatingSystemsTest" file="/srv/app/tests/OperatingSystemsTest.php" line="67" assertions="1" time="0.009428">
          <failure type="PHPUnit\Framework\ExpectationFailedException">App\Tests\OperatingSystemsTest::testSupportedOperatingSystemsListIsNotEmpty
Failed asserting that an array is not empty.

/srv/app/tests/OperatingSystemsTest.php:72
/srv/app/vendor/phpunit/phpunit/phpunit:107</failure>
        </testcase>
        <testcase name="testEachSupportedOsHasCorrespondingInstanceTypes" class="App\Tests\OperatingSystemsTest" classname="App.Tests.OperatingSystemsTest" file="/srv/app/tests/OperatingSystemsTest.php" line="83" assertions="0" time="0.000000">
          <skipped/>
        </testcase>
      </testsuite>
    </testsuite>
  </testsuite>
</testsuites>
