<?xml version="1.0" encoding="UTF-8"?>
<testsuites>
  <testsuite name="" tests="195" assertions="4289" errors="0" warnings="0" failures="0" skipped="1" time="30.998244">
    <testsuite name="App Test Suite" tests="195" assertions="4289" errors="0" warnings="0" failures="0" skipped="1" time="30.998244">
      <testsuite name="App\Tests\AddressesTest" file="/srv/app/tests/AddressesTest.php" tests="8" assertions="25" errors="0" warnings="0" failures="0" skipped="0" time="1.135777">
        <testcase name="testAddressesListIsNotEmpty" class="App\Tests\AddressesTest" classname="App.Tests.AddressesTest" file="/srv/app/tests/AddressesTest.php" line="50" assertions="1" time="0.636479"/>
        <testcase name="testCanNotAddAddressWithoutIp" class="App\Tests\AddressesTest" classname="App.Tests.AddressesTest" file="/srv/app/tests/AddressesTest.php" line="58" assertions="1" time="0.016091"/>
        <testcase name="testCanNotAddAddressWithoutMac" class="App\Tests\AddressesTest" classname="App.Tests.AddressesTest" file="/srv/app/tests/AddressesTest.php" line="66" assertions="1" time="0.008524"/>
        <testcase name="testCanNotAddDuplicateAddresses" class="App\Tests\AddressesTest" classname="App.Tests.AddressesTest" file="/srv/app/tests/AddressesTest.php" line="79" assertions="2" time="0.019121"/>
        <testcase name="testSpareAddressesAreAvailable" class="App\Tests\AddressesTest" classname="App.Tests.AddressesTest" file="/srv/app/tests/AddressesTest.php" line="95" assertions="1" time="0.362068"/>
        <testcase name="testEachInstanceHasAddress" class="App\Tests\AddressesTest" classname="App.Tests.AddressesTest" file="/srv/app/tests/AddressesTest.php" line="104" assertions="17" time="0.076486"/>
        <testcase name="testCanAddDummyAddress" class="App\Tests\AddressesTest" classname="App.Tests.AddressesTest" file="/srv/app/tests/AddressesTest.php" line="118" assertions="1" time="0.011278"/>
        <testcase name="testCanRemoveDummyAddress" class="App\Tests\AddressesTest" classname="App.Tests.AddressesTest" file="/srv/app/tests/AddressesTest.php" line="132" assertions="1" time="0.005729"/>
      </testsuite>
      <testsuite name="App\Tests\BreedsTest" file="/srv/app/tests/BreedsTest.php" tests="6" assertions="10" errors="0" warnings="0" failures="0" skipped="0" time="0.591645">
        <testcase name="testBreedsListIsNotEmpty" class="App\Tests\BreedsTest" classname="App.Tests.BreedsTest" file="/srv/app/tests/BreedsTest.php" line="58" assertions="1" time="0.053820"/>
        <testcase name="testBreedHasOperatingSystemsReference" class="App\Tests\BreedsTest" classname="App.Tests.BreedsTest" file="/srv/app/tests/BreedsTest.php" line="72" assertions="1" time="0.019092"/>
        <testcase name="testCanNotAddBreedWithoutName" class="App\Tests\BreedsTest" classname="App.Tests.BreedsTest" file="/srv/app/tests/BreedsTest.php" line="85" assertions="1" time="0.014139"/>
        <testcase name="testCanNotAddDuplicateBreed" class="App\Tests\BreedsTest" classname="App.Tests.BreedsTest" file="/srv/app/tests/BreedsTest.php" line="96" assertions="1" time="0.011170"/>
        <testcase name="testCanAddDummyBreed" class="App\Tests\BreedsTest" classname="App.Tests.BreedsTest" file="/srv/app/tests/BreedsTest.php" line="107" assertions="1" time="0.012094"/>
        <testcase name="testCanRemoveAllBreeds" class="App\Tests\BreedsTest" classname="App.Tests.BreedsTest" file="/srv/app/tests/BreedsTest.php" line="121" assertions="5" time="0.481330"/>
      </testsuite>
      <testsuite name="App\Tests\Command\AwxMeCommandTest" file="/srv/app/tests/Command/AwxMeCommandTest.php" tests="1" assertions="2" errors="0" warnings="0" failures="0" skipped="0" time="1.384758">
        <testcase name="testAwxMeIsSymfony" class="App\Tests\Command\AwxMeCommandTest" classname="App.Tests.Command.AwxMeCommandTest" file="/srv/app/tests/Command/AwxMeCommandTest.php" line="11" assertions="2" time="1.384758"/>
      </testsuite>
      <testsuite name="App\Tests\Command\AwxProjectListCommandTest" file="/srv/app/tests/Command/AwxProjectListCommandTest.php" tests="1" assertions="0" errors="0" warnings="0" failures="0" skipped="1" time="0.000901">
        <testcase name="testExecute" class="App\Tests\Command\AwxProjectListCommandTest" classname="App.Tests.Command.AwxProjectListCommandTest" file="/srv/app/tests/Command/AwxProjectListCommandTest.php" line="11" assertions="0" time="0.000901">
          <skipped/>
        </testcase>
      </testsuite>
      <testsuite name="App\Tests\Controller\BreedsControllerTest" file="/srv/app/tests/Controller/BreedsControllerTest.php" tests="4" assertions="22" errors="0" warnings="0" failures="0" skipped="0" time="0.896775">
        <testcase name="testBreedsListIsNotEmpty" class="App\Tests\Controller\BreedsControllerTest" classname="App.Tests.Controller.BreedsControllerTest" file="/srv/app/tests/Controller/BreedsControllerTest.php" line="42" assertions="1" time="0.008033"/>
        <testcase name="testBreedsWebPageListContainsAllRecords" class="App\Tests\Controller\BreedsControllerTest" classname="App.Tests.Controller.BreedsControllerTest" file="/srv/app/tests/Controller/BreedsControllerTest.php" line="55" assertions="7" time="0.185543"/>
        <testcase name="testBreedDisplayWebPageContainsData" class="App\Tests\Controller\BreedsControllerTest" classname="App.Tests.Controller.BreedsControllerTest" file="/srv/app/tests/Controller/BreedsControllerTest.php" line="76" assertions="8" time="0.098896"/>
        <testcase name="testCanRemoveAllBreedsByClickingDeleteButton" class="App\Tests\Controller\BreedsControllerTest" classname="App.Tests.Controller.BreedsControllerTest" file="/srv/app/tests/Controller/BreedsControllerTest.php" line="96" assertions="6" time="0.604303"/>
      </testsuite>
      <testsuite name="App\Tests\Controller\DomainsControllerTest" file="/srv/app/tests/Controller/DomainsControllerTest.php" tests="4" assertions="102" errors="0" warnings="0" failures="0" skipped="0" time="1.165428">
        <testcase name="testDomainsListIsNotEmpty" class="App\Tests\Controller\DomainsControllerTest" classname="App.Tests.Controller.DomainsControllerTest" file="/srv/app/tests/Controller/DomainsControllerTest.php" line="42" assertions="1" time="0.017473"/>
        <testcase name="testDomainsWebPageListContainsAllRecords" class="App\Tests\Controller\DomainsControllerTest" classname="App.Tests.Controller.DomainsControllerTest" file="/srv/app/tests/Controller/DomainsControllerTest.php" line="55" assertions="31" time="0.093255"/>
        <testcase name="testDomainDisplayWebPageContainsData" class="App\Tests\Controller\DomainsControllerTest" classname="App.Tests.Controller.DomainsControllerTest" file="/srv/app/tests/Controller/DomainsControllerTest.php" line="76" assertions="40" time="0.311211"/>
        <testcase name="testCanRemoveAllDomainsByClickingDeleteButton" class="App\Tests\Controller\DomainsControllerTest" classname="App.Tests.Controller.DomainsControllerTest" file="/srv/app/tests/Controller/DomainsControllerTest.php" line="96" assertions="30" time="0.743489"/>
      </testsuite>
      <testsuite name="App\Tests\Controller\EnvironmentStatusesControllerTest" file="/srv/app/tests/Controller/EnvironmentStatusesControllerTest.php" tests="4" assertions="72" errors="0" warnings="0" failures="0" skipped="0" time="0.781850">
        <testcase name="testEnvironmentStatusesListIsNotEmpty" class="App\Tests\Controller\EnvironmentStatusesControllerTest" classname="App.Tests.Controller.EnvironmentStatusesControllerTest" file="/srv/app/tests/Controller/EnvironmentStatusesControllerTest.php" line="42" assertions="1" time="0.008682"/>
        <testcase name="testEnvironmentStatusesWebPageListContainsAllRecords" class="App\Tests\Controller\EnvironmentStatusesControllerTest" classname="App.Tests.Controller.EnvironmentStatusesControllerTest" file="/srv/app/tests/Controller/EnvironmentStatusesControllerTest.php" line="55" assertions="22" time="0.053241"/>
        <testcase name="testEnvironmentStatusDisplayWebPageContainsData" class="App\Tests\Controller\EnvironmentStatusesControllerTest" classname="App.Tests.Controller.EnvironmentStatusesControllerTest" file="/srv/app/tests/Controller/EnvironmentStatusesControllerTest.php" line="76" assertions="28" time="0.209973"/>
        <testcase name="testCanRemoveAllEnvironmentStatusesByClickingDeleteButton" class="App\Tests\Controller\EnvironmentStatusesControllerTest" classname="App.Tests.Controller.EnvironmentStatusesControllerTest" file="/srv/app/tests/Controller/EnvironmentStatusesControllerTest.php" line="96" assertions="21" time="0.509954"/>
      </testsuite>
      <testsuite name="App\Tests\Controller\EnvironmentsControllerTest" file="/srv/app/tests/Controller/EnvironmentsControllerTest.php" tests="4" assertions="72" errors="0" warnings="0" failures="0" skipped="0" time="1.071520">
        <testcase name="testEnvironmentsListIsNotEmpty" class="App\Tests\Controller\EnvironmentsControllerTest" classname="App.Tests.Controller.EnvironmentsControllerTest" file="/srv/app/tests/Controller/EnvironmentsControllerTest.php" line="42" assertions="1" time="0.011130"/>
        <testcase name="testEnvironmentsWebPageListContainsAllRecords" class="App\Tests\Controller\EnvironmentsControllerTest" classname="App.Tests.Controller.EnvironmentsControllerTest" file="/srv/app/tests/Controller/EnvironmentsControllerTest.php" line="55" assertions="22" time="0.128757"/>
        <testcase name="testEnvironmentDisplayWebPageContainsData" class="App\Tests\Controller\EnvironmentsControllerTest" classname="App.Tests.Controller.EnvironmentsControllerTest" file="/srv/app/tests/Controller/EnvironmentsControllerTest.php" line="76" assertions="28" time="0.329794"/>
        <testcase name="testCanRemoveAllEnvironmentsByClickingDeleteButton" class="App\Tests\Controller\EnvironmentsControllerTest" classname="App.Tests.Controller.EnvironmentsControllerTest" file="/srv/app/tests/Controller/EnvironmentsControllerTest.php" line="96" assertions="21" time="0.601839"/>
      </testsuite>
      <testsuite name="App\Tests\Controller\InstanceStatusesControllerTest" file="/srv/app/tests/Controller/InstanceStatusesControllerTest.php" tests="4" assertions="62" errors="0" warnings="0" failures="0" skipped="0" time="0.959648">
        <testcase name="testInstanceStatusesListIsNotEmpty" class="App\Tests\Controller\InstanceStatusesControllerTest" classname="App.Tests.Controller.InstanceStatusesControllerTest" file="/srv/app/tests/Controller/InstanceStatusesControllerTest.php" line="42" assertions="1" time="0.007765"/>
        <testcase name="testInstanceStatusesWebPageListContainsAllRecords" class="App\Tests\Controller\InstanceStatusesControllerTest" classname="App.Tests.Controller.InstanceStatusesControllerTest" file="/srv/app/tests/Controller/InstanceStatusesControllerTest.php" line="55" assertions="19" time="0.050508"/>
        <testcase name="testInstanceStatusDisplayWebPageContainsData" class="App\Tests\Controller\InstanceStatusesControllerTest" classname="App.Tests.Controller.InstanceStatusesControllerTest" file="/srv/app/tests/Controller/InstanceStatusesControllerTest.php" line="76" assertions="24" time="0.260886"/>
        <testcase name="testCanRemoveAllInstanceStatusesByClickingDeleteButton" class="App\Tests\Controller\InstanceStatusesControllerTest" classname="App.Tests.Controller.InstanceStatusesControllerTest" file="/srv/app/tests/Controller/InstanceStatusesControllerTest.php" line="96" assertions="18" time="0.640489"/>
      </testsuite>
      <testsuite name="App\Tests\Controller\InstanceTypesControllerTest" file="/srv/app/tests/Controller/InstanceTypesControllerTest.php" tests="3" assertions="58" errors="0" warnings="0" failures="0" skipped="0" time="0.393873">
        <testcase name="testInstanceTypesListIsNotEmpty" class="App\Tests\Controller\InstanceTypesControllerTest" classname="App.Tests.Controller.InstanceTypesControllerTest" file="/srv/app/tests/Controller/InstanceTypesControllerTest.php" line="42" assertions="1" time="0.014827"/>
        <testcase name="testInstanceTypesWebPageListContainsAllRecords" class="App\Tests\Controller\InstanceTypesControllerTest" classname="App.Tests.Controller.InstanceTypesControllerTest" file="/srv/app/tests/Controller/InstanceTypesControllerTest.php" line="55" assertions="25" time="0.095352"/>
        <testcase name="testInstanceTypeDisplayWebPageContainsData" class="App\Tests\Controller\InstanceTypesControllerTest" classname="App.Tests.Controller.InstanceTypesControllerTest" file="/srv/app/tests/Controller/InstanceTypesControllerTest.php" line="76" assertions="32" time="0.283694"/>
      </testsuite>
      <testsuite name="App\Tests\Controller\InstancesControllerTest" file="/srv/app/tests/Controller/InstancesControllerTest.php" tests="4" assertions="162" errors="0" warnings="0" failures="0" skipped="0" time="2.558426">
        <testcase name="testInstancesListIsNotEmpty" class="App\Tests\Controller\InstancesControllerTest" classname="App.Tests.Controller.InstancesControllerTest" file="/srv/app/tests/Controller/InstancesControllerTest.php" line="42" assertions="1" time="0.013127"/>
        <testcase name="testInstancesWebPageListContainsAllRecords" class="App\Tests\Controller\InstancesControllerTest" classname="App.Tests.Controller.InstancesControllerTest" file="/srv/app/tests/Controller/InstancesControllerTest.php" line="55" assertions="49" time="0.213911"/>
        <testcase name="testInstanceDisplayWebPageContainsData" class="App\Tests\Controller\InstancesControllerTest" classname="App.Tests.Controller.InstancesControllerTest" file="/srv/app/tests/Controller/InstancesControllerTest.php" line="76" assertions="64" time="0.980739"/>
        <testcase name="testDeleteButtonDoesNotDeleteInstanceInstantly" class="App\Tests\Controller\InstancesControllerTest" classname="App.Tests.Controller.InstancesControllerTest" file="/srv/app/tests/Controller/InstancesControllerTest.php" line="96" assertions="48" time="1.350649"/>
      </testsuite>
      <testsuite name="App\Tests\Controller\LuckyNumberControllerTest" file="/srv/app/tests/Controller/LuckyNumberControllerTest.php" tests="1" assertions="3" errors="0" warnings="0" failures="0" skipped="0" time="0.016959">
        <testcase name="testLuckyNumber" class="App\Tests\Controller\LuckyNumberControllerTest" classname="App.Tests.Controller.LuckyNumberControllerTest" file="/srv/app/tests/Controller/LuckyNumberControllerTest.php" line="9" assertions="3" time="0.016959"/>
      </testsuite>
      <testsuite name="App\Tests\Controller\OperatingSystemsControllerTest" file="/srv/app/tests/Controller/OperatingSystemsControllerTest.php" tests="4" assertions="72" errors="0" warnings="0" failures="0" skipped="0" time="1.134980">
        <testcase name="testOperatingSystemsListIsNotEmpty" class="App\Tests\Controller\OperatingSystemsControllerTest" classname="App.Tests.Controller.OperatingSystemsControllerTest" file="/srv/app/tests/Controller/OperatingSystemsControllerTest.php" line="42" assertions="1" time="0.009322"/>
        <testcase name="testOperatingSystemsWebPageListContainsAllRecords" class="App\Tests\Controller\OperatingSystemsControllerTest" classname="App.Tests.Controller.OperatingSystemsControllerTest" file="/srv/app/tests/Controller/OperatingSystemsControllerTest.php" line="55" assertions="22" time="0.074162"/>
        <testcase name="testOperatingSystemDisplayWebPageContainsData" class="App\Tests\Controller\OperatingSystemsControllerTest" classname="App.Tests.Controller.OperatingSystemsControllerTest" file="/srv/app/tests/Controller/OperatingSystemsControllerTest.php" line="76" assertions="28" time="0.244367"/>
        <testcase name="testCanRemoveAllOperatingSystemsByClickingDeleteButton" class="App\Tests\Controller\OperatingSystemsControllerTest" classname="App.Tests.Controller.OperatingSystemsControllerTest" file="/srv/app/tests/Controller/OperatingSystemsControllerTest.php" line="96" assertions="21" time="0.807129"/>
      </testsuite>
      <testsuite name="App\Tests\Controller\SessionOsesControllerTest" file="/srv/app/tests/Controller/SessionOsesControllerTest.php" tests="4" assertions="52" errors="0" warnings="0" failures="0" skipped="0" time="0.662849">
        <testcase name="testSessionOsesListIsNotEmpty" class="App\Tests\Controller\SessionOsesControllerTest" classname="App.Tests.Controller.SessionOsesControllerTest" file="/srv/app/tests/Controller/SessionOsesControllerTest.php" line="42" assertions="1" time="0.008512"/>
        <testcase name="testSessionOsesWebPageListContainsAllRecords" class="App\Tests\Controller\SessionOsesControllerTest" classname="App.Tests.Controller.SessionOsesControllerTest" file="/srv/app/tests/Controller/SessionOsesControllerTest.php" line="55" assertions="16" time="0.080638"/>
        <testcase name="testSessionOsDisplayWebPageContainsData" class="App\Tests\Controller\SessionOsesControllerTest" classname="App.Tests.Controller.SessionOsesControllerTest" file="/srv/app/tests/Controller/SessionOsesControllerTest.php" line="76" assertions="20" time="0.215689"/>
        <testcase name="testCanRemoveAllSessionOsesByClickingDeleteButton" class="App\Tests\Controller\SessionOsesControllerTest" classname="App.Tests.Controller.SessionOsesControllerTest" file="/srv/app/tests/Controller/SessionOsesControllerTest.php" line="96" assertions="15" time="0.358010"/>
      </testsuite>
      <testsuite name="App\Tests\Controller\SessionStatusesControllerTest" file="/srv/app/tests/Controller/SessionStatusesControllerTest.php" tests="4" assertions="62" errors="0" warnings="0" failures="0" skipped="0" time="0.751540">
        <testcase name="testSessionStatusesListIsNotEmpty" class="App\Tests\Controller\SessionStatusesControllerTest" classname="App.Tests.Controller.SessionStatusesControllerTest" file="/srv/app/tests/Controller/SessionStatusesControllerTest.php" line="42" assertions="1" time="0.011781"/>
        <testcase name="testSessionStatusesWebPageListContainsAllRecords" class="App\Tests\Controller\SessionStatusesControllerTest" classname="App.Tests.Controller.SessionStatusesControllerTest" file="/srv/app/tests/Controller/SessionStatusesControllerTest.php" line="55" assertions="19" time="0.060919"/>
        <testcase name="testSessionStatusDisplayWebPageContainsData" class="App\Tests\Controller\SessionStatusesControllerTest" classname="App.Tests.Controller.SessionStatusesControllerTest" file="/srv/app/tests/Controller/SessionStatusesControllerTest.php" line="76" assertions="24" time="0.226877"/>
        <testcase name="testCanRemoveAllSessionStatusesByClickingDeleteButton" class="App\Tests\Controller\SessionStatusesControllerTest" classname="App.Tests.Controller.SessionStatusesControllerTest" file="/srv/app/tests/Controller/SessionStatusesControllerTest.php" line="96" assertions="18" time="0.451963"/>
      </testsuite>
      <testsuite name="App\Tests\Controller\SessionTechsControllerTest" file="/srv/app/tests/Controller/SessionTechsControllerTest.php" tests="4" assertions="82" errors="0" warnings="0" failures="0" skipped="0" time="0.882974">
        <testcase name="testSessionTechsListIsNotEmpty" class="App\Tests\Controller\SessionTechsControllerTest" classname="App.Tests.Controller.SessionTechsControllerTest" file="/srv/app/tests/Controller/SessionTechsControllerTest.php" line="42" assertions="1" time="0.008446"/>
        <testcase name="testSessionTechsWebPageListContainsAllRecords" class="App\Tests\Controller\SessionTechsControllerTest" classname="App.Tests.Controller.SessionTechsControllerTest" file="/srv/app/tests/Controller/SessionTechsControllerTest.php" line="55" assertions="25" time="0.064706"/>
        <testcase name="testsessionTechDisplayWebPageContainsData" class="App\Tests\Controller\SessionTechsControllerTest" classname="App.Tests.Controller.SessionTechsControllerTest" file="/srv/app/tests/Controller/SessionTechsControllerTest.php" line="76" assertions="32" time="0.329630"/>
        <testcase name="testCanRemoveAllSessionTechsByClickingDeleteButton" class="App\Tests\Controller\SessionTechsControllerTest" classname="App.Tests.Controller.SessionTechsControllerTest" file="/srv/app/tests/Controller/SessionTechsControllerTest.php" line="96" assertions="24" time="0.480192"/>
      </testsuite>
      <testsuite name="App\Tests\Controller\SessionsControllerTest" file="/srv/app/tests/Controller/SessionsControllerTest.php" tests="4" assertions="32" errors="0" warnings="0" failures="0" skipped="0" time="0.557071">
        <testcase name="testSessionsListIsNotEmpty" class="App\Tests\Controller\SessionsControllerTest" classname="App.Tests.Controller.SessionsControllerTest" file="/srv/app/tests/Controller/SessionsControllerTest.php" line="42" assertions="1" time="0.012769"/>
        <testcase name="testSessionsWebPageListContainsAllRecords" class="App\Tests\Controller\SessionsControllerTest" classname="App.Tests.Controller.SessionsControllerTest" file="/srv/app/tests/Controller/SessionsControllerTest.php" line="55" assertions="10" time="0.094460"/>
        <testcase name="testSessionDisplayWebPageContainsData" class="App\Tests\Controller\SessionsControllerTest" classname="App.Tests.Controller.SessionsControllerTest" file="/srv/app/tests/Controller/SessionsControllerTest.php" line="76" assertions="12" time="0.178345"/>
        <testcase name="testCanRemoveAllSessionsByClickingDeleteButton" class="App\Tests\Controller\SessionsControllerTest" classname="App.Tests.Controller.SessionsControllerTest" file="/srv/app/tests/Controller/SessionsControllerTest.php" line="96" assertions="9" time="0.271498"/>
      </testsuite>
      <testsuite name="App\Tests\Controller\TaskTechsControllerTest" file="/srv/app/tests/Controller/TaskTechsControllerTest.php" tests="4" assertions="192" errors="0" warnings="0" failures="0" skipped="0" time="2.035104">
        <testcase name="testTaskTechsListIsNotEmpty" class="App\Tests\Controller\TaskTechsControllerTest" classname="App.Tests.Controller.TaskTechsControllerTest" file="/srv/app/tests/Controller/TaskTechsControllerTest.php" line="42" assertions="1" time="0.011074"/>
        <testcase name="testTaskTechsWebPageListContainsAllRecords" class="App\Tests\Controller\TaskTechsControllerTest" classname="App.Tests.Controller.TaskTechsControllerTest" file="/srv/app/tests/Controller/TaskTechsControllerTest.php" line="55" assertions="58" time="0.134569"/>
        <testcase name="testtaskTechDisplayWebPageContainsData" class="App\Tests\Controller\TaskTechsControllerTest" classname="App.Tests.Controller.TaskTechsControllerTest" file="/srv/app/tests/Controller/TaskTechsControllerTest.php" line="76" assertions="76" time="0.666481"/>
        <testcase name="testCanRemoveAllTaskTechsByClickingDeleteButton" class="App\Tests\Controller\TaskTechsControllerTest" classname="App.Tests.Controller.TaskTechsControllerTest" file="/srv/app/tests/Controller/TaskTechsControllerTest.php" line="96" assertions="57" time="1.222980"/>
      </testsuite>
      <testsuite name="App\Tests\Controller\TasksControllerTest" file="/srv/app/tests/Controller/TasksControllerTest.php" tests="4" assertions="152" errors="0" warnings="0" failures="0" skipped="0" time="2.797381">
        <testcase name="testTasksListIsNotEmpty" class="App\Tests\Controller\TasksControllerTest" classname="App.Tests.Controller.TasksControllerTest" file="/srv/app/tests/Controller/TasksControllerTest.php" line="42" assertions="1" time="0.014004"/>
        <testcase name="testTasksWebPageListContainsAllRecords" class="App\Tests\Controller\TasksControllerTest" classname="App.Tests.Controller.TasksControllerTest" file="/srv/app/tests/Controller/TasksControllerTest.php" line="55" assertions="46" time="0.199652"/>
        <testcase name="testTaskDisplayWebPageContainsData" class="App\Tests\Controller\TasksControllerTest" classname="App.Tests.Controller.TasksControllerTest" file="/srv/app/tests/Controller/TasksControllerTest.php" line="76" assertions="60" time="0.926630"/>
        <testcase name="testCanRemoveAllTasksByClickingDeleteButton" class="App\Tests\Controller\TasksControllerTest" classname="App.Tests.Controller.TasksControllerTest" file="/srv/app/tests/Controller/TasksControllerTest.php" line="96" assertions="45" time="1.657096"/>
      </testsuite>
      <testsuite name="App\Tests\Controller\TechnologiesControllerTest" file="/srv/app/tests/Controller/TechnologiesControllerTest.php" tests="4" assertions="272" errors="0" warnings="0" failures="0" skipped="0" time="3.255941">
        <testcase name="testTechnologiesListIsNotEmpty" class="App\Tests\Controller\TechnologiesControllerTest" classname="App.Tests.Controller.TechnologiesControllerTest" file="/srv/app/tests/Controller/TechnologiesControllerTest.php" line="42" assertions="1" time="0.011635"/>
        <testcase name="testTechnologiesWebPageListContainsAllRecords" class="App\Tests\Controller\TechnologiesControllerTest" classname="App.Tests.Controller.TechnologiesControllerTest" file="/srv/app/tests/Controller/TechnologiesControllerTest.php" line="55" assertions="82" time="0.355735"/>
        <testcase name="testTechnologyDisplayWebPageContainsData" class="App\Tests\Controller\TechnologiesControllerTest" classname="App.Tests.Controller.TechnologiesControllerTest" file="/srv/app/tests/Controller/TechnologiesControllerTest.php" line="76" assertions="108" time="1.105715"/>
        <testcase name="testCanRemoveAllTechnologiesByClickingDeleteButton" class="App\Tests\Controller\TechnologiesControllerTest" classname="App.Tests.Controller.TechnologiesControllerTest" file="/srv/app/tests/Controller/TechnologiesControllerTest.php" line="96" assertions="81" time="1.782856"/>
      </testsuite>
      <testsuite name="App\Tests\Controller\TesteesControllerTest" file="/srv/app/tests/Controller/TesteesControllerTest.php" tests="4" assertions="32" errors="0" warnings="0" failures="0" skipped="0" time="0.467833">
        <testcase name="testTesteesListIsNotEmpty" class="App\Tests\Controller\TesteesControllerTest" classname="App.Tests.Controller.TesteesControllerTest" file="/srv/app/tests/Controller/TesteesControllerTest.php" line="42" assertions="1" time="0.010948"/>
        <testcase name="testTesteesWebPageListContainsAllRecords" class="App\Tests\Controller\TesteesControllerTest" classname="App.Tests.Controller.TesteesControllerTest" file="/srv/app/tests/Controller/TesteesControllerTest.php" line="55" assertions="10" time="0.056578"/>
        <testcase name="testTesteeDisplayWebPageContainsData" class="App\Tests\Controller\TesteesControllerTest" classname="App.Tests.Controller.TesteesControllerTest" file="/srv/app/tests/Controller/TesteesControllerTest.php" line="76" assertions="12" time="0.178045"/>
        <testcase name="testCanRemoveAllTesteesByClickingDeleteButton" class="App\Tests\Controller\TesteesControllerTest" classname="App.Tests.Controller.TesteesControllerTest" file="/srv/app/tests/Controller/TesteesControllerTest.php" line="96" assertions="9" time="0.222262"/>
      </testsuite>
      <testsuite name="App\Tests\DomainsTest" file="/srv/app/tests/DomainsTest.php" tests="6" assertions="10" errors="0" warnings="0" failures="0" skipped="0" time="0.165668">
        <testcase name="testDomainsListIsNotEmpty" class="App\Tests\DomainsTest" classname="App.Tests.DomainsTest" file="/srv/app/tests/DomainsTest.php" line="51" assertions="1" time="0.008071"/>
        <testcase name="testCanNotAddDomainWithoutName" class="App\Tests\DomainsTest" classname="App.Tests.DomainsTest" file="/srv/app/tests/DomainsTest.php" line="58" assertions="1" time="0.007604"/>
        <testcase name="testCanNotAddDuplicateDomain" class="App\Tests\DomainsTest" classname="App.Tests.DomainsTest" file="/srv/app/tests/DomainsTest.php" line="67" assertions="2" time="0.009851"/>
        <testcase name="testCanAddDummyDomain" class="App\Tests\DomainsTest" classname="App.Tests.DomainsTest" file="/srv/app/tests/DomainsTest.php" line="81" assertions="1" time="0.006679"/>
        <testcase name="testCanRemoveAllDomains" class="App\Tests\DomainsTest" classname="App.Tests.DomainsTest" file="/srv/app/tests/DomainsTest.php" line="93" assertions="1" time="0.114747"/>
        <testcase name="testDomainRemovalLeadsToLinkedTechnologiesDeletion" class="App\Tests\DomainsTest" classname="App.Tests.DomainsTest" file="/srv/app/tests/DomainsTest.php" line="105" assertions="4" time="0.018715"/>
      </testsuite>
      <testsuite name="App\Tests\EnvironmentStatusesTest" file="/srv/app/tests/EnvironmentStatusesTest.php" tests="5" assertions="19" errors="0" warnings="0" failures="0" skipped="0" time="0.160017">
        <testcase name="testEnvironmentStatusesListIsNotEmpty" class="App\Tests\EnvironmentStatusesTest" classname="App.Tests.EnvironmentStatusesTest" file="/srv/app/tests/EnvironmentStatusesTest.php" line="54" assertions="1" time="0.012207"/>
        <testcase name="testCanNotAddEnvironmentStatusWithoutStatusString" class="App\Tests\EnvironmentStatusesTest" classname="App.Tests.EnvironmentStatusesTest" file="/srv/app/tests/EnvironmentStatusesTest.php" line="62" assertions="1" time="0.012766"/>
        <testcase name="testCanNotAddDuplicateEnvironmentStatus" class="App\Tests\EnvironmentStatusesTest" classname="App.Tests.EnvironmentStatusesTest" file="/srv/app/tests/EnvironmentStatusesTest.php" line="74" assertions="1" time="0.012740"/>
        <testcase name="testCanAddDummyEnvironmentStatus" class="App\Tests\EnvironmentStatusesTest" classname="App.Tests.EnvironmentStatusesTest" file="/srv/app/tests/EnvironmentStatusesTest.php" line="87" assertions="1" time="0.008410"/>
        <testcase name="testCanRemoveAllEnvironmentStatuses" class="App\Tests\EnvironmentStatusesTest" classname="App.Tests.EnvironmentStatusesTest" file="/srv/app/tests/EnvironmentStatusesTest.php" line="101" assertions="15" time="0.113895"/>
      </testsuite>
      <testsuite name="App\Tests\EnvironmentsTest" file="/srv/app/tests/EnvironmentsTest.php" tests="5" assertions="22" errors="0" warnings="0" failures="0" skipped="0" time="0.156985">
        <testcase name="testEnvironmentsListIsNotEmpty" class="App\Tests\EnvironmentsTest" classname="App.Tests.EnvironmentsTest" file="/srv/app/tests/EnvironmentsTest.php" line="69" assertions="1" time="0.012553"/>
        <testcase name="testCanNotAddEnvironmentWithoutMandatoryFields" class="App\Tests\EnvironmentsTest" classname="App.Tests.EnvironmentsTest" file="/srv/app/tests/EnvironmentsTest.php" line="76" assertions="1" time="0.013291"/>
        <testcase name="testCanAddDummyEnvironment" class="App\Tests\EnvironmentsTest" classname="App.Tests.EnvironmentsTest" file="/srv/app/tests/EnvironmentsTest.php" line="85" assertions="3" time="0.015039"/>
        <testcase name="testCanRemoveAllEnvironments" class="App\Tests\EnvironmentsTest" classname="App.Tests.EnvironmentsTest" file="/srv/app/tests/EnvironmentsTest.php" line="109" assertions="14" time="0.098312"/>
        <testcase name="testCanNotAddDuplicateEnvironment" class="App\Tests\EnvironmentsTest" classname="App.Tests.EnvironmentsTest" file="/srv/app/tests/EnvironmentsTest.php" line="129" assertions="3" time="0.017790"/>
      </testsuite>
      <testsuite name="App\Tests\HardwareProfilesTest" file="/srv/app/tests/HardwareProfilesTest.php" tests="12" assertions="44" errors="0" warnings="0" failures="0" skipped="0" time="0.778232">
        <testcase name="testHardwareProfilesListIsNotEmpty" class="App\Tests\HardwareProfilesTest" classname="App.Tests.HardwareProfilesTest" file="/srv/app/tests/HardwareProfilesTest.php" line="67" assertions="1" time="0.012002"/>
        <testcase name="testContainerHardwareProfilesListIsNotEmpty" class="App\Tests\HardwareProfilesTest" classname="App.Tests.HardwareProfilesTest" file="/srv/app/tests/HardwareProfilesTest.php" line="78" assertions="1" time="0.011124"/>
        <testcase name="testVmHardwareProfilesListIsNotEmpty" class="App\Tests\HardwareProfilesTest" classname="App.Tests.HardwareProfilesTest" file="/srv/app/tests/HardwareProfilesTest.php" line="91" assertions="1" time="0.011359"/>
        <testcase name="testSupportedHardwareProfilesListIsNotEmpty" class="App\Tests\HardwareProfilesTest" classname="App.Tests.HardwareProfilesTest" file="/srv/app/tests/HardwareProfilesTest.php" line="104" assertions="1" time="0.011583"/>
        <testcase name="testEachSupportedHardwareProfileHasCorrespondingInstanceTypesForAllSupportedOses" class="App\Tests\HardwareProfilesTest" classname="App.Tests.HardwareProfilesTest" file="/srv/app/tests/HardwareProfilesTest.php" line="129" assertions="9" time="0.023919"/>
        <testcase name="testCanNotAddHardwareProfileWithoutNameOrType" class="App\Tests\HardwareProfilesTest" classname="App.Tests.HardwareProfilesTest" file="/srv/app/tests/HardwareProfilesTest.php" line="147" assertions="1" time="0.014357"/>
        <testcase name="testCanNotAddDuplicateHardwareProfile" class="App\Tests\HardwareProfilesTest" classname="App.Tests.HardwareProfilesTest" file="/srv/app/tests/HardwareProfilesTest.php" line="156" assertions="2" time="0.015050"/>
        <testcase name="testCanAddDummyHardwareProfile" class="App\Tests\HardwareProfilesTest" classname="App.Tests.HardwareProfilesTest" file="/srv/app/tests/HardwareProfilesTest.php" line="168" assertions="1" time="0.009285"/>
        <testcase name="testCanAddDummySupportedHardwareProfile" class="App\Tests\HardwareProfilesTest" classname="App.Tests.HardwareProfilesTest" file="/srv/app/tests/HardwareProfilesTest.php" line="177" assertions="6" time="0.032901"/>
        <testcase name="testCanRemoveAllHardwareProfiles" class="App\Tests\HardwareProfilesTest" classname="App.Tests.HardwareProfilesTest" file="/srv/app/tests/HardwareProfilesTest.php" line="227" assertions="9" time="0.350925"/>
        <testcase name="testCanMakeHardwareProfileSupported" class="App\Tests\HardwareProfilesTest" classname="App.Tests.HardwareProfilesTest" file="/srv/app/tests/HardwareProfilesTest.php" line="248" assertions="6" time="0.043550"/>
        <testcase name="testCanMakeHardwareProfileUnsupported" class="App\Tests\HardwareProfilesTest" classname="App.Tests.HardwareProfilesTest" file="/srv/app/tests/HardwareProfilesTest.php" line="273" assertions="6" time="0.242179"/>
      </testsuite>
      <testsuite name="App\Tests\InstanceStatusesTest" file="/srv/app/tests/InstanceStatusesTest.php" tests="5" assertions="17" errors="0" warnings="0" failures="0" skipped="0" time="0.275069">
        <testcase name="testInstanceStatusesListIsNotEmpty" class="App\Tests\InstanceStatusesTest" classname="App.Tests.InstanceStatusesTest" file="/srv/app/tests/InstanceStatusesTest.php" line="55" assertions="1" time="0.007980"/>
        <testcase name="testCanNotAddInstanceStatusWithoutStatusString" class="App\Tests\InstanceStatusesTest" classname="App.Tests.InstanceStatusesTest" file="/srv/app/tests/InstanceStatusesTest.php" line="63" assertions="1" time="0.009420"/>
        <testcase name="testCanNotAddDuplicateInstanceStatus" class="App\Tests\InstanceStatusesTest" classname="App.Tests.InstanceStatusesTest" file="/srv/app/tests/InstanceStatusesTest.php" line="75" assertions="1" time="0.011534"/>
        <testcase name="testCanAddDummyInstanceStatus" class="App\Tests\InstanceStatusesTest" classname="App.Tests.InstanceStatusesTest" file="/srv/app/tests/InstanceStatusesTest.php" line="84" assertions="1" time="0.009034"/>
        <testcase name="testCanRemoveAllInstanceStatuses" class="App\Tests\InstanceStatusesTest" classname="App.Tests.InstanceStatusesTest" file="/srv/app/tests/InstanceStatusesTest.php" line="98" assertions="13" time="0.237100"/>
      </testsuite>
      <testsuite name="App\Tests\InstanceTypesTest" file="/srv/app/tests/InstanceTypesTest.php" tests="5" assertions="24" errors="0" warnings="0" failures="0" skipped="0" time="0.438553">
        <testcase name="testInstanceTypesListIsNotEmpty" class="App\Tests\InstanceTypesTest" classname="App.Tests.InstanceTypesTest" file="/srv/app/tests/InstanceTypesTest.php" line="63" assertions="1" time="0.008947"/>
        <testcase name="testCanNotAddInstanceTypeWithoutOperatingSystem" class="App\Tests\InstanceTypesTest" classname="App.Tests.InstanceTypesTest" file="/srv/app/tests/InstanceTypesTest.php" line="75" assertions="2" time="0.010946"/>
        <testcase name="testCanNotAddInstanceTypeWithoutHardwareProfile" class="App\Tests\InstanceTypesTest" classname="App.Tests.InstanceTypesTest" file="/srv/app/tests/InstanceTypesTest.php" line="93" assertions="2" time="0.017695"/>
        <testcase name="testCanNotAddDuplicateInstanceTypes" class="App\Tests\InstanceTypesTest" classname="App.Tests.InstanceTypesTest" file="/srv/app/tests/InstanceTypesTest.php" line="111" assertions="3" time="0.017754"/>
        <testcase name="testCanRemoveAllInstanceTypes" class="App\Tests\InstanceTypesTest" classname="App.Tests.InstanceTypesTest" file="/srv/app/tests/InstanceTypesTest.php" line="133" assertions="16" time="0.383211"/>
      </testsuite>
      <testsuite name="App\Tests\InstancesTest" file="/srv/app/tests/InstancesTest.php" tests="7" assertions="89" errors="0" warnings="0" failures="0" skipped="0" time="0.665915">
        <testcase name="testInstancesListIsNotEmpty" class="App\Tests\InstancesTest" classname="App.Tests.InstancesTest" file="/srv/app/tests/InstancesTest.php" line="69" assertions="1" time="0.019018"/>
        <testcase name="testCanNotAddInstanceWithoutMandatoryFields" class="App\Tests\InstancesTest" classname="App.Tests.InstancesTest" file="/srv/app/tests/InstancesTest.php" line="76" assertions="1" time="0.014741"/>
        <testcase name="testCanAddDummyInstance" class="App\Tests\InstancesTest" classname="App.Tests.InstancesTest" file="/srv/app/tests/InstancesTest.php" line="85" assertions="3" time="0.014427"/>
        <testcase name="testInstanceListHasNoOrphans" class="App\Tests\InstancesTest" classname="App.Tests.InstancesTest" file="/srv/app/tests/InstancesTest.php" line="110" assertions="16" time="0.206466"/>
        <testcase name="testLxcInventoryHasNoOrphans" class="App\Tests\InstancesTest" classname="App.Tests.InstancesTest" file="/srv/app/tests/InstancesTest.php" line="121" assertions="33" time="0.190053"/>
        <testcase name="testCanWipeAllInstancesFromDatabase" class="App\Tests\InstancesTest" classname="App.Tests.InstancesTest" file="/srv/app/tests/InstancesTest.php" line="143" assertions="32" time="0.209044"/>
        <testcase name="testCanNotAddDuplicateInstance" class="App\Tests\InstancesTest" classname="App.Tests.InstancesTest" file="/srv/app/tests/InstancesTest.php" line="163" assertions="3" time="0.012166"/>
      </testsuite>
      <testsuite name="App\Tests\MessengerMessagesTest" file="/srv/app/tests/MessengerMessagesTest.php" tests="1" assertions="1" errors="0" warnings="0" failures="0" skipped="0" time="0.007655">
        <testcase name="testMessengerMessagesListIsEmpty" class="App\Tests\MessengerMessagesTest" classname="App.Tests.MessengerMessagesTest" file="/srv/app/tests/MessengerMessagesTest.php" line="37" assertions="1" time="0.007655"/>
      </testsuite>
      <testsuite name="App\Tests\OperatingSystemsTest" file="/srv/app/tests/OperatingSystemsTest.php" tests="10" assertions="38" errors="0" warnings="0" failures="0" skipped="0" time="0.658571">
        <testcase name="testOperatingSystemsListIsNotEmpty" class="App\Tests\OperatingSystemsTest" classname="App.Tests.OperatingSystemsTest" file="/srv/app/tests/OperatingSystemsTest.php" line="81" assertions="1" time="0.009765"/>
        <testcase name="testSupportedOperatingSystemsListIsNotEmpty" class="App\Tests\OperatingSystemsTest" classname="App.Tests.OperatingSystemsTest" file="/srv/app/tests/OperatingSystemsTest.php" line="90" assertions="1" time="0.009219"/>
        <testcase name="testEachSupportedOsHasCorrespondingInstanceTypesForAllSupportedHardwareProfiles" class="App\Tests\OperatingSystemsTest" classname="App.Tests.OperatingSystemsTest" file="/srv/app/tests/OperatingSystemsTest.php" line="105" assertions="9" time="0.017930"/>
        <testcase name="testCanNotAddOperatingSystemWithoutReleaseOrBreed" class="App\Tests\OperatingSystemsTest" classname="App.Tests.OperatingSystemsTest" file="/srv/app/tests/OperatingSystemsTest.php" line="121" assertions="1" time="0.010238"/>
        <testcase name="testCanNotAddDuplicateOperatingSystem" class="App\Tests\OperatingSystemsTest" classname="App.Tests.OperatingSystemsTest" file="/srv/app/tests/OperatingSystemsTest.php" line="130" assertions="2" time="0.013039"/>
        <testcase name="testCanAddDummyOperatingSystem" class="App\Tests\OperatingSystemsTest" classname="App.Tests.OperatingSystemsTest" file="/srv/app/tests/OperatingSystemsTest.php" line="146" assertions="2" time="0.011584"/>
        <testcase name="testCanAddDummySupportedOperatingSystem" class="App\Tests\OperatingSystemsTest" classname="App.Tests.OperatingSystemsTest" file="/srv/app/tests/OperatingSystemsTest.php" line="160" assertions="5" time="0.026293"/>
        <testcase name="testCanRemoveAllOperatingSystems" class="App\Tests\OperatingSystemsTest" classname="App.Tests.OperatingSystemsTest" file="/srv/app/tests/OperatingSystemsTest.php" line="189" assertions="9" time="0.370150"/>
        <testcase name="testCanMakeOperatingSystemSupported" class="App\Tests\OperatingSystemsTest" classname="App.Tests.OperatingSystemsTest" file="/srv/app/tests/OperatingSystemsTest.php" line="210" assertions="4" time="0.021031"/>
        <testcase name="testCanMakeOperatingSystemUnsupported" class="App\Tests\OperatingSystemsTest" classname="App.Tests.OperatingSystemsTest" file="/srv/app/tests/OperatingSystemsTest.php" line="235" assertions="4" time="0.169323"/>
      </testsuite>
      <testsuite name="App\Tests\PortsTest" file="/srv/app/tests/PortsTest.php" tests="7" assertions="2302" errors="0" warnings="0" failures="0" skipped="0" time="2.831206">
        <testcase name="testPortsListIsNotEmpty" class="App\Tests\PortsTest" classname="App.Tests.PortsTest" file="/srv/app/tests/PortsTest.php" line="50" assertions="1" time="0.294650"/>
        <testcase name="testCanNotAddPortWithoutPortNumber" class="App\Tests\PortsTest" classname="App.Tests.PortsTest" file="/srv/app/tests/PortsTest.php" line="58" assertions="1" time="0.009026"/>
        <testcase name="testCanNotAddDuplicatePorts" class="App\Tests\PortsTest" classname="App.Tests.PortsTest" file="/srv/app/tests/PortsTest.php" line="71" assertions="2" time="0.008925"/>
        <testcase name="testSparePortsAreAvailable" class="App\Tests\PortsTest" classname="App.Tests.PortsTest" file="/srv/app/tests/PortsTest.php" line="86" assertions="1" time="0.013985"/>
        <testcase name="testEachAddressHasPort" class="App\Tests\PortsTest" classname="App.Tests.PortsTest" file="/srv/app/tests/PortsTest.php" line="95" assertions="2295" time="2.492052"/>
        <testcase name="testCanAddDummyPort" class="App\Tests\PortsTest" classname="App.Tests.PortsTest" file="/srv/app/tests/PortsTest.php" line="109" assertions="1" time="0.006556"/>
        <testcase name="testCanRemoveDummyPort" class="App\Tests\PortsTest" classname="App.Tests.PortsTest" file="/srv/app/tests/PortsTest.php" line="122" assertions="1" time="0.006012"/>
      </testsuite>
      <testsuite name="App\Tests\SessionOsesTest" file="/srv/app/tests/SessionOsesTest.php" tests="5" assertions="9" errors="0" warnings="0" failures="0" skipped="0" time="0.100376">
        <testcase name="testSessionOsesListIsNotEmpty" class="App\Tests\SessionOsesTest" classname="App.Tests.SessionOsesTest" file="/srv/app/tests/SessionOsesTest.php" line="53" assertions="1" time="0.006308"/>
        <testcase name="testCanNotAddSessionOsWithoutSession" class="App\Tests\SessionOsesTest" classname="App.Tests.SessionOsesTest" file="/srv/app/tests/SessionOsesTest.php" line="65" assertions="2" time="0.011751"/>
        <testcase name="testCanNotAddSessionOsWithoutOperatingSystem" class="App\Tests\SessionOsesTest" classname="App.Tests.SessionOsesTest" file="/srv/app/tests/SessionOsesTest.php" line="83" assertions="2" time="0.011518"/>
        <testcase name="testCanNotAddDuplicateSessionOses" class="App\Tests\SessionOsesTest" classname="App.Tests.SessionOsesTest" file="/srv/app/tests/SessionOsesTest.php" line="101" assertions="3" time="0.014484"/>
        <testcase name="testCanRemoveAllSessionOses" class="App\Tests\SessionOsesTest" classname="App.Tests.SessionOsesTest" file="/srv/app/tests/SessionOsesTest.php" line="121" assertions="1" time="0.056315"/>
      </testsuite>
      <testsuite name="App\Tests\SessionStatusesTest" file="/srv/app/tests/SessionStatusesTest.php" tests="5" assertions="17" errors="0" warnings="0" failures="0" skipped="0" time="0.128941">
        <testcase name="testSessionStatusesListIsNotEmpty" class="App\Tests\SessionStatusesTest" classname="App.Tests.SessionStatusesTest" file="/srv/app/tests/SessionStatusesTest.php" line="55" assertions="1" time="0.009291"/>
        <testcase name="testCanNotAddSessionStatusWithoutStatusString" class="App\Tests\SessionStatusesTest" classname="App.Tests.SessionStatusesTest" file="/srv/app/tests/SessionStatusesTest.php" line="63" assertions="1" time="0.010456"/>
        <testcase name="testCanNotAddDuplicateSessionStatus" class="App\Tests\SessionStatusesTest" classname="App.Tests.SessionStatusesTest" file="/srv/app/tests/SessionStatusesTest.php" line="75" assertions="1" time="0.009727"/>
        <testcase name="testCanAddDummySessionStatus" class="App\Tests\SessionStatusesTest" classname="App.Tests.SessionStatusesTest" file="/srv/app/tests/SessionStatusesTest.php" line="84" assertions="1" time="0.010473"/>
        <testcase name="testCanRemoveAllSessionStatuses" class="App\Tests\SessionStatusesTest" classname="App.Tests.SessionStatusesTest" file="/srv/app/tests/SessionStatusesTest.php" line="98" assertions="13" time="0.088994"/>
      </testsuite>
      <testsuite name="App\Tests\SessionTechsTest" file="/srv/app/tests/SessionTechsTest.php" tests="5" assertions="9" errors="0" warnings="0" failures="0" skipped="0" time="0.048731">
        <testcase name="testSessionTechsListIsNotEmpty" class="App\Tests\SessionTechsTest" classname="App.Tests.SessionTechsTest" file="/srv/app/tests/SessionTechsTest.php" line="53" assertions="1" time="0.006480"/>
        <testcase name="testCanNotAddSessionTechWithoutSession" class="App\Tests\SessionTechsTest" classname="App.Tests.SessionTechsTest" file="/srv/app/tests/SessionTechsTest.php" line="65" assertions="2" time="0.009519"/>
        <testcase name="testCanNotAddSessionTechWithoutTechnology" class="App\Tests\SessionTechsTest" classname="App.Tests.SessionTechsTest" file="/srv/app/tests/SessionTechsTest.php" line="83" assertions="2" time="0.011596"/>
        <testcase name="testCanNotAddDuplicateSessionTechs" class="App\Tests\SessionTechsTest" classname="App.Tests.SessionTechsTest" file="/srv/app/tests/SessionTechsTest.php" line="101" assertions="3" time="0.014656"/>
        <testcase name="testCanRemoveAllSessionTechs" class="App\Tests\SessionTechsTest" classname="App.Tests.SessionTechsTest" file="/srv/app/tests/SessionTechsTest.php" line="121" assertions="1" time="0.006479"/>
      </testsuite>
      <testsuite name="App\Tests\SessionsTest" file="/srv/app/tests/SessionsTest.php" tests="5" assertions="14" errors="0" warnings="0" failures="0" skipped="0" time="0.094989">
        <testcase name="testSessionsListIsNotEmpty" class="App\Tests\SessionsTest" classname="App.Tests.SessionsTest" file="/srv/app/tests/SessionsTest.php" line="69" assertions="1" time="0.011289"/>
        <testcase name="testCanNotAddSessionWithoutMandatoryFields" class="App\Tests\SessionsTest" classname="App.Tests.SessionsTest" file="/srv/app/tests/SessionsTest.php" line="76" assertions="1" time="0.011401"/>
        <testcase name="testCanAddDummySession" class="App\Tests\SessionsTest" classname="App.Tests.SessionsTest" file="/srv/app/tests/SessionsTest.php" line="85" assertions="3" time="0.010844"/>
        <testcase name="testCanRemoveAllSessions" class="App\Tests\SessionsTest" classname="App.Tests.SessionsTest" file="/srv/app/tests/SessionsTest.php" line="110" assertions="6" time="0.049407"/>
        <testcase name="testCanNotAddDuplicateSession" class="App\Tests\SessionsTest" classname="App.Tests.SessionsTest" file="/srv/app/tests/SessionsTest.php" line="130" assertions="3" time="0.012049"/>
      </testsuite>
      <testsuite name="App\Tests\TaskInstanceTypesTest" file="/srv/app/tests/TaskInstanceTypesTest.php" tests="6" assertions="11" errors="0" warnings="0" failures="0" skipped="0" time="0.076298">
        <testcase name="testTaskInstanceTypesListIsNotEmpty" class="App\Tests\TaskInstanceTypesTest" classname="App.Tests.TaskInstanceTypesTest" file="/srv/app/tests/TaskInstanceTypesTest.php" line="59" assertions="1" time="0.020320"/>
        <testcase name="testCanRemoveRandomTaskInstanceType" class="App\Tests\TaskInstanceTypesTest" classname="App.Tests.TaskInstanceTypesTest" file="/srv/app/tests/TaskInstanceTypesTest.php" line="71" assertions="2" time="0.011787"/>
        <testcase name="testCanRemoveAllTaskInstanceTypes" class="App\Tests\TaskInstanceTypesTest" classname="App.Tests.TaskInstanceTypesTest" file="/srv/app/tests/TaskInstanceTypesTest.php" line="87" assertions="1" time="0.009085"/>
        <testcase name="testCanNotAddTaskInstanceTypeWithoutTask" class="App\Tests\TaskInstanceTypesTest" classname="App.Tests.TaskInstanceTypesTest" file="/srv/app/tests/TaskInstanceTypesTest.php" line="100" assertions="2" time="0.011882"/>
        <testcase name="testCanNotAddTaskInstanceTypeWithoutInstanceType" class="App\Tests\TaskInstanceTypesTest" classname="App.Tests.TaskInstanceTypesTest" file="/srv/app/tests/TaskInstanceTypesTest.php" line="118" assertions="2" time="0.009832"/>
        <testcase name="testCanNotAddDuplicateTaskInstanceTypes" class="App\Tests\TaskInstanceTypesTest" classname="App.Tests.TaskInstanceTypesTest" file="/srv/app/tests/TaskInstanceTypesTest.php" line="136" assertions="3" time="0.013391"/>
      </testsuite>
      <testsuite name="App\Tests\TaskOsesTest" file="/srv/app/tests/TaskOsesTest.php" tests="5" assertions="9" errors="0" warnings="0" failures="0" skipped="0" time="0.051295">
        <testcase name="testTaskOsesListIsNotEmpty" class="App\Tests\TaskOsesTest" classname="App.Tests.TaskOsesTest" file="/srv/app/tests/TaskOsesTest.php" line="59" assertions="1" time="0.011153"/>
        <testcase name="testCanRemoveAllTaskOses" class="App\Tests\TaskOsesTest" classname="App.Tests.TaskOsesTest" file="/srv/app/tests/TaskOsesTest.php" line="70" assertions="1" time="0.006798"/>
        <testcase name="testCanNotAddTaskOsWithoutTask" class="App\Tests\TaskOsesTest" classname="App.Tests.TaskOsesTest" file="/srv/app/tests/TaskOsesTest.php" line="83" assertions="2" time="0.009445"/>
        <testcase name="testCanNotAddTaskOsWithoutOperatingSystem" class="App\Tests\TaskOsesTest" classname="App.Tests.TaskOsesTest" file="/srv/app/tests/TaskOsesTest.php" line="101" assertions="2" time="0.012402"/>
        <testcase name="testCanNotAddDuplicateTaskOses" class="App\Tests\TaskOsesTest" classname="App.Tests.TaskOsesTest" file="/srv/app/tests/TaskOsesTest.php" line="119" assertions="3" time="0.011498"/>
      </testsuite>
      <testsuite name="App\Tests\TaskTechsTest" file="/srv/app/tests/TaskTechsTest.php" tests="5" assertions="9" errors="0" warnings="0" failures="0" skipped="0" time="0.060158">
        <testcase name="testTaskTechsListIsNotEmpty" class="App\Tests\TaskTechsTest" classname="App.Tests.TaskTechsTest" file="/srv/app/tests/TaskTechsTest.php" line="59" assertions="1" time="0.012753"/>
        <testcase name="testCanRemoveAllTaskTechs" class="App\Tests\TaskTechsTest" classname="App.Tests.TaskTechsTest" file="/srv/app/tests/TaskTechsTest.php" line="70" assertions="1" time="0.009460"/>
        <testcase name="testCanNotAddTaskTechWithoutTask" class="App\Tests\TaskTechsTest" classname="App.Tests.TaskTechsTest" file="/srv/app/tests/TaskTechsTest.php" line="83" assertions="2" time="0.013204"/>
        <testcase name="testCanNotAddTaskTechWithoutTechnology" class="App\Tests\TaskTechsTest" classname="App.Tests.TaskTechsTest" file="/srv/app/tests/TaskTechsTest.php" line="101" assertions="2" time="0.008729"/>
        <testcase name="testCanNotAddDuplicateTaskTechs" class="App\Tests\TaskTechsTest" classname="App.Tests.TaskTechsTest" file="/srv/app/tests/TaskTechsTest.php" line="119" assertions="3" time="0.016012"/>
      </testsuite>
      <testsuite name="App\Tests\TasksTest" file="/srv/app/tests/TasksTest.php" tests="6" assertions="36" errors="0" warnings="0" failures="0" skipped="0" time="0.480821">
        <testcase name="testTasksListIsNotEmpty" class="App\Tests\TasksTest" classname="App.Tests.TasksTest" file="/srv/app/tests/TasksTest.php" line="45" assertions="1" time="0.009997"/>
        <testcase name="testCanNotAddTaskWithoutName" class="App\Tests\TasksTest" classname="App.Tests.TasksTest" file="/srv/app/tests/TasksTest.php" line="53" assertions="1" time="0.009111"/>
        <testcase name="testCanNotAddTaskWithoutPath" class="App\Tests\TasksTest" classname="App.Tests.TasksTest" file="/srv/app/tests/TasksTest.php" line="61" assertions="1" time="0.010604"/>
        <testcase name="testCanNotAddDuplicateTasks" class="App\Tests\TasksTest" classname="App.Tests.TasksTest" file="/srv/app/tests/TasksTest.php" line="74" assertions="2" time="0.014878"/>
        <testcase name="testCanAddDummyTask" class="App\Tests\TasksTest" classname="App.Tests.TasksTest" file="/srv/app/tests/TasksTest.php" line="90" assertions="1" time="0.013219"/>
        <testcase name="testCanRemoveAllTasks" class="App\Tests\TasksTest" classname="App.Tests.TasksTest" file="/srv/app/tests/TasksTest.php" line="104" assertions="30" time="0.423010"/>
      </testsuite>
      <testsuite name="App\Tests\TechnologiesTest" file="/srv/app/tests/TechnologiesTest.php" tests="5" assertions="60" errors="0" warnings="0" failures="0" skipped="0" time="0.222168">
        <testcase name="testTechnologiesListIsNotEmpty" class="App\Tests\TechnologiesTest" classname="App.Tests.TechnologiesTest" file="/srv/app/tests/TechnologiesTest.php" line="60" assertions="1" time="0.009548"/>
        <testcase name="testCanNotAddTechnologyWithoutMandatoryFields" class="App\Tests\TechnologiesTest" classname="App.Tests.TechnologiesTest" file="/srv/app/tests/TechnologiesTest.php" line="67" assertions="1" time="0.008377"/>
        <testcase name="testCanAddDummyTechnology" class="App\Tests\TechnologiesTest" classname="App.Tests.TechnologiesTest" file="/srv/app/tests/TechnologiesTest.php" line="72" assertions="2" time="0.011798"/>
        <testcase name="testCanRemoveAllTechnologies" class="App\Tests\TechnologiesTest" classname="App.Tests.TechnologiesTest" file="/srv/app/tests/TechnologiesTest.php" line="89" assertions="54" time="0.183714"/>
        <testcase name="testCanNotAddDuplicateTechnology" class="App\Tests\TechnologiesTest" classname="App.Tests.TechnologiesTest" file="/srv/app/tests/TechnologiesTest.php" line="108" assertions="2" time="0.008731"/>
      </testsuite>
      <testsuite name="App\Tests\TesteesTest" file="/srv/app/tests/TesteesTest.php" tests="5" assertions="11" errors="0" warnings="0" failures="0" skipped="0" time="0.093364">
        <testcase name="testTesteesListIsNotEmpty" class="App\Tests\TesteesTest" classname="App.Tests.TesteesTest" file="/srv/app/tests/TesteesTest.php" line="51" assertions="1" time="0.006835"/>
        <testcase name="testCanNotAddTesteeWithoutMandatoryFields" class="App\Tests\TesteesTest" classname="App.Tests.TesteesTest" file="/srv/app/tests/TesteesTest.php" line="58" assertions="1" time="0.009705"/>
        <testcase name="testCanAddDummyTestee" class="App\Tests\TesteesTest" classname="App.Tests.TesteesTest" file="/srv/app/tests/TesteesTest.php" line="63" assertions="1" time="0.007836"/>
        <testcase name="testCanRemoveAllTestees" class="App\Tests\TesteesTest" classname="App.Tests.TesteesTest" file="/srv/app/tests/TesteesTest.php" line="79" assertions="6" time="0.055789"/>
        <testcase name="testCanNotAddDuplicateTestee" class="App\Tests\TesteesTest" classname="App.Tests.TesteesTest" file="/srv/app/tests/TesteesTest.php" line="98" assertions="2" time="0.013199"/>
      </testsuite>
    </testsuite>
  </testsuite>
</testsuites>
