<?xml version="1.0" encoding="UTF-8"?>
<testsuites>
  <testsuite name="" tests="243" assertions="4688" errors="0" warnings="0" failures="1" skipped="1" time="119.586677">
    <testsuite name="App Test Suite" tests="243" assertions="4688" errors="0" warnings="0" failures="1" skipped="1" time="119.586677">
      <testsuite name="App\Tests\AddressesTest" file="/srv/app/tests/AddressesTest.php" tests="8" assertions="49" errors="0" warnings="0" failures="1" skipped="0" time="2.393625">
        <testcase name="testAddressesListIsNotEmpty" class="App\Tests\AddressesTest" classname="App.Tests.AddressesTest" file="/srv/app/tests/AddressesTest.php" line="58" assertions="1" time="1.053325"/>
        <testcase name="testCanNotAddAddressWithoutIp" class="App\Tests\AddressesTest" classname="App.Tests.AddressesTest" file="/srv/app/tests/AddressesTest.php" line="66" assertions="1" time="0.025708"/>
        <testcase name="testCanNotAddAddressWithoutMac" class="App\Tests\AddressesTest" classname="App.Tests.AddressesTest" file="/srv/app/tests/AddressesTest.php" line="74" assertions="1" time="0.012808"/>
        <testcase name="testCanNotAddDuplicateAddresses" class="App\Tests\AddressesTest" classname="App.Tests.AddressesTest" file="/srv/app/tests/AddressesTest.php" line="87" assertions="2" time="0.032592"/>
        <testcase name="testSpareAddressesAreAvailable" class="App\Tests\AddressesTest" classname="App.Tests.AddressesTest" file="/srv/app/tests/AddressesTest.php" line="103" assertions="1" time="0.539612"/>
        <testcase name="testEachInstanceHasAddress" class="App\Tests\AddressesTest" classname="App.Tests.AddressesTest" file="/srv/app/tests/AddressesTest.php" line="112" assertions="17" time="0.100855"/>
        <testcase name="testCanAddDummyAddress" class="App\Tests\AddressesTest" classname="App.Tests.AddressesTest" file="/srv/app/tests/AddressesTest.php" line="126" assertions="1" time="0.020380"/>
        <testcase name="testCanRemoveAllAddresses" class="App\Tests\AddressesTest" classname="App.Tests.AddressesTest" file="/srv/app/tests/AddressesTest.php" line="146" assertions="25" time="0.608343">
          <failure type="PHPUnit\Framework\ExpectationFailedException">App\Tests\AddressesTest::testCanRemoveAllAddresses
Failed asserting that an array is empty.

/srv/app/tests/AddressesTest.php:165
/srv/app/vendor/phpunit/phpunit/phpunit:107</failure>
        </testcase>
      </testsuite>
      <testsuite name="App\Tests\BreedsTest" file="/srv/app/tests/BreedsTest.php" tests="6" assertions="10" errors="0" warnings="0" failures="0" skipped="0" time="0.622135">
        <testcase name="testBreedsListIsNotEmpty" class="App\Tests\BreedsTest" classname="App.Tests.BreedsTest" file="/srv/app/tests/BreedsTest.php" line="58" assertions="1" time="0.023010"/>
        <testcase name="testBreedHasOperatingSystemsReference" class="App\Tests\BreedsTest" classname="App.Tests.BreedsTest" file="/srv/app/tests/BreedsTest.php" line="72" assertions="1" time="0.025877"/>
        <testcase name="testCanNotAddBreedWithoutName" class="App\Tests\BreedsTest" classname="App.Tests.BreedsTest" file="/srv/app/tests/BreedsTest.php" line="85" assertions="1" time="0.021305"/>
        <testcase name="testCanNotAddDuplicateBreed" class="App\Tests\BreedsTest" classname="App.Tests.BreedsTest" file="/srv/app/tests/BreedsTest.php" line="96" assertions="1" time="0.018236"/>
        <testcase name="testCanAddDummyBreed" class="App\Tests\BreedsTest" classname="App.Tests.BreedsTest" file="/srv/app/tests/BreedsTest.php" line="107" assertions="1" time="0.018033"/>
        <testcase name="testCanRemoveAllBreeds" class="App\Tests\BreedsTest" classname="App.Tests.BreedsTest" file="/srv/app/tests/BreedsTest.php" line="121" assertions="5" time="0.515674"/>
      </testsuite>
      <testsuite name="App\Tests\Command\AwxMeCommandTest" file="/srv/app/tests/Command/AwxMeCommandTest.php" tests="1" assertions="2" errors="0" warnings="0" failures="0" skipped="0" time="0.549681">
        <testcase name="testAwxMeIsSymfony" class="App\Tests\Command\AwxMeCommandTest" classname="App.Tests.Command.AwxMeCommandTest" file="/srv/app/tests/Command/AwxMeCommandTest.php" line="11" assertions="2" time="0.549681"/>
      </testsuite>
      <testsuite name="App\Tests\Command\AwxProjectListCommandTest" file="/srv/app/tests/Command/AwxProjectListCommandTest.php" tests="1" assertions="0" errors="0" warnings="0" failures="0" skipped="1" time="0.001742">
        <testcase name="testExecute" class="App\Tests\Command\AwxProjectListCommandTest" classname="App.Tests.Command.AwxProjectListCommandTest" file="/srv/app/tests/Command/AwxProjectListCommandTest.php" line="11" assertions="0" time="0.001742">
          <skipped/>
        </testcase>
      </testsuite>
      <testsuite name="App\Tests\Controller\AddressesControllerTest" file="/srv/app/tests/Controller/AddressesControllerTest.php" tests="6" assertions="125" errors="0" warnings="0" failures="0" skipped="0" time="37.321879">
        <testcase name="testAddressesListIsNotEmpty" class="App\Tests\Controller\AddressesControllerTest" classname="App.Tests.Controller.AddressesControllerTest" file="/srv/app/tests/Controller/AddressesControllerTest.php" line="48" assertions="1" time="0.564826"/>
        <testcase name="testAddressesWebPageListContainsAllRecords" class="App\Tests\Controller\AddressesControllerTest" classname="App.Tests.Controller.AddressesControllerTest" file="/srv/app/tests/Controller/AddressesControllerTest.php" line="61" assertions="37" time="29.740691"/>
        <testcase name="testAddressDisplayWebPageContainsData" class="App\Tests\Controller\AddressesControllerTest" classname="App.Tests.Controller.AddressesControllerTest" file="/srv/app/tests/Controller/AddressesControllerTest.php" line="87" assertions="48" time="0.787681"/>
        <testcase name="testCanRemoveAllAddressesByClickingDeleteButton" class="App\Tests\Controller\AddressesControllerTest" classname="App.Tests.Controller.AddressesControllerTest" file="/srv/app/tests/Controller/AddressesControllerTest.php" line="112" assertions="36" time="1.454549"/>
        <testcase name="testCanAddDummyAddressBySubmittingForm" class="App\Tests\Controller\AddressesControllerTest" classname="App.Tests.Controller.AddressesControllerTest" file="/srv/app/tests/Controller/AddressesControllerTest.php" line="146" assertions="1" time="2.754133"/>
        <testcase name="testCanEditAddressBySubmittingForm" class="App\Tests\Controller\AddressesControllerTest" classname="App.Tests.Controller.AddressesControllerTest" file="/srv/app/tests/Controller/AddressesControllerTest.php" line="172" assertions="2" time="2.019998"/>
      </testsuite>
      <testsuite name="App\Tests\Controller\BreedsControllerTest" file="/srv/app/tests/Controller/BreedsControllerTest.php" tests="6" assertions="25" errors="0" warnings="0" failures="0" skipped="0" time="1.680234">
        <testcase name="testBreedsListIsNotEmpty" class="App\Tests\Controller\BreedsControllerTest" classname="App.Tests.Controller.BreedsControllerTest" file="/srv/app/tests/Controller/BreedsControllerTest.php" line="48" assertions="1" time="0.010974"/>
        <testcase name="testBreedsWebPageListContainsAllRecords" class="App\Tests\Controller\BreedsControllerTest" classname="App.Tests.Controller.BreedsControllerTest" file="/srv/app/tests/Controller/BreedsControllerTest.php" line="61" assertions="7" time="0.063604"/>
        <testcase name="testBreedDisplayWebPageContainsData" class="App\Tests\Controller\BreedsControllerTest" classname="App.Tests.Controller.BreedsControllerTest" file="/srv/app/tests/Controller/BreedsControllerTest.php" line="82" assertions="8" time="0.093052"/>
        <testcase name="testCanRemoveAllBreedsByClickingDeleteButton" class="App\Tests\Controller\BreedsControllerTest" classname="App.Tests.Controller.BreedsControllerTest" file="/srv/app/tests/Controller/BreedsControllerTest.php" line="102" assertions="6" time="0.920488"/>
        <testcase name="testCanAddDummyBreedBySubmittingForm" class="App\Tests\Controller\BreedsControllerTest" classname="App.Tests.Controller.BreedsControllerTest" file="/srv/app/tests/Controller/BreedsControllerTest.php" line="131" assertions="1" time="0.327634"/>
        <testcase name="testCanEditBreedBySubmittingForm" class="App\Tests\Controller\BreedsControllerTest" classname="App.Tests.Controller.BreedsControllerTest" file="/srv/app/tests/Controller/BreedsControllerTest.php" line="156" assertions="2" time="0.264483"/>
      </testsuite>
      <testsuite name="App\Tests\Controller\DomainsControllerTest" file="/srv/app/tests/Controller/DomainsControllerTest.php" tests="6" assertions="105" errors="0" warnings="0" failures="0" skipped="0" time="2.369912">
        <testcase name="testDomainsListIsNotEmpty" class="App\Tests\Controller\DomainsControllerTest" classname="App.Tests.Controller.DomainsControllerTest" file="/srv/app/tests/Controller/DomainsControllerTest.php" line="48" assertions="1" time="0.022806"/>
        <testcase name="testDomainsWebPageListContainsAllRecords" class="App\Tests\Controller\DomainsControllerTest" classname="App.Tests.Controller.DomainsControllerTest" file="/srv/app/tests/Controller/DomainsControllerTest.php" line="61" assertions="31" time="0.118750"/>
        <testcase name="testDomainDisplayWebPageContainsData" class="App\Tests\Controller\DomainsControllerTest" classname="App.Tests.Controller.DomainsControllerTest" file="/srv/app/tests/Controller/DomainsControllerTest.php" line="82" assertions="40" time="0.539608"/>
        <testcase name="testCanRemoveAllDomainsByClickingDeleteButton" class="App\Tests\Controller\DomainsControllerTest" classname="App.Tests.Controller.DomainsControllerTest" file="/srv/app/tests/Controller/DomainsControllerTest.php" line="102" assertions="30" time="1.174602"/>
        <testcase name="testCanAddDummyDomainBySubmittingForm" class="App\Tests\Controller\DomainsControllerTest" classname="App.Tests.Controller.DomainsControllerTest" file="/srv/app/tests/Controller/DomainsControllerTest.php" line="131" assertions="1" time="0.303430"/>
        <testcase name="testCanEditDomainBySubmittingForm" class="App\Tests\Controller\DomainsControllerTest" classname="App.Tests.Controller.DomainsControllerTest" file="/srv/app/tests/Controller/DomainsControllerTest.php" line="156" assertions="2" time="0.210717"/>
      </testsuite>
      <testsuite name="App\Tests\Controller\EnvironmentStatusesControllerTest" file="/srv/app/tests/Controller/EnvironmentStatusesControllerTest.php" tests="6" assertions="75" errors="0" warnings="0" failures="0" skipped="0" time="1.859037">
        <testcase name="testEnvironmentStatusesListIsNotEmpty" class="App\Tests\Controller\EnvironmentStatusesControllerTest" classname="App.Tests.Controller.EnvironmentStatusesControllerTest" file="/srv/app/tests/Controller/EnvironmentStatusesControllerTest.php" line="48" assertions="1" time="0.012448"/>
        <testcase name="testEnvironmentStatusesWebPageListContainsAllRecords" class="App\Tests\Controller\EnvironmentStatusesControllerTest" classname="App.Tests.Controller.EnvironmentStatusesControllerTest" file="/srv/app/tests/Controller/EnvironmentStatusesControllerTest.php" line="61" assertions="22" time="0.106844"/>
        <testcase name="testEnvironmentStatusDisplayWebPageContainsData" class="App\Tests\Controller\EnvironmentStatusesControllerTest" classname="App.Tests.Controller.EnvironmentStatusesControllerTest" file="/srv/app/tests/Controller/EnvironmentStatusesControllerTest.php" line="82" assertions="28" time="0.336754"/>
        <testcase name="testCanRemoveAllEnvironmentStatusesByClickingDeleteButton" class="App\Tests\Controller\EnvironmentStatusesControllerTest" classname="App.Tests.Controller.EnvironmentStatusesControllerTest" file="/srv/app/tests/Controller/EnvironmentStatusesControllerTest.php" line="102" assertions="21" time="0.880103"/>
        <testcase name="testCanAddDummyEnvironmentStatusBySubmittingForm" class="App\Tests\Controller\EnvironmentStatusesControllerTest" classname="App.Tests.Controller.EnvironmentStatusesControllerTest" file="/srv/app/tests/Controller/EnvironmentStatusesControllerTest.php" line="131" assertions="1" time="0.281451"/>
        <testcase name="testCanEditEnvironmentStatusBySubmittingForm" class="App\Tests\Controller\EnvironmentStatusesControllerTest" classname="App.Tests.Controller.EnvironmentStatusesControllerTest" file="/srv/app/tests/Controller/EnvironmentStatusesControllerTest.php" line="156" assertions="2" time="0.241437"/>
      </testsuite>
      <testsuite name="App\Tests\Controller\EnvironmentsControllerTest" file="/srv/app/tests/Controller/EnvironmentsControllerTest.php" tests="4" assertions="72" errors="0" warnings="0" failures="0" skipped="0" time="1.509687">
        <testcase name="testEnvironmentsListIsNotEmpty" class="App\Tests\Controller\EnvironmentsControllerTest" classname="App.Tests.Controller.EnvironmentsControllerTest" file="/srv/app/tests/Controller/EnvironmentsControllerTest.php" line="42" assertions="1" time="0.017284"/>
        <testcase name="testEnvironmentsWebPageListContainsAllRecords" class="App\Tests\Controller\EnvironmentsControllerTest" classname="App.Tests.Controller.EnvironmentsControllerTest" file="/srv/app/tests/Controller/EnvironmentsControllerTest.php" line="55" assertions="22" time="0.192141"/>
        <testcase name="testEnvironmentDisplayWebPageContainsData" class="App\Tests\Controller\EnvironmentsControllerTest" classname="App.Tests.Controller.EnvironmentsControllerTest" file="/srv/app/tests/Controller/EnvironmentsControllerTest.php" line="76" assertions="28" time="0.519173"/>
        <testcase name="testCanRemoveAllEnvironmentsByClickingDeleteButton" class="App\Tests\Controller\EnvironmentsControllerTest" classname="App.Tests.Controller.EnvironmentsControllerTest" file="/srv/app/tests/Controller/EnvironmentsControllerTest.php" line="96" assertions="21" time="0.781088"/>
      </testsuite>
      <testsuite name="App\Tests\Controller\HardwareProfilesControllerTest" file="/srv/app/tests/Controller/HardwareProfilesControllerTest.php" tests="6" assertions="45" errors="0" warnings="0" failures="0" skipped="0" time="1.827087">
        <testcase name="testHardwareProfilesListIsNotEmpty" class="App\Tests\Controller\HardwareProfilesControllerTest" classname="App.Tests.Controller.HardwareProfilesControllerTest" file="/srv/app/tests/Controller/HardwareProfilesControllerTest.php" line="48" assertions="1" time="0.013254"/>
        <testcase name="testHardwareProfilesWebPageListContainsAllRecords" class="App\Tests\Controller\HardwareProfilesControllerTest" classname="App.Tests.Controller.HardwareProfilesControllerTest" file="/srv/app/tests/Controller/HardwareProfilesControllerTest.php" line="61" assertions="13" time="0.067682"/>
        <testcase name="testHardwareProfileDisplayWebPageContainsData" class="App\Tests\Controller\HardwareProfilesControllerTest" classname="App.Tests.Controller.HardwareProfilesControllerTest" file="/srv/app/tests/Controller/HardwareProfilesControllerTest.php" line="82" assertions="16" time="0.226939"/>
        <testcase name="testCanRemoveAllHardwareProfilesByClickingDeleteButton" class="App\Tests\Controller\HardwareProfilesControllerTest" classname="App.Tests.Controller.HardwareProfilesControllerTest" file="/srv/app/tests/Controller/HardwareProfilesControllerTest.php" line="102" assertions="12" time="0.887207"/>
        <testcase name="testCanAddDummyHardwareProfileBySubmittingForm" class="App\Tests\Controller\HardwareProfilesControllerTest" classname="App.Tests.Controller.HardwareProfilesControllerTest" file="/srv/app/tests/Controller/HardwareProfilesControllerTest.php" line="131" assertions="1" time="0.392519"/>
        <testcase name="testCanEditHardwareProfileBySubmittingForm" class="App\Tests\Controller\HardwareProfilesControllerTest" classname="App.Tests.Controller.HardwareProfilesControllerTest" file="/srv/app/tests/Controller/HardwareProfilesControllerTest.php" line="158" assertions="2" time="0.239486"/>
      </testsuite>
      <testsuite name="App\Tests\Controller\InstanceStatusesControllerTest" file="/srv/app/tests/Controller/InstanceStatusesControllerTest.php" tests="6" assertions="65" errors="0" warnings="0" failures="0" skipped="0" time="1.870448">
        <testcase name="testInstanceStatusesListIsNotEmpty" class="App\Tests\Controller\InstanceStatusesControllerTest" classname="App.Tests.Controller.InstanceStatusesControllerTest" file="/srv/app/tests/Controller/InstanceStatusesControllerTest.php" line="48" assertions="1" time="0.011499"/>
        <testcase name="testInstanceStatusesWebPageListContainsAllRecords" class="App\Tests\Controller\InstanceStatusesControllerTest" classname="App.Tests.Controller.InstanceStatusesControllerTest" file="/srv/app/tests/Controller/InstanceStatusesControllerTest.php" line="61" assertions="19" time="0.074908"/>
        <testcase name="testInstanceStatusDisplayWebPageContainsData" class="App\Tests\Controller\InstanceStatusesControllerTest" classname="App.Tests.Controller.InstanceStatusesControllerTest" file="/srv/app/tests/Controller/InstanceStatusesControllerTest.php" line="82" assertions="24" time="0.432552"/>
        <testcase name="testCanRemoveAllInstanceStatusesByClickingDeleteButton" class="App\Tests\Controller\InstanceStatusesControllerTest" classname="App.Tests.Controller.InstanceStatusesControllerTest" file="/srv/app/tests/Controller/InstanceStatusesControllerTest.php" line="102" assertions="18" time="0.759880"/>
        <testcase name="testCanAddDummyInstanceStatusBySubmittingForm" class="App\Tests\Controller\InstanceStatusesControllerTest" classname="App.Tests.Controller.InstanceStatusesControllerTest" file="/srv/app/tests/Controller/InstanceStatusesControllerTest.php" line="131" assertions="1" time="0.270502"/>
        <testcase name="testCanEditInstanceStatusBySubmittingForm" class="App\Tests\Controller\InstanceStatusesControllerTest" classname="App.Tests.Controller.InstanceStatusesControllerTest" file="/srv/app/tests/Controller/InstanceStatusesControllerTest.php" line="156" assertions="2" time="0.321107"/>
      </testsuite>
      <testsuite name="App\Tests\Controller\InstanceTypesControllerTest" file="/srv/app/tests/Controller/InstanceTypesControllerTest.php" tests="3" assertions="58" errors="0" warnings="0" failures="0" skipped="0" time="0.809650">
        <testcase name="testInstanceTypesListIsNotEmpty" class="App\Tests\Controller\InstanceTypesControllerTest" classname="App.Tests.Controller.InstanceTypesControllerTest" file="/srv/app/tests/Controller/InstanceTypesControllerTest.php" line="42" assertions="1" time="0.019220"/>
        <testcase name="testInstanceTypesWebPageListContainsAllRecords" class="App\Tests\Controller\InstanceTypesControllerTest" classname="App.Tests.Controller.InstanceTypesControllerTest" file="/srv/app/tests/Controller/InstanceTypesControllerTest.php" line="55" assertions="25" time="0.185613"/>
        <testcase name="testInstanceTypeDisplayWebPageContainsData" class="App\Tests\Controller\InstanceTypesControllerTest" classname="App.Tests.Controller.InstanceTypesControllerTest" file="/srv/app/tests/Controller/InstanceTypesControllerTest.php" line="76" assertions="32" time="0.604817"/>
      </testsuite>
      <testsuite name="App\Tests\Controller\InstancesControllerTest" file="/srv/app/tests/Controller/InstancesControllerTest.php" tests="4" assertions="162" errors="0" warnings="0" failures="0" skipped="0" time="3.569050">
        <testcase name="testInstancesListIsNotEmpty" class="App\Tests\Controller\InstancesControllerTest" classname="App.Tests.Controller.InstancesControllerTest" file="/srv/app/tests/Controller/InstancesControllerTest.php" line="42" assertions="1" time="0.018914"/>
        <testcase name="testInstancesWebPageListContainsAllRecords" class="App\Tests\Controller\InstancesControllerTest" classname="App.Tests.Controller.InstancesControllerTest" file="/srv/app/tests/Controller/InstancesControllerTest.php" line="55" assertions="49" time="0.290107"/>
        <testcase name="testInstanceDisplayWebPageContainsData" class="App\Tests\Controller\InstancesControllerTest" classname="App.Tests.Controller.InstancesControllerTest" file="/srv/app/tests/Controller/InstancesControllerTest.php" line="76" assertions="64" time="1.355349"/>
        <testcase name="testDeleteButtonDoesNotDeleteInstanceInstantly" class="App\Tests\Controller\InstancesControllerTest" classname="App.Tests.Controller.InstancesControllerTest" file="/srv/app/tests/Controller/InstancesControllerTest.php" line="96" assertions="48" time="1.904681"/>
      </testsuite>
      <testsuite name="App\Tests\Controller\LuckyNumberControllerTest" file="/srv/app/tests/Controller/LuckyNumberControllerTest.php" tests="1" assertions="3" errors="0" warnings="0" failures="0" skipped="0" time="0.029766">
        <testcase name="testLuckyNumber" class="App\Tests\Controller\LuckyNumberControllerTest" classname="App.Tests.Controller.LuckyNumberControllerTest" file="/srv/app/tests/Controller/LuckyNumberControllerTest.php" line="9" assertions="3" time="0.029766"/>
      </testsuite>
      <testsuite name="App\Tests\Controller\OperatingSystemsControllerTest" file="/srv/app/tests/Controller/OperatingSystemsControllerTest.php" tests="6" assertions="75" errors="0" warnings="0" failures="0" skipped="0" time="2.837572">
        <testcase name="testOperatingSystemsListIsNotEmpty" class="App\Tests\Controller\OperatingSystemsControllerTest" classname="App.Tests.Controller.OperatingSystemsControllerTest" file="/srv/app/tests/Controller/OperatingSystemsControllerTest.php" line="48" assertions="1" time="0.011933"/>
        <testcase name="testOperatingSystemsWebPageListContainsAllRecords" class="App\Tests\Controller\OperatingSystemsControllerTest" classname="App.Tests.Controller.OperatingSystemsControllerTest" file="/srv/app/tests/Controller/OperatingSystemsControllerTest.php" line="61" assertions="22" time="0.107516"/>
        <testcase name="testOperatingSystemDisplayWebPageContainsData" class="App\Tests\Controller\OperatingSystemsControllerTest" classname="App.Tests.Controller.OperatingSystemsControllerTest" file="/srv/app/tests/Controller/OperatingSystemsControllerTest.php" line="82" assertions="28" time="0.495707"/>
        <testcase name="testCanRemoveAllOperatingSystemsByClickingDeleteButton" class="App\Tests\Controller\OperatingSystemsControllerTest" classname="App.Tests.Controller.OperatingSystemsControllerTest" file="/srv/app/tests/Controller/OperatingSystemsControllerTest.php" line="102" assertions="21" time="1.491621"/>
        <testcase name="testCanAddDummyOperatingSystemBySubmittingForm" class="App\Tests\Controller\OperatingSystemsControllerTest" classname="App.Tests.Controller.OperatingSystemsControllerTest" file="/srv/app/tests/Controller/OperatingSystemsControllerTest.php" line="131" assertions="1" time="0.362392"/>
        <testcase name="testCanEditOperatingSystemBySubmittingForm" class="App\Tests\Controller\OperatingSystemsControllerTest" classname="App.Tests.Controller.OperatingSystemsControllerTest" file="/srv/app/tests/Controller/OperatingSystemsControllerTest.php" line="158" assertions="2" time="0.368403"/>
      </testsuite>
      <testsuite name="App\Tests\Controller\PortsControllerTest" file="/srv/app/tests/Controller/PortsControllerTest.php" tests="6" assertions="125" errors="0" warnings="0" failures="0" skipped="0" time="27.138246">
        <testcase name="testPortsListIsNotEmpty" class="App\Tests\Controller\PortsControllerTest" classname="App.Tests.Controller.PortsControllerTest" file="/srv/app/tests/Controller/PortsControllerTest.php" line="48" assertions="1" time="0.478040"/>
        <testcase name="testPortsWebPageListContains10Records" class="App\Tests\Controller\PortsControllerTest" classname="App.Tests.Controller.PortsControllerTest" file="/srv/app/tests/Controller/PortsControllerTest.php" line="61" assertions="37" time="16.410860"/>
        <testcase name="testPortDisplayWebPageContainsData" class="App\Tests\Controller\PortsControllerTest" classname="App.Tests.Controller.PortsControllerTest" file="/srv/app/tests/Controller/PortsControllerTest.php" line="87" assertions="48" time="0.482280"/>
        <testcase name="testCanRemove10PortsByClickingDeleteButton" class="App\Tests\Controller\PortsControllerTest" classname="App.Tests.Controller.PortsControllerTest" file="/srv/app/tests/Controller/PortsControllerTest.php" line="112" assertions="36" time="0.852762"/>
        <testcase name="testCanAddDummyPortBySubmittingForm" class="App\Tests\Controller\PortsControllerTest" classname="App.Tests.Controller.PortsControllerTest" file="/srv/app/tests/Controller/PortsControllerTest.php" line="146" assertions="1" time="4.465655"/>
        <testcase name="testCanEditPortBySubmittingForm" class="App\Tests\Controller\PortsControllerTest" classname="App.Tests.Controller.PortsControllerTest" file="/srv/app/tests/Controller/PortsControllerTest.php" line="171" assertions="2" time="4.448648"/>
      </testsuite>
      <testsuite name="App\Tests\Controller\SessionOsesControllerTest" file="/srv/app/tests/Controller/SessionOsesControllerTest.php" tests="6" assertions="64" errors="0" warnings="0" failures="0" skipped="0" time="1.387285">
        <testcase name="testSessionOsesListIsNotEmpty" class="App\Tests\Controller\SessionOsesControllerTest" classname="App.Tests.Controller.SessionOsesControllerTest" file="/srv/app/tests/Controller/SessionOsesControllerTest.php" line="84" assertions="1" time="0.020007"/>
        <testcase name="testSessionOsesWebPageListContainsAllRecords" class="App\Tests\Controller\SessionOsesControllerTest" classname="App.Tests.Controller.SessionOsesControllerTest" file="/srv/app/tests/Controller/SessionOsesControllerTest.php" line="97" assertions="16" time="0.115942"/>
        <testcase name="testSessionOsDisplayWebPageContainsData" class="App\Tests\Controller\SessionOsesControllerTest" classname="App.Tests.Controller.SessionOsesControllerTest" file="/srv/app/tests/Controller/SessionOsesControllerTest.php" line="118" assertions="20" time="0.294512"/>
        <testcase name="testCanRemoveAllSessionOsesByClickingDeleteButton" class="App\Tests\Controller\SessionOsesControllerTest" classname="App.Tests.Controller.SessionOsesControllerTest" file="/srv/app/tests/Controller/SessionOsesControllerTest.php" line="138" assertions="15" time="0.458990"/>
        <testcase name="testCanAddDummySessionOsBySubmittingForm" class="App\Tests\Controller\SessionOsesControllerTest" classname="App.Tests.Controller.SessionOsesControllerTest" file="/srv/app/tests/Controller/SessionOsesControllerTest.php" line="190" assertions="6" time="0.265513"/>
        <testcase name="testCanEditSessionOsBySubmittingForm" class="App\Tests\Controller\SessionOsesControllerTest" classname="App.Tests.Controller.SessionOsesControllerTest" file="/srv/app/tests/Controller/SessionOsesControllerTest.php" line="223" assertions="6" time="0.232321"/>
      </testsuite>
      <testsuite name="App\Tests\Controller\SessionStatusesControllerTest" file="/srv/app/tests/Controller/SessionStatusesControllerTest.php" tests="6" assertions="65" errors="0" warnings="0" failures="0" skipped="0" time="1.331533">
        <testcase name="testSessionStatusesListIsNotEmpty" class="App\Tests\Controller\SessionStatusesControllerTest" classname="App.Tests.Controller.SessionStatusesControllerTest" file="/srv/app/tests/Controller/SessionStatusesControllerTest.php" line="48" assertions="1" time="0.010272"/>
        <testcase name="testSessionStatusesWebPageListContainsAllRecords" class="App\Tests\Controller\SessionStatusesControllerTest" classname="App.Tests.Controller.SessionStatusesControllerTest" file="/srv/app/tests/Controller/SessionStatusesControllerTest.php" line="61" assertions="19" time="0.064468"/>
        <testcase name="testSessionStatusDisplayWebPageContainsData" class="App\Tests\Controller\SessionStatusesControllerTest" classname="App.Tests.Controller.SessionStatusesControllerTest" file="/srv/app/tests/Controller/SessionStatusesControllerTest.php" line="82" assertions="24" time="0.269120"/>
        <testcase name="testCanRemoveAllSessionStatusesByClickingDeleteButton" class="App\Tests\Controller\SessionStatusesControllerTest" classname="App.Tests.Controller.SessionStatusesControllerTest" file="/srv/app/tests/Controller/SessionStatusesControllerTest.php" line="102" assertions="18" time="0.567804"/>
        <testcase name="testCanAddDummySessionStatusBySubmittingForm" class="App\Tests\Controller\SessionStatusesControllerTest" classname="App.Tests.Controller.SessionStatusesControllerTest" file="/srv/app/tests/Controller/SessionStatusesControllerTest.php" line="131" assertions="1" time="0.219918"/>
        <testcase name="testCanEditSessionStatusBySubmittingForm" class="App\Tests\Controller\SessionStatusesControllerTest" classname="App.Tests.Controller.SessionStatusesControllerTest" file="/srv/app/tests/Controller/SessionStatusesControllerTest.php" line="156" assertions="2" time="0.199952"/>
      </testsuite>
      <testsuite name="App\Tests\Controller\SessionTechsControllerTest" file="/srv/app/tests/Controller/SessionTechsControllerTest.php" tests="6" assertions="94" errors="0" warnings="0" failures="0" skipped="0" time="2.182056">
        <testcase name="testSessionTechsListIsNotEmpty" class="App\Tests\Controller\SessionTechsControllerTest" classname="App.Tests.Controller.SessionTechsControllerTest" file="/srv/app/tests/Controller/SessionTechsControllerTest.php" line="84" assertions="1" time="0.015033"/>
        <testcase name="testSessionTechsWebPageListContainsAllRecords" class="App\Tests\Controller\SessionTechsControllerTest" classname="App.Tests.Controller.SessionTechsControllerTest" file="/srv/app/tests/Controller/SessionTechsControllerTest.php" line="97" assertions="25" time="0.152300"/>
        <testcase name="testsessionTechDisplayWebPageContainsData" class="App\Tests\Controller\SessionTechsControllerTest" classname="App.Tests.Controller.SessionTechsControllerTest" file="/srv/app/tests/Controller/SessionTechsControllerTest.php" line="118" assertions="32" time="0.579872"/>
        <testcase name="testCanRemoveAllSessionTechsByClickingDeleteButton" class="App\Tests\Controller\SessionTechsControllerTest" classname="App.Tests.Controller.SessionTechsControllerTest" file="/srv/app/tests/Controller/SessionTechsControllerTest.php" line="138" assertions="24" time="0.759781"/>
        <testcase name="testCanAddDummySessionTechBySubmittingForm" class="App\Tests\Controller\SessionTechsControllerTest" classname="App.Tests.Controller.SessionTechsControllerTest" file="/srv/app/tests/Controller/SessionTechsControllerTest.php" line="190" assertions="6" time="0.411762"/>
        <testcase name="testCanEditSessionTechBySubmittingForm" class="App\Tests\Controller\SessionTechsControllerTest" classname="App.Tests.Controller.SessionTechsControllerTest" file="/srv/app/tests/Controller/SessionTechsControllerTest.php" line="223" assertions="6" time="0.263308"/>
      </testsuite>
      <testsuite name="App\Tests\Controller\SessionsControllerTest" file="/srv/app/tests/Controller/SessionsControllerTest.php" tests="4" assertions="32" errors="0" warnings="0" failures="0" skipped="0" time="0.924273">
        <testcase name="testSessionsListIsNotEmpty" class="App\Tests\Controller\SessionsControllerTest" classname="App.Tests.Controller.SessionsControllerTest" file="/srv/app/tests/Controller/SessionsControllerTest.php" line="42" assertions="1" time="0.019542"/>
        <testcase name="testSessionsWebPageListContainsAllRecords" class="App\Tests\Controller\SessionsControllerTest" classname="App.Tests.Controller.SessionsControllerTest" file="/srv/app/tests/Controller/SessionsControllerTest.php" line="55" assertions="10" time="0.096632"/>
        <testcase name="testSessionDisplayWebPageContainsData" class="App\Tests\Controller\SessionsControllerTest" classname="App.Tests.Controller.SessionsControllerTest" file="/srv/app/tests/Controller/SessionsControllerTest.php" line="76" assertions="12" time="0.307795"/>
        <testcase name="testCanRemoveAllSessionsByClickingDeleteButton" class="App\Tests\Controller\SessionsControllerTest" classname="App.Tests.Controller.SessionsControllerTest" file="/srv/app/tests/Controller/SessionsControllerTest.php" line="96" assertions="9" time="0.500304"/>
      </testsuite>
      <testsuite name="App\Tests\Controller\TaskTechsControllerTest" file="/srv/app/tests/Controller/TaskTechsControllerTest.php" tests="6" assertions="200" errors="0" warnings="0" failures="0" skipped="0" time="4.074104">
        <testcase name="testTaskTechsListIsNotEmpty" class="App\Tests\Controller\TaskTechsControllerTest" classname="App.Tests.Controller.TaskTechsControllerTest" file="/srv/app/tests/Controller/TaskTechsControllerTest.php" line="66" assertions="1" time="0.027291"/>
        <testcase name="testTaskTechsWebPageListContainsAllRecords" class="App\Tests\Controller\TaskTechsControllerTest" classname="App.Tests.Controller.TaskTechsControllerTest" file="/srv/app/tests/Controller/TaskTechsControllerTest.php" line="79" assertions="58" time="0.249361"/>
        <testcase name="testtaskTechDisplayWebPageContainsData" class="App\Tests\Controller\TaskTechsControllerTest" classname="App.Tests.Controller.TaskTechsControllerTest" file="/srv/app/tests/Controller/TaskTechsControllerTest.php" line="100" assertions="76" time="1.199144"/>
        <testcase name="testCanRemoveAllTaskTechsByClickingDeleteButton" class="App\Tests\Controller\TaskTechsControllerTest" classname="App.Tests.Controller.TaskTechsControllerTest" file="/srv/app/tests/Controller/TaskTechsControllerTest.php" line="120" assertions="57" time="2.024924"/>
        <testcase name="testCanAddDummyTaskTechBySubmittingForm" class="App\Tests\Controller\TaskTechsControllerTest" classname="App.Tests.Controller.TaskTechsControllerTest" file="/srv/app/tests/Controller/TaskTechsControllerTest.php" line="163" assertions="4" time="0.313485"/>
        <testcase name="testCanEditTaskTechBySubmittingForm" class="App\Tests\Controller\TaskTechsControllerTest" classname="App.Tests.Controller.TaskTechsControllerTest" file="/srv/app/tests/Controller/TaskTechsControllerTest.php" line="196" assertions="4" time="0.259899"/>
      </testsuite>
      <testsuite name="App\Tests\Controller\TasksControllerTest" file="/srv/app/tests/Controller/TasksControllerTest.php" tests="6" assertions="155" errors="0" warnings="0" failures="0" skipped="0" time="4.412721">
        <testcase name="testTasksListIsNotEmpty" class="App\Tests\Controller\TasksControllerTest" classname="App.Tests.Controller.TasksControllerTest" file="/srv/app/tests/Controller/TasksControllerTest.php" line="48" assertions="1" time="0.016426"/>
        <testcase name="testTasksWebPageListContainsAllRecords" class="App\Tests\Controller\TasksControllerTest" classname="App.Tests.Controller.TasksControllerTest" file="/srv/app/tests/Controller/TasksControllerTest.php" line="61" assertions="46" time="0.293593"/>
        <testcase name="testTaskDisplayWebPageContainsData" class="App\Tests\Controller\TasksControllerTest" classname="App.Tests.Controller.TasksControllerTest" file="/srv/app/tests/Controller/TasksControllerTest.php" line="82" assertions="60" time="1.204715"/>
        <testcase name="testCanRemoveAllTasksByClickingDeleteButton" class="App\Tests\Controller\TasksControllerTest" classname="App.Tests.Controller.TasksControllerTest" file="/srv/app/tests/Controller/TasksControllerTest.php" line="102" assertions="45" time="2.203544"/>
        <testcase name="testCanAddDummyTaskBySubmittingForm" class="App\Tests\Controller\TasksControllerTest" classname="App.Tests.Controller.TasksControllerTest" file="/srv/app/tests/Controller/TasksControllerTest.php" line="131" assertions="1" time="0.417992"/>
        <testcase name="testCanEditTaskBySubmittingForm" class="App\Tests\Controller\TasksControllerTest" classname="App.Tests.Controller.TasksControllerTest" file="/srv/app/tests/Controller/TasksControllerTest.php" line="157" assertions="2" time="0.276450"/>
      </testsuite>
      <testsuite name="App\Tests\Controller\TechnologiesControllerTest" file="/srv/app/tests/Controller/TechnologiesControllerTest.php" tests="6" assertions="275" errors="0" warnings="0" failures="0" skipped="0" time="5.798061">
        <testcase name="testTechnologiesListIsNotEmpty" class="App\Tests\Controller\TechnologiesControllerTest" classname="App.Tests.Controller.TechnologiesControllerTest" file="/srv/app/tests/Controller/TechnologiesControllerTest.php" line="48" assertions="1" time="0.019483"/>
        <testcase name="testTechnologiesWebPageListContainsAllRecords" class="App\Tests\Controller\TechnologiesControllerTest" classname="App.Tests.Controller.TechnologiesControllerTest" file="/srv/app/tests/Controller/TechnologiesControllerTest.php" line="61" assertions="82" time="0.365412"/>
        <testcase name="testTechnologyDisplayWebPageContainsData" class="App\Tests\Controller\TechnologiesControllerTest" classname="App.Tests.Controller.TechnologiesControllerTest" file="/srv/app/tests/Controller/TechnologiesControllerTest.php" line="82" assertions="108" time="1.648217"/>
        <testcase name="testCanRemoveAllTechnologiesByClickingDeleteButton" class="App\Tests\Controller\TechnologiesControllerTest" classname="App.Tests.Controller.TechnologiesControllerTest" file="/srv/app/tests/Controller/TechnologiesControllerTest.php" line="102" assertions="81" time="3.163882"/>
        <testcase name="testCanAddDummyTechnologyBySubmittingForm" class="App\Tests\Controller\TechnologiesControllerTest" classname="App.Tests.Controller.TechnologiesControllerTest" file="/srv/app/tests/Controller/TechnologiesControllerTest.php" line="131" assertions="1" time="0.301514"/>
        <testcase name="testCanEditTechnologyBySubmittingForm" class="App\Tests\Controller\TechnologiesControllerTest" classname="App.Tests.Controller.TechnologiesControllerTest" file="/srv/app/tests/Controller/TechnologiesControllerTest.php" line="156" assertions="2" time="0.299553"/>
      </testsuite>
      <testsuite name="App\Tests\Controller\TesteesControllerTest" file="/srv/app/tests/Controller/TesteesControllerTest.php" tests="6" assertions="35" errors="0" warnings="0" failures="0" skipped="0" time="1.327405">
        <testcase name="testTesteesListIsNotEmpty" class="App\Tests\Controller\TesteesControllerTest" classname="App.Tests.Controller.TesteesControllerTest" file="/srv/app/tests/Controller/TesteesControllerTest.php" line="48" assertions="1" time="0.015797"/>
        <testcase name="testTesteesWebPageListContainsAllRecords" class="App\Tests\Controller\TesteesControllerTest" classname="App.Tests.Controller.TesteesControllerTest" file="/srv/app/tests/Controller/TesteesControllerTest.php" line="61" assertions="10" time="0.089256"/>
        <testcase name="testTesteeDisplayWebPageContainsData" class="App\Tests\Controller\TesteesControllerTest" classname="App.Tests.Controller.TesteesControllerTest" file="/srv/app/tests/Controller/TesteesControllerTest.php" line="82" assertions="12" time="0.154157"/>
        <testcase name="testCanRemoveAllTesteesByClickingDeleteButton" class="App\Tests\Controller\TesteesControllerTest" classname="App.Tests.Controller.TesteesControllerTest" file="/srv/app/tests/Controller/TesteesControllerTest.php" line="102" assertions="9" time="0.385241"/>
        <testcase name="testCanAddDummyTesteeBySubmittingForm" class="App\Tests\Controller\TesteesControllerTest" classname="App.Tests.Controller.TesteesControllerTest" file="/srv/app/tests/Controller/TesteesControllerTest.php" line="131" assertions="1" time="0.367174"/>
        <testcase name="testCanEditTesteeBySubmittingForm" class="App\Tests\Controller\TesteesControllerTest" classname="App.Tests.Controller.TesteesControllerTest" file="/srv/app/tests/Controller/TesteesControllerTest.php" line="159" assertions="2" time="0.315779"/>
      </testsuite>
      <testsuite name="App\Tests\DomainsTest" file="/srv/app/tests/DomainsTest.php" tests="6" assertions="10" errors="0" warnings="0" failures="0" skipped="0" time="0.357028">
        <testcase name="testDomainsListIsNotEmpty" class="App\Tests\DomainsTest" classname="App.Tests.DomainsTest" file="/srv/app/tests/DomainsTest.php" line="51" assertions="1" time="0.014866"/>
        <testcase name="testCanNotAddDomainWithoutName" class="App\Tests\DomainsTest" classname="App.Tests.DomainsTest" file="/srv/app/tests/DomainsTest.php" line="58" assertions="1" time="0.014905"/>
        <testcase name="testCanNotAddDuplicateDomain" class="App\Tests\DomainsTest" classname="App.Tests.DomainsTest" file="/srv/app/tests/DomainsTest.php" line="67" assertions="2" time="0.014319"/>
        <testcase name="testCanAddDummyDomain" class="App\Tests\DomainsTest" classname="App.Tests.DomainsTest" file="/srv/app/tests/DomainsTest.php" line="81" assertions="1" time="0.016019"/>
        <testcase name="testCanRemoveAllDomains" class="App\Tests\DomainsTest" classname="App.Tests.DomainsTest" file="/srv/app/tests/DomainsTest.php" line="93" assertions="1" time="0.257513"/>
        <testcase name="testDomainRemovalLeadsToLinkedTechnologiesDeletion" class="App\Tests\DomainsTest" classname="App.Tests.DomainsTest" file="/srv/app/tests/DomainsTest.php" line="105" assertions="4" time="0.039406"/>
      </testsuite>
      <testsuite name="App\Tests\EnvironmentStatusesTest" file="/srv/app/tests/EnvironmentStatusesTest.php" tests="5" assertions="19" errors="0" warnings="0" failures="0" skipped="0" time="0.287443">
        <testcase name="testEnvironmentStatusesListIsNotEmpty" class="App\Tests\EnvironmentStatusesTest" classname="App.Tests.EnvironmentStatusesTest" file="/srv/app/tests/EnvironmentStatusesTest.php" line="54" assertions="1" time="0.019094"/>
        <testcase name="testCanNotAddEnvironmentStatusWithoutStatusString" class="App\Tests\EnvironmentStatusesTest" classname="App.Tests.EnvironmentStatusesTest" file="/srv/app/tests/EnvironmentStatusesTest.php" line="62" assertions="1" time="0.022307"/>
        <testcase name="testCanNotAddDuplicateEnvironmentStatus" class="App\Tests\EnvironmentStatusesTest" classname="App.Tests.EnvironmentStatusesTest" file="/srv/app/tests/EnvironmentStatusesTest.php" line="74" assertions="1" time="0.024090"/>
        <testcase name="testCanAddDummyEnvironmentStatus" class="App\Tests\EnvironmentStatusesTest" classname="App.Tests.EnvironmentStatusesTest" file="/srv/app/tests/EnvironmentStatusesTest.php" line="87" assertions="1" time="0.022536"/>
        <testcase name="testCanRemoveAllEnvironmentStatuses" class="App\Tests\EnvironmentStatusesTest" classname="App.Tests.EnvironmentStatusesTest" file="/srv/app/tests/EnvironmentStatusesTest.php" line="101" assertions="15" time="0.199416"/>
      </testsuite>
      <testsuite name="App\Tests\EnvironmentsTest" file="/srv/app/tests/EnvironmentsTest.php" tests="5" assertions="22" errors="0" warnings="0" failures="0" skipped="0" time="0.250483">
        <testcase name="testEnvironmentsListIsNotEmpty" class="App\Tests\EnvironmentsTest" classname="App.Tests.EnvironmentsTest" file="/srv/app/tests/EnvironmentsTest.php" line="69" assertions="1" time="0.015735"/>
        <testcase name="testCanNotAddEnvironmentWithoutMandatoryFields" class="App\Tests\EnvironmentsTest" classname="App.Tests.EnvironmentsTest" file="/srv/app/tests/EnvironmentsTest.php" line="76" assertions="1" time="0.025038"/>
        <testcase name="testCanAddDummyEnvironment" class="App\Tests\EnvironmentsTest" classname="App.Tests.EnvironmentsTest" file="/srv/app/tests/EnvironmentsTest.php" line="85" assertions="3" time="0.034950"/>
        <testcase name="testCanRemoveAllEnvironments" class="App\Tests\EnvironmentsTest" classname="App.Tests.EnvironmentsTest" file="/srv/app/tests/EnvironmentsTest.php" line="109" assertions="14" time="0.149837"/>
        <testcase name="testCanNotAddDuplicateEnvironment" class="App\Tests\EnvironmentsTest" classname="App.Tests.EnvironmentsTest" file="/srv/app/tests/EnvironmentsTest.php" line="129" assertions="3" time="0.024923"/>
      </testsuite>
      <testsuite name="App\Tests\HardwareProfilesTest" file="/srv/app/tests/HardwareProfilesTest.php" tests="12" assertions="44" errors="0" warnings="0" failures="0" skipped="0" time="1.231020">
        <testcase name="testHardwareProfilesListIsNotEmpty" class="App\Tests\HardwareProfilesTest" classname="App.Tests.HardwareProfilesTest" file="/srv/app/tests/HardwareProfilesTest.php" line="67" assertions="1" time="0.013022"/>
        <testcase name="testContainerHardwareProfilesListIsNotEmpty" class="App\Tests\HardwareProfilesTest" classname="App.Tests.HardwareProfilesTest" file="/srv/app/tests/HardwareProfilesTest.php" line="78" assertions="1" time="0.012008"/>
        <testcase name="testVmHardwareProfilesListIsNotEmpty" class="App\Tests\HardwareProfilesTest" classname="App.Tests.HardwareProfilesTest" file="/srv/app/tests/HardwareProfilesTest.php" line="91" assertions="1" time="0.012333"/>
        <testcase name="testSupportedHardwareProfilesListIsNotEmpty" class="App\Tests\HardwareProfilesTest" classname="App.Tests.HardwareProfilesTest" file="/srv/app/tests/HardwareProfilesTest.php" line="104" assertions="1" time="0.013278"/>
        <testcase name="testEachSupportedHardwareProfileHasCorrespondingInstanceTypesForAllSupportedOses" class="App\Tests\HardwareProfilesTest" classname="App.Tests.HardwareProfilesTest" file="/srv/app/tests/HardwareProfilesTest.php" line="129" assertions="9" time="0.028857"/>
        <testcase name="testCanNotAddHardwareProfileWithoutNameOrType" class="App\Tests\HardwareProfilesTest" classname="App.Tests.HardwareProfilesTest" file="/srv/app/tests/HardwareProfilesTest.php" line="147" assertions="1" time="0.015922"/>
        <testcase name="testCanNotAddDuplicateHardwareProfile" class="App\Tests\HardwareProfilesTest" classname="App.Tests.HardwareProfilesTest" file="/srv/app/tests/HardwareProfilesTest.php" line="156" assertions="2" time="0.016285"/>
        <testcase name="testCanAddDummyHardwareProfile" class="App\Tests\HardwareProfilesTest" classname="App.Tests.HardwareProfilesTest" file="/srv/app/tests/HardwareProfilesTest.php" line="168" assertions="1" time="0.016652"/>
        <testcase name="testCanAddDummySupportedHardwareProfile" class="App\Tests\HardwareProfilesTest" classname="App.Tests.HardwareProfilesTest" file="/srv/app/tests/HardwareProfilesTest.php" line="177" assertions="6" time="0.050462"/>
        <testcase name="testCanRemoveAllHardwareProfiles" class="App\Tests\HardwareProfilesTest" classname="App.Tests.HardwareProfilesTest" file="/srv/app/tests/HardwareProfilesTest.php" line="227" assertions="9" time="0.579046"/>
        <testcase name="testCanMakeHardwareProfileSupported" class="App\Tests\HardwareProfilesTest" classname="App.Tests.HardwareProfilesTest" file="/srv/app/tests/HardwareProfilesTest.php" line="248" assertions="6" time="0.074278"/>
        <testcase name="testCanMakeHardwareProfileUnsupported" class="App\Tests\HardwareProfilesTest" classname="App.Tests.HardwareProfilesTest" file="/srv/app/tests/HardwareProfilesTest.php" line="273" assertions="6" time="0.398877"/>
      </testsuite>
      <testsuite name="App\Tests\InstanceStatusesTest" file="/srv/app/tests/InstanceStatusesTest.php" tests="5" assertions="17" errors="0" warnings="0" failures="0" skipped="0" time="0.396069">
        <testcase name="testInstanceStatusesListIsNotEmpty" class="App\Tests\InstanceStatusesTest" classname="App.Tests.InstanceStatusesTest" file="/srv/app/tests/InstanceStatusesTest.php" line="55" assertions="1" time="0.015485"/>
        <testcase name="testCanNotAddInstanceStatusWithoutStatusString" class="App\Tests\InstanceStatusesTest" classname="App.Tests.InstanceStatusesTest" file="/srv/app/tests/InstanceStatusesTest.php" line="63" assertions="1" time="0.018784"/>
        <testcase name="testCanNotAddDuplicateInstanceStatus" class="App\Tests\InstanceStatusesTest" classname="App.Tests.InstanceStatusesTest" file="/srv/app/tests/InstanceStatusesTest.php" line="75" assertions="1" time="0.015063"/>
        <testcase name="testCanAddDummyInstanceStatus" class="App\Tests\InstanceStatusesTest" classname="App.Tests.InstanceStatusesTest" file="/srv/app/tests/InstanceStatusesTest.php" line="84" assertions="1" time="0.014581"/>
        <testcase name="testCanRemoveAllInstanceStatuses" class="App\Tests\InstanceStatusesTest" classname="App.Tests.InstanceStatusesTest" file="/srv/app/tests/InstanceStatusesTest.php" line="98" assertions="13" time="0.332158"/>
      </testsuite>
      <testsuite name="App\Tests\InstanceTypesTest" file="/srv/app/tests/InstanceTypesTest.php" tests="5" assertions="24" errors="0" warnings="0" failures="0" skipped="0" time="0.559748">
        <testcase name="testInstanceTypesListIsNotEmpty" class="App\Tests\InstanceTypesTest" classname="App.Tests.InstanceTypesTest" file="/srv/app/tests/InstanceTypesTest.php" line="63" assertions="1" time="0.023740"/>
        <testcase name="testCanNotAddInstanceTypeWithoutOperatingSystem" class="App\Tests\InstanceTypesTest" classname="App.Tests.InstanceTypesTest" file="/srv/app/tests/InstanceTypesTest.php" line="75" assertions="2" time="0.024555"/>
        <testcase name="testCanNotAddInstanceTypeWithoutHardwareProfile" class="App\Tests\InstanceTypesTest" classname="App.Tests.InstanceTypesTest" file="/srv/app/tests/InstanceTypesTest.php" line="93" assertions="2" time="0.024445"/>
        <testcase name="testCanNotAddDuplicateInstanceTypes" class="App\Tests\InstanceTypesTest" classname="App.Tests.InstanceTypesTest" file="/srv/app/tests/InstanceTypesTest.php" line="111" assertions="3" time="0.021122"/>
        <testcase name="testCanRemoveAllInstanceTypes" class="App\Tests\InstanceTypesTest" classname="App.Tests.InstanceTypesTest" file="/srv/app/tests/InstanceTypesTest.php" line="133" assertions="16" time="0.465886"/>
      </testsuite>
      <testsuite name="App\Tests\InstancesTest" file="/srv/app/tests/InstancesTest.php" tests="7" assertions="89" errors="0" warnings="0" failures="0" skipped="0" time="1.400292">
        <testcase name="testInstancesListIsNotEmpty" class="App\Tests\InstancesTest" classname="App.Tests.InstancesTest" file="/srv/app/tests/InstancesTest.php" line="69" assertions="1" time="0.021575"/>
        <testcase name="testCanNotAddInstanceWithoutMandatoryFields" class="App\Tests\InstancesTest" classname="App.Tests.InstancesTest" file="/srv/app/tests/InstancesTest.php" line="76" assertions="1" time="0.015119"/>
        <testcase name="testCanAddDummyInstance" class="App\Tests\InstancesTest" classname="App.Tests.InstancesTest" file="/srv/app/tests/InstancesTest.php" line="85" assertions="3" time="0.019232"/>
        <testcase name="testInstanceListHasNoOrphans" class="App\Tests\InstancesTest" classname="App.Tests.InstancesTest" file="/srv/app/tests/InstancesTest.php" line="110" assertions="16" time="0.495675"/>
        <testcase name="testLxcInventoryHasNoOrphans" class="App\Tests\InstancesTest" classname="App.Tests.InstancesTest" file="/srv/app/tests/InstancesTest.php" line="121" assertions="33" time="0.436624"/>
        <testcase name="testCanWipeAllInstancesFromDatabase" class="App\Tests\InstancesTest" classname="App.Tests.InstancesTest" file="/srv/app/tests/InstancesTest.php" line="143" assertions="32" time="0.385903"/>
        <testcase name="testCanNotAddDuplicateInstance" class="App\Tests\InstancesTest" classname="App.Tests.InstancesTest" file="/srv/app/tests/InstancesTest.php" line="163" assertions="3" time="0.026164"/>
      </testsuite>
      <testsuite name="App\Tests\MessengerMessagesTest" file="/srv/app/tests/MessengerMessagesTest.php" tests="1" assertions="1" errors="0" warnings="0" failures="0" skipped="0" time="0.014375">
        <testcase name="testMessengerMessagesListIsEmpty" class="App\Tests\MessengerMessagesTest" classname="App.Tests.MessengerMessagesTest" file="/srv/app/tests/MessengerMessagesTest.php" line="37" assertions="1" time="0.014375"/>
      </testsuite>
      <testsuite name="App\Tests\OperatingSystemsTest" file="/srv/app/tests/OperatingSystemsTest.php" tests="10" assertions="38" errors="0" warnings="0" failures="0" skipped="0" time="1.232446">
        <testcase name="testOperatingSystemsListIsNotEmpty" class="App\Tests\OperatingSystemsTest" classname="App.Tests.OperatingSystemsTest" file="/srv/app/tests/OperatingSystemsTest.php" line="81" assertions="1" time="0.015892"/>
        <testcase name="testSupportedOperatingSystemsListIsNotEmpty" class="App\Tests\OperatingSystemsTest" classname="App.Tests.OperatingSystemsTest" file="/srv/app/tests/OperatingSystemsTest.php" line="90" assertions="1" time="0.015579"/>
        <testcase name="testEachSupportedOsHasCorrespondingInstanceTypesForAllSupportedHardwareProfiles" class="App\Tests\OperatingSystemsTest" classname="App.Tests.OperatingSystemsTest" file="/srv/app/tests/OperatingSystemsTest.php" line="105" assertions="9" time="0.028568"/>
        <testcase name="testCanNotAddOperatingSystemWithoutReleaseOrBreed" class="App\Tests\OperatingSystemsTest" classname="App.Tests.OperatingSystemsTest" file="/srv/app/tests/OperatingSystemsTest.php" line="121" assertions="1" time="0.017906"/>
        <testcase name="testCanNotAddDuplicateOperatingSystem" class="App\Tests\OperatingSystemsTest" classname="App.Tests.OperatingSystemsTest" file="/srv/app/tests/OperatingSystemsTest.php" line="130" assertions="2" time="0.026288"/>
        <testcase name="testCanAddDummyOperatingSystem" class="App\Tests\OperatingSystemsTest" classname="App.Tests.OperatingSystemsTest" file="/srv/app/tests/OperatingSystemsTest.php" line="146" assertions="2" time="0.019343"/>
        <testcase name="testCanAddDummySupportedOperatingSystem" class="App\Tests\OperatingSystemsTest" classname="App.Tests.OperatingSystemsTest" file="/srv/app/tests/OperatingSystemsTest.php" line="161" assertions="5" time="0.034986"/>
        <testcase name="testCanRemoveAllOperatingSystems" class="App\Tests\OperatingSystemsTest" classname="App.Tests.OperatingSystemsTest" file="/srv/app/tests/OperatingSystemsTest.php" line="190" assertions="9" time="0.623977"/>
        <testcase name="testCanMakeOperatingSystemSupported" class="App\Tests\OperatingSystemsTest" classname="App.Tests.OperatingSystemsTest" file="/srv/app/tests/OperatingSystemsTest.php" line="211" assertions="4" time="0.046423"/>
        <testcase name="testCanMakeOperatingSystemUnsupported" class="App\Tests\OperatingSystemsTest" classname="App.Tests.OperatingSystemsTest" file="/srv/app/tests/OperatingSystemsTest.php" line="236" assertions="4" time="0.403484"/>
      </testsuite>
      <testsuite name="App\Tests\PortsTest" file="/srv/app/tests/PortsTest.php" tests="7" assertions="2302" errors="0" warnings="0" failures="0" skipped="0" time="4.066380">
        <testcase name="testPortsListIsNotEmpty" class="App\Tests\PortsTest" classname="App.Tests.PortsTest" file="/srv/app/tests/PortsTest.php" line="50" assertions="1" time="0.569024"/>
        <testcase name="testCanNotAddPortWithoutPortNumber" class="App\Tests\PortsTest" classname="App.Tests.PortsTest" file="/srv/app/tests/PortsTest.php" line="58" assertions="1" time="0.011722"/>
        <testcase name="testCanNotAddDuplicatePorts" class="App\Tests\PortsTest" classname="App.Tests.PortsTest" file="/srv/app/tests/PortsTest.php" line="71" assertions="2" time="0.018573"/>
        <testcase name="testSparePortsAreAvailable" class="App\Tests\PortsTest" classname="App.Tests.PortsTest" file="/srv/app/tests/PortsTest.php" line="86" assertions="1" time="0.024896"/>
        <testcase name="testEachAddressHasPort" class="App\Tests\PortsTest" classname="App.Tests.PortsTest" file="/srv/app/tests/PortsTest.php" line="95" assertions="2295" time="3.398596"/>
        <testcase name="testCanAddDummyPort" class="App\Tests\PortsTest" classname="App.Tests.PortsTest" file="/srv/app/tests/PortsTest.php" line="109" assertions="1" time="0.010357"/>
        <testcase name="testCanRemoveAllPorts" class="App\Tests\PortsTest" classname="App.Tests.PortsTest" file="/srv/app/tests/PortsTest.php" line="121" assertions="1" time="0.033212"/>
      </testsuite>
      <testsuite name="App\Tests\SessionOsesTest" file="/srv/app/tests/SessionOsesTest.php" tests="6" assertions="14" errors="0" warnings="0" failures="0" skipped="0" time="0.122285">
        <testcase name="testSessionOsesListIsNotEmpty" class="App\Tests\SessionOsesTest" classname="App.Tests.SessionOsesTest" file="/srv/app/tests/SessionOsesTest.php" line="77" assertions="1" time="0.017847"/>
        <testcase name="testCanNotAddSessionOsWithoutSession" class="App\Tests\SessionOsesTest" classname="App.Tests.SessionOsesTest" file="/srv/app/tests/SessionOsesTest.php" line="89" assertions="2" time="0.022654"/>
        <testcase name="testCanNotAddSessionOsWithoutOperatingSystem" class="App\Tests\SessionOsesTest" classname="App.Tests.SessionOsesTest" file="/srv/app/tests/SessionOsesTest.php" line="107" assertions="2" time="0.015643"/>
        <testcase name="testCanNotAddDuplicateSessionOses" class="App\Tests\SessionOsesTest" classname="App.Tests.SessionOsesTest" file="/srv/app/tests/SessionOsesTest.php" line="125" assertions="3" time="0.018561"/>
        <testcase name="testCanRemoveAllSessionOses" class="App\Tests\SessionOsesTest" classname="App.Tests.SessionOsesTest" file="/srv/app/tests/SessionOsesTest.php" line="145" assertions="1" time="0.015607"/>
        <testcase name="testCanAddDummySessionOs" class="App\Tests\SessionOsesTest" classname="App.Tests.SessionOsesTest" file="/srv/app/tests/SessionOsesTest.php" line="182" assertions="5" time="0.031973"/>
      </testsuite>
      <testsuite name="App\Tests\SessionStatusesTest" file="/srv/app/tests/SessionStatusesTest.php" tests="5" assertions="17" errors="0" warnings="0" failures="0" skipped="0" time="0.178499">
        <testcase name="testSessionStatusesListIsNotEmpty" class="App\Tests\SessionStatusesTest" classname="App.Tests.SessionStatusesTest" file="/srv/app/tests/SessionStatusesTest.php" line="55" assertions="1" time="0.017079"/>
        <testcase name="testCanNotAddSessionStatusWithoutStatusString" class="App\Tests\SessionStatusesTest" classname="App.Tests.SessionStatusesTest" file="/srv/app/tests/SessionStatusesTest.php" line="63" assertions="1" time="0.017640"/>
        <testcase name="testCanNotAddDuplicateSessionStatus" class="App\Tests\SessionStatusesTest" classname="App.Tests.SessionStatusesTest" file="/srv/app/tests/SessionStatusesTest.php" line="75" assertions="1" time="0.013551"/>
        <testcase name="testCanAddDummySessionStatus" class="App\Tests\SessionStatusesTest" classname="App.Tests.SessionStatusesTest" file="/srv/app/tests/SessionStatusesTest.php" line="84" assertions="1" time="0.012298"/>
        <testcase name="testCanRemoveAllSessionStatuses" class="App\Tests\SessionStatusesTest" classname="App.Tests.SessionStatusesTest" file="/srv/app/tests/SessionStatusesTest.php" line="98" assertions="13" time="0.117932"/>
      </testsuite>
      <testsuite name="App\Tests\SessionTechsTest" file="/srv/app/tests/SessionTechsTest.php" tests="6" assertions="14" errors="0" warnings="0" failures="0" skipped="0" time="0.101395">
        <testcase name="testSessionTechsListIsNotEmpty" class="App\Tests\SessionTechsTest" classname="App.Tests.SessionTechsTest" file="/srv/app/tests/SessionTechsTest.php" line="77" assertions="1" time="0.011928"/>
        <testcase name="testCanNotAddSessionTechWithoutSession" class="App\Tests\SessionTechsTest" classname="App.Tests.SessionTechsTest" file="/srv/app/tests/SessionTechsTest.php" line="89" assertions="2" time="0.016762"/>
        <testcase name="testCanNotAddSessionTechWithoutTechnology" class="App\Tests\SessionTechsTest" classname="App.Tests.SessionTechsTest" file="/srv/app/tests/SessionTechsTest.php" line="107" assertions="2" time="0.015647"/>
        <testcase name="testCanNotAddDuplicateSessionTechs" class="App\Tests\SessionTechsTest" classname="App.Tests.SessionTechsTest" file="/srv/app/tests/SessionTechsTest.php" line="125" assertions="3" time="0.018498"/>
        <testcase name="testCanRemoveAllSessionTechs" class="App\Tests\SessionTechsTest" classname="App.Tests.SessionTechsTest" file="/srv/app/tests/SessionTechsTest.php" line="145" assertions="1" time="0.013033"/>
        <testcase name="testCanAddDummySessionTech" class="App\Tests\SessionTechsTest" classname="App.Tests.SessionTechsTest" file="/srv/app/tests/SessionTechsTest.php" line="181" assertions="5" time="0.025528"/>
      </testsuite>
      <testsuite name="App\Tests\SessionsTest" file="/srv/app/tests/SessionsTest.php" tests="5" assertions="14" errors="0" warnings="0" failures="0" skipped="0" time="0.133913">
        <testcase name="testSessionsListIsNotEmpty" class="App\Tests\SessionsTest" classname="App.Tests.SessionsTest" file="/srv/app/tests/SessionsTest.php" line="69" assertions="1" time="0.014083"/>
        <testcase name="testCanNotAddSessionWithoutMandatoryFields" class="App\Tests\SessionsTest" classname="App.Tests.SessionsTest" file="/srv/app/tests/SessionsTest.php" line="76" assertions="1" time="0.014765"/>
        <testcase name="testCanAddDummySession" class="App\Tests\SessionsTest" classname="App.Tests.SessionsTest" file="/srv/app/tests/SessionsTest.php" line="85" assertions="3" time="0.018290"/>
        <testcase name="testCanRemoveAllSessions" class="App\Tests\SessionsTest" classname="App.Tests.SessionsTest" file="/srv/app/tests/SessionsTest.php" line="110" assertions="6" time="0.066861"/>
        <testcase name="testCanNotAddDuplicateSession" class="App\Tests\SessionsTest" classname="App.Tests.SessionsTest" file="/srv/app/tests/SessionsTest.php" line="130" assertions="3" time="0.019913"/>
      </testsuite>
      <testsuite name="App\Tests\TaskInstanceTypesTest" file="/srv/app/tests/TaskInstanceTypesTest.php" tests="7" assertions="14" errors="0" warnings="0" failures="0" skipped="0" time="0.167372">
        <testcase name="testTaskInstanceTypesListIsNotEmpty" class="App\Tests\TaskInstanceTypesTest" classname="App.Tests.TaskInstanceTypesTest" file="/srv/app/tests/TaskInstanceTypesTest.php" line="59" assertions="1" time="0.040144"/>
        <testcase name="testCanRemoveRandomTaskInstanceType" class="App\Tests\TaskInstanceTypesTest" classname="App.Tests.TaskInstanceTypesTest" file="/srv/app/tests/TaskInstanceTypesTest.php" line="71" assertions="2" time="0.020365"/>
        <testcase name="testCanRemoveAllTaskInstanceTypes" class="App\Tests\TaskInstanceTypesTest" classname="App.Tests.TaskInstanceTypesTest" file="/srv/app/tests/TaskInstanceTypesTest.php" line="87" assertions="1" time="0.017537"/>
        <testcase name="testCanNotAddTaskInstanceTypeWithoutTask" class="App\Tests\TaskInstanceTypesTest" classname="App.Tests.TaskInstanceTypesTest" file="/srv/app/tests/TaskInstanceTypesTest.php" line="100" assertions="2" time="0.021784"/>
        <testcase name="testCanNotAddTaskInstanceTypeWithoutInstanceType" class="App\Tests\TaskInstanceTypesTest" classname="App.Tests.TaskInstanceTypesTest" file="/srv/app/tests/TaskInstanceTypesTest.php" line="118" assertions="2" time="0.016992"/>
        <testcase name="testCanNotAddDuplicateTaskInstanceTypes" class="App\Tests\TaskInstanceTypesTest" classname="App.Tests.TaskInstanceTypesTest" file="/srv/app/tests/TaskInstanceTypesTest.php" line="136" assertions="3" time="0.021587"/>
        <testcase name="testCanAddDummyTaskInstanceType" class="App\Tests\TaskInstanceTypesTest" classname="App.Tests.TaskInstanceTypesTest" file="/srv/app/tests/TaskInstanceTypesTest.php" line="171" assertions="3" time="0.028964"/>
      </testsuite>
      <testsuite name="App\Tests\TaskOsesTest" file="/srv/app/tests/TaskOsesTest.php" tests="7" assertions="14" errors="0" warnings="0" failures="0" skipped="0" time="0.142251">
        <testcase name="testTaskOsesListIsNotEmpty" class="App\Tests\TaskOsesTest" classname="App.Tests.TaskOsesTest" file="/srv/app/tests/TaskOsesTest.php" line="59" assertions="1" time="0.027890"/>
        <testcase name="testCanRemoveRandomTaskOs" class="App\Tests\TaskOsesTest" classname="App.Tests.TaskOsesTest" file="/srv/app/tests/TaskOsesTest.php" line="71" assertions="2" time="0.021697"/>
        <testcase name="testCanRemoveAllTaskOses" class="App\Tests\TaskOsesTest" classname="App.Tests.TaskOsesTest" file="/srv/app/tests/TaskOsesTest.php" line="86" assertions="1" time="0.011251"/>
        <testcase name="testCanNotAddTaskOsWithoutTask" class="App\Tests\TaskOsesTest" classname="App.Tests.TaskOsesTest" file="/srv/app/tests/TaskOsesTest.php" line="99" assertions="2" time="0.024951"/>
        <testcase name="testCanNotAddTaskOsWithoutOperatingSystem" class="App\Tests\TaskOsesTest" classname="App.Tests.TaskOsesTest" file="/srv/app/tests/TaskOsesTest.php" line="117" assertions="2" time="0.016821"/>
        <testcase name="testCanNotAddDuplicateTaskOses" class="App\Tests\TaskOsesTest" classname="App.Tests.TaskOsesTest" file="/srv/app/tests/TaskOsesTest.php" line="135" assertions="3" time="0.018164"/>
        <testcase name="testCanAddDummyTaskOs" class="App\Tests\TaskOsesTest" classname="App.Tests.TaskOsesTest" file="/srv/app/tests/TaskOsesTest.php" line="170" assertions="3" time="0.021478"/>
      </testsuite>
      <testsuite name="App\Tests\TaskTechsTest" file="/srv/app/tests/TaskTechsTest.php" tests="6" assertions="12" errors="0" warnings="0" failures="0" skipped="0" time="0.100612">
        <testcase name="testTaskTechsListIsNotEmpty" class="App\Tests\TaskTechsTest" classname="App.Tests.TaskTechsTest" file="/srv/app/tests/TaskTechsTest.php" line="59" assertions="1" time="0.014298"/>
        <testcase name="testCanRemoveAllTaskTechs" class="App\Tests\TaskTechsTest" classname="App.Tests.TaskTechsTest" file="/srv/app/tests/TaskTechsTest.php" line="70" assertions="1" time="0.011798"/>
        <testcase name="testCanNotAddTaskTechWithoutTask" class="App\Tests\TaskTechsTest" classname="App.Tests.TaskTechsTest" file="/srv/app/tests/TaskTechsTest.php" line="83" assertions="2" time="0.015379"/>
        <testcase name="testCanNotAddTaskTechWithoutTechnology" class="App\Tests\TaskTechsTest" classname="App.Tests.TaskTechsTest" file="/srv/app/tests/TaskTechsTest.php" line="101" assertions="2" time="0.018350"/>
        <testcase name="testCanNotAddDuplicateTaskTechs" class="App\Tests\TaskTechsTest" classname="App.Tests.TaskTechsTest" file="/srv/app/tests/TaskTechsTest.php" line="119" assertions="3" time="0.019453"/>
        <testcase name="testCanAddDummyTaskTech" class="App\Tests\TaskTechsTest" classname="App.Tests.TaskTechsTest" file="/srv/app/tests/TaskTechsTest.php" line="154" assertions="3" time="0.021334"/>
      </testsuite>
      <testsuite name="App\Tests\TasksTest" file="/srv/app/tests/TasksTest.php" tests="6" assertions="36" errors="0" warnings="0" failures="0" skipped="0" time="0.566515">
        <testcase name="testTasksListIsNotEmpty" class="App\Tests\TasksTest" classname="App.Tests.TasksTest" file="/srv/app/tests/TasksTest.php" line="45" assertions="1" time="0.017626"/>
        <testcase name="testCanNotAddTaskWithoutName" class="App\Tests\TasksTest" classname="App.Tests.TasksTest" file="/srv/app/tests/TasksTest.php" line="53" assertions="1" time="0.015842"/>
        <testcase name="testCanNotAddTaskWithoutPath" class="App\Tests\TasksTest" classname="App.Tests.TasksTest" file="/srv/app/tests/TasksTest.php" line="61" assertions="1" time="0.017364"/>
        <testcase name="testCanNotAddDuplicateTasks" class="App\Tests\TasksTest" classname="App.Tests.TasksTest" file="/srv/app/tests/TasksTest.php" line="74" assertions="2" time="0.022909"/>
        <testcase name="testCanAddDummyTask" class="App\Tests\TasksTest" classname="App.Tests.TasksTest" file="/srv/app/tests/TasksTest.php" line="90" assertions="1" time="0.022278"/>
        <testcase name="testCanRemoveAllTasks" class="App\Tests\TasksTest" classname="App.Tests.TasksTest" file="/srv/app/tests/TasksTest.php" line="104" assertions="30" time="0.470497"/>
      </testsuite>
      <testsuite name="App\Tests\TechnologiesTest" file="/srv/app/tests/TechnologiesTest.php" tests="5" assertions="60" errors="0" warnings="0" failures="0" skipped="0" time="0.332988">
        <testcase name="testTechnologiesListIsNotEmpty" class="App\Tests\TechnologiesTest" classname="App.Tests.TechnologiesTest" file="/srv/app/tests/TechnologiesTest.php" line="60" assertions="1" time="0.016106"/>
        <testcase name="testCanNotAddTechnologyWithoutMandatoryFields" class="App\Tests\TechnologiesTest" classname="App.Tests.TechnologiesTest" file="/srv/app/tests/TechnologiesTest.php" line="67" assertions="1" time="0.013832"/>
        <testcase name="testCanAddDummyTechnology" class="App\Tests\TechnologiesTest" classname="App.Tests.TechnologiesTest" file="/srv/app/tests/TechnologiesTest.php" line="72" assertions="2" time="0.019687"/>
        <testcase name="testCanRemoveAllTechnologies" class="App\Tests\TechnologiesTest" classname="App.Tests.TechnologiesTest" file="/srv/app/tests/TechnologiesTest.php" line="89" assertions="54" time="0.267509"/>
        <testcase name="testCanNotAddDuplicateTechnology" class="App\Tests\TechnologiesTest" classname="App.Tests.TechnologiesTest" file="/srv/app/tests/TechnologiesTest.php" line="108" assertions="2" time="0.015854"/>
      </testsuite>
      <testsuite name="App\Tests\TesteesTest" file="/srv/app/tests/TesteesTest.php" tests="5" assertions="11" errors="0" warnings="0" failures="0" skipped="0" time="0.118373">
        <testcase name="testTesteesListIsNotEmpty" class="App\Tests\TesteesTest" classname="App.Tests.TesteesTest" file="/srv/app/tests/TesteesTest.php" line="51" assertions="1" time="0.014332"/>
        <testcase name="testCanNotAddTesteeWithoutMandatoryFields" class="App\Tests\TesteesTest" classname="App.Tests.TesteesTest" file="/srv/app/tests/TesteesTest.php" line="58" assertions="1" time="0.021008"/>
        <testcase name="testCanAddDummyTestee" class="App\Tests\TesteesTest" classname="App.Tests.TesteesTest" file="/srv/app/tests/TesteesTest.php" line="63" assertions="1" time="0.012144"/>
        <testcase name="testCanRemoveAllTestees" class="App\Tests\TesteesTest" classname="App.Tests.TesteesTest" file="/srv/app/tests/TesteesTest.php" line="79" assertions="6" time="0.057938"/>
        <testcase name="testCanNotAddDuplicateTestee" class="App\Tests\TesteesTest" classname="App.Tests.TesteesTest" file="/srv/app/tests/TesteesTest.php" line="98" assertions="2" time="0.012951"/>
      </testsuite>
    </testsuite>
  </testsuite>
</testsuites>
