<?xml version="1.0" encoding="UTF-8"?>
<testsuites>
  <testsuite name="App\Tests\TesteesTest" file="/srv/app/tests/TesteesTest.php" tests="4" assertions="5" errors="0" warnings="0" failures="0" skipped="0" time="0.370480">
    <testcase name="testTesteesListIsNotEmpty" class="App\Tests\TesteesTest" classname="App.Tests.TesteesTest" file="/srv/app/tests/TesteesTest.php" line="38" assertions="1" time="0.309292"/>
    <testcase name="testCanNotAddTesteeWithoutEmailOrAuthToken" class="App\Tests\TesteesTest" classname="App.Tests.TesteesTest" file="/srv/app/tests/TesteesTest.php" line="43" assertions="1" time="0.026038"/>
    <testcase name="testCanAddAndRemoveDummyTestee" class="App\Tests\TesteesTest" classname="App.Tests.TesteesTest" file="/srv/app/tests/TesteesTest.php" line="48" assertions="1" time="0.017942"/>
    <testcase name="testCanNotAddDuplicateTestee" class="App\Tests\TesteesTest" classname="App.Tests.TesteesTest" file="/srv/app/tests/TesteesTest.php" line="63" assertions="2" time="0.017208"/>
  </testsuite>
</testsuites>
