<?xml version="1.0" encoding="UTF-8"?>
<testsuites>
  <testsuite name="" tests="136" assertions="2522" errors="1" warnings="0" failures="0" skipped="11" time="9.014048">
    <testsuite name="App Test Suite" tests="136" assertions="2522" errors="1" warnings="0" failures="0" skipped="11" time="9.014048">
      <testsuite name="App\Tests\AddressesTest" file="/srv/app/tests/AddressesTest.php" tests="8" assertions="25" errors="0" warnings="0" failures="0" skipped="0" time="1.958998">
        <testcase name="testAddressesListIsNotEmpty" class="App\Tests\AddressesTest" classname="App.Tests.AddressesTest" file="/srv/app/tests/AddressesTest.php" line="50" assertions="1" time="1.171877"/>
        <testcase name="testCanNotAddAddressWithoutIp" class="App\Tests\AddressesTest" classname="App.Tests.AddressesTest" file="/srv/app/tests/AddressesTest.php" line="58" assertions="1" time="0.024280"/>
        <testcase name="testCanNotAddAddressWithoutMac" class="App\Tests\AddressesTest" classname="App.Tests.AddressesTest" file="/srv/app/tests/AddressesTest.php" line="66" assertions="1" time="0.010222"/>
        <testcase name="testCanNotAddDuplicateAddresses" class="App\Tests\AddressesTest" classname="App.Tests.AddressesTest" file="/srv/app/tests/AddressesTest.php" line="79" assertions="2" time="0.029914"/>
        <testcase name="testSpareAddressesAreAvailable" class="App\Tests\AddressesTest" classname="App.Tests.AddressesTest" file="/srv/app/tests/AddressesTest.php" line="95" assertions="1" time="0.548557"/>
        <testcase name="testEachInstanceHasAddress" class="App\Tests\AddressesTest" classname="App.Tests.AddressesTest" file="/srv/app/tests/AddressesTest.php" line="104" assertions="17" time="0.151883"/>
        <testcase name="testCanAddDummyAddress" class="App\Tests\AddressesTest" classname="App.Tests.AddressesTest" file="/srv/app/tests/AddressesTest.php" line="118" assertions="1" time="0.013820"/>
        <testcase name="testCanRemoveDummyAddress" class="App\Tests\AddressesTest" classname="App.Tests.AddressesTest" file="/srv/app/tests/AddressesTest.php" line="132" assertions="1" time="0.008445"/>
      </testsuite>
      <testsuite name="App\Tests\BreedsTest" file="/srv/app/tests/BreedsTest.php" tests="8" assertions="7" errors="0" warnings="0" failures="0" skipped="1" time="0.151061">
        <testcase name="testBreedsListIsNotEmpty" class="App\Tests\BreedsTest" classname="App.Tests.BreedsTest" file="/srv/app/tests/BreedsTest.php" line="59" assertions="1" time="0.030080"/>
        <testcase name="testBreedHasOperatingSystemsReference" class="App\Tests\BreedsTest" classname="App.Tests.BreedsTest" file="/srv/app/tests/BreedsTest.php" line="73" assertions="1" time="0.023877"/>
        <testcase name="testCanNotAddBreedWithoutName" class="App\Tests\BreedsTest" classname="App.Tests.BreedsTest" file="/srv/app/tests/BreedsTest.php" line="86" assertions="1" time="0.019468"/>
        <testcase name="testCanNotAddDuplicateBreed" class="App\Tests\BreedsTest" classname="App.Tests.BreedsTest" file="/srv/app/tests/BreedsTest.php" line="97" assertions="1" time="0.016889"/>
        <testcase name="testCanAddDummyBreed" class="App\Tests\BreedsTest" classname="App.Tests.BreedsTest" file="/srv/app/tests/BreedsTest.php" line="108" assertions="1" time="0.016411"/>
        <testcase name="testCanRemoveDummyBreed" class="App\Tests\BreedsTest" classname="App.Tests.BreedsTest" file="/srv/app/tests/BreedsTest.php" line="121" assertions="1" time="0.015855"/>
        <testcase name="testCanNotRemoveReferencedBreed" class="App\Tests\BreedsTest" classname="App.Tests.BreedsTest" file="/srv/app/tests/BreedsTest.php" line="132" assertions="1" time="0.016016"/>
        <testcase name="testCanRemoveBreedWithCascadeFlag" class="App\Tests\BreedsTest" classname="App.Tests.BreedsTest" file="/srv/app/tests/BreedsTest.php" line="142" assertions="0" time="0.012467">
          <skipped/>
        </testcase>
      </testsuite>
      <testsuite name="App\Tests\Command\AwxMeCommandTest" file="/srv/app/tests/Command/AwxMeCommandTest.php" tests="1" assertions="2" errors="0" warnings="0" failures="0" skipped="0" time="0.712260">
        <testcase name="testAwxMeIsSymfony" class="App\Tests\Command\AwxMeCommandTest" classname="App.Tests.Command.AwxMeCommandTest" file="/srv/app/tests/Command/AwxMeCommandTest.php" line="11" assertions="2" time="0.712260"/>
      </testsuite>
      <testsuite name="App\Tests\Command\AwxProjectListCommandTest" file="/srv/app/tests/Command/AwxProjectListCommandTest.php" tests="1" assertions="0" errors="0" warnings="0" failures="0" skipped="1" time="0.001286">
        <testcase name="testExecute" class="App\Tests\Command\AwxProjectListCommandTest" classname="App.Tests.Command.AwxProjectListCommandTest" file="/srv/app/tests/Command/AwxProjectListCommandTest.php" line="11" assertions="0" time="0.001286">
          <skipped/>
        </testcase>
      </testsuite>
      <testsuite name="App\Tests\DomainsTest" file="/srv/app/tests/DomainsTest.php" tests="7" assertions="11" errors="0" warnings="0" failures="0" skipped="0" time="0.105259">
        <testcase name="testDomainsListIsNotEmpty" class="App\Tests\DomainsTest" classname="App.Tests.DomainsTest" file="/srv/app/tests/DomainsTest.php" line="51" assertions="1" time="0.016563"/>
        <testcase name="testDomainHasTechnologiesReference" class="App\Tests\DomainsTest" classname="App.Tests.DomainsTest" file="/srv/app/tests/DomainsTest.php" line="64" assertions="1" time="0.017611"/>
        <testcase name="testCanNotAddDomainWithoutName" class="App\Tests\DomainsTest" classname="App.Tests.DomainsTest" file="/srv/app/tests/DomainsTest.php" line="77" assertions="1" time="0.012297"/>
        <testcase name="testCanNotAddDuplicateDomain" class="App\Tests\DomainsTest" classname="App.Tests.DomainsTest" file="/srv/app/tests/DomainsTest.php" line="86" assertions="2" time="0.010811"/>
        <testcase name="testCanAddDummyDomain" class="App\Tests\DomainsTest" classname="App.Tests.DomainsTest" file="/srv/app/tests/DomainsTest.php" line="100" assertions="1" time="0.009758"/>
        <testcase name="testCanRemoveDummyDomain" class="App\Tests\DomainsTest" classname="App.Tests.DomainsTest" file="/srv/app/tests/DomainsTest.php" line="113" assertions="1" time="0.007226"/>
        <testcase name="testDomainRemovalLeadsToLinkedTechnologiesDeletion" class="App\Tests\DomainsTest" classname="App.Tests.DomainsTest" file="/srv/app/tests/DomainsTest.php" line="122" assertions="4" time="0.030993"/>
      </testsuite>
      <testsuite name="App\Tests\EnvironmentStatusesTest" file="/srv/app/tests/EnvironmentStatusesTest.php" tests="8" assertions="6" errors="0" warnings="0" failures="0" skipped="2" time="0.075889">
        <testcase name="testEnvironmentStatusesListIsNotEmpty" class="App\Tests\EnvironmentStatusesTest" classname="App.Tests.EnvironmentStatusesTest" file="/srv/app/tests/EnvironmentStatusesTest.php" line="45" assertions="1" time="0.010977"/>
        <testcase name="testEnvironmentStatusHasEnvironmentsReference" class="App\Tests\EnvironmentStatusesTest" classname="App.Tests.EnvironmentStatusesTest" file="/srv/app/tests/EnvironmentStatusesTest.php" line="59" assertions="1" time="0.015663"/>
        <testcase name="testCanNotAddEnvironmentStatusWithoutStatusString" class="App\Tests\EnvironmentStatusesTest" classname="App.Tests.EnvironmentStatusesTest" file="/srv/app/tests/EnvironmentStatusesTest.php" line="72" assertions="1" time="0.010234"/>
        <testcase name="testCanNotAddDuplicateEnvironmentStatus" class="App\Tests\EnvironmentStatusesTest" classname="App.Tests.EnvironmentStatusesTest" file="/srv/app/tests/EnvironmentStatusesTest.php" line="84" assertions="1" time="0.010810"/>
        <testcase name="testCanAddDummyEnvironmentStatus" class="App\Tests\EnvironmentStatusesTest" classname="App.Tests.EnvironmentStatusesTest" file="/srv/app/tests/EnvironmentStatusesTest.php" line="97" assertions="1" time="0.010765"/>
        <testcase name="testCanRemoveDummyEnvironmentStatus" class="App\Tests\EnvironmentStatusesTest" classname="App.Tests.EnvironmentStatusesTest" file="/srv/app/tests/EnvironmentStatusesTest.php" line="110" assertions="1" time="0.007521"/>
        <testcase name="testCanNotRemoveReferencedEnvironmentStatus" class="App\Tests\EnvironmentStatusesTest" classname="App.Tests.EnvironmentStatusesTest" file="/srv/app/tests/EnvironmentStatusesTest.php" line="121" assertions="0" time="0.004980">
          <skipped/>
        </testcase>
        <testcase name="testCanRemoveEnvironmentStatusWithCascadeFlag" class="App\Tests\EnvironmentStatusesTest" classname="App.Tests.EnvironmentStatusesTest" file="/srv/app/tests/EnvironmentStatusesTest.php" line="134" assertions="0" time="0.004938">
          <skipped/>
        </testcase>
      </testsuite>
      <testsuite name="App\Tests\HardwareProfilesTest" file="/srv/app/tests/HardwareProfilesTest.php" tests="14" assertions="32" errors="0" warnings="0" failures="0" skipped="2" time="0.256669">
        <testcase name="testHardwareProfilesListIsNotEmpty" class="App\Tests\HardwareProfilesTest" classname="App.Tests.HardwareProfilesTest" file="/srv/app/tests/HardwareProfilesTest.php" line="64" assertions="1" time="0.013619"/>
        <testcase name="testContainerHardwareProfilesListIsNotEmpty" class="App\Tests\HardwareProfilesTest" classname="App.Tests.HardwareProfilesTest" file="/srv/app/tests/HardwareProfilesTest.php" line="73" assertions="1" time="0.008644"/>
        <testcase name="testVmHardwareProfilesListIsNotEmpty" class="App\Tests\HardwareProfilesTest" classname="App.Tests.HardwareProfilesTest" file="/srv/app/tests/HardwareProfilesTest.php" line="86" assertions="1" time="0.012862"/>
        <testcase name="testSupportedHardwareProfilesListIsNotEmpty" class="App\Tests\HardwareProfilesTest" classname="App.Tests.HardwareProfilesTest" file="/srv/app/tests/HardwareProfilesTest.php" line="99" assertions="1" time="0.013103"/>
        <testcase name="testEachSupportedHardwareProfileHasCorrespondingInstanceTypesForAllSupportedOses" class="App\Tests\HardwareProfilesTest" classname="App.Tests.HardwareProfilesTest" file="/srv/app/tests/HardwareProfilesTest.php" line="124" assertions="9" time="0.033417"/>
        <testcase name="testCanNotAddHardwareProfileWithoutNameOrType" class="App\Tests\HardwareProfilesTest" classname="App.Tests.HardwareProfilesTest" file="/srv/app/tests/HardwareProfilesTest.php" line="142" assertions="1" time="0.012698"/>
        <testcase name="testCanNotAddDuplicateHardwareProfile" class="App\Tests\HardwareProfilesTest" classname="App.Tests.HardwareProfilesTest" file="/srv/app/tests/HardwareProfilesTest.php" line="151" assertions="2" time="0.012227"/>
        <testcase name="testCanAddDummyHardwareProfile" class="App\Tests\HardwareProfilesTest" classname="App.Tests.HardwareProfilesTest" file="/srv/app/tests/HardwareProfilesTest.php" line="163" assertions="1" time="0.016084"/>
        <testcase name="testCanAddDummySupportedHardwareProfile" class="App\Tests\HardwareProfilesTest" classname="App.Tests.HardwareProfilesTest" file="/srv/app/tests/HardwareProfilesTest.php" line="172" assertions="6" time="0.043802"/>
        <testcase name="testCanRemoveUnsupportedHardwareProfile" class="App\Tests\HardwareProfilesTest" classname="App.Tests.HardwareProfilesTest" file="/srv/app/tests/HardwareProfilesTest.php" line="198" assertions="2" time="0.015527"/>
        <testcase name="testCanNotRemoveSupportedHardwareProfile" class="App\Tests\HardwareProfilesTest" classname="App.Tests.HardwareProfilesTest" file="/srv/app/tests/HardwareProfilesTest.php" line="211" assertions="1" time="0.015315"/>
        <testcase name="testCanRemoveSupportedHardwareProfileWithCascadeFlag" class="App\Tests\HardwareProfilesTest" classname="App.Tests.HardwareProfilesTest" file="/srv/app/tests/HardwareProfilesTest.php" line="221" assertions="0" time="0.010571">
          <skipped/>
        </testcase>
        <testcase name="testCanMakeHardwareProfileSupported" class="App\Tests\HardwareProfilesTest" classname="App.Tests.HardwareProfilesTest" file="/srv/app/tests/HardwareProfilesTest.php" line="251" assertions="6" time="0.041622"/>
        <testcase name="testCanMakeHardwareProfileUnsupported" class="App\Tests\HardwareProfilesTest" classname="App.Tests.HardwareProfilesTest" file="/srv/app/tests/HardwareProfilesTest.php" line="276" assertions="0" time="0.007177">
          <skipped/>
        </testcase>
      </testsuite>
      <testsuite name="App\Tests\InstanceStatusesTest" file="/srv/app/tests/InstanceStatusesTest.php" tests="8" assertions="6" errors="0" warnings="0" failures="0" skipped="2" time="0.086452">
        <testcase name="testInstanceStatusesListIsNotEmpty" class="App\Tests\InstanceStatusesTest" classname="App.Tests.InstanceStatusesTest" file="/srv/app/tests/InstanceStatusesTest.php" line="45" assertions="1" time="0.010208"/>
        <testcase name="testInstanceStatusHasInstancesReference" class="App\Tests\InstanceStatusesTest" classname="App.Tests.InstanceStatusesTest" file="/srv/app/tests/InstanceStatusesTest.php" line="59" assertions="1" time="0.019982"/>
        <testcase name="testCanNotAddInstanceStatusWithoutStatusString" class="App\Tests\InstanceStatusesTest" classname="App.Tests.InstanceStatusesTest" file="/srv/app/tests/InstanceStatusesTest.php" line="72" assertions="1" time="0.011726"/>
        <testcase name="testCanNotAddDuplicateInstanceStatus" class="App\Tests\InstanceStatusesTest" classname="App.Tests.InstanceStatusesTest" file="/srv/app/tests/InstanceStatusesTest.php" line="84" assertions="1" time="0.011189"/>
        <testcase name="testCanAddDummyInstanceStatus" class="App\Tests\InstanceStatusesTest" classname="App.Tests.InstanceStatusesTest" file="/srv/app/tests/InstanceStatusesTest.php" line="93" assertions="1" time="0.011061"/>
        <testcase name="testCanRemoveDummyInstanceStatus" class="App\Tests\InstanceStatusesTest" classname="App.Tests.InstanceStatusesTest" file="/srv/app/tests/InstanceStatusesTest.php" line="106" assertions="1" time="0.007542"/>
        <testcase name="testCanNotRemoveReferencedInstanceStatus" class="App\Tests\InstanceStatusesTest" classname="App.Tests.InstanceStatusesTest" file="/srv/app/tests/InstanceStatusesTest.php" line="117" assertions="0" time="0.006151">
          <skipped/>
        </testcase>
        <testcase name="testCanRemoveInstanceStatusWithCascadeFlag" class="App\Tests\InstanceStatusesTest" classname="App.Tests.InstanceStatusesTest" file="/srv/app/tests/InstanceStatusesTest.php" line="129" assertions="0" time="0.008593">
          <skipped/>
        </testcase>
      </testsuite>
      <testsuite name="App\Tests\InstanceTypesTest" file="/srv/app/tests/InstanceTypesTest.php" tests="4" assertions="8" errors="0" warnings="0" failures="0" skipped="0" time="0.061513">
        <testcase name="testInstanceTypesListIsNotEmpty" class="App\Tests\InstanceTypesTest" classname="App.Tests.InstanceTypesTest" file="/srv/app/tests/InstanceTypesTest.php" line="59" assertions="1" time="0.016516"/>
        <testcase name="testCanNotAddInstanceTypeWithoutOperatingSystem" class="App\Tests\InstanceTypesTest" classname="App.Tests.InstanceTypesTest" file="/srv/app/tests/InstanceTypesTest.php" line="71" assertions="2" time="0.012755"/>
        <testcase name="testCanNotAddInstanceTypeWithoutHardwareProfile" class="App\Tests\InstanceTypesTest" classname="App.Tests.InstanceTypesTest" file="/srv/app/tests/InstanceTypesTest.php" line="89" assertions="2" time="0.014185"/>
        <testcase name="testCanNotAddDuplicateInstanceTypes" class="App\Tests\InstanceTypesTest" classname="App.Tests.InstanceTypesTest" file="/srv/app/tests/InstanceTypesTest.php" line="107" assertions="3" time="0.018057"/>
      </testsuite>
      <testsuite name="App\Tests\LuckyNumberTest" file="/srv/app/tests/LuckyNumberTest.php" tests="1" assertions="3" errors="0" warnings="0" failures="0" skipped="0" time="0.250539">
        <testcase name="testLuckyNumber" class="App\Tests\LuckyNumberTest" classname="App.Tests.LuckyNumberTest" file="/srv/app/tests/LuckyNumberTest.php" line="9" assertions="3" time="0.250539"/>
      </testsuite>
      <testsuite name="App\Tests\MessengerTest" file="/srv/app/tests/MessengerTest.php" tests="1" assertions="1" errors="0" warnings="0" failures="0" skipped="0" time="0.000734">
        <testcase name="testSomething" class="App\Tests\MessengerTest" classname="App.Tests.MessengerTest" file="/srv/app/tests/MessengerTest.php" line="46" assertions="1" time="0.000734"/>
      </testsuite>
      <testsuite name="App\Tests\OperatingSystemsTest" file="/srv/app/tests/OperatingSystemsTest.php" tests="12" assertions="27" errors="1" warnings="0" failures="0" skipped="1" time="0.231830">
        <testcase name="testOperatingSystemsListIsNotEmpty" class="App\Tests\OperatingSystemsTest" classname="App.Tests.OperatingSystemsTest" file="/srv/app/tests/OperatingSystemsTest.php" line="81" assertions="1" time="0.020460"/>
        <testcase name="testSupportedOperatingSystemsListIsNotEmpty" class="App\Tests\OperatingSystemsTest" classname="App.Tests.OperatingSystemsTest" file="/srv/app/tests/OperatingSystemsTest.php" line="90" assertions="1" time="0.016593"/>
        <testcase name="testEachSupportedOsHasCorrespondingInstanceTypesForAllSupportedHardwareProfiles" class="App\Tests\OperatingSystemsTest" classname="App.Tests.OperatingSystemsTest" file="/srv/app/tests/OperatingSystemsTest.php" line="105" assertions="9" time="0.033033"/>
        <testcase name="testCanNotAddOperatingSystemWithoutReleaseOrBreed" class="App\Tests\OperatingSystemsTest" classname="App.Tests.OperatingSystemsTest" file="/srv/app/tests/OperatingSystemsTest.php" line="121" assertions="1" time="0.018370"/>
        <testcase name="testCanNotAddDuplicateOperatingSystem" class="App\Tests\OperatingSystemsTest" classname="App.Tests.OperatingSystemsTest" file="/srv/app/tests/OperatingSystemsTest.php" line="130" assertions="2" time="0.019388"/>
        <testcase name="testCanAddDummyOperatingSystem" class="App\Tests\OperatingSystemsTest" classname="App.Tests.OperatingSystemsTest" file="/srv/app/tests/OperatingSystemsTest.php" line="146" assertions="2" time="0.015372"/>
        <testcase name="testCanRemoveDummyOperatingSystem" class="App\Tests\OperatingSystemsTest" classname="App.Tests.OperatingSystemsTest" file="/srv/app/tests/OperatingSystemsTest.php" line="165" assertions="1" time="0.010686"/>
        <testcase name="testCanAddDummySupportedOperatingSystem" class="App\Tests\OperatingSystemsTest" classname="App.Tests.OperatingSystemsTest" file="/srv/app/tests/OperatingSystemsTest.php" line="170" assertions="5" time="0.031395"/>
        <testcase name="testCanNotRemoveSupportedOperatingSystem" class="App\Tests\OperatingSystemsTest" classname="App.Tests.OperatingSystemsTest" file="/srv/app/tests/OperatingSystemsTest.php" line="200" assertions="1" time="0.010602"/>
        <testcase name="testCanRemoveSupportedOperatingSystemWithCascadeFlag" class="App\Tests\OperatingSystemsTest" classname="App.Tests.OperatingSystemsTest" file="/srv/app/tests/OperatingSystemsTest.php" line="210" assertions="0" time="0.008730">
          <skipped/>
        </testcase>
        <testcase name="testCanMakeOperatingSystemSupported" class="App\Tests\OperatingSystemsTest" classname="App.Tests.OperatingSystemsTest" file="/srv/app/tests/OperatingSystemsTest.php" line="240" assertions="4" time="0.031716"/>
        <testcase name="testCanMakeOperatingSystemUnsupported" class="App\Tests\OperatingSystemsTest" classname="App.Tests.OperatingSystemsTest" file="/srv/app/tests/OperatingSystemsTest.php" line="265" assertions="0" time="0.015485">
          <error type="Doctrine\ORM\ORMInvalidArgumentException">App\Tests\OperatingSystemsTest::testCanMakeOperatingSystemUnsupported
Doctrine\ORM\ORMInvalidArgumentException: A new entity was found through the relationship 'App\Entity\OperatingSystems#breed' that was not configured to cascade persist operations for entity: fedora. To solve this issue: Either explicitly call EntityManager#persist() on this unknown entity or configure cascade persist this association in the mapping for example @ManyToOne(..,cascade={"persist"}).

/srv/app/vendor/doctrine/orm/src/ORMInvalidArgumentException.php:103
/srv/app/vendor/doctrine/orm/src/UnitOfWork.php:3860
/srv/app/vendor/doctrine/orm/src/UnitOfWork.php:417
/srv/app/vendor/doctrine/orm/src/EntityManager.php:403
/srv/app/src/Repository/OperatingSystemsRepository.php:40
/srv/app/src/Service/OperatingSystemsManager.php:86
/srv/app/src/Service/OperatingSystemsManager.php:148
/srv/app/tests/OperatingSystemsTest.php:269
/srv/app/vendor/phpunit/phpunit/phpunit:107</error>
        </testcase>
      </testsuite>
      <testsuite name="App\Tests\PortsTest" file="/srv/app/tests/PortsTest.php" tests="7" assertions="2302" errors="0" warnings="0" failures="0" skipped="0" time="4.096000">
        <testcase name="testPortsListIsNotEmpty" class="App\Tests\PortsTest" classname="App.Tests.PortsTest" file="/srv/app/tests/PortsTest.php" line="50" assertions="1" time="0.367518"/>
        <testcase name="testCanNotAddPortWithoutPortNumber" class="App\Tests\PortsTest" classname="App.Tests.PortsTest" file="/srv/app/tests/PortsTest.php" line="58" assertions="1" time="0.014057"/>
        <testcase name="testCanNotAddDuplicatePorts" class="App\Tests\PortsTest" classname="App.Tests.PortsTest" file="/srv/app/tests/PortsTest.php" line="71" assertions="2" time="0.017054"/>
        <testcase name="testSparePortsAreAvailable" class="App\Tests\PortsTest" classname="App.Tests.PortsTest" file="/srv/app/tests/PortsTest.php" line="86" assertions="1" time="0.021610"/>
        <testcase name="testEachAddressHasPort" class="App\Tests\PortsTest" classname="App.Tests.PortsTest" file="/srv/app/tests/PortsTest.php" line="95" assertions="2295" time="3.660016"/>
        <testcase name="testCanAddDummyPort" class="App\Tests\PortsTest" classname="App.Tests.PortsTest" file="/srv/app/tests/PortsTest.php" line="109" assertions="1" time="0.008680"/>
        <testcase name="testCanRemoveDummyPort" class="App\Tests\PortsTest" classname="App.Tests.PortsTest" file="/srv/app/tests/PortsTest.php" line="122" assertions="1" time="0.007066"/>
      </testsuite>
      <testsuite name="App\Tests\SessionOsesTest" file="/srv/app/tests/SessionOsesTest.php" tests="5" assertions="10" errors="0" warnings="0" failures="0" skipped="0" time="0.086868">
        <testcase name="testSessionOsesListIsNotEmpty" class="App\Tests\SessionOsesTest" classname="App.Tests.SessionOsesTest" file="/srv/app/tests/SessionOsesTest.php" line="53" assertions="1" time="0.010645"/>
        <testcase name="testCanNotAddSessionOsWithoutSession" class="App\Tests\SessionOsesTest" classname="App.Tests.SessionOsesTest" file="/srv/app/tests/SessionOsesTest.php" line="65" assertions="2" time="0.022203"/>
        <testcase name="testCanNotAddSessionOsWithoutOperatingSystem" class="App\Tests\SessionOsesTest" classname="App.Tests.SessionOsesTest" file="/srv/app/tests/SessionOsesTest.php" line="83" assertions="2" time="0.014943"/>
        <testcase name="testCanNotAddDuplicateSessionOses" class="App\Tests\SessionOsesTest" classname="App.Tests.SessionOsesTest" file="/srv/app/tests/SessionOsesTest.php" line="101" assertions="3" time="0.020047"/>
        <testcase name="testCanRemoveRandomSessionOs" class="App\Tests\SessionOsesTest" classname="App.Tests.SessionOsesTest" file="/srv/app/tests/SessionOsesTest.php" line="122" assertions="2" time="0.019029"/>
      </testsuite>
      <testsuite name="App\Tests\SessionStatusesTest" file="/srv/app/tests/SessionStatusesTest.php" tests="8" assertions="7" errors="0" warnings="0" failures="0" skipped="2" time="0.089438">
        <testcase name="testSessionStatusesListIsNotEmpty" class="App\Tests\SessionStatusesTest" classname="App.Tests.SessionStatusesTest" file="/srv/app/tests/SessionStatusesTest.php" line="45" assertions="1" time="0.012401"/>
        <testcase name="testSessionStatusHasSessionsReference" class="App\Tests\SessionStatusesTest" classname="App.Tests.SessionStatusesTest" file="/srv/app/tests/SessionStatusesTest.php" line="59" assertions="1" time="0.013424"/>
        <testcase name="testCanNotAddSessionStatusWithoutStatusString" class="App\Tests\SessionStatusesTest" classname="App.Tests.SessionStatusesTest" file="/srv/app/tests/SessionStatusesTest.php" line="72" assertions="1" time="0.013652"/>
        <testcase name="testCanNotAddDuplicateSessionStatus" class="App\Tests\SessionStatusesTest" classname="App.Tests.SessionStatusesTest" file="/srv/app/tests/SessionStatusesTest.php" line="84" assertions="1" time="0.014384"/>
        <testcase name="testCanAddDummySessionStatus" class="App\Tests\SessionStatusesTest" classname="App.Tests.SessionStatusesTest" file="/srv/app/tests/SessionStatusesTest.php" line="93" assertions="1" time="0.009719"/>
        <testcase name="testCanNotRemoveReferencedSessionStatus" class="App\Tests\SessionStatusesTest" classname="App.Tests.SessionStatusesTest" file="/srv/app/tests/SessionStatusesTest.php" line="107" assertions="0" time="0.005395">
          <skipped/>
        </testcase>
        <testcase name="testCanRemoveSessionStatusWithCascadeFlag" class="App\Tests\SessionStatusesTest" classname="App.Tests.SessionStatusesTest" file="/srv/app/tests/SessionStatusesTest.php" line="120" assertions="0" time="0.006131">
          <skipped/>
        </testcase>
        <testcase name="testCanRemoveRandomSessionStatus" class="App\Tests\SessionStatusesTest" classname="App.Tests.SessionStatusesTest" file="/srv/app/tests/SessionStatusesTest.php" line="141" assertions="2" time="0.014333"/>
      </testsuite>
      <testsuite name="App\Tests\SessionTechsTest" file="/srv/app/tests/SessionTechsTest.php" tests="5" assertions="10" errors="0" warnings="0" failures="0" skipped="0" time="0.092383">
        <testcase name="testSessionTechsListIsNotEmpty" class="App\Tests\SessionTechsTest" classname="App.Tests.SessionTechsTest" file="/srv/app/tests/SessionTechsTest.php" line="53" assertions="1" time="0.018676"/>
        <testcase name="testCanNotAddSessionTechWithoutSession" class="App\Tests\SessionTechsTest" classname="App.Tests.SessionTechsTest" file="/srv/app/tests/SessionTechsTest.php" line="65" assertions="2" time="0.022161"/>
        <testcase name="testCanNotAddSessionTechWithoutTechnology" class="App\Tests\SessionTechsTest" classname="App.Tests.SessionTechsTest" file="/srv/app/tests/SessionTechsTest.php" line="83" assertions="2" time="0.019282"/>
        <testcase name="testCanNotAddDuplicateSessionTechs" class="App\Tests\SessionTechsTest" classname="App.Tests.SessionTechsTest" file="/srv/app/tests/SessionTechsTest.php" line="101" assertions="3" time="0.018510"/>
        <testcase name="testCanRemoveRandomSessionTech" class="App\Tests\SessionTechsTest" classname="App.Tests.SessionTechsTest" file="/srv/app/tests/SessionTechsTest.php" line="122" assertions="2" time="0.013755"/>
      </testsuite>
      <testsuite name="App\Tests\SessionsTest" file="/srv/app/tests/SessionsTest.php" tests="5" assertions="10" errors="0" warnings="0" failures="0" skipped="0" time="0.088837">
        <testcase name="testSessionsListIsNotEmpty" class="App\Tests\SessionsTest" classname="App.Tests.SessionsTest" file="/srv/app/tests/SessionsTest.php" line="60" assertions="1" time="0.016369"/>
        <testcase name="testCanNotAddSessionWithoutMandatoryFields" class="App\Tests\SessionsTest" classname="App.Tests.SessionsTest" file="/srv/app/tests/SessionsTest.php" line="67" assertions="1" time="0.015595"/>
        <testcase name="testCanAddDummySession" class="App\Tests\SessionsTest" classname="App.Tests.SessionsTest" file="/srv/app/tests/SessionsTest.php" line="76" assertions="3" time="0.019357"/>
        <testcase name="testCanRemoveRandomSession" class="App\Tests\SessionsTest" classname="App.Tests.SessionsTest" file="/srv/app/tests/SessionsTest.php" line="100" assertions="2" time="0.020836"/>
        <testcase name="testCanNotAddDuplicateSession" class="App\Tests\SessionsTest" classname="App.Tests.SessionsTest" file="/srv/app/tests/SessionsTest.php" line="117" assertions="3" time="0.016679"/>
      </testsuite>
      <testsuite name="App\Tests\TaskInstanceTypesTest" file="/srv/app/tests/TaskInstanceTypesTest.php" tests="6" assertions="11" errors="0" warnings="0" failures="0" skipped="0" time="0.188629">
        <testcase name="testTaskInstanceTypesListIsNotEmpty" class="App\Tests\TaskInstanceTypesTest" classname="App.Tests.TaskInstanceTypesTest" file="/srv/app/tests/TaskInstanceTypesTest.php" line="59" assertions="1" time="0.024388"/>
        <testcase name="testCanRemoveRandomTaskInstanceType" class="App\Tests\TaskInstanceTypesTest" classname="App.Tests.TaskInstanceTypesTest" file="/srv/app/tests/TaskInstanceTypesTest.php" line="71" assertions="2" time="0.015244"/>
        <testcase name="testCanRemoveAllTaskInstanceTypes" class="App\Tests\TaskInstanceTypesTest" classname="App.Tests.TaskInstanceTypesTest" file="/srv/app/tests/TaskInstanceTypesTest.php" line="87" assertions="1" time="0.095253"/>
        <testcase name="testCanNotAddTaskInstanceTypeWithoutTask" class="App\Tests\TaskInstanceTypesTest" classname="App.Tests.TaskInstanceTypesTest" file="/srv/app/tests/TaskInstanceTypesTest.php" line="100" assertions="2" time="0.017497"/>
        <testcase name="testCanNotAddTaskInstanceTypeWithoutInstanceType" class="App\Tests\TaskInstanceTypesTest" classname="App.Tests.TaskInstanceTypesTest" file="/srv/app/tests/TaskInstanceTypesTest.php" line="118" assertions="2" time="0.016752"/>
        <testcase name="testCanNotAddDuplicateTaskInstanceTypes" class="App\Tests\TaskInstanceTypesTest" classname="App.Tests.TaskInstanceTypesTest" file="/srv/app/tests/TaskInstanceTypesTest.php" line="136" assertions="3" time="0.019494"/>
      </testsuite>
      <testsuite name="App\Tests\TaskOsesTest" file="/srv/app/tests/TaskOsesTest.php" tests="6" assertions="11" errors="0" warnings="0" failures="0" skipped="0" time="0.108922">
        <testcase name="testTaskOsesListIsNotEmpty" class="App\Tests\TaskOsesTest" classname="App.Tests.TaskOsesTest" file="/srv/app/tests/TaskOsesTest.php" line="59" assertions="1" time="0.027153"/>
        <testcase name="testCanRemoveRandomTaskOs" class="App\Tests\TaskOsesTest" classname="App.Tests.TaskOsesTest" file="/srv/app/tests/TaskOsesTest.php" line="71" assertions="2" time="0.018690"/>
        <testcase name="testCanRemoveAllTaskOses" class="App\Tests\TaskOsesTest" classname="App.Tests.TaskOsesTest" file="/srv/app/tests/TaskOsesTest.php" line="87" assertions="1" time="0.014599"/>
        <testcase name="testCanNotAddTaskOsWithoutTask" class="App\Tests\TaskOsesTest" classname="App.Tests.TaskOsesTest" file="/srv/app/tests/TaskOsesTest.php" line="100" assertions="2" time="0.014468"/>
        <testcase name="testCanNotAddTaskOsWithoutOperatingSystem" class="App\Tests\TaskOsesTest" classname="App.Tests.TaskOsesTest" file="/srv/app/tests/TaskOsesTest.php" line="118" assertions="2" time="0.016535"/>
        <testcase name="testCanNotAddDuplicateTaskOses" class="App\Tests\TaskOsesTest" classname="App.Tests.TaskOsesTest" file="/srv/app/tests/TaskOsesTest.php" line="136" assertions="3" time="0.017478"/>
      </testsuite>
      <testsuite name="App\Tests\TaskTechsTest" file="/srv/app/tests/TaskTechsTest.php" tests="5" assertions="10" errors="0" warnings="0" failures="0" skipped="0" time="0.087092">
        <testcase name="testTaskTechsListIsNotEmpty" class="App\Tests\TaskTechsTest" classname="App.Tests.TaskTechsTest" file="/srv/app/tests/TaskTechsTest.php" line="59" assertions="1" time="0.014042"/>
        <testcase name="testCanRemoveRandomTaskTech" class="App\Tests\TaskTechsTest" classname="App.Tests.TaskTechsTest" file="/srv/app/tests/TaskTechsTest.php" line="71" assertions="2" time="0.017159"/>
        <testcase name="testCanNotAddTaskTechWithoutTask" class="App\Tests\TaskTechsTest" classname="App.Tests.TaskTechsTest" file="/srv/app/tests/TaskTechsTest.php" line="88" assertions="2" time="0.015215"/>
        <testcase name="testCanNotAddTaskTechWithoutTechnology" class="App\Tests\TaskTechsTest" classname="App.Tests.TaskTechsTest" file="/srv/app/tests/TaskTechsTest.php" line="106" assertions="2" time="0.014623"/>
        <testcase name="testCanNotAddDuplicateTaskTechs" class="App\Tests\TaskTechsTest" classname="App.Tests.TaskTechsTest" file="/srv/app/tests/TaskTechsTest.php" line="124" assertions="3" time="0.026053"/>
      </testsuite>
      <testsuite name="App\Tests\TasksTest" file="/srv/app/tests/TasksTest.php" tests="6" assertions="8" errors="0" warnings="0" failures="0" skipped="0" time="0.126704">
        <testcase name="testTasksListIsNotEmpty" class="App\Tests\TasksTest" classname="App.Tests.TasksTest" file="/srv/app/tests/TasksTest.php" line="41" assertions="1" time="0.020372"/>
        <testcase name="testCanNotAddTaskWithoutName" class="App\Tests\TasksTest" classname="App.Tests.TasksTest" file="/srv/app/tests/TasksTest.php" line="49" assertions="1" time="0.016750"/>
        <testcase name="testCanNotAddTaskWithoutPath" class="App\Tests\TasksTest" classname="App.Tests.TasksTest" file="/srv/app/tests/TasksTest.php" line="57" assertions="1" time="0.015701"/>
        <testcase name="testCanNotAddDuplicateTasks" class="App\Tests\TasksTest" classname="App.Tests.TasksTest" file="/srv/app/tests/TasksTest.php" line="70" assertions="2" time="0.019810"/>
        <testcase name="testCanAddDummyTask" class="App\Tests\TasksTest" classname="App.Tests.TasksTest" file="/srv/app/tests/TasksTest.php" line="86" assertions="1" time="0.012153"/>
        <testcase name="testCanRemoveRandomTask" class="App\Tests\TasksTest" classname="App.Tests.TasksTest" file="/srv/app/tests/TasksTest.php" line="100" assertions="2" time="0.041919"/>
      </testsuite>
      <testsuite name="App\Tests\TechnologiesTest" file="/srv/app/tests/TechnologiesTest.php" tests="5" assertions="8" errors="0" warnings="0" failures="0" skipped="0" time="0.086794">
        <testcase name="testTechnologiesListIsNotEmpty" class="App\Tests\TechnologiesTest" classname="App.Tests.TechnologiesTest" file="/srv/app/tests/TechnologiesTest.php" line="51" assertions="1" time="0.020145"/>
        <testcase name="testCanNotAddTechnologyWithoutMandatoryFields" class="App\Tests\TechnologiesTest" classname="App.Tests.TechnologiesTest" file="/srv/app/tests/TechnologiesTest.php" line="58" assertions="1" time="0.016494"/>
        <testcase name="testCanAddDummyTechnology" class="App\Tests\TechnologiesTest" classname="App.Tests.TechnologiesTest" file="/srv/app/tests/TechnologiesTest.php" line="63" assertions="2" time="0.014552"/>
        <testcase name="testCanRemoveRandomTechnology" class="App\Tests\TechnologiesTest" classname="App.Tests.TechnologiesTest" file="/srv/app/tests/TechnologiesTest.php" line="79" assertions="2" time="0.022143"/>
        <testcase name="testCanNotAddDuplicateTechnology" class="App\Tests\TechnologiesTest" classname="App.Tests.TechnologiesTest" file="/srv/app/tests/TechnologiesTest.php" line="95" assertions="2" time="0.013459"/>
      </testsuite>
      <testsuite name="App\Tests\TesteesTest" file="/srv/app/tests/TesteesTest.php" tests="5" assertions="7" errors="0" warnings="0" failures="0" skipped="0" time="0.069891">
        <testcase name="testTesteesListIsNotEmpty" class="App\Tests\TesteesTest" classname="App.Tests.TesteesTest" file="/srv/app/tests/TesteesTest.php" line="42" assertions="1" time="0.011528"/>
        <testcase name="testCanNotAddTesteeWithoutMandatoryFields" class="App\Tests\TesteesTest" classname="App.Tests.TesteesTest" file="/srv/app/tests/TesteesTest.php" line="49" assertions="1" time="0.011113"/>
        <testcase name="testCanAddDummyTestee" class="App\Tests\TesteesTest" classname="App.Tests.TesteesTest" file="/srv/app/tests/TesteesTest.php" line="54" assertions="1" time="0.009529"/>
        <testcase name="testCanRemoveRandomTestee" class="App\Tests\TesteesTest" classname="App.Tests.TesteesTest" file="/srv/app/tests/TesteesTest.php" line="69" assertions="2" time="0.024614"/>
        <testcase name="testCanNotAddDuplicateTestee" class="App\Tests\TesteesTest" classname="App.Tests.TesteesTest" file="/srv/app/tests/TesteesTest.php" line="85" assertions="2" time="0.013106"/>
      </testsuite>
    </testsuite>
  </testsuite>
</testsuites>
