<?xml version="1.0" encoding="UTF-8"?>
<testsuites>
  <testsuite name="App\Tests\HardwareProfilesTest" file="/srv/app/tests/HardwareProfilesTest.php" tests="14" assertions="31" errors="0" warnings="0" failures="0" skipped="2" time="0.488506">
    <testcase name="testHardwareProfilesListIsNotEmpty" class="App\Tests\HardwareProfilesTest" classname="App.Tests.HardwareProfilesTest" file="/srv/app/tests/HardwareProfilesTest.php" line="63" assertions="1" time="0.246162"/>
    <testcase name="testContainerHardwareProfilesListIsNotEmpty" class="App\Tests\HardwareProfilesTest" classname="App.Tests.HardwareProfilesTest" file="/srv/app/tests/HardwareProfilesTest.php" line="72" assertions="1" time="0.015546"/>
    <testcase name="testVmHardwareProfilesListIsNotEmpty" class="App\Tests\HardwareProfilesTest" classname="App.Tests.HardwareProfilesTest" file="/srv/app/tests/HardwareProfilesTest.php" line="85" assertions="1" time="0.009201"/>
    <testcase name="testSupportedHardwareProfilesListIsNotEmpty" class="App\Tests\HardwareProfilesTest" classname="App.Tests.HardwareProfilesTest" file="/srv/app/tests/HardwareProfilesTest.php" line="98" assertions="1" time="0.008145"/>
    <testcase name="testEachSupportedHardwareProfileHasCorrespondingInstanceTypesForAllSupportedOses" class="App\Tests\HardwareProfilesTest" classname="App.Tests.HardwareProfilesTest" file="/srv/app/tests/HardwareProfilesTest.php" line="123" assertions="7" time="0.030523"/>
    <testcase name="testCanNotAddHardwareProfileWithoutNameOrType" class="App\Tests\HardwareProfilesTest" classname="App.Tests.HardwareProfilesTest" file="/srv/app/tests/HardwareProfilesTest.php" line="141" assertions="1" time="0.021043"/>
    <testcase name="testCanNotAddDuplicateHardwareProfile" class="App\Tests\HardwareProfilesTest" classname="App.Tests.HardwareProfilesTest" file="/srv/app/tests/HardwareProfilesTest.php" line="150" assertions="2" time="0.013888"/>
    <testcase name="testCanAddDummyHardwareProfile" class="App\Tests\HardwareProfilesTest" classname="App.Tests.HardwareProfilesTest" file="/srv/app/tests/HardwareProfilesTest.php" line="162" assertions="1" time="0.009405"/>
    <testcase name="testCanAddDummySupportedHardwareProfile" class="App\Tests\HardwareProfilesTest" classname="App.Tests.HardwareProfilesTest" file="/srv/app/tests/HardwareProfilesTest.php" line="171" assertions="5" time="0.025791"/>
    <testcase name="testCanRemoveUnsupportedHardwareProfile" class="App\Tests\HardwareProfilesTest" classname="App.Tests.HardwareProfilesTest" file="/srv/app/tests/HardwareProfilesTest.php" line="197" assertions="0" time="0.010382">
      <skipped/>
    </testcase>
    <testcase name="testCanNotRemoveSupportedHardwareProfile" class="App\Tests\HardwareProfilesTest" classname="App.Tests.HardwareProfilesTest" file="/srv/app/tests/HardwareProfilesTest.php" line="215" assertions="1" time="0.010432"/>
    <testcase name="testCanRemoveSupportedHardwareProfileWithCascadeFlag" class="App\Tests\HardwareProfilesTest" classname="App.Tests.HardwareProfilesTest" file="/srv/app/tests/HardwareProfilesTest.php" line="225" assertions="0" time="0.009943">
      <skipped/>
    </testcase>
    <testcase name="testCanMakeHardwareProfileSupported" class="App\Tests\HardwareProfilesTest" classname="App.Tests.HardwareProfilesTest" file="/srv/app/tests/HardwareProfilesTest.php" line="255" assertions="5" time="0.026333"/>
    <testcase name="testCanMakeHardwareProfileUnsupported" class="App\Tests\HardwareProfilesTest" classname="App.Tests.HardwareProfilesTest" file="/srv/app/tests/HardwareProfilesTest.php" line="280" assertions="5" time="0.051712"/>
  </testsuite>
</testsuites>
